-------------------------------------------------------------------------------
Test set: org.antlr.v4.test.runtime.python3.TestSets
-------------------------------------------------------------------------------
Tests run: 32, Failures: 0, Errors: 32, Skipped: 0, Time elapsed: 0.727 sec <<< FAILURE! - in org.antlr.v4.test.runtime.python3.TestSets
testOne[Python3:UnicodeNegatedSMPSetIncludesBMPCodePoints](org.antlr.v4.test.runtime.python3.TestSets)  Time elapsed: 0.029 sec  <<< ERROR!
java.lang.RuntimeException: Could not locate python3.5

testOne[Python3:UnicodeNegatedBMPSetIncludesSMPCodePoints](org.antlr.v4.test.runtime.python3.TestSets)  Time elapsed: 0.022 sec  <<< ERROR!
java.lang.RuntimeException: Could not locate python3.5

testOne[Python3:UnicodeEscapedSMPRangeSetMismatch](org.antlr.v4.test.runtime.python3.TestSets)  Time elapsed: 0.023 sec  <<< ERROR!
java.lang.RuntimeException: Could not locate python3.5

testOne[Python3:UnicodeEscapedSMPRangeSet](org.antlr.v4.test.runtime.python3.TestSets)  Time elapsed: 0.023 sec  <<< ERROR!
java.lang.RuntimeException: Could not locate python3.5

testOne[Python3:UnicodeEscapedSMPSet](org.antlr.v4.test.runtime.python3.TestSets)  Time elapsed: 0.024 sec  <<< ERROR!
java.lang.RuntimeException: Could not locate python3.5

testOne[Python3:UnicodeEscapedBMPRangeSet](org.antlr.v4.test.runtime.python3.TestSets)  Time elapsed: 0.023 sec  <<< ERROR!
java.lang.RuntimeException: Could not locate python3.5

testOne[Python3:UnicodeEscapedBMPSet](org.antlr.v4.test.runtime.python3.TestSets)  Time elapsed: 0.026 sec  <<< ERROR!
java.lang.RuntimeException: Could not locate python3.5

testOne[Python3:UnicodeUnescapedBMPRangeSet](org.antlr.v4.test.runtime.python3.TestSets)  Time elapsed: 0.028 sec  <<< ERROR!
java.lang.RuntimeException: Could not locate python3.5

testOne[Python3:UnicodeUnescapedBMPSet](org.antlr.v4.test.runtime.python3.TestSets)  Time elapsed: 0.023 sec  <<< ERROR!
java.lang.RuntimeException: Could not locate python3.5

testOne[Python3:StarSet](org.antlr.v4.test.runtime.python3.TestSets)  Time elapsed: 0.024 sec  <<< ERROR!
java.lang.RuntimeException: Could not locate python3.5

testOne[Python3:StarLexerSingleElement_2](org.antlr.v4.test.runtime.python3.TestSets)  Time elapsed: 0.022 sec  <<< ERROR!
java.lang.RuntimeException: Could not locate python3.5

testOne[Python3:StarLexerSingleElement_1](org.antlr.v4.test.runtime.python3.TestSets)  Time elapsed: 0.024 sec  <<< ERROR!
java.lang.RuntimeException: Could not locate python3.5

testOne[Python3:SeqDoesNotBecomeSet](org.antlr.v4.test.runtime.python3.TestSets)  Time elapsed: 0.022 sec  <<< ERROR!
java.lang.RuntimeException: Could not locate python3.5

testOne[Python3:RuleAsSet](org.antlr.v4.test.runtime.python3.TestSets)  Time elapsed: 0.022 sec  <<< ERROR!
java.lang.RuntimeException: Could not locate python3.5

testOne[Python3:PlusSet](org.antlr.v4.test.runtime.python3.TestSets)  Time elapsed: 0.022 sec  <<< ERROR!
java.lang.RuntimeException: Could not locate python3.5

testOne[Python3:PlusLexerSingleElement](org.antlr.v4.test.runtime.python3.TestSets)  Time elapsed: 0.022 sec  <<< ERROR!
java.lang.RuntimeException: Could not locate python3.5

testOne[Python3:ParserSet](org.antlr.v4.test.runtime.python3.TestSets)  Time elapsed: 0.022 sec  <<< ERROR!
java.lang.RuntimeException: Could not locate python3.5

testOne[Python3:ParserNotTokenWithLabel](org.antlr.v4.test.runtime.python3.TestSets)  Time elapsed: 0.021 sec  <<< ERROR!
java.lang.RuntimeException: Could not locate python3.5

testOne[Python3:ParserNotToken](org.antlr.v4.test.runtime.python3.TestSets)  Time elapsed: 0.021 sec  <<< ERROR!
java.lang.RuntimeException: Could not locate python3.5

testOne[Python3:ParserNotSet](org.antlr.v4.test.runtime.python3.TestSets)  Time elapsed: 0.022 sec  <<< ERROR!
java.lang.RuntimeException: Could not locate python3.5

testOne[Python3:OptionalSingleElement](org.antlr.v4.test.runtime.python3.TestSets)  Time elapsed: 0.022 sec  <<< ERROR!
java.lang.RuntimeException: Could not locate python3.5

testOne[Python3:OptionalSet](org.antlr.v4.test.runtime.python3.TestSets)  Time elapsed: 0.022 sec  <<< ERROR!
java.lang.RuntimeException: Could not locate python3.5

testOne[Python3:OptionalLexerSingleElement](org.antlr.v4.test.runtime.python3.TestSets)  Time elapsed: 0.021 sec  <<< ERROR!
java.lang.RuntimeException: Could not locate python3.5

testOne[Python3:NotCharSetWithRuleRef3](org.antlr.v4.test.runtime.python3.TestSets)  Time elapsed: 0.022 sec  <<< ERROR!
java.lang.RuntimeException: Could not locate python3.5

testOne[Python3:NotCharSetWithLabel](org.antlr.v4.test.runtime.python3.TestSets)  Time elapsed: 0.022 sec  <<< ERROR!
java.lang.RuntimeException: Could not locate python3.5

testOne[Python3:NotCharSet](org.antlr.v4.test.runtime.python3.TestSets)  Time elapsed: 0.022 sec  <<< ERROR!
java.lang.RuntimeException: Could not locate python3.5

testOne[Python3:NotChar](org.antlr.v4.test.runtime.python3.TestSets)  Time elapsed: 0.021 sec  <<< ERROR!
java.lang.RuntimeException: Could not locate python3.5

testOne[Python3:LexerStarSet](org.antlr.v4.test.runtime.python3.TestSets)  Time elapsed: 0.023 sec  <<< ERROR!
java.lang.RuntimeException: Could not locate python3.5

testOne[Python3:LexerPlusSet](org.antlr.v4.test.runtime.python3.TestSets)  Time elapsed: 0.021 sec  <<< ERROR!
java.lang.RuntimeException: Could not locate python3.5

testOne[Python3:LexerOptionalSet](org.antlr.v4.test.runtime.python3.TestSets)  Time elapsed: 0.021 sec  <<< ERROR!
java.lang.RuntimeException: Could not locate python3.5

testOne[Python3:ComplementSet](org.antlr.v4.test.runtime.python3.TestSets)  Time elapsed: 0.022 sec  <<< ERROR!
java.lang.RuntimeException: Could not locate python3.5

testOne[Python3:CharSetLiteral](org.antlr.v4.test.runtime.python3.TestSets)  Time elapsed: 0.022 sec  <<< ERROR!
java.lang.RuntimeException: Could not locate python3.5

