-------------------------------------------------------------------------------
Test set: org.antlr.v4.test.runtime.python3.TestFullContextParsing
-------------------------------------------------------------------------------
Tests run: 15, Failures: 0, Errors: 15, Skipped: 0, Time elapsed: 0.352 sec <<< FAILURE! - in org.antlr.v4.test.runtime.python3.TestFullContextParsing
testOne[Python3:SLLSeesEOFInLLGrammar](org.antlr.v4.test.runtime.python3.TestFullContextParsing)  Time elapsed: 0.022 sec  <<< ERROR!
java.lang.RuntimeException: Could not locate python3.5

testOne[Python3:LoopsSimulateTailRecursion](org.antlr.v4.test.runtime.python3.TestFullContextParsing)  Time elapsed: 0.025 sec  <<< ERROR!
java.lang.RuntimeException: Could not locate python3.5

testOne[Python3:FullContextIF_THEN_ELSEParse_6](org.antlr.v4.test.runtime.python3.TestFullContextParsing)  Time elapsed: 0.024 sec  <<< ERROR!
java.lang.RuntimeException: Could not locate python3.5

testOne[Python3:FullContextIF_THEN_ELSEParse_5](org.antlr.v4.test.runtime.python3.TestFullContextParsing)  Time elapsed: 0.023 sec  <<< ERROR!
java.lang.RuntimeException: Could not locate python3.5

testOne[Python3:FullContextIF_THEN_ELSEParse_4](org.antlr.v4.test.runtime.python3.TestFullContextParsing)  Time elapsed: 0.023 sec  <<< ERROR!
java.lang.RuntimeException: Could not locate python3.5

testOne[Python3:FullContextIF_THEN_ELSEParse_3](org.antlr.v4.test.runtime.python3.TestFullContextParsing)  Time elapsed: 0.024 sec  <<< ERROR!
java.lang.RuntimeException: Could not locate python3.5

testOne[Python3:FullContextIF_THEN_ELSEParse_2](org.antlr.v4.test.runtime.python3.TestFullContextParsing)  Time elapsed: 0.023 sec  <<< ERROR!
java.lang.RuntimeException: Could not locate python3.5

testOne[Python3:FullContextIF_THEN_ELSEParse_1](org.antlr.v4.test.runtime.python3.TestFullContextParsing)  Time elapsed: 0.024 sec  <<< ERROR!
java.lang.RuntimeException: Could not locate python3.5

testOne[Python3:ExprAmbiguity_2](org.antlr.v4.test.runtime.python3.TestFullContextParsing)  Time elapsed: 0.024 sec  <<< ERROR!
java.lang.RuntimeException: Could not locate python3.5

testOne[Python3:ExprAmbiguity_1](org.antlr.v4.test.runtime.python3.TestFullContextParsing)  Time elapsed: 0.026 sec  <<< ERROR!
java.lang.RuntimeException: Could not locate python3.5

testOne[Python3:CtxSensitiveDFA_2](org.antlr.v4.test.runtime.python3.TestFullContextParsing)  Time elapsed: 0.024 sec  <<< ERROR!
java.lang.RuntimeException: Could not locate python3.5

testOne[Python3:CtxSensitiveDFA_1](org.antlr.v4.test.runtime.python3.TestFullContextParsing)  Time elapsed: 0.023 sec  <<< ERROR!
java.lang.RuntimeException: Could not locate python3.5

testOne[Python3:CtxSensitiveDFATwoDiffInput](org.antlr.v4.test.runtime.python3.TestFullContextParsing)  Time elapsed: 0.022 sec  <<< ERROR!
java.lang.RuntimeException: Could not locate python3.5

testOne[Python3:AmbiguityNoLoop](org.antlr.v4.test.runtime.python3.TestFullContextParsing)  Time elapsed: 0.023 sec  <<< ERROR!
java.lang.RuntimeException: Could not locate python3.5

testOne[Python3:AmbigYieldsCtxSensitiveDFA](org.antlr.v4.test.runtime.python3.TestFullContextParsing)  Time elapsed: 0.022 sec  <<< ERROR!
java.lang.RuntimeException: Could not locate python3.5

