-------------------------------------------------------------------------------
Test set: org.antlr.v4.test.runtime.csharp.TestCompositeLexers
-------------------------------------------------------------------------------
Tests run: 2, Failures: 2, Errors: 0, Skipped: 0, Time elapsed: 1.269 sec <<< FAILURE! - in org.antlr.v4.test.runtime.csharp.TestCompositeLexers
testOne[CSharp:LexerDelegatorRuleOverridesDelegate](org.antlr.v4.test.runtime.csharp.TestCompositeLexers)  Time elapsed: 1.026 sec  <<< FAILURE!
junit.framework.ComparisonFailure: 
expected:<M.A
[@0,0:1='ab',<1>,1:0]
[@1,2:1='<EOF>',<-1>,1:2]
> but was:<null>

testOne[CSharp:LexerDelegatorInvokesDelegateRule](org.antlr.v4.test.runtime.csharp.TestCompositeLexers)  Time elapsed: 0.163 sec  <<< FAILURE!
junit.framework.ComparisonFailure: 
expected:<S.A
[@0,0:0='a',<3>,1:0]
[@1,1:1='b',<1>,1:1]
[@2,2:2='c',<4>,1:2]
[@3,3:2='<EOF>',<-1>,1:3]
> but was:<null>

