-------------------------------------------------------------------------------
Test set: org.antlr.v4.test.runtime.python3.TestCompositeParsers
-------------------------------------------------------------------------------
Tests run: 15, Failures: 0, Errors: 15, Skipped: 0, Time elapsed: 0.35 sec <<< FAILURE! - in org.antlr.v4.test.runtime.python3.TestCompositeParsers
testOne[Python3:KeywordVSIDOrder](org.antlr.v4.test.runtime.python3.TestCompositeParsers)  Time elapsed: 0.024 sec  <<< ERROR!
java.lang.RuntimeException: Could not locate python3.5

testOne[Python3:ImportedRuleWithAction](org.antlr.v4.test.runtime.python3.TestCompositeParsers)  Time elapsed: 0.023 sec  <<< ERROR!
java.lang.RuntimeException: Could not locate python3.5

testOne[Python3:ImportedGrammarWithEmptyOptions](org.antlr.v4.test.runtime.python3.TestCompositeParsers)  Time elapsed: 0.022 sec  <<< ERROR!
java.lang.RuntimeException: Could not locate python3.5

testOne[Python3:ImportLexerWithOnlyFragmentRules](org.antlr.v4.test.runtime.python3.TestCompositeParsers)  Time elapsed: 0.023 sec  <<< ERROR!
java.lang.RuntimeException: Could not locate python3.5

testOne[Python3:DelegatorRuleOverridesLookaheadInDelegate](org.antlr.v4.test.runtime.python3.TestCompositeParsers)  Time elapsed: 0.024 sec  <<< ERROR!
java.lang.RuntimeException: Could not locate python3.5

testOne[Python3:DelegatorRuleOverridesDelegates](org.antlr.v4.test.runtime.python3.TestCompositeParsers)  Time elapsed: 0.024 sec  <<< ERROR!
java.lang.RuntimeException: Could not locate python3.5

testOne[Python3:DelegatorRuleOverridesDelegate](org.antlr.v4.test.runtime.python3.TestCompositeParsers)  Time elapsed: 0.023 sec  <<< ERROR!
java.lang.RuntimeException: Could not locate python3.5

testOne[Python3:DelegatorInvokesFirstVersionOfDelegateRule](org.antlr.v4.test.runtime.python3.TestCompositeParsers)  Time elapsed: 0.023 sec  <<< ERROR!
java.lang.RuntimeException: Could not locate python3.5

testOne[Python3:DelegatorInvokesDelegateRuleWithReturnStruct](org.antlr.v4.test.runtime.python3.TestCompositeParsers)  Time elapsed: 0.023 sec  <<< ERROR!
java.lang.RuntimeException: Could not locate python3.5

testOne[Python3:DelegatorInvokesDelegateRuleWithArgs](org.antlr.v4.test.runtime.python3.TestCompositeParsers)  Time elapsed: 0.024 sec  <<< ERROR!
java.lang.RuntimeException: Could not locate python3.5

testOne[Python3:DelegatorInvokesDelegateRule](org.antlr.v4.test.runtime.python3.TestCompositeParsers)  Time elapsed: 0.022 sec  <<< ERROR!
java.lang.RuntimeException: Could not locate python3.5

testOne[Python3:DelegatorAccessesDelegateMembers](org.antlr.v4.test.runtime.python3.TestCompositeParsers)  Time elapsed: 0.024 sec  <<< ERROR!
java.lang.RuntimeException: Could not locate python3.5

testOne[Python3:DelegatesSeeSameTokenType](org.antlr.v4.test.runtime.python3.TestCompositeParsers)  Time elapsed: 0.024 sec  <<< ERROR!
java.lang.RuntimeException: Could not locate python3.5

testOne[Python3:CombinedImportsCombined](org.antlr.v4.test.runtime.python3.TestCompositeParsers)  Time elapsed: 0.024 sec  <<< ERROR!
java.lang.RuntimeException: Could not locate python3.5

testOne[Python3:BringInLiteralsFromDelegate](org.antlr.v4.test.runtime.python3.TestCompositeParsers)  Time elapsed: 0.023 sec  <<< ERROR!
java.lang.RuntimeException: Could not locate python3.5

