-------------------------------------------------------------------------------
Test set: org.antlr.v4.test.runtime.csharp.TestParseTrees
-------------------------------------------------------------------------------
Tests run: 10, Failures: 10, Errors: 0, Skipped: 0, Time elapsed: 0.139 sec <<< FAILURE! - in org.antlr.v4.test.runtime.csharp.TestParseTrees
testOne[CSharp:TwoAlts](org.antlr.v4.test.runtime.csharp.TestParseTrees)  Time elapsed: 0.014 sec  <<< FAILURE!
java.lang.AssertionError

testOne[CSharp:TwoAltLoop](org.antlr.v4.test.runtime.csharp.TestParseTrees)  Time elapsed: 0.018 sec  <<< FAILURE!
java.lang.AssertionError

testOne[CSharp:TokenAndRuleContextString](org.antlr.v4.test.runtime.csharp.TestParseTrees)  Time elapsed: 0.014 sec  <<< FAILURE!
java.lang.AssertionError

testOne[CSharp:Token2](org.antlr.v4.test.runtime.csharp.TestParseTrees)  Time elapsed: 0.016 sec  <<< FAILURE!
java.lang.AssertionError

testOne[CSharp:Sync](org.antlr.v4.test.runtime.csharp.TestParseTrees)  Time elapsed: 0.014 sec  <<< FAILURE!
java.lang.AssertionError

testOne[CSharp:RuleRef](org.antlr.v4.test.runtime.csharp.TestParseTrees)  Time elapsed: 0.016 sec  <<< FAILURE!
java.lang.AssertionError

testOne[CSharp:NoViableAlt](org.antlr.v4.test.runtime.csharp.TestParseTrees)  Time elapsed: 0.011 sec  <<< FAILURE!
java.lang.AssertionError

testOne[CSharp:ExtraTokensAndAltLabels](org.antlr.v4.test.runtime.csharp.TestParseTrees)  Time elapsed: 0.012 sec  <<< FAILURE!
java.lang.AssertionError

testOne[CSharp:ExtraToken](org.antlr.v4.test.runtime.csharp.TestParseTrees)  Time elapsed: 0.012 sec  <<< FAILURE!
java.lang.AssertionError

testOne[CSharp:AltNum](org.antlr.v4.test.runtime.csharp.TestParseTrees)  Time elapsed: 0.012 sec  <<< FAILURE!
java.lang.AssertionError

