-------------------------------------------------------------------------------
Test set: org.antlr.v4.test.runtime.python3.TestSemPredEvalParser
-------------------------------------------------------------------------------
Tests run: 26, Failures: 0, Errors: 25, Skipped: 1, Time elapsed: 0.608 sec <<< FAILURE! - in org.antlr.v4.test.runtime.python3.TestSemPredEvalParser
testOne[Python3:ValidateInDFA](org.antlr.v4.test.runtime.python3.TestSemPredEvalParser)  Time elapsed: 0.024 sec  <<< ERROR!
java.lang.RuntimeException: Could not locate python3.5

testOne[Python3:UnpredicatedPathsInAlt](org.antlr.v4.test.runtime.python3.TestSemPredEvalParser)  Time elapsed: 0.024 sec  <<< ERROR!
java.lang.RuntimeException: Could not locate python3.5

testOne[Python3:TwoUnpredicatedAltsAndOneOrthogonalAlt](org.antlr.v4.test.runtime.python3.TestSemPredEvalParser)  Time elapsed: 0.023 sec  <<< ERROR!
java.lang.RuntimeException: Could not locate python3.5

testOne[Python3:TwoUnpredicatedAlts](org.antlr.v4.test.runtime.python3.TestSemPredEvalParser)  Time elapsed: 0.024 sec  <<< ERROR!
java.lang.RuntimeException: Could not locate python3.5

testOne[Python3:ToLeftWithVaryingPredicate](org.antlr.v4.test.runtime.python3.TestSemPredEvalParser)  Time elapsed: 0.023 sec  <<< ERROR!
java.lang.RuntimeException: Could not locate python3.5

testOne[Python3:ToLeft](org.antlr.v4.test.runtime.python3.TestSemPredEvalParser)  Time elapsed: 0.023 sec  <<< ERROR!
java.lang.RuntimeException: Could not locate python3.5

testOne[Python3:SimpleValidate2](org.antlr.v4.test.runtime.python3.TestSemPredEvalParser)  Time elapsed: 0.024 sec  <<< ERROR!
java.lang.RuntimeException: Could not locate python3.5

testOne[Python3:SimpleValidate](org.antlr.v4.test.runtime.python3.TestSemPredEvalParser)  Time elapsed: 0.023 sec  <<< ERROR!
java.lang.RuntimeException: Could not locate python3.5

testOne[Python3:Simple](org.antlr.v4.test.runtime.python3.TestSemPredEvalParser)  Time elapsed: 0.024 sec  <<< ERROR!
java.lang.RuntimeException: Could not locate python3.5

testOne[Python3:RewindBeforePredEval](org.antlr.v4.test.runtime.python3.TestSemPredEvalParser)  Time elapsed: 0.026 sec  <<< ERROR!
java.lang.RuntimeException: Could not locate python3.5

testOne[Python3:PredsInGlobalFOLLOW](org.antlr.v4.test.runtime.python3.TestSemPredEvalParser)  Time elapsed: 0.024 sec  <<< ERROR!
java.lang.RuntimeException: Could not locate python3.5

testOne[Python3:PredicateDependentOnArg2](org.antlr.v4.test.runtime.python3.TestSemPredEvalParser)  Time elapsed: 0.025 sec  <<< ERROR!
java.lang.RuntimeException: Could not locate python3.5

testOne[Python3:PredicateDependentOnArg](org.antlr.v4.test.runtime.python3.TestSemPredEvalParser)  Time elapsed: 0.023 sec  <<< ERROR!
java.lang.RuntimeException: Could not locate python3.5

testOne[Python3:PredTestedEvenWhenUnAmbig_2](org.antlr.v4.test.runtime.python3.TestSemPredEvalParser)  Time elapsed: 0.023 sec  <<< ERROR!
java.lang.RuntimeException: Could not locate python3.5

testOne[Python3:PredTestedEvenWhenUnAmbig_1](org.antlr.v4.test.runtime.python3.TestSemPredEvalParser)  Time elapsed: 0.023 sec  <<< ERROR!
java.lang.RuntimeException: Could not locate python3.5

testOne[Python3:PredFromAltTestedInLoopBack_2](org.antlr.v4.test.runtime.python3.TestSemPredEvalParser)  Time elapsed: 0.024 sec  <<< ERROR!
java.lang.RuntimeException: Could not locate python3.5

testOne[Python3:Order](org.antlr.v4.test.runtime.python3.TestSemPredEvalParser)  Time elapsed: 0.023 sec  <<< ERROR!
java.lang.RuntimeException: Could not locate python3.5

testOne[Python3:NoTruePredsThrowsNoViableAlt](org.antlr.v4.test.runtime.python3.TestSemPredEvalParser)  Time elapsed: 0.023 sec  <<< ERROR!
java.lang.RuntimeException: Could not locate python3.5

testOne[Python3:IndependentPredNotPassedOuterCtxToAvoidCastException](org.antlr.v4.test.runtime.python3.TestSemPredEvalParser)  Time elapsed: 0.023 sec  <<< ERROR!
java.lang.RuntimeException: Could not locate python3.5

testOne[Python3:DisabledAlternative](org.antlr.v4.test.runtime.python3.TestSemPredEvalParser)  Time elapsed: 0.022 sec  <<< ERROR!
java.lang.RuntimeException: Could not locate python3.5

testOne[Python3:DependentPredNotInOuterCtxShouldBeIgnored](org.antlr.v4.test.runtime.python3.TestSemPredEvalParser)  Time elapsed: 0.025 sec  <<< ERROR!
java.lang.RuntimeException: Could not locate python3.5

testOne[Python3:DepedentPredsInGlobalFOLLOW](org.antlr.v4.test.runtime.python3.TestSemPredEvalParser)  Time elapsed: 0.024 sec  <<< ERROR!
java.lang.RuntimeException: Could not locate python3.5

testOne[Python3:AtomWithClosureInTranslatedLRRule](org.antlr.v4.test.runtime.python3.TestSemPredEvalParser)  Time elapsed: 0.024 sec  <<< ERROR!
java.lang.RuntimeException: Could not locate python3.5

testOne[Python3:ActionsHidePredsInGlobalFOLLOW](org.antlr.v4.test.runtime.python3.TestSemPredEvalParser)  Time elapsed: 0.024 sec  <<< ERROR!
java.lang.RuntimeException: Could not locate python3.5

testOne[Python3:ActionHidesPreds](org.antlr.v4.test.runtime.python3.TestSemPredEvalParser)  Time elapsed: 0.037 sec  <<< ERROR!
java.lang.RuntimeException: Could not locate python3.5

