-------------------------------------------------------------------------------
Test set: org.antlr.v4.test.runtime.csharp.TestSemPredEvalLexer
-------------------------------------------------------------------------------
Tests run: 8, Failures: 8, Errors: 0, Skipped: 0, Time elapsed: 0.226 sec <<< FAILURE! - in org.antlr.v4.test.runtime.csharp.TestSemPredEvalLexer
testOne[CSharp:PredicatedKeywords](org.antlr.v4.test.runtime.csharp.TestSemPredEvalLexer)  Time elapsed: 0.011 sec  <<< FAILURE!
junit.framework.ComparisonFailure: 
expected:<enum!
ID enu
ID a
[@0,0:3='enum',<1>,1:0]
[@1,5:7='enu',<2>,1:5]
[@2,9:9='a',<2>,1:9]
[@3,10:9='<EOF>',<-1>,1:10]
> but was:<null>

testOne[CSharp:LexerInputPositionSensitivePredicates](org.antlr.v4.test.runtime.csharp.TestSemPredEvalLexer)  Time elapsed: 0.01 sec  <<< FAILURE!
junit.framework.ComparisonFailure: 
expected:<a
cde
ab
cde
[@0,0:0='a',<1>,1:0]
[@1,2:4='cde',<2>,1:2]
[@2,6:7='ab',<1>,2:0]
[@3,8:10='cde',<2>,2:2]
[@4,12:11='<EOF>',<-1>,3:0]
> but was:<null>

testOne[CSharp:Indent](org.antlr.v4.test.runtime.csharp.TestSemPredEvalLexer)  Time elapsed: 0.018 sec  <<< FAILURE!
junit.framework.ComparisonFailure: 
expected:<INDENT
[@0,0:2='abc',<1>,1:0]
[@1,3:3='\n',<3>,1:3]
[@2,4:5='  ',<2>,2:0]
[@3,6:8='def',<1>,2:2]
[@4,9:10='  ',<4>,2:5]
[@5,11:11='\n',<3>,2:7]
[@6,12:11='<EOF>',<-1>,3:0]
s0-'
'->:s2=>3
s0-'a'->:s1=>1
s0-'d'->:s1=>1
:s1=>1-'b'->:s1=>1
:s1=>1-'c'->:s1=>1
:s1=>1-'e'->:s1=>1
:s1=>1-'f'->:s1=>1
> but was:<null>

testOne[CSharp:IDvsEnum](org.antlr.v4.test.runtime.csharp.TestSemPredEvalLexer)  Time elapsed: 0.041 sec  <<< FAILURE!
junit.framework.ComparisonFailure: 
expected:<[@0,0:3='enum',<2>,1:0]
[@1,5:7='abc',<2>,1:5]
[@2,9:12='enum',<2>,1:9]
[@3,13:12='<EOF>',<-1>,1:13]
s0-' '->:s5=>3
s0-'a'->:s4=>2
s0-'e'->:s1=>2
:s1=>2-'n'->:s2=>2
:s2=>2-'u'->:s3=>2
:s4=>2-'b'->:s4=>2
:s4=>2-'c'->:s4=>2
> but was:<null>

testOne[CSharp:IDnotEnum](org.antlr.v4.test.runtime.csharp.TestSemPredEvalLexer)  Time elapsed: 0.045 sec  <<< FAILURE!
junit.framework.ComparisonFailure: 
expected:<[@0,0:3='enum',<2>,1:0]
[@1,5:7='abc',<2>,1:5]
[@2,9:12='enum',<2>,1:9]
[@3,13:12='<EOF>',<-1>,1:13]
s0-' '->:s2=>3
> but was:<null>

testOne[CSharp:EnumNotID](org.antlr.v4.test.runtime.csharp.TestSemPredEvalLexer)  Time elapsed: 0.024 sec  <<< FAILURE!
junit.framework.ComparisonFailure: 
expected:<[@0,0:3='enum',<1>,1:0]
[@1,5:7='abc',<2>,1:5]
[@2,9:12='enum',<1>,1:9]
[@3,13:12='<EOF>',<-1>,1:13]
s0-' '->:s3=>3
> but was:<null>

testOne[CSharp:DisableRule](org.antlr.v4.test.runtime.csharp.TestSemPredEvalLexer)  Time elapsed: 0.039 sec  <<< FAILURE!
junit.framework.ComparisonFailure: 
expected:<[@0,0:3='enum',<2>,1:0]
[@1,5:7='abc',<3>,1:5]
[@2,8:7='<EOF>',<-1>,1:8]
s0-' '->:s5=>4
s0-'a'->:s6=>3
s0-'e'->:s1=>3
:s1=>3-'n'->:s2=>3
:s2=>3-'u'->:s3=>3
:s6=>3-'b'->:s6=>3
:s6=>3-'c'->:s6=>3
> but was:<null>

testOne[CSharp:RuleSempredFunction](org.antlr.v4.test.runtime.csharp.TestSemPredEvalLexer)  Time elapsed: 0.038 sec  <<< FAILURE!
junit.framework.ComparisonFailure: 
expected:<[@0,0:0='a',<1>,1:0]
[@1,1:1='a',<1>,1:1]
[@2,2:2='a',<1>,1:2]
[@3,3:2='<EOF>',<-1>,1:3]
> but was:<null>

