-------------------------------------------------------------------------------
Test set: org.antlr.v4.test.runtime.csharp.TestListeners
-------------------------------------------------------------------------------
Tests run: 7, Failures: 7, Errors: 0, Skipped: 0, Time elapsed: 0.105 sec <<< FAILURE! - in org.antlr.v4.test.runtime.csharp.TestListeners
testOne[CSharp:TokenGetters_2](org.antlr.v4.test.runtime.csharp.TestListeners)  Time elapsed: 0.012 sec  <<< FAILURE!
java.lang.AssertionError

testOne[CSharp:TokenGetters_1](org.antlr.v4.test.runtime.csharp.TestListeners)  Time elapsed: 0.02 sec  <<< FAILURE!
java.lang.AssertionError

testOne[CSharp:RuleGetters_2](org.antlr.v4.test.runtime.csharp.TestListeners)  Time elapsed: 0.014 sec  <<< FAILURE!
java.lang.AssertionError

testOne[CSharp:RuleGetters_1](org.antlr.v4.test.runtime.csharp.TestListeners)  Time elapsed: 0.013 sec  <<< FAILURE!
java.lang.AssertionError

testOne[CSharp:LRWithLabels](org.antlr.v4.test.runtime.csharp.TestListeners)  Time elapsed: 0.013 sec  <<< FAILURE!
java.lang.AssertionError

testOne[CSharp:LR](org.antlr.v4.test.runtime.csharp.TestListeners)  Time elapsed: 0.012 sec  <<< FAILURE!
java.lang.AssertionError

testOne[CSharp:Basic](org.antlr.v4.test.runtime.csharp.TestListeners)  Time elapsed: 0.021 sec  <<< FAILURE!
java.lang.AssertionError

