-------------------------------------------------------------------------------
Test set: org.antlr.v4.test.runtime.python3.TestParseTrees
-------------------------------------------------------------------------------
Tests run: 10, Failures: 0, Errors: 10, Skipped: 0, Time elapsed: 0.281 sec <<< FAILURE! - in org.antlr.v4.test.runtime.python3.TestParseTrees
testOne[Python3:TwoAlts](org.antlr.v4.test.runtime.python3.TestParseTrees)  Time elapsed: 0.022 sec  <<< ERROR!
java.lang.RuntimeException: Could not locate python3.5

testOne[Python3:TwoAltLoop](org.antlr.v4.test.runtime.python3.TestParseTrees)  Time elapsed: 0.025 sec  <<< ERROR!
java.lang.RuntimeException: Could not locate python3.5

testOne[Python3:TokenAndRuleContextString](org.antlr.v4.test.runtime.python3.TestParseTrees)  Time elapsed: 0.025 sec  <<< ERROR!
java.lang.RuntimeException: Could not locate python3.5

testOne[Python3:Token2](org.antlr.v4.test.runtime.python3.TestParseTrees)  Time elapsed: 0.032 sec  <<< ERROR!
java.lang.RuntimeException: Could not locate python3.5

testOne[Python3:Sync](org.antlr.v4.test.runtime.python3.TestParseTrees)  Time elapsed: 0.027 sec  <<< ERROR!
java.lang.RuntimeException: Could not locate python3.5

testOne[Python3:RuleRef](org.antlr.v4.test.runtime.python3.TestParseTrees)  Time elapsed: 0.031 sec  <<< ERROR!
java.lang.RuntimeException: Could not locate python3.5

testOne[Python3:NoViableAlt](org.antlr.v4.test.runtime.python3.TestParseTrees)  Time elapsed: 0.041 sec  <<< ERROR!
java.lang.RuntimeException: Could not locate python3.5

testOne[Python3:ExtraTokensAndAltLabels](org.antlr.v4.test.runtime.python3.TestParseTrees)  Time elapsed: 0.025 sec  <<< ERROR!
java.lang.RuntimeException: Could not locate python3.5

testOne[Python3:ExtraToken](org.antlr.v4.test.runtime.python3.TestParseTrees)  Time elapsed: 0.024 sec  <<< ERROR!
java.lang.RuntimeException: Could not locate python3.5

testOne[Python3:AltNum](org.antlr.v4.test.runtime.python3.TestParseTrees)  Time elapsed: 0.028 sec  <<< ERROR!
java.lang.RuntimeException: Could not locate python3.5

