-------------------------------------------------------------------------------
Test set: org.antlr.v4.test.runtime.csharp.TestFullContextParsing
-------------------------------------------------------------------------------
Tests run: 15, Failures: 15, Errors: 0, Skipped: 0, Time elapsed: 1.309 sec <<< FAILURE! - in org.antlr.v4.test.runtime.csharp.TestFullContextParsing
testOne[CSharp:SLLSeesEOFInLLGrammar](org.antlr.v4.test.runtime.csharp.TestFullContextParsing)  Time elapsed: 0.012 sec  <<< FAILURE!
java.lang.AssertionError

testOne[CSharp:LoopsSimulateTailRecursion](org.antlr.v4.test.runtime.csharp.TestFullContextParsing)  Time elapsed: 0.02 sec  <<< FAILURE!
java.lang.AssertionError

testOne[CSharp:FullContextIF_THEN_ELSEParse_6](org.antlr.v4.test.runtime.csharp.TestFullContextParsing)  Time elapsed: 0.053 sec  <<< FAILURE!
java.lang.AssertionError

testOne[CSharp:FullContextIF_THEN_ELSEParse_5](org.antlr.v4.test.runtime.csharp.TestFullContextParsing)  Time elapsed: 0.1 sec  <<< FAILURE!
java.lang.AssertionError

testOne[CSharp:FullContextIF_THEN_ELSEParse_4](org.antlr.v4.test.runtime.csharp.TestFullContextParsing)  Time elapsed: 0.129 sec  <<< FAILURE!
java.lang.AssertionError

testOne[CSharp:FullContextIF_THEN_ELSEParse_3](org.antlr.v4.test.runtime.csharp.TestFullContextParsing)  Time elapsed: 0.152 sec  <<< FAILURE!
java.lang.AssertionError

testOne[CSharp:FullContextIF_THEN_ELSEParse_2](org.antlr.v4.test.runtime.csharp.TestFullContextParsing)  Time elapsed: 0.139 sec  <<< FAILURE!
java.lang.AssertionError

testOne[CSharp:FullContextIF_THEN_ELSEParse_1](org.antlr.v4.test.runtime.csharp.TestFullContextParsing)  Time elapsed: 0.148 sec  <<< FAILURE!
java.lang.AssertionError

testOne[CSharp:ExprAmbiguity_2](org.antlr.v4.test.runtime.csharp.TestFullContextParsing)  Time elapsed: 0.078 sec  <<< FAILURE!
java.lang.AssertionError

testOne[CSharp:ExprAmbiguity_1](org.antlr.v4.test.runtime.csharp.TestFullContextParsing)  Time elapsed: 0.089 sec  <<< FAILURE!
java.lang.AssertionError

testOne[CSharp:CtxSensitiveDFA_2](org.antlr.v4.test.runtime.csharp.TestFullContextParsing)  Time elapsed: 0.084 sec  <<< FAILURE!
java.lang.AssertionError

testOne[CSharp:CtxSensitiveDFA_1](org.antlr.v4.test.runtime.csharp.TestFullContextParsing)  Time elapsed: 0.075 sec  <<< FAILURE!
java.lang.AssertionError

testOne[CSharp:CtxSensitiveDFATwoDiffInput](org.antlr.v4.test.runtime.csharp.TestFullContextParsing)  Time elapsed: 0.074 sec  <<< FAILURE!
java.lang.AssertionError

testOne[CSharp:AmbiguityNoLoop](org.antlr.v4.test.runtime.csharp.TestFullContextParsing)  Time elapsed: 0.078 sec  <<< FAILURE!
java.lang.AssertionError

testOne[CSharp:AmbigYieldsCtxSensitiveDFA](org.antlr.v4.test.runtime.csharp.TestFullContextParsing)  Time elapsed: 0.077 sec  <<< FAILURE!
java.lang.AssertionError

