-------------------------------------------------------------------------------
Test set: org.antlr.v4.test.runtime.python3.TestLexerExec
-------------------------------------------------------------------------------
Tests run: 37, Failures: 0, Errors: 37, Skipped: 0, Time elapsed: 1.203 sec <<< FAILURE! - in org.antlr.v4.test.runtime.python3.TestLexerExec
testOne[Python3:LargeLexer](org.antlr.v4.test.runtime.python3.TestLexerExec)  Time elapsed: 0.65 sec  <<< ERROR!
java.lang.RuntimeException: Could not locate python3.5

testOne[Python3:ZeroLengthToken](org.antlr.v4.test.runtime.python3.TestLexerExec)  Time elapsed: 0.015 sec  <<< ERROR!
java.lang.RuntimeException: Could not locate python3.5

testOne[Python3:Slashes](org.antlr.v4.test.runtime.python3.TestLexerExec)  Time elapsed: 0.014 sec  <<< ERROR!
java.lang.RuntimeException: Could not locate python3.5

testOne[Python3:RefToRuleDoesNotSetTokenNorEmitAnother](org.antlr.v4.test.runtime.python3.TestLexerExec)  Time elapsed: 0.015 sec  <<< ERROR!
java.lang.RuntimeException: Could not locate python3.5

testOne[Python3:RecursiveLexerRuleRefWithWildcardStar_2](org.antlr.v4.test.runtime.python3.TestLexerExec)  Time elapsed: 0.014 sec  <<< ERROR!
java.lang.RuntimeException: Could not locate python3.5

testOne[Python3:RecursiveLexerRuleRefWithWildcardStar_1](org.antlr.v4.test.runtime.python3.TestLexerExec)  Time elapsed: 0.015 sec  <<< ERROR!
java.lang.RuntimeException: Could not locate python3.5

testOne[Python3:RecursiveLexerRuleRefWithWildcardPlus_2](org.antlr.v4.test.runtime.python3.TestLexerExec)  Time elapsed: 0.014 sec  <<< ERROR!
java.lang.RuntimeException: Could not locate python3.5

testOne[Python3:RecursiveLexerRuleRefWithWildcardPlus_1](org.antlr.v4.test.runtime.python3.TestLexerExec)  Time elapsed: 0.015 sec  <<< ERROR!
java.lang.RuntimeException: Could not locate python3.5

testOne[Python3:QuoteTranslation](org.antlr.v4.test.runtime.python3.TestLexerExec)  Time elapsed: 0.014 sec  <<< ERROR!
java.lang.RuntimeException: Could not locate python3.5

testOne[Python3:PositionAdjustingLexer](org.antlr.v4.test.runtime.python3.TestLexerExec)  Time elapsed: 0.016 sec  <<< ERROR!
java.lang.RuntimeException: Could not locate python3.5

testOne[Python3:Parentheses](org.antlr.v4.test.runtime.python3.TestLexerExec)  Time elapsed: 0.015 sec  <<< ERROR!
java.lang.RuntimeException: Could not locate python3.5

testOne[Python3:NonGreedyTermination2](org.antlr.v4.test.runtime.python3.TestLexerExec)  Time elapsed: 0.015 sec  <<< ERROR!
java.lang.RuntimeException: Could not locate python3.5

testOne[Python3:NonGreedyTermination1](org.antlr.v4.test.runtime.python3.TestLexerExec)  Time elapsed: 0.029 sec  <<< ERROR!
java.lang.RuntimeException: Could not locate python3.5

testOne[Python3:NonGreedyPositiveClosure](org.antlr.v4.test.runtime.python3.TestLexerExec)  Time elapsed: 0.015 sec  <<< ERROR!
java.lang.RuntimeException: Could not locate python3.5

testOne[Python3:NonGreedyOptional](org.antlr.v4.test.runtime.python3.TestLexerExec)  Time elapsed: 0.015 sec  <<< ERROR!
java.lang.RuntimeException: Could not locate python3.5

testOne[Python3:NonGreedyConfigs](org.antlr.v4.test.runtime.python3.TestLexerExec)  Time elapsed: 0.016 sec  <<< ERROR!
java.lang.RuntimeException: Could not locate python3.5

testOne[Python3:NonGreedyClosure](org.antlr.v4.test.runtime.python3.TestLexerExec)  Time elapsed: 0.016 sec  <<< ERROR!
java.lang.RuntimeException: Could not locate python3.5

testOne[Python3:KeywordID](org.antlr.v4.test.runtime.python3.TestLexerExec)  Time elapsed: 0.015 sec  <<< ERROR!
java.lang.RuntimeException: Could not locate python3.5

testOne[Python3:HexVsID](org.antlr.v4.test.runtime.python3.TestLexerExec)  Time elapsed: 0.015 sec  <<< ERROR!
java.lang.RuntimeException: Could not locate python3.5

testOne[Python3:GreedyPositiveClosure](org.antlr.v4.test.runtime.python3.TestLexerExec)  Time elapsed: 0.015 sec  <<< ERROR!
java.lang.RuntimeException: Could not locate python3.5

testOne[Python3:GreedyOptional](org.antlr.v4.test.runtime.python3.TestLexerExec)  Time elapsed: 0.015 sec  <<< ERROR!
java.lang.RuntimeException: Could not locate python3.5

testOne[Python3:GreedyConfigs](org.antlr.v4.test.runtime.python3.TestLexerExec)  Time elapsed: 0.015 sec  <<< ERROR!
java.lang.RuntimeException: Could not locate python3.5

testOne[Python3:GreedyClosure](org.antlr.v4.test.runtime.python3.TestLexerExec)  Time elapsed: 0.015 sec  <<< ERROR!
java.lang.RuntimeException: Could not locate python3.5

testOne[Python3:EOFSuffixInFirstRule_2](org.antlr.v4.test.runtime.python3.TestLexerExec)  Time elapsed: 0.016 sec  <<< ERROR!
java.lang.RuntimeException: Could not locate python3.5

testOne[Python3:EOFSuffixInFirstRule_1](org.antlr.v4.test.runtime.python3.TestLexerExec)  Time elapsed: 0.014 sec  <<< ERROR!
java.lang.RuntimeException: Could not locate python3.5

testOne[Python3:EOFByItself](org.antlr.v4.test.runtime.python3.TestLexerExec)  Time elapsed: 0.015 sec  <<< ERROR!
java.lang.RuntimeException: Could not locate python3.5

testOne[Python3:CharSetWithQuote2](org.antlr.v4.test.runtime.python3.TestLexerExec)  Time elapsed: 0.015 sec  <<< ERROR!
java.lang.RuntimeException: Could not locate python3.5

testOne[Python3:CharSetWithQuote1](org.antlr.v4.test.runtime.python3.TestLexerExec)  Time elapsed: 0.015 sec  <<< ERROR!
java.lang.RuntimeException: Could not locate python3.5

testOne[Python3:CharSetWithMissingEscapeChar](org.antlr.v4.test.runtime.python3.TestLexerExec)  Time elapsed: 0.014 sec  <<< ERROR!
java.lang.RuntimeException: Could not locate python3.5

testOne[Python3:CharSetWithEscapedChar](org.antlr.v4.test.runtime.python3.TestLexerExec)  Time elapsed: 0.014 sec  <<< ERROR!
java.lang.RuntimeException: Could not locate python3.5

testOne[Python3:CharSetRange](org.antlr.v4.test.runtime.python3.TestLexerExec)  Time elapsed: 0.015 sec  <<< ERROR!
java.lang.RuntimeException: Could not locate python3.5

testOne[Python3:CharSetPlus](org.antlr.v4.test.runtime.python3.TestLexerExec)  Time elapsed: 0.014 sec  <<< ERROR!
java.lang.RuntimeException: Could not locate python3.5

testOne[Python3:CharSetNot](org.antlr.v4.test.runtime.python3.TestLexerExec)  Time elapsed: 0.015 sec  <<< ERROR!
java.lang.RuntimeException: Could not locate python3.5

testOne[Python3:CharSetInSet](org.antlr.v4.test.runtime.python3.TestLexerExec)  Time elapsed: 0.015 sec  <<< ERROR!
java.lang.RuntimeException: Could not locate python3.5

testOne[Python3:UnicodeCharSet](org.antlr.v4.test.runtime.python3.TestLexerExec)  Time elapsed: 0.016 sec  <<< ERROR!
java.lang.RuntimeException: Could not locate python3.5

testOne[Python3:CharSet](org.antlr.v4.test.runtime.python3.TestLexerExec)  Time elapsed: 0.015 sec  <<< ERROR!
java.lang.RuntimeException: Could not locate python3.5

testOne[Python3:ActionPlacement](org.antlr.v4.test.runtime.python3.TestLexerExec)  Time elapsed: 0.015 sec  <<< ERROR!
java.lang.RuntimeException: Could not locate python3.5

