<?xml version="1.0" encoding="UTF-8"?>
<testsuite xmlns:xsi="http://www.w3.org/2001/XMLSchema-instance" xsi:schemaLocation="https://maven.apache.org/surefire/maven-surefire-plugin/xsd/surefire-test-report.xsd" name="org.antlr.v4.test.runtime.java.TestLeftRecursion" time="39.588" tests="98" errors="0" skipped="0" failures="0">
  <properties>
[...]
</properties>
  <testcase name="testOne[Java:WhitespaceInfluence_2]" classname="org.antlr.v4.test.runtime.java.TestLeftRecursion" time="0.577"/>
  <testcase name="testOne[Java:WhitespaceInfluence_1]" classname="org.antlr.v4.test.runtime.java.TestLeftRecursion" time="0.581"/>
  <testcase name="testOne[Java:TernaryExpr_9]" classname="org.antlr.v4.test.runtime.java.TestLeftRecursion" time="0.459"/>
  <testcase name="testOne[Java:TernaryExpr_8]" classname="org.antlr.v4.test.runtime.java.TestLeftRecursion" time="0.421"/>
  <testcase name="testOne[Java:TernaryExpr_7]" classname="org.antlr.v4.test.runtime.java.TestLeftRecursion" time="0.407"/>
  <testcase name="testOne[Java:TernaryExpr_6]" classname="org.antlr.v4.test.runtime.java.TestLeftRecursion" time="0.406"/>
  <testcase name="testOne[Java:TernaryExpr_5]" classname="org.antlr.v4.test.runtime.java.TestLeftRecursion" time="0.415"/>
  <testcase name="testOne[Java:TernaryExpr_4]" classname="org.antlr.v4.test.runtime.java.TestLeftRecursion" time="0.408"/>
  <testcase name="testOne[Java:TernaryExpr_3]" classname="org.antlr.v4.test.runtime.java.TestLeftRecursion" time="0.392"/>
  <testcase name="testOne[Java:TernaryExpr_2]" classname="org.antlr.v4.test.runtime.java.TestLeftRecursion" time="0.476"/>
  <testcase name="testOne[Java:TernaryExpr_1]" classname="org.antlr.v4.test.runtime.java.TestLeftRecursion" time="0.395"/>
  <testcase name="testOne[Java:TernaryExprExplicitAssociativity_9]" classname="org.antlr.v4.test.runtime.java.TestLeftRecursion" time="0.386"/>
  <testcase name="testOne[Java:TernaryExprExplicitAssociativity_8]" classname="org.antlr.v4.test.runtime.java.TestLeftRecursion" time="0.393"/>
  <testcase name="testOne[Java:TernaryExprExplicitAssociativity_7]" classname="org.antlr.v4.test.runtime.java.TestLeftRecursion" time="0.396"/>
  <testcase name="testOne[Java:TernaryExprExplicitAssociativity_6]" classname="org.antlr.v4.test.runtime.java.TestLeftRecursion" time="0.385"/>
  <testcase name="testOne[Java:TernaryExprExplicitAssociativity_5]" classname="org.antlr.v4.test.runtime.java.TestLeftRecursion" time="0.389"/>
  <testcase name="testOne[Java:TernaryExprExplicitAssociativity_4]" classname="org.antlr.v4.test.runtime.java.TestLeftRecursion" time="0.389"/>
  <testcase name="testOne[Java:TernaryExprExplicitAssociativity_3]" classname="org.antlr.v4.test.runtime.java.TestLeftRecursion" time="0.429"/>
  <testcase name="testOne[Java:TernaryExprExplicitAssociativity_2]" classname="org.antlr.v4.test.runtime.java.TestLeftRecursion" time="0.404"/>
  <testcase name="testOne[Java:TernaryExprExplicitAssociativity_1]" classname="org.antlr.v4.test.runtime.java.TestLeftRecursion" time="0.448"/>
  <testcase name="testOne[Java:Simple_3]" classname="org.antlr.v4.test.runtime.java.TestLeftRecursion" time="0.39"/>
  <testcase name="testOne[Java:Simple_2]" classname="org.antlr.v4.test.runtime.java.TestLeftRecursion" time="0.442"/>
  <testcase name="testOne[Java:Simple_1]" classname="org.antlr.v4.test.runtime.java.TestLeftRecursion" time="0.369"/>
  <testcase name="testOne[Java:SemPredFailOption]" classname="org.antlr.v4.test.runtime.java.TestLeftRecursion" time="0.37"/>
  <testcase name="testOne[Java:SemPred]" classname="org.antlr.v4.test.runtime.java.TestLeftRecursion" time="0.432"/>
  <testcase name="testOne[Java:ReturnValueAndActions_4]" classname="org.antlr.v4.test.runtime.java.TestLeftRecursion" time="0.406"/>
  <testcase name="testOne[Java:ReturnValueAndActions_3]" classname="org.antlr.v4.test.runtime.java.TestLeftRecursion" time="0.387"/>
  <testcase name="testOne[Java:ReturnValueAndActions_2]" classname="org.antlr.v4.test.runtime.java.TestLeftRecursion" time="0.383"/>
  <testcase name="testOne[Java:ReturnValueAndActions_1]" classname="org.antlr.v4.test.runtime.java.TestLeftRecursion" time="0.387"/>
  <testcase name="testOne[Java:ReturnValueAndActionsList2_4]" classname="org.antlr.v4.test.runtime.java.TestLeftRecursion" time="0.389"/>
  <testcase name="testOne[Java:ReturnValueAndActionsList2_3]" classname="org.antlr.v4.test.runtime.java.TestLeftRecursion" time="0.396"/>
  <testcase name="testOne[Java:ReturnValueAndActionsList2_2]" classname="org.antlr.v4.test.runtime.java.TestLeftRecursion" time="0.395"/>
  <testcase name="testOne[Java:ReturnValueAndActionsList2_1]" classname="org.antlr.v4.test.runtime.java.TestLeftRecursion" time="0.381"/>
  <testcase name="testOne[Java:ReturnValueAndActionsList1_4]" classname="org.antlr.v4.test.runtime.java.TestLeftRecursion" time="0.407"/>
  <testcase name="testOne[Java:ReturnValueAndActionsList1_3]" classname="org.antlr.v4.test.runtime.java.TestLeftRecursion" time="0.375"/>
  <testcase name="testOne[Java:ReturnValueAndActionsList1_2]" classname="org.antlr.v4.test.runtime.java.TestLeftRecursion" time="0.465"/>
  <testcase name="testOne[Java:ReturnValueAndActionsList1_1]" classname="org.antlr.v4.test.runtime.java.TestLeftRecursion" time="0.387"/>
  <testcase name="testOne[Java:ReturnValueAndActionsAndLabels_4]" classname="org.antlr.v4.test.runtime.java.TestLeftRecursion" time="0.395"/>
  <testcase name="testOne[Java:ReturnValueAndActionsAndLabels_3]" classname="org.antlr.v4.test.runtime.java.TestLeftRecursion" time="0.395"/>
  <testcase name="testOne[Java:ReturnValueAndActionsAndLabels_2]" classname="org.antlr.v4.test.runtime.java.TestLeftRecursion" time="0.395"/>
  <testcase name="testOne[Java:ReturnValueAndActionsAndLabels_1]" classname="org.antlr.v4.test.runtime.java.TestLeftRecursion" time="0.386"/>
  <testcase name="testOne[Java:PrefixOpWithActionAndLabel_3]" classname="org.antlr.v4.test.runtime.java.TestLeftRecursion" time="0.375"/>
  <testcase name="testOne[Java:PrefixOpWithActionAndLabel_2]" classname="org.antlr.v4.test.runtime.java.TestLeftRecursion" time="0.375"/>
  <testcase name="testOne[Java:PrefixOpWithActionAndLabel_1]" classname="org.antlr.v4.test.runtime.java.TestLeftRecursion" time="0.371"/>
  <testcase name="testOne[Java:PrefixAndOtherAlt_2]" classname="org.antlr.v4.test.runtime.java.TestLeftRecursion" time="0.39"/>
  <testcase name="testOne[Java:PrefixAndOtherAlt_1]" classname="org.antlr.v4.test.runtime.java.TestLeftRecursion" time="0.414"/>
  <testcase name="testOne[Java:PrecedenceFilterConsidersContext]" classname="org.antlr.v4.test.runtime.java.TestLeftRecursion" time="0.378"/>
  <testcase name="testOne[Java:MultipleAlternativesWithCommonLabel_5]" classname="org.antlr.v4.test.runtime.java.TestLeftRecursion" time="0.403"/>
  <testcase name="testOne[Java:MultipleAlternativesWithCommonLabel_4]" classname="org.antlr.v4.test.runtime.java.TestLeftRecursion" time="0.385"/>
  <testcase name="testOne[Java:MultipleAlternativesWithCommonLabel_3]" classname="org.antlr.v4.test.runtime.java.TestLeftRecursion" time="0.39"/>
  <testcase name="testOne[Java:MultipleAlternativesWithCommonLabel_2]" classname="org.antlr.v4.test.runtime.java.TestLeftRecursion" time="0.399"/>
  <testcase name="testOne[Java:MultipleAlternativesWithCommonLabel_1]" classname="org.antlr.v4.test.runtime.java.TestLeftRecursion" time="0.714"/>
  <testcase name="testOne[Java:MultipleActions_3]" classname="org.antlr.v4.test.runtime.java.TestLeftRecursion" time="0.368"/>
  <testcase name="testOne[Java:MultipleActions_2]" classname="org.antlr.v4.test.runtime.java.TestLeftRecursion" time="0.367"/>
  <testcase name="testOne[Java:MultipleActions_1]" classname="org.antlr.v4.test.runtime.java.TestLeftRecursion" time="0.366"/>
  <testcase name="testOne[Java:MultipleActionsPredicatesOptions_3]" classname="org.antlr.v4.test.runtime.java.TestLeftRecursion" time="0.369"/>
  <testcase name="testOne[Java:MultipleActionsPredicatesOptions_2]" classname="org.antlr.v4.test.runtime.java.TestLeftRecursion" time="0.385"/>
  <testcase name="testOne[Java:MultipleActionsPredicatesOptions_1]" classname="org.antlr.v4.test.runtime.java.TestLeftRecursion" time="0.37"/>
  <testcase name="testOne[Java:LabelsOnOpSubrule_3]" classname="org.antlr.v4.test.runtime.java.TestLeftRecursion" time="0.373"/>
  <testcase name="testOne[Java:LabelsOnOpSubrule_2]" classname="org.antlr.v4.test.runtime.java.TestLeftRecursion" time="0.376"/>
  <testcase name="testOne[Java:LabelsOnOpSubrule_1]" classname="org.antlr.v4.test.runtime.java.TestLeftRecursion" time="0.375"/>
  <testcase name="testOne[Java:JavaExpressions_12]" classname="org.antlr.v4.test.runtime.java.TestLeftRecursion" time="0.427"/>
  <testcase name="testOne[Java:JavaExpressions_11]" classname="org.antlr.v4.test.runtime.java.TestLeftRecursion" time="0.419"/>
  <testcase name="testOne[Java:JavaExpressions_10]" classname="org.antlr.v4.test.runtime.java.TestLeftRecursion" time="0.475"/>
  <testcase name="testOne[Java:JavaExpressions_9]" classname="org.antlr.v4.test.runtime.java.TestLeftRecursion" time="0.477"/>
  <testcase name="testOne[Java:JavaExpressions_8]" classname="org.antlr.v4.test.runtime.java.TestLeftRecursion" time="0.426"/>
  <testcase name="testOne[Java:JavaExpressions_7]" classname="org.antlr.v4.test.runtime.java.TestLeftRecursion" time="0.421"/>
  <testcase name="testOne[Java:JavaExpressions_6]" classname="org.antlr.v4.test.runtime.java.TestLeftRecursion" time="0.424"/>
  <testcase name="testOne[Java:JavaExpressions_5]" classname="org.antlr.v4.test.runtime.java.TestLeftRecursion" time="0.428"/>
  <testcase name="testOne[Java:JavaExpressions_4]" classname="org.antlr.v4.test.runtime.java.TestLeftRecursion" time="0.451"/>
  <testcase name="testOne[Java:JavaExpressions_3]" classname="org.antlr.v4.test.runtime.java.TestLeftRecursion" time="0.453"/>
  <testcase name="testOne[Java:JavaExpressions_2]" classname="org.antlr.v4.test.runtime.java.TestLeftRecursion" time="0.421"/>
  <testcase name="testOne[Java:JavaExpressions_1]" classname="org.antlr.v4.test.runtime.java.TestLeftRecursion" time="0.421"/>
  <testcase name="testOne[Java:Expressions_7]" classname="org.antlr.v4.test.runtime.java.TestLeftRecursion" time="0.37"/>
  <testcase name="testOne[Java:Expressions_6]" classname="org.antlr.v4.test.runtime.java.TestLeftRecursion" time="0.369"/>
  <testcase name="testOne[Java:Expressions_5]" classname="org.antlr.v4.test.runtime.java.TestLeftRecursion" time="0.374"/>
  <testcase name="testOne[Java:Expressions_4]" classname="org.antlr.v4.test.runtime.java.TestLeftRecursion" time="0.37"/>
  <testcase name="testOne[Java:Expressions_3]" classname="org.antlr.v4.test.runtime.java.TestLeftRecursion" time="0.369"/>
  <testcase name="testOne[Java:Expressions_2]" classname="org.antlr.v4.test.runtime.java.TestLeftRecursion" time="0.367"/>
  <testcase name="testOne[Java:Expressions_1]" classname="org.antlr.v4.test.runtime.java.TestLeftRecursion" time="0.383"/>
  <testcase name="testOne[Java:DirectCallToLeftRecursiveRule_3]" classname="org.antlr.v4.test.runtime.java.TestLeftRecursion" time="0.388"/>
  <testcase name="testOne[Java:DirectCallToLeftRecursiveRule_2]" classname="org.antlr.v4.test.runtime.java.TestLeftRecursion" time="0.361"/>
  <testcase name="testOne[Java:DirectCallToLeftRecursiveRule_1]" classname="org.antlr.v4.test.runtime.java.TestLeftRecursion" time="0.357"/>
  <testcase name="testOne[Java:Declarations_10]" classname="org.antlr.v4.test.runtime.java.TestLeftRecursion" time="0.373"/>
  <testcase name="testOne[Java:Declarations_9]" classname="org.antlr.v4.test.runtime.java.TestLeftRecursion" time="0.368"/>
  <testcase name="testOne[Java:Declarations_8]" classname="org.antlr.v4.test.runtime.java.TestLeftRecursion" time="0.374"/>
  <testcase name="testOne[Java:Declarations_7]" classname="org.antlr.v4.test.runtime.java.TestLeftRecursion" time="0.376"/>
  <testcase name="testOne[Java:Declarations_6]" classname="org.antlr.v4.test.runtime.java.TestLeftRecursion" time="0.375"/>
  <testcase name="testOne[Java:Declarations_5]" classname="org.antlr.v4.test.runtime.java.TestLeftRecursion" time="0.369"/>
  <testcase name="testOne[Java:Declarations_4]" classname="org.antlr.v4.test.runtime.java.TestLeftRecursion" time="0.389"/>
  <testcase name="testOne[Java:Declarations_3]" classname="org.antlr.v4.test.runtime.java.TestLeftRecursion" time="0.371"/>
  <testcase name="testOne[Java:Declarations_2]" classname="org.antlr.v4.test.runtime.java.TestLeftRecursion" time="0.373"/>
  <testcase name="testOne[Java:Declarations_1]" classname="org.antlr.v4.test.runtime.java.TestLeftRecursion" time="0.376"/>
  <testcase name="testOne[Java:AmbigLR_5]" classname="org.antlr.v4.test.runtime.java.TestLeftRecursion" time="0.425"/>
  <testcase name="testOne[Java:AmbigLR_4]" classname="org.antlr.v4.test.runtime.java.TestLeftRecursion" time="0.385"/>
  <testcase name="testOne[Java:AmbigLR_3]" classname="org.antlr.v4.test.runtime.java.TestLeftRecursion" time="0.397"/>
  <testcase name="testOne[Java:AmbigLR_2]" classname="org.antlr.v4.test.runtime.java.TestLeftRecursion" time="0.407"/>
  <testcase name="testOne[Java:AmbigLR_1]" classname="org.antlr.v4.test.runtime.java.TestLeftRecursion" time="0.431"/>
</testsuite>