<?xml version="1.0" encoding="UTF-8"?>
<testsuite xmlns:xsi="http://www.w3.org/2001/XMLSchema-instance" xsi:schemaLocation="https://maven.apache.org/surefire/maven-surefire-plugin/xsd/surefire-test-report.xsd" name="org.antlr.v4.test.runtime.python3.TestLeftRecursion" time="3.49" tests="98" errors="98" skipped="0" failures="0">
  <properties>
[...]
</properties>
  <testcase name="testOne[Python3:WhitespaceInfluence_2]" classname="org.antlr.v4.test.runtime.python3.TestLeftRecursion" time="0.046">
    <error message="Could not locate python3.5" type="java.lang.RuntimeException">java.lang.RuntimeException: Could not locate python3.5
</error>
  </testcase>
  <testcase name="testOne[Python3:WhitespaceInfluence_1]" classname="org.antlr.v4.test.runtime.python3.TestLeftRecursion" time="0.043">
    <error message="Could not locate python3.5" type="java.lang.RuntimeException">java.lang.RuntimeException: Could not locate python3.5
</error>
  </testcase>
  <testcase name="testOne[Python3:TernaryExpr_9]" classname="org.antlr.v4.test.runtime.python3.TestLeftRecursion" time="0.033">
    <error message="Could not locate python3.5" type="java.lang.RuntimeException">java.lang.RuntimeException: Could not locate python3.5
</error>
  </testcase>
  <testcase name="testOne[Python3:TernaryExpr_8]" classname="org.antlr.v4.test.runtime.python3.TestLeftRecursion" time="0.033">
    <error message="Could not locate python3.5" type="java.lang.RuntimeException">java.lang.RuntimeException: Could not locate python3.5
</error>
  </testcase>
  <testcase name="testOne[Python3:TernaryExpr_7]" classname="org.antlr.v4.test.runtime.python3.TestLeftRecursion" time="0.033">
    <error message="Could not locate python3.5" type="java.lang.RuntimeException">java.lang.RuntimeException: Could not locate python3.5
</error>
  </testcase>
  <testcase name="testOne[Python3:TernaryExpr_6]" classname="org.antlr.v4.test.runtime.python3.TestLeftRecursion" time="0.031">
    <error message="Could not locate python3.5" type="java.lang.RuntimeException">java.lang.RuntimeException: Could not locate python3.5
</error>
  </testcase>
  <testcase name="testOne[Python3:TernaryExpr_5]" classname="org.antlr.v4.test.runtime.python3.TestLeftRecursion" time="0.03">
    <error message="Could not locate python3.5" type="java.lang.RuntimeException">java.lang.RuntimeException: Could not locate python3.5
</error>
  </testcase>
  <testcase name="testOne[Python3:TernaryExpr_4]" classname="org.antlr.v4.test.runtime.python3.TestLeftRecursion" time="0.046">
    <error message="Could not locate python3.5" type="java.lang.RuntimeException">java.lang.RuntimeException: Could not locate python3.5
</error>
  </testcase>
  <testcase name="testOne[Python3:TernaryExpr_3]" classname="org.antlr.v4.test.runtime.python3.TestLeftRecursion" time="0.031">
    <error message="Could not locate python3.5" type="java.lang.RuntimeException">java.lang.RuntimeException: Could not locate python3.5
</error>
  </testcase>
  <testcase name="testOne[Python3:TernaryExpr_2]" classname="org.antlr.v4.test.runtime.python3.TestLeftRecursion" time="0.03">
    <error message="Could not locate python3.5" type="java.lang.RuntimeException">java.lang.RuntimeException: Could not locate python3.5
</error>
  </testcase>
  <testcase name="testOne[Python3:TernaryExpr_1]" classname="org.antlr.v4.test.runtime.python3.TestLeftRecursion" time="0.037">
    <error message="Could not locate python3.5" type="java.lang.RuntimeException">java.lang.RuntimeException: Could not locate python3.5
</error>
  </testcase>
  <testcase name="testOne[Python3:TernaryExprExplicitAssociativity_9]" classname="org.antlr.v4.test.runtime.python3.TestLeftRecursion" time="0.03">
    <error message="Could not locate python3.5" type="java.lang.RuntimeException">java.lang.RuntimeException: Could not locate python3.5
</error>
  </testcase>
  <testcase name="testOne[Python3:TernaryExprExplicitAssociativity_8]" classname="org.antlr.v4.test.runtime.python3.TestLeftRecursion" time="0.032">
    <error message="Could not locate python3.5" type="java.lang.RuntimeException">java.lang.RuntimeException: Could not locate python3.5
</error>
  </testcase>
  <testcase name="testOne[Python3:TernaryExprExplicitAssociativity_7]" classname="org.antlr.v4.test.runtime.python3.TestLeftRecursion" time="0.03">
    <error message="Could not locate python3.5" type="java.lang.RuntimeException">java.lang.RuntimeException: Could not locate python3.5
</error>
  </testcase>
  <testcase name="testOne[Python3:TernaryExprExplicitAssociativity_6]" classname="org.antlr.v4.test.runtime.python3.TestLeftRecursion" time="0.031">
    <error message="Could not locate python3.5" type="java.lang.RuntimeException">java.lang.RuntimeException: Could not locate python3.5
</error>
  </testcase>
  <testcase name="testOne[Python3:TernaryExprExplicitAssociativity_5]" classname="org.antlr.v4.test.runtime.python3.TestLeftRecursion" time="0.031">
    <error message="Could not locate python3.5" type="java.lang.RuntimeException">java.lang.RuntimeException: Could not locate python3.5
</error>
  </testcase>
  <testcase name="testOne[Python3:TernaryExprExplicitAssociativity_4]" classname="org.antlr.v4.test.runtime.python3.TestLeftRecursion" time="0.03">
    <error message="Could not locate python3.5" type="java.lang.RuntimeException">java.lang.RuntimeException: Could not locate python3.5
</error>
  </testcase>
  <testcase name="testOne[Python3:TernaryExprExplicitAssociativity_3]" classname="org.antlr.v4.test.runtime.python3.TestLeftRecursion" time="0.032">
    <error message="Could not locate python3.5" type="java.lang.RuntimeException">java.lang.RuntimeException: Could not locate python3.5
</error>
  </testcase>
  <testcase name="testOne[Python3:TernaryExprExplicitAssociativity_2]" classname="org.antlr.v4.test.runtime.python3.TestLeftRecursion" time="0.034">
    <error message="Could not locate python3.5" type="java.lang.RuntimeException">java.lang.RuntimeException: Could not locate python3.5
</error>
  </testcase>
  <testcase name="testOne[Python3:TernaryExprExplicitAssociativity_1]" classname="org.antlr.v4.test.runtime.python3.TestLeftRecursion" time="0.033">
    <error message="Could not locate python3.5" type="java.lang.RuntimeException">java.lang.RuntimeException: Could not locate python3.5
</error>
  </testcase>
  <testcase name="testOne[Python3:Simple_3]" classname="org.antlr.v4.test.runtime.python3.TestLeftRecursion" time="0.036">
    <error message="Could not locate python3.5" type="java.lang.RuntimeException">java.lang.RuntimeException: Could not locate python3.5
</error>
  </testcase>
  <testcase name="testOne[Python3:Simple_2]" classname="org.antlr.v4.test.runtime.python3.TestLeftRecursion" time="0.033">
    <error message="Could not locate python3.5" type="java.lang.RuntimeException">java.lang.RuntimeException: Could not locate python3.5
</error>
  </testcase>
  <testcase name="testOne[Python3:Simple_1]" classname="org.antlr.v4.test.runtime.python3.TestLeftRecursion" time="0.033">
    <error message="Could not locate python3.5" type="java.lang.RuntimeException">java.lang.RuntimeException: Could not locate python3.5
</error>
  </testcase>
  <testcase name="testOne[Python3:SemPredFailOption]" classname="org.antlr.v4.test.runtime.python3.TestLeftRecursion" time="0.033">
    <error message="Could not locate python3.5" type="java.lang.RuntimeException">java.lang.RuntimeException: Could not locate python3.5
</error>
  </testcase>
  <testcase name="testOne[Python3:SemPred]" classname="org.antlr.v4.test.runtime.python3.TestLeftRecursion" time="0.032">
    <error message="Could not locate python3.5" type="java.lang.RuntimeException">java.lang.RuntimeException: Could not locate python3.5
</error>
  </testcase>
  <testcase name="testOne[Python3:ReturnValueAndActions_4]" classname="org.antlr.v4.test.runtime.python3.TestLeftRecursion" time="0.034">
    <error message="Could not locate python3.5" type="java.lang.RuntimeException">java.lang.RuntimeException: Could not locate python3.5
</error>
  </testcase>
  <testcase name="testOne[Python3:ReturnValueAndActions_3]" classname="org.antlr.v4.test.runtime.python3.TestLeftRecursion" time="0.033">
    <error message="Could not locate python3.5" type="java.lang.RuntimeException">java.lang.RuntimeException: Could not locate python3.5
</error>
  </testcase>
  <testcase name="testOne[Python3:ReturnValueAndActions_2]" classname="org.antlr.v4.test.runtime.python3.TestLeftRecursion" time="0.037">
    <error message="Could not locate python3.5" type="java.lang.RuntimeException">java.lang.RuntimeException: Could not locate python3.5
</error>
  </testcase>
  <testcase name="testOne[Python3:ReturnValueAndActions_1]" classname="org.antlr.v4.test.runtime.python3.TestLeftRecursion" time="0.038">
    <error message="Could not locate python3.5" type="java.lang.RuntimeException">java.lang.RuntimeException: Could not locate python3.5
</error>
  </testcase>
  <testcase name="testOne[Python3:ReturnValueAndActionsList2_4]" classname="org.antlr.v4.test.runtime.python3.TestLeftRecursion" time="0.034">
    <error message="Could not locate python3.5" type="java.lang.RuntimeException">java.lang.RuntimeException: Could not locate python3.5
</error>
  </testcase>
  <testcase name="testOne[Python3:ReturnValueAndActionsList2_3]" classname="org.antlr.v4.test.runtime.python3.TestLeftRecursion" time="0.034">
    <error message="Could not locate python3.5" type="java.lang.RuntimeException">java.lang.RuntimeException: Could not locate python3.5
</error>
  </testcase>
  <testcase name="testOne[Python3:ReturnValueAndActionsList2_2]" classname="org.antlr.v4.test.runtime.python3.TestLeftRecursion" time="0.034">
    <error message="Could not locate python3.5" type="java.lang.RuntimeException">java.lang.RuntimeException: Could not locate python3.5
</error>
  </testcase>
  <testcase name="testOne[Python3:ReturnValueAndActionsList2_1]" classname="org.antlr.v4.test.runtime.python3.TestLeftRecursion" time="0.036">
    <error message="Could not locate python3.5" type="java.lang.RuntimeException">java.lang.RuntimeException: Could not locate python3.5
</error>
  </testcase>
  <testcase name="testOne[Python3:ReturnValueAndActionsList1_4]" classname="org.antlr.v4.test.runtime.python3.TestLeftRecursion" time="0.035">
    <error message="Could not locate python3.5" type="java.lang.RuntimeException">java.lang.RuntimeException: Could not locate python3.5
</error>
  </testcase>
  <testcase name="testOne[Python3:ReturnValueAndActionsList1_3]" classname="org.antlr.v4.test.runtime.python3.TestLeftRecursion" time="0.03">
    <error message="Could not locate python3.5" type="java.lang.RuntimeException">java.lang.RuntimeException: Could not locate python3.5
</error>
  </testcase>
  <testcase name="testOne[Python3:ReturnValueAndActionsList1_2]" classname="org.antlr.v4.test.runtime.python3.TestLeftRecursion" time="0.03">
    <error message="Could not locate python3.5" type="java.lang.RuntimeException">java.lang.RuntimeException: Could not locate python3.5
</error>
  </testcase>
  <testcase name="testOne[Python3:ReturnValueAndActionsList1_1]" classname="org.antlr.v4.test.runtime.python3.TestLeftRecursion" time="0.031">
    <error message="Could not locate python3.5" type="java.lang.RuntimeException">java.lang.RuntimeException: Could not locate python3.5
</error>
  </testcase>
  <testcase name="testOne[Python3:ReturnValueAndActionsAndLabels_4]" classname="org.antlr.v4.test.runtime.python3.TestLeftRecursion" time="0.034">
    <error message="Could not locate python3.5" type="java.lang.RuntimeException">java.lang.RuntimeException: Could not locate python3.5
</error>
  </testcase>
  <testcase name="testOne[Python3:ReturnValueAndActionsAndLabels_3]" classname="org.antlr.v4.test.runtime.python3.TestLeftRecursion" time="0.036">
    <error message="Could not locate python3.5" type="java.lang.RuntimeException">java.lang.RuntimeException: Could not locate python3.5
</error>
  </testcase>
  <testcase name="testOne[Python3:ReturnValueAndActionsAndLabels_2]" classname="org.antlr.v4.test.runtime.python3.TestLeftRecursion" time="0.044">
    <error message="Could not locate python3.5" type="java.lang.RuntimeException">java.lang.RuntimeException: Could not locate python3.5
</error>
  </testcase>
  <testcase name="testOne[Python3:ReturnValueAndActionsAndLabels_1]" classname="org.antlr.v4.test.runtime.python3.TestLeftRecursion" time="0.055">
    <error message="Could not locate python3.5" type="java.lang.RuntimeException">java.lang.RuntimeException: Could not locate python3.5
</error>
  </testcase>
  <testcase name="testOne[Python3:PrefixOpWithActionAndLabel_3]" classname="org.antlr.v4.test.runtime.python3.TestLeftRecursion" time="0.046">
    <error message="Could not locate python3.5" type="java.lang.RuntimeException">java.lang.RuntimeException: Could not locate python3.5
</error>
  </testcase>
  <testcase name="testOne[Python3:PrefixOpWithActionAndLabel_2]" classname="org.antlr.v4.test.runtime.python3.TestLeftRecursion" time="0.041">
    <error message="Could not locate python3.5" type="java.lang.RuntimeException">java.lang.RuntimeException: Could not locate python3.5
</error>
  </testcase>
  <testcase name="testOne[Python3:PrefixOpWithActionAndLabel_1]" classname="org.antlr.v4.test.runtime.python3.TestLeftRecursion" time="0.04">
    <error message="Could not locate python3.5" type="java.lang.RuntimeException">java.lang.RuntimeException: Could not locate python3.5
</error>
  </testcase>
  <testcase name="testOne[Python3:PrefixAndOtherAlt_2]" classname="org.antlr.v4.test.runtime.python3.TestLeftRecursion" time="0.035">
    <error message="Could not locate python3.5" type="java.lang.RuntimeException">java.lang.RuntimeException: Could not locate python3.5
</error>
  </testcase>
  <testcase name="testOne[Python3:PrefixAndOtherAlt_1]" classname="org.antlr.v4.test.runtime.python3.TestLeftRecursion" time="0.031">
    <error message="Could not locate python3.5" type="java.lang.RuntimeException">java.lang.RuntimeException: Could not locate python3.5
</error>
  </testcase>
  <testcase name="testOne[Python3:PrecedenceFilterConsidersContext]" classname="org.antlr.v4.test.runtime.python3.TestLeftRecursion" time="0.03">
    <error message="Could not locate python3.5" type="java.lang.RuntimeException">java.lang.RuntimeException: Could not locate python3.5
</error>
  </testcase>
  <testcase name="testOne[Python3:MultipleAlternativesWithCommonLabel_5]" classname="org.antlr.v4.test.runtime.python3.TestLeftRecursion" time="0.035">
    <error message="Could not locate python3.5" type="java.lang.RuntimeException">java.lang.RuntimeException: Could not locate python3.5
</error>
  </testcase>
  <testcase name="testOne[Python3:MultipleAlternativesWithCommonLabel_4]" classname="org.antlr.v4.test.runtime.python3.TestLeftRecursion" time="0.034">
    <error message="Could not locate python3.5" type="java.lang.RuntimeException">java.lang.RuntimeException: Could not locate python3.5
</error>
  </testcase>
  <testcase name="testOne[Python3:MultipleAlternativesWithCommonLabel_3]" classname="org.antlr.v4.test.runtime.python3.TestLeftRecursion" time="0.036">
    <error message="Could not locate python3.5" type="java.lang.RuntimeException">java.lang.RuntimeException: Could not locate python3.5
</error>
  </testcase>
  <testcase name="testOne[Python3:MultipleAlternativesWithCommonLabel_2]" classname="org.antlr.v4.test.runtime.python3.TestLeftRecursion" time="0.037">
    <error message="Could not locate python3.5" type="java.lang.RuntimeException">java.lang.RuntimeException: Could not locate python3.5
</error>
  </testcase>
  <testcase name="testOne[Python3:MultipleAlternativesWithCommonLabel_1]" classname="org.antlr.v4.test.runtime.python3.TestLeftRecursion" time="0.036">
    <error message="Could not locate python3.5" type="java.lang.RuntimeException">java.lang.RuntimeException: Could not locate python3.5
</error>
  </testcase>
  <testcase name="testOne[Python3:MultipleActions_3]" classname="org.antlr.v4.test.runtime.python3.TestLeftRecursion" time="0.032">
    <error message="Could not locate python3.5" type="java.lang.RuntimeException">java.lang.RuntimeException: Could not locate python3.5
</error>
  </testcase>
  <testcase name="testOne[Python3:MultipleActions_2]" classname="org.antlr.v4.test.runtime.python3.TestLeftRecursion" time="0.033">
    <error message="Could not locate python3.5" type="java.lang.RuntimeException">java.lang.RuntimeException: Could not locate python3.5
</error>
  </testcase>
  <testcase name="testOne[Python3:MultipleActions_1]" classname="org.antlr.v4.test.runtime.python3.TestLeftRecursion" time="0.031">
    <error message="Could not locate python3.5" type="java.lang.RuntimeException">java.lang.RuntimeException: Could not locate python3.5
</error>
  </testcase>
  <testcase name="testOne[Python3:MultipleActionsPredicatesOptions_3]" classname="org.antlr.v4.test.runtime.python3.TestLeftRecursion" time="0.031">
    <error message="Could not locate python3.5" type="java.lang.RuntimeException">java.lang.RuntimeException: Could not locate python3.5
</error>
  </testcase>
  <testcase name="testOne[Python3:MultipleActionsPredicatesOptions_2]" classname="org.antlr.v4.test.runtime.python3.TestLeftRecursion" time="0.032">
    <error message="Could not locate python3.5" type="java.lang.RuntimeException">java.lang.RuntimeException: Could not locate python3.5
</error>
  </testcase>
  <testcase name="testOne[Python3:MultipleActionsPredicatesOptions_1]" classname="org.antlr.v4.test.runtime.python3.TestLeftRecursion" time="0.031">
    <error message="Could not locate python3.5" type="java.lang.RuntimeException">java.lang.RuntimeException: Could not locate python3.5
</error>
  </testcase>
  <testcase name="testOne[Python3:LabelsOnOpSubrule_3]" classname="org.antlr.v4.test.runtime.python3.TestLeftRecursion" time="0.03">
    <error message="Could not locate python3.5" type="java.lang.RuntimeException">java.lang.RuntimeException: Could not locate python3.5
</error>
  </testcase>
  <testcase name="testOne[Python3:LabelsOnOpSubrule_2]" classname="org.antlr.v4.test.runtime.python3.TestLeftRecursion" time="0.03">
    <error message="Could not locate python3.5" type="java.lang.RuntimeException">java.lang.RuntimeException: Could not locate python3.5
</error>
  </testcase>
  <testcase name="testOne[Python3:LabelsOnOpSubrule_1]" classname="org.antlr.v4.test.runtime.python3.TestLeftRecursion" time="0.029">
    <error message="Could not locate python3.5" type="java.lang.RuntimeException">java.lang.RuntimeException: Could not locate python3.5
</error>
  </testcase>
  <testcase name="testOne[Python3:JavaExpressions_12]" classname="org.antlr.v4.test.runtime.python3.TestLeftRecursion" time="0.045">
    <error message="Could not locate python3.5" type="java.lang.RuntimeException">java.lang.RuntimeException: Could not locate python3.5
</error>
  </testcase>
  <testcase name="testOne[Python3:JavaExpressions_11]" classname="org.antlr.v4.test.runtime.python3.TestLeftRecursion" time="0.045">
    <error message="Could not locate python3.5" type="java.lang.RuntimeException">java.lang.RuntimeException: Could not locate python3.5
</error>
  </testcase>
  <testcase name="testOne[Python3:JavaExpressions_10]" classname="org.antlr.v4.test.runtime.python3.TestLeftRecursion" time="0.049">
    <error message="Could not locate python3.5" type="java.lang.RuntimeException">java.lang.RuntimeException: Could not locate python3.5
</error>
  </testcase>
  <testcase name="testOne[Python3:JavaExpressions_9]" classname="org.antlr.v4.test.runtime.python3.TestLeftRecursion" time="0.045">
    <error message="Could not locate python3.5" type="java.lang.RuntimeException">java.lang.RuntimeException: Could not locate python3.5
</error>
  </testcase>
  <testcase name="testOne[Python3:JavaExpressions_8]" classname="org.antlr.v4.test.runtime.python3.TestLeftRecursion" time="0.044">
    <error message="Could not locate python3.5" type="java.lang.RuntimeException">java.lang.RuntimeException: Could not locate python3.5
</error>
  </testcase>
  <testcase name="testOne[Python3:JavaExpressions_7]" classname="org.antlr.v4.test.runtime.python3.TestLeftRecursion" time="0.064">
    <error message="Could not locate python3.5" type="java.lang.RuntimeException">java.lang.RuntimeException: Could not locate python3.5
</error>
  </testcase>
  <testcase name="testOne[Python3:JavaExpressions_6]" classname="org.antlr.v4.test.runtime.python3.TestLeftRecursion" time="0.044">
    <error message="Could not locate python3.5" type="java.lang.RuntimeException">java.lang.RuntimeException: Could not locate python3.5
</error>
  </testcase>
  <testcase name="testOne[Python3:JavaExpressions_5]" classname="org.antlr.v4.test.runtime.python3.TestLeftRecursion" time="0.045">
    <error message="Could not locate python3.5" type="java.lang.RuntimeException">java.lang.RuntimeException: Could not locate python3.5
</error>
  </testcase>
  <testcase name="testOne[Python3:JavaExpressions_4]" classname="org.antlr.v4.test.runtime.python3.TestLeftRecursion" time="0.044">
    <error message="Could not locate python3.5" type="java.lang.RuntimeException">java.lang.RuntimeException: Could not locate python3.5
</error>
  </testcase>
  <testcase name="testOne[Python3:JavaExpressions_3]" classname="org.antlr.v4.test.runtime.python3.TestLeftRecursion" time="0.044">
    <error message="Could not locate python3.5" type="java.lang.RuntimeException">java.lang.RuntimeException: Could not locate python3.5
</error>
  </testcase>
  <testcase name="testOne[Python3:JavaExpressions_2]" classname="org.antlr.v4.test.runtime.python3.TestLeftRecursion" time="0.045">
    <error message="Could not locate python3.5" type="java.lang.RuntimeException">java.lang.RuntimeException: Could not locate python3.5
</error>
  </testcase>
  <testcase name="testOne[Python3:JavaExpressions_1]" classname="org.antlr.v4.test.runtime.python3.TestLeftRecursion" time="0.047">
    <error message="Could not locate python3.5" type="java.lang.RuntimeException">java.lang.RuntimeException: Could not locate python3.5
</error>
  </testcase>
  <testcase name="testOne[Python3:Expressions_7]" classname="org.antlr.v4.test.runtime.python3.TestLeftRecursion" time="0.032">
    <error message="Could not locate python3.5" type="java.lang.RuntimeException">java.lang.RuntimeException: Could not locate python3.5
</error>
  </testcase>
  <testcase name="testOne[Python3:Expressions_6]" classname="org.antlr.v4.test.runtime.python3.TestLeftRecursion" time="0.032">
    <error message="Could not locate python3.5" type="java.lang.RuntimeException">java.lang.RuntimeException: Could not locate python3.5
</error>
  </testcase>
  <testcase name="testOne[Python3:Expressions_5]" classname="org.antlr.v4.test.runtime.python3.TestLeftRecursion" time="0.031">
    <error message="Could not locate python3.5" type="java.lang.RuntimeException">java.lang.RuntimeException: Could not locate python3.5
</error>
  </testcase>
  <testcase name="testOne[Python3:Expressions_4]" classname="org.antlr.v4.test.runtime.python3.TestLeftRecursion" time="0.033">
    <error message="Could not locate python3.5" type="java.lang.RuntimeException">java.lang.RuntimeException: Could not locate python3.5
</error>
    <system-out><![CDATA[.]]></system-out>
  </testcase>
  <testcase name="testOne[Python3:Expressions_3]" classname="org.antlr.v4.test.runtime.python3.TestLeftRecursion" time="0.034">
    <error message="Could not locate python3.5" type="java.lang.RuntimeException">java.lang.RuntimeException: Could not locate python3.5
</error>
  </testcase>
  <testcase name="testOne[Python3:Expressions_2]" classname="org.antlr.v4.test.runtime.python3.TestLeftRecursion" time="0.032">
    <error message="Could not locate python3.5" type="java.lang.RuntimeException">java.lang.RuntimeException: Could not locate python3.5
</error>
  </testcase>
  <testcase name="testOne[Python3:Expressions_1]" classname="org.antlr.v4.test.runtime.python3.TestLeftRecursion" time="0.032">
    <error message="Could not locate python3.5" type="java.lang.RuntimeException">java.lang.RuntimeException: Could not locate python3.5
</error>
  </testcase>
  <testcase name="testOne[Python3:DirectCallToLeftRecursiveRule_3]" classname="org.antlr.v4.test.runtime.python3.TestLeftRecursion" time="0.03">
    <error message="Could not locate python3.5" type="java.lang.RuntimeException">java.lang.RuntimeException: Could not locate python3.5
</error>
  </testcase>
  <testcase name="testOne[Python3:DirectCallToLeftRecursiveRule_2]" classname="org.antlr.v4.test.runtime.python3.TestLeftRecursion" time="0.029">
    <error message="Could not locate python3.5" type="java.lang.RuntimeException">java.lang.RuntimeException: Could not locate python3.5
</error>
  </testcase>
  <testcase name="testOne[Python3:DirectCallToLeftRecursiveRule_1]" classname="org.antlr.v4.test.runtime.python3.TestLeftRecursion" time="0.033">
    <error message="Could not locate python3.5" type="java.lang.RuntimeException">java.lang.RuntimeException: Could not locate python3.5
</error>
  </testcase>
  <testcase name="testOne[Python3:Declarations_10]" classname="org.antlr.v4.test.runtime.python3.TestLeftRecursion" time="0.042">
    <error message="Could not locate python3.5" type="java.lang.RuntimeException">java.lang.RuntimeException: Could not locate python3.5
</error>
  </testcase>
  <testcase name="testOne[Python3:Declarations_9]" classname="org.antlr.v4.test.runtime.python3.TestLeftRecursion" time="0.04">
    <error message="Could not locate python3.5" type="java.lang.RuntimeException">java.lang.RuntimeException: Could not locate python3.5
</error>
  </testcase>
  <testcase name="testOne[Python3:Declarations_8]" classname="org.antlr.v4.test.runtime.python3.TestLeftRecursion" time="0.037">
    <error message="Could not locate python3.5" type="java.lang.RuntimeException">java.lang.RuntimeException: Could not locate python3.5
</error>
  </testcase>
  <testcase name="testOne[Python3:Declarations_7]" classname="org.antlr.v4.test.runtime.python3.TestLeftRecursion" time="0.032">
    <error message="Could not locate python3.5" type="java.lang.RuntimeException">java.lang.RuntimeException: Could not locate python3.5
</error>
  </testcase>
  <testcase name="testOne[Python3:Declarations_6]" classname="org.antlr.v4.test.runtime.python3.TestLeftRecursion" time="0.032">
    <error message="Could not locate python3.5" type="java.lang.RuntimeException">java.lang.RuntimeException: Could not locate python3.5
</error>
  </testcase>
  <testcase name="testOne[Python3:Declarations_5]" classname="org.antlr.v4.test.runtime.python3.TestLeftRecursion" time="0.033">
    <error message="Could not locate python3.5" type="java.lang.RuntimeException">java.lang.RuntimeException: Could not locate python3.5
</error>
  </testcase>
  <testcase name="testOne[Python3:Declarations_4]" classname="org.antlr.v4.test.runtime.python3.TestLeftRecursion" time="0.032">
    <error message="Could not locate python3.5" type="java.lang.RuntimeException">java.lang.RuntimeException: Could not locate python3.5
</error>
  </testcase>
  <testcase name="testOne[Python3:Declarations_3]" classname="org.antlr.v4.test.runtime.python3.TestLeftRecursion" time="0.032">
    <error message="Could not locate python3.5" type="java.lang.RuntimeException">java.lang.RuntimeException: Could not locate python3.5
</error>
  </testcase>
  <testcase name="testOne[Python3:Declarations_2]" classname="org.antlr.v4.test.runtime.python3.TestLeftRecursion" time="0.034">
    <error message="Could not locate python3.5" type="java.lang.RuntimeException">java.lang.RuntimeException: Could not locate python3.5
</error>
  </testcase>
  <testcase name="testOne[Python3:Declarations_1]" classname="org.antlr.v4.test.runtime.python3.TestLeftRecursion" time="0.031">
    <error message="Could not locate python3.5" type="java.lang.RuntimeException">java.lang.RuntimeException: Could not locate python3.5
</error>
  </testcase>
  <testcase name="testOne[Python3:AmbigLR_5]" classname="org.antlr.v4.test.runtime.python3.TestLeftRecursion" time="0.032">
    <error message="Could not locate python3.5" type="java.lang.RuntimeException">java.lang.RuntimeException: Could not locate python3.5
</error>
  </testcase>
  <testcase name="testOne[Python3:AmbigLR_4]" classname="org.antlr.v4.test.runtime.python3.TestLeftRecursion" time="0.032">
    <error message="Could not locate python3.5" type="java.lang.RuntimeException">java.lang.RuntimeException: Could not locate python3.5
</error>
  </testcase>
  <testcase name="testOne[Python3:AmbigLR_3]" classname="org.antlr.v4.test.runtime.python3.TestLeftRecursion" time="0.033">
    <error message="Could not locate python3.5" type="java.lang.RuntimeException">java.lang.RuntimeException: Could not locate python3.5
</error>
  </testcase>
  <testcase name="testOne[Python3:AmbigLR_2]" classname="org.antlr.v4.test.runtime.python3.TestLeftRecursion" time="0.031">
    <error message="Could not locate python3.5" type="java.lang.RuntimeException">java.lang.RuntimeException: Could not locate python3.5
</error>
  </testcase>
  <testcase name="testOne[Python3:AmbigLR_1]" classname="org.antlr.v4.test.runtime.python3.TestLeftRecursion" time="0.032">
    <error message="Could not locate python3.5" type="java.lang.RuntimeException">java.lang.RuntimeException: Could not locate python3.5
</error>
  </testcase>
</testsuite>