<?xml version="1.0" encoding="UTF-8"?>
<testsuite xmlns:xsi="http://www.w3.org/2001/XMLSchema-instance" xsi:schemaLocation="https://maven.apache.org/surefire/maven-surefire-plugin/xsd/surefire-test-report.xsd" name="org.antlr.v4.test.runtime.swift.TestParserExec" time="283.658" tests="37" errors="0" skipped="0" failures="0">
  <properties>
[...]
</properties>
  <testcase name="testOne[Swift:OrderingPredicates]" classname="org.antlr.v4.test.runtime.swift.TestParserExec" time="7.75"/>
  <testcase name="testOne[Swift:OpenDeviceStatement_Case3]" classname="org.antlr.v4.test.runtime.swift.TestParserExec" time="7.862"/>
  <testcase name="testOne[Swift:OpenDeviceStatement_Case2]" classname="org.antlr.v4.test.runtime.swift.TestParserExec" time="7.719"/>
  <testcase name="testOne[Swift:OpenDeviceStatement_Case1]" classname="org.antlr.v4.test.runtime.swift.TestParserExec" time="7.56"/>
  <testcase name="testOne[Swift:ReferenceToATN_2]" classname="org.antlr.v4.test.runtime.swift.TestParserExec" time="7.493"/>
  <testcase name="testOne[Swift:ReferenceToATN_1]" classname="org.antlr.v4.test.runtime.swift.TestParserExec" time="7.52"/>
  <testcase name="testOne[Swift:PredictionIssue334]" classname="org.antlr.v4.test.runtime.swift.TestParserExec" time="7.889"/>
  <testcase name="testOne[Swift:PredicatedIfIfElse]" classname="org.antlr.v4.test.runtime.swift.TestParserExec" time="7.729"/>
  <testcase name="testOne[Swift:ParserProperty]" classname="org.antlr.v4.test.runtime.swift.TestParserExec" time="7.604"/>
  <testcase name="testOne[Swift:Optional_4]" classname="org.antlr.v4.test.runtime.swift.TestParserExec" time="7.626"/>
  <testcase name="testOne[Swift:Optional_3]" classname="org.antlr.v4.test.runtime.swift.TestParserExec" time="7.638"/>
  <testcase name="testOne[Swift:Optional_2]" classname="org.antlr.v4.test.runtime.swift.TestParserExec" time="7.709"/>
  <testcase name="testOne[Swift:Optional_1]" classname="org.antlr.v4.test.runtime.swift.TestParserExec" time="7.605"/>
  <testcase name="testOne[Swift:MultipleEOFHandling]" classname="org.antlr.v4.test.runtime.swift.TestParserExec" time="7.608"/>
  <testcase name="testOne[Swift:ListLabelsOnSet]" classname="org.antlr.v4.test.runtime.swift.TestParserExec" time="7.801"/>
  <testcase name="testOne[Swift:ListLabelForClosureContext]" classname="org.antlr.v4.test.runtime.swift.TestParserExec" time="7.731"/>
  <testcase name="testOne[Swift:Labels]" classname="org.antlr.v4.test.runtime.swift.TestParserExec" time="7.609"/>
  <testcase name="testOne[Swift:LabelAliasingAcrossLabeledAlternatives]" classname="org.antlr.v4.test.runtime.swift.TestParserExec" time="7.982"/>
  <testcase name="testOne[Swift:LL1OptionalBlock_2]" classname="org.antlr.v4.test.runtime.swift.TestParserExec" time="7.673"/>
  <testcase name="testOne[Swift:LL1OptionalBlock_1]" classname="org.antlr.v4.test.runtime.swift.TestParserExec" time="7.667"/>
  <testcase name="testOne[Swift:IfIfElseNonGreedyBinding2]" classname="org.antlr.v4.test.runtime.swift.TestParserExec" time="7.735"/>
  <testcase name="testOne[Swift:IfIfElseNonGreedyBinding1]" classname="org.antlr.v4.test.runtime.swift.TestParserExec" time="7.887"/>
  <testcase name="testOne[Swift:IfIfElseGreedyBinding2]" classname="org.antlr.v4.test.runtime.swift.TestParserExec" time="7.66"/>
  <testcase name="testOne[Swift:IfIfElseGreedyBinding1]" classname="org.antlr.v4.test.runtime.swift.TestParserExec" time="7.566"/>
  <testcase name="testOne[Swift:EOFInClosure]" classname="org.antlr.v4.test.runtime.swift.TestParserExec" time="7.582"/>
  <testcase name="testOne[Swift:Wildcard]" classname="org.antlr.v4.test.runtime.swift.TestParserExec" time="7.752"/>
  <testcase name="testOne[Swift:Basic]" classname="org.antlr.v4.test.runtime.swift.TestParserExec" time="7.525"/>
  <testcase name="testOne[Swift:AorBStar_2]" classname="org.antlr.v4.test.runtime.swift.TestParserExec" time="7.471"/>
  <testcase name="testOne[Swift:AorBStar_1]" classname="org.antlr.v4.test.runtime.swift.TestParserExec" time="7.521"/>
  <testcase name="testOne[Swift:AorBPlus]" classname="org.antlr.v4.test.runtime.swift.TestParserExec" time="7.588"/>
  <testcase name="testOne[Swift:AorB]" classname="org.antlr.v4.test.runtime.swift.TestParserExec" time="7.633"/>
  <testcase name="testOne[Swift:AorAStar_2]" classname="org.antlr.v4.test.runtime.swift.TestParserExec" time="7.613"/>
  <testcase name="testOne[Swift:AorAStar_1]" classname="org.antlr.v4.test.runtime.swift.TestParserExec" time="7.542"/>
  <testcase name="testOne[Swift:AorAPlus]" classname="org.antlr.v4.test.runtime.swift.TestParserExec" time="7.524"/>
  <testcase name="testOne[Swift:AStar_2]" classname="org.antlr.v4.test.runtime.swift.TestParserExec" time="7.703"/>
  <testcase name="testOne[Swift:AStar_1]" classname="org.antlr.v4.test.runtime.swift.TestParserExec" time="7.854"/>
  <testcase name="testOne[Swift:APlus]" classname="org.antlr.v4.test.runtime.swift.TestParserExec" time="7.726"/>
</testsuite>