<?xml version="1.0" encoding="UTF-8"?>
<testsuite xmlns:xsi="http://www.w3.org/2001/XMLSchema-instance" xsi:schemaLocation="https://maven.apache.org/surefire/maven-surefire-plugin/xsd/surefire-test-report.xsd" name="org.antlr.v4.test.runtime.csharp.TestSemPredEvalLexer" time="0.226" tests="8" errors="0" skipped="0" failures="8">
  <properties>
[...]
</properties>
  <testcase name="testOne[CSharp:PredicatedKeywords]" classname="org.antlr.v4.test.runtime.csharp.TestSemPredEvalLexer" time="0.011">
    <failure message="expected:&lt;enum!&#10;ID enu&#10;ID a&#10;[@0,0:3=&apos;enum&apos;,&lt;1&gt;,1:0]&#10;[@1,5:7=&apos;enu&apos;,&lt;2&gt;,1:5]&#10;[@2,9:9=&apos;a&apos;,&lt;2&gt;,1:9]&#10;[@3,10:9=&apos;&lt;EOF&gt;&apos;,&lt;-1&gt;,1:10]&#10;&gt; but was:&lt;null&gt;" type="junit.framework.ComparisonFailure"><![CDATA[junit.framework.ComparisonFailure: 
expected:<enum!
ID enu
ID a
[@0,0:3='enum',<1>,1:0]
[@1,5:7='enu',<2>,1:5]
[@2,9:9='a',<2>,1:9]
[@3,10:9='<EOF>',<-1>,1:10]
> but was:<null>
]]></failure>
    <system-err><![CDATA[java.lang.RuntimeException: Could not locate xbuild
	at org.antlr.v4.test.runtime.csharp.BaseCSharpTest.locateTool(BaseCSharpTest.java:435)
	at org.antlr.v4.test.runtime.csharp.BaseCSharpTest.locateMSBuild(BaseCSharpTest.java:415)
	at org.antlr.v4.test.runtime.csharp.BaseCSharpTest.buildProject(BaseCSharpTest.java:380)
	at org.antlr.v4.test.runtime.csharp.BaseCSharpTest.compile(BaseCSharpTest.java:356)
	at org.antlr.v4.test.runtime.csharp.BaseCSharpTest.execLexer(BaseCSharpTest.java:234)
	at org.antlr.v4.test.runtime.BaseRuntimeTest.testLexer(BaseRuntimeTest.java:204)
	at org.antlr.v4.test.runtime.BaseRuntimeTest.testOne(BaseRuntimeTest.java:121)
	at sun.reflect.GeneratedMethodAccessor6.invoke(Unknown Source)
	at sun.reflect.DelegatingMethodAccessorImpl.invoke(DelegatingMethodAccessorImpl.java:43)
	at java.lang.reflect.Method.invoke(Method.java:497)
	at org.junit.runners.model.FrameworkMethod$1.runReflectiveCall(FrameworkMethod.java:50)
	at org.junit.internal.runners.model.ReflectiveCallable.run(ReflectiveCallable.java:12)
	at org.junit.runners.model.FrameworkMethod.invokeExplosively(FrameworkMethod.java:47)
	at org.junit.internal.runners.statements.InvokeMethod.evaluate(InvokeMethod.java:17)
	at org.junit.internal.runners.statements.RunBefores.evaluate(RunBefores.java:26)
	at org.junit.rules.TestWatcher$1.evaluate(TestWatcher.java:55)
	at org.junit.rules.RunRules.evaluate(RunRules.java:20)
	at org.junit.runners.ParentRunner.runLeaf(ParentRunner.java:325)
	at org.junit.runners.BlockJUnit4ClassRunner.runChild(BlockJUnit4ClassRunner.java:78)
	at org.junit.runners.BlockJUnit4ClassRunner.runChild(BlockJUnit4ClassRunner.java:57)
	at org.junit.runners.ParentRunner$3.run(ParentRunner.java:290)
	at org.junit.runners.ParentRunner$1.schedule(ParentRunner.java:71)
	at org.junit.runners.ParentRunner.runChildren(ParentRunner.java:288)
	at org.junit.runners.ParentRunner.access$000(ParentRunner.java:58)
	at org.junit.runners.ParentRunner$2.evaluate(ParentRunner.java:268)
	at org.junit.runners.ParentRunner.run(ParentRunner.java:363)
	at org.junit.runners.Suite.runChild(Suite.java:128)
	at org.junit.runners.Suite.runChild(Suite.java:27)
	at org.junit.runners.ParentRunner$3.run(ParentRunner.java:290)
	at org.junit.runners.ParentRunner$1.schedule(ParentRunner.java:71)
	at org.junit.runners.ParentRunner.runChildren(ParentRunner.java:288)
	at org.junit.runners.ParentRunner.access$000(ParentRunner.java:58)
	at org.junit.runners.ParentRunner$2.evaluate(ParentRunner.java:268)
	at org.junit.runners.ParentRunner.run(ParentRunner.java:363)
	at org.apache.maven.surefire.junit4.JUnit4Provider.execute(JUnit4Provider.java:367)
	at org.apache.maven.surefire.junit4.JUnit4Provider.executeWithRerun(JUnit4Provider.java:274)
	at org.apache.maven.surefire.junit4.JUnit4Provider.executeTestSet(JUnit4Provider.java:238)
	at org.apache.maven.surefire.junit4.JUnit4Provider.invoke(JUnit4Provider.java:161)
	at org.apache.maven.surefire.booter.ForkedBooter.invokeProviderInSameClassLoader(ForkedBooter.java:290)
	at org.apache.maven.surefire.booter.ForkedBooter.runSuitesInProcess(ForkedBooter.java:242)
	at org.apache.maven.surefire.booter.ForkedBooter.main(ForkedBooter.java:121)
Failed to compile!
]]></system-err>
  </testcase>
  <testcase name="testOne[CSharp:LexerInputPositionSensitivePredicates]" classname="org.antlr.v4.test.runtime.csharp.TestSemPredEvalLexer" time="0.01">
    <failure message="expected:&lt;a&#10;cde&#10;ab&#10;cde&#10;[@0,0:0=&apos;a&apos;,&lt;1&gt;,1:0]&#10;[@1,2:4=&apos;cde&apos;,&lt;2&gt;,1:2]&#10;[@2,6:7=&apos;ab&apos;,&lt;1&gt;,2:0]&#10;[@3,8:10=&apos;cde&apos;,&lt;2&gt;,2:2]&#10;[@4,12:11=&apos;&lt;EOF&gt;&apos;,&lt;-1&gt;,3:0]&#10;&gt; but was:&lt;null&gt;" type="junit.framework.ComparisonFailure"><![CDATA[junit.framework.ComparisonFailure: 
expected:<a
cde
ab
cde
[@0,0:0='a',<1>,1:0]
[@1,2:4='cde',<2>,1:2]
[@2,6:7='ab',<1>,2:0]
[@3,8:10='cde',<2>,2:2]
[@4,12:11='<EOF>',<-1>,3:0]
> but was:<null>
]]></failure>
    <system-err><![CDATA[java.lang.RuntimeException: Could not locate xbuild
	at org.antlr.v4.test.runtime.csharp.BaseCSharpTest.locateTool(BaseCSharpTest.java:435)
	at org.antlr.v4.test.runtime.csharp.BaseCSharpTest.locateMSBuild(BaseCSharpTest.java:415)
	at org.antlr.v4.test.runtime.csharp.BaseCSharpTest.buildProject(BaseCSharpTest.java:380)
	at org.antlr.v4.test.runtime.csharp.BaseCSharpTest.compile(BaseCSharpTest.java:356)
	at org.antlr.v4.test.runtime.csharp.BaseCSharpTest.execLexer(BaseCSharpTest.java:234)
	at org.antlr.v4.test.runtime.BaseRuntimeTest.testLexer(BaseRuntimeTest.java:204)
	at org.antlr.v4.test.runtime.BaseRuntimeTest.testOne(BaseRuntimeTest.java:121)
	at sun.reflect.GeneratedMethodAccessor6.invoke(Unknown Source)
	at sun.reflect.DelegatingMethodAccessorImpl.invoke(DelegatingMethodAccessorImpl.java:43)
	at java.lang.reflect.Method.invoke(Method.java:497)
	at org.junit.runners.model.FrameworkMethod$1.runReflectiveCall(FrameworkMethod.java:50)
	at org.junit.internal.runners.model.ReflectiveCallable.run(ReflectiveCallable.java:12)
	at org.junit.runners.model.FrameworkMethod.invokeExplosively(FrameworkMethod.java:47)
	at org.junit.internal.runners.statements.InvokeMethod.evaluate(InvokeMethod.java:17)
	at org.junit.internal.runners.statements.RunBefores.evaluate(RunBefores.java:26)
	at org.junit.rules.TestWatcher$1.evaluate(TestWatcher.java:55)
	at org.junit.rules.RunRules.evaluate(RunRules.java:20)
	at org.junit.runners.ParentRunner.runLeaf(ParentRunner.java:325)
	at org.junit.runners.BlockJUnit4ClassRunner.runChild(BlockJUnit4ClassRunner.java:78)
	at org.junit.runners.BlockJUnit4ClassRunner.runChild(BlockJUnit4ClassRunner.java:57)
	at org.junit.runners.ParentRunner$3.run(ParentRunner.java:290)
	at org.junit.runners.ParentRunner$1.schedule(ParentRunner.java:71)
	at org.junit.runners.ParentRunner.runChildren(ParentRunner.java:288)
	at org.junit.runners.ParentRunner.access$000(ParentRunner.java:58)
	at org.junit.runners.ParentRunner$2.evaluate(ParentRunner.java:268)
	at org.junit.runners.ParentRunner.run(ParentRunner.java:363)
	at org.junit.runners.Suite.runChild(Suite.java:128)
	at org.junit.runners.Suite.runChild(Suite.java:27)
	at org.junit.runners.ParentRunner$3.run(ParentRunner.java:290)
	at org.junit.runners.ParentRunner$1.schedule(ParentRunner.java:71)
	at org.junit.runners.ParentRunner.runChildren(ParentRunner.java:288)
	at org.junit.runners.ParentRunner.access$000(ParentRunner.java:58)
	at org.junit.runners.ParentRunner$2.evaluate(ParentRunner.java:268)
	at org.junit.runners.ParentRunner.run(ParentRunner.java:363)
	at org.apache.maven.surefire.junit4.JUnit4Provider.execute(JUnit4Provider.java:367)
	at org.apache.maven.surefire.junit4.JUnit4Provider.executeWithRerun(JUnit4Provider.java:274)
	at org.apache.maven.surefire.junit4.JUnit4Provider.executeTestSet(JUnit4Provider.java:238)
	at org.apache.maven.surefire.junit4.JUnit4Provider.invoke(JUnit4Provider.java:161)
	at org.apache.maven.surefire.booter.ForkedBooter.invokeProviderInSameClassLoader(ForkedBooter.java:290)
	at org.apache.maven.surefire.booter.ForkedBooter.runSuitesInProcess(ForkedBooter.java:242)
	at org.apache.maven.surefire.booter.ForkedBooter.main(ForkedBooter.java:121)
Failed to compile!
]]></system-err>
  </testcase>
  <testcase name="testOne[CSharp:Indent]" classname="org.antlr.v4.test.runtime.csharp.TestSemPredEvalLexer" time="0.018">
    <failure message="expected:&lt;INDENT&#10;[@0,0:2=&apos;abc&apos;,&lt;1&gt;,1:0]&#10;[@1,3:3=&apos;\n&apos;,&lt;3&gt;,1:3]&#10;[@2,4:5=&apos;  &apos;,&lt;2&gt;,2:0]&#10;[@3,6:8=&apos;def&apos;,&lt;1&gt;,2:2]&#10;[@4,9:10=&apos;  &apos;,&lt;4&gt;,2:5]&#10;[@5,11:11=&apos;\n&apos;,&lt;3&gt;,2:7]&#10;[@6,12:11=&apos;&lt;EOF&gt;&apos;,&lt;-1&gt;,3:0]&#10;s0-&apos;&#10;&apos;-&gt;:s2=&gt;3&#10;s0-&apos;a&apos;-&gt;:s1=&gt;1&#10;s0-&apos;d&apos;-&gt;:s1=&gt;1&#10;:s1=&gt;1-&apos;b&apos;-&gt;:s1=&gt;1&#10;:s1=&gt;1-&apos;c&apos;-&gt;:s1=&gt;1&#10;:s1=&gt;1-&apos;e&apos;-&gt;:s1=&gt;1&#10;:s1=&gt;1-&apos;f&apos;-&gt;:s1=&gt;1&#10;&gt; but was:&lt;null&gt;" type="junit.framework.ComparisonFailure"><![CDATA[junit.framework.ComparisonFailure: 
expected:<INDENT
[@0,0:2='abc',<1>,1:0]
[@1,3:3='\n',<3>,1:3]
[@2,4:5='  ',<2>,2:0]
[@3,6:8='def',<1>,2:2]
[@4,9:10='  ',<4>,2:5]
[@5,11:11='\n',<3>,2:7]
[@6,12:11='<EOF>',<-1>,3:0]
s0-'
'->:s2=>3
s0-'a'->:s1=>1
s0-'d'->:s1=>1
:s1=>1-'b'->:s1=>1
:s1=>1-'c'->:s1=>1
:s1=>1-'e'->:s1=>1
:s1=>1-'f'->:s1=>1
> but was:<null>
]]></failure>
    <system-err><![CDATA[java.lang.RuntimeException: Could not locate xbuild
	at org.antlr.v4.test.runtime.csharp.BaseCSharpTest.locateTool(BaseCSharpTest.java:435)
	at org.antlr.v4.test.runtime.csharp.BaseCSharpTest.locateMSBuild(BaseCSharpTest.java:415)
	at org.antlr.v4.test.runtime.csharp.BaseCSharpTest.buildProject(BaseCSharpTest.java:380)
	at org.antlr.v4.test.runtime.csharp.BaseCSharpTest.compile(BaseCSharpTest.java:356)
	at org.antlr.v4.test.runtime.csharp.BaseCSharpTest.execLexer(BaseCSharpTest.java:234)
	at org.antlr.v4.test.runtime.BaseRuntimeTest.testLexer(BaseRuntimeTest.java:204)
	at org.antlr.v4.test.runtime.BaseRuntimeTest.testOne(BaseRuntimeTest.java:121)
	at sun.reflect.GeneratedMethodAccessor6.invoke(Unknown Source)
	at sun.reflect.DelegatingMethodAccessorImpl.invoke(DelegatingMethodAccessorImpl.java:43)
	at java.lang.reflect.Method.invoke(Method.java:497)
	at org.junit.runners.model.FrameworkMethod$1.runReflectiveCall(FrameworkMethod.java:50)
	at org.junit.internal.runners.model.ReflectiveCallable.run(ReflectiveCallable.java:12)
	at org.junit.runners.model.FrameworkMethod.invokeExplosively(FrameworkMethod.java:47)
	at org.junit.internal.runners.statements.InvokeMethod.evaluate(InvokeMethod.java:17)
	at org.junit.internal.runners.statements.RunBefores.evaluate(RunBefores.java:26)
	at org.junit.rules.TestWatcher$1.evaluate(TestWatcher.java:55)
	at org.junit.rules.RunRules.evaluate(RunRules.java:20)
	at org.junit.runners.ParentRunner.runLeaf(ParentRunner.java:325)
	at org.junit.runners.BlockJUnit4ClassRunner.runChild(BlockJUnit4ClassRunner.java:78)
	at org.junit.runners.BlockJUnit4ClassRunner.runChild(BlockJUnit4ClassRunner.java:57)
	at org.junit.runners.ParentRunner$3.run(ParentRunner.java:290)
	at org.junit.runners.ParentRunner$1.schedule(ParentRunner.java:71)
	at org.junit.runners.ParentRunner.runChildren(ParentRunner.java:288)
	at org.junit.runners.ParentRunner.access$000(ParentRunner.java:58)
	at org.junit.runners.ParentRunner$2.evaluate(ParentRunner.java:268)
	at org.junit.runners.ParentRunner.run(ParentRunner.java:363)
	at org.junit.runners.Suite.runChild(Suite.java:128)
	at org.junit.runners.Suite.runChild(Suite.java:27)
	at org.junit.runners.ParentRunner$3.run(ParentRunner.java:290)
	at org.junit.runners.ParentRunner$1.schedule(ParentRunner.java:71)
	at org.junit.runners.ParentRunner.runChildren(ParentRunner.java:288)
	at org.junit.runners.ParentRunner.access$000(ParentRunner.java:58)
	at org.junit.runners.ParentRunner$2.evaluate(ParentRunner.java:268)
	at org.junit.runners.ParentRunner.run(ParentRunner.java:363)
	at org.apache.maven.surefire.junit4.JUnit4Provider.execute(JUnit4Provider.java:367)
	at org.apache.maven.surefire.junit4.JUnit4Provider.executeWithRerun(JUnit4Provider.java:274)
	at org.apache.maven.surefire.junit4.JUnit4Provider.executeTestSet(JUnit4Provider.java:238)
	at org.apache.maven.surefire.junit4.JUnit4Provider.invoke(JUnit4Provider.java:161)
	at org.apache.maven.surefire.booter.ForkedBooter.invokeProviderInSameClassLoader(ForkedBooter.java:290)
	at org.apache.maven.surefire.booter.ForkedBooter.runSuitesInProcess(ForkedBooter.java:242)
	at org.apache.maven.surefire.booter.ForkedBooter.main(ForkedBooter.java:121)
Failed to compile!
]]></system-err>
  </testcase>
  <testcase name="testOne[CSharp:IDvsEnum]" classname="org.antlr.v4.test.runtime.csharp.TestSemPredEvalLexer" time="0.041">
    <failure message="expected:&lt;[@0,0:3=&apos;enum&apos;,&lt;2&gt;,1:0]&#10;[@1,5:7=&apos;abc&apos;,&lt;2&gt;,1:5]&#10;[@2,9:12=&apos;enum&apos;,&lt;2&gt;,1:9]&#10;[@3,13:12=&apos;&lt;EOF&gt;&apos;,&lt;-1&gt;,1:13]&#10;s0-&apos; &apos;-&gt;:s5=&gt;3&#10;s0-&apos;a&apos;-&gt;:s4=&gt;2&#10;s0-&apos;e&apos;-&gt;:s1=&gt;2&#10;:s1=&gt;2-&apos;n&apos;-&gt;:s2=&gt;2&#10;:s2=&gt;2-&apos;u&apos;-&gt;:s3=&gt;2&#10;:s4=&gt;2-&apos;b&apos;-&gt;:s4=&gt;2&#10;:s4=&gt;2-&apos;c&apos;-&gt;:s4=&gt;2&#10;&gt; but was:&lt;null&gt;" type="junit.framework.ComparisonFailure"><![CDATA[junit.framework.ComparisonFailure: 
expected:<[@0,0:3='enum',<2>,1:0]
[@1,5:7='abc',<2>,1:5]
[@2,9:12='enum',<2>,1:9]
[@3,13:12='<EOF>',<-1>,1:13]
s0-' '->:s5=>3
s0-'a'->:s4=>2
s0-'e'->:s1=>2
:s1=>2-'n'->:s2=>2
:s2=>2-'u'->:s3=>2
:s4=>2-'b'->:s4=>2
:s4=>2-'c'->:s4=>2
> but was:<null>
]]></failure>
    <system-err><![CDATA[java.lang.RuntimeException: Could not locate xbuild
	at org.antlr.v4.test.runtime.csharp.BaseCSharpTest.locateTool(BaseCSharpTest.java:435)
	at org.antlr.v4.test.runtime.csharp.BaseCSharpTest.locateMSBuild(BaseCSharpTest.java:415)
	at org.antlr.v4.test.runtime.csharp.BaseCSharpTest.buildProject(BaseCSharpTest.java:380)
	at org.antlr.v4.test.runtime.csharp.BaseCSharpTest.compile(BaseCSharpTest.java:356)
	at org.antlr.v4.test.runtime.csharp.BaseCSharpTest.execLexer(BaseCSharpTest.java:234)
	at org.antlr.v4.test.runtime.BaseRuntimeTest.testLexer(BaseRuntimeTest.java:204)
	at org.antlr.v4.test.runtime.BaseRuntimeTest.testOne(BaseRuntimeTest.java:121)
	at sun.reflect.GeneratedMethodAccessor6.invoke(Unknown Source)
	at sun.reflect.DelegatingMethodAccessorImpl.invoke(DelegatingMethodAccessorImpl.java:43)
	at java.lang.reflect.Method.invoke(Method.java:497)
	at org.junit.runners.model.FrameworkMethod$1.runReflectiveCall(FrameworkMethod.java:50)
	at org.junit.internal.runners.model.ReflectiveCallable.run(ReflectiveCallable.java:12)
	at org.junit.runners.model.FrameworkMethod.invokeExplosively(FrameworkMethod.java:47)
	at org.junit.internal.runners.statements.InvokeMethod.evaluate(InvokeMethod.java:17)
	at org.junit.internal.runners.statements.RunBefores.evaluate(RunBefores.java:26)
	at org.junit.rules.TestWatcher$1.evaluate(TestWatcher.java:55)
	at org.junit.rules.RunRules.evaluate(RunRules.java:20)
	at org.junit.runners.ParentRunner.runLeaf(ParentRunner.java:325)
	at org.junit.runners.BlockJUnit4ClassRunner.runChild(BlockJUnit4ClassRunner.java:78)
	at org.junit.runners.BlockJUnit4ClassRunner.runChild(BlockJUnit4ClassRunner.java:57)
	at org.junit.runners.ParentRunner$3.run(ParentRunner.java:290)
	at org.junit.runners.ParentRunner$1.schedule(ParentRunner.java:71)
	at org.junit.runners.ParentRunner.runChildren(ParentRunner.java:288)
	at org.junit.runners.ParentRunner.access$000(ParentRunner.java:58)
	at org.junit.runners.ParentRunner$2.evaluate(ParentRunner.java:268)
	at org.junit.runners.ParentRunner.run(ParentRunner.java:363)
	at org.junit.runners.Suite.runChild(Suite.java:128)
	at org.junit.runners.Suite.runChild(Suite.java:27)
	at org.junit.runners.ParentRunner$3.run(ParentRunner.java:290)
	at org.junit.runners.ParentRunner$1.schedule(ParentRunner.java:71)
	at org.junit.runners.ParentRunner.runChildren(ParentRunner.java:288)
	at org.junit.runners.ParentRunner.access$000(ParentRunner.java:58)
	at org.junit.runners.ParentRunner$2.evaluate(ParentRunner.java:268)
	at org.junit.runners.ParentRunner.run(ParentRunner.java:363)
	at org.apache.maven.surefire.junit4.JUnit4Provider.execute(JUnit4Provider.java:367)
	at org.apache.maven.surefire.junit4.JUnit4Provider.executeWithRerun(JUnit4Provider.java:274)
	at org.apache.maven.surefire.junit4.JUnit4Provider.executeTestSet(JUnit4Provider.java:238)
	at org.apache.maven.surefire.junit4.JUnit4Provider.invoke(JUnit4Provider.java:161)
	at org.apache.maven.surefire.booter.ForkedBooter.invokeProviderInSameClassLoader(ForkedBooter.java:290)
	at org.apache.maven.surefire.booter.ForkedBooter.runSuitesInProcess(ForkedBooter.java:242)
	at org.apache.maven.surefire.booter.ForkedBooter.main(ForkedBooter.java:121)
Failed to compile!
]]></system-err>
  </testcase>
  <testcase name="testOne[CSharp:IDnotEnum]" classname="org.antlr.v4.test.runtime.csharp.TestSemPredEvalLexer" time="0.045">
    <failure message="expected:&lt;[@0,0:3=&apos;enum&apos;,&lt;2&gt;,1:0]&#10;[@1,5:7=&apos;abc&apos;,&lt;2&gt;,1:5]&#10;[@2,9:12=&apos;enum&apos;,&lt;2&gt;,1:9]&#10;[@3,13:12=&apos;&lt;EOF&gt;&apos;,&lt;-1&gt;,1:13]&#10;s0-&apos; &apos;-&gt;:s2=&gt;3&#10;&gt; but was:&lt;null&gt;" type="junit.framework.ComparisonFailure"><![CDATA[junit.framework.ComparisonFailure: 
expected:<[@0,0:3='enum',<2>,1:0]
[@1,5:7='abc',<2>,1:5]
[@2,9:12='enum',<2>,1:9]
[@3,13:12='<EOF>',<-1>,1:13]
s0-' '->:s2=>3
> but was:<null>
]]></failure>
    <system-err><![CDATA[java.lang.RuntimeException: Could not locate xbuild
	at org.antlr.v4.test.runtime.csharp.BaseCSharpTest.locateTool(BaseCSharpTest.java:435)
	at org.antlr.v4.test.runtime.csharp.BaseCSharpTest.locateMSBuild(BaseCSharpTest.java:415)
	at org.antlr.v4.test.runtime.csharp.BaseCSharpTest.buildProject(BaseCSharpTest.java:380)
	at org.antlr.v4.test.runtime.csharp.BaseCSharpTest.compile(BaseCSharpTest.java:356)
	at org.antlr.v4.test.runtime.csharp.BaseCSharpTest.execLexer(BaseCSharpTest.java:234)
	at org.antlr.v4.test.runtime.BaseRuntimeTest.testLexer(BaseRuntimeTest.java:204)
	at org.antlr.v4.test.runtime.BaseRuntimeTest.testOne(BaseRuntimeTest.java:121)
	at sun.reflect.GeneratedMethodAccessor6.invoke(Unknown Source)
	at sun.reflect.DelegatingMethodAccessorImpl.invoke(DelegatingMethodAccessorImpl.java:43)
	at java.lang.reflect.Method.invoke(Method.java:497)
	at org.junit.runners.model.FrameworkMethod$1.runReflectiveCall(FrameworkMethod.java:50)
	at org.junit.internal.runners.model.ReflectiveCallable.run(ReflectiveCallable.java:12)
	at org.junit.runners.model.FrameworkMethod.invokeExplosively(FrameworkMethod.java:47)
	at org.junit.internal.runners.statements.InvokeMethod.evaluate(InvokeMethod.java:17)
	at org.junit.internal.runners.statements.RunBefores.evaluate(RunBefores.java:26)
	at org.junit.rules.TestWatcher$1.evaluate(TestWatcher.java:55)
	at org.junit.rules.RunRules.evaluate(RunRules.java:20)
	at org.junit.runners.ParentRunner.runLeaf(ParentRunner.java:325)
	at org.junit.runners.BlockJUnit4ClassRunner.runChild(BlockJUnit4ClassRunner.java:78)
	at org.junit.runners.BlockJUnit4ClassRunner.runChild(BlockJUnit4ClassRunner.java:57)
	at org.junit.runners.ParentRunner$3.run(ParentRunner.java:290)
	at org.junit.runners.ParentRunner$1.schedule(ParentRunner.java:71)
	at org.junit.runners.ParentRunner.runChildren(ParentRunner.java:288)
	at org.junit.runners.ParentRunner.access$000(ParentRunner.java:58)
	at org.junit.runners.ParentRunner$2.evaluate(ParentRunner.java:268)
	at org.junit.runners.ParentRunner.run(ParentRunner.java:363)
	at org.junit.runners.Suite.runChild(Suite.java:128)
	at org.junit.runners.Suite.runChild(Suite.java:27)
	at org.junit.runners.ParentRunner$3.run(ParentRunner.java:290)
	at org.junit.runners.ParentRunner$1.schedule(ParentRunner.java:71)
	at org.junit.runners.ParentRunner.runChildren(ParentRunner.java:288)
	at org.junit.runners.ParentRunner.access$000(ParentRunner.java:58)
	at org.junit.runners.ParentRunner$2.evaluate(ParentRunner.java:268)
	at org.junit.runners.ParentRunner.run(ParentRunner.java:363)
	at org.apache.maven.surefire.junit4.JUnit4Provider.execute(JUnit4Provider.java:367)
	at org.apache.maven.surefire.junit4.JUnit4Provider.executeWithRerun(JUnit4Provider.java:274)
	at org.apache.maven.surefire.junit4.JUnit4Provider.executeTestSet(JUnit4Provider.java:238)
	at org.apache.maven.surefire.junit4.JUnit4Provider.invoke(JUnit4Provider.java:161)
	at org.apache.maven.surefire.booter.ForkedBooter.invokeProviderInSameClassLoader(ForkedBooter.java:290)
	at org.apache.maven.surefire.booter.ForkedBooter.runSuitesInProcess(ForkedBooter.java:242)
	at org.apache.maven.surefire.booter.ForkedBooter.main(ForkedBooter.java:121)
Failed to compile!
]]></system-err>
  </testcase>
  <testcase name="testOne[CSharp:EnumNotID]" classname="org.antlr.v4.test.runtime.csharp.TestSemPredEvalLexer" time="0.024">
    <failure message="expected:&lt;[@0,0:3=&apos;enum&apos;,&lt;1&gt;,1:0]&#10;[@1,5:7=&apos;abc&apos;,&lt;2&gt;,1:5]&#10;[@2,9:12=&apos;enum&apos;,&lt;1&gt;,1:9]&#10;[@3,13:12=&apos;&lt;EOF&gt;&apos;,&lt;-1&gt;,1:13]&#10;s0-&apos; &apos;-&gt;:s3=&gt;3&#10;&gt; but was:&lt;null&gt;" type="junit.framework.ComparisonFailure"><![CDATA[junit.framework.ComparisonFailure: 
expected:<[@0,0:3='enum',<1>,1:0]
[@1,5:7='abc',<2>,1:5]
[@2,9:12='enum',<1>,1:9]
[@3,13:12='<EOF>',<-1>,1:13]
s0-' '->:s3=>3
> but was:<null>
]]></failure>
    <system-err><![CDATA[java.lang.RuntimeException: Could not locate xbuild
	at org.antlr.v4.test.runtime.csharp.BaseCSharpTest.locateTool(BaseCSharpTest.java:435)
	at org.antlr.v4.test.runtime.csharp.BaseCSharpTest.locateMSBuild(BaseCSharpTest.java:415)
	at org.antlr.v4.test.runtime.csharp.BaseCSharpTest.buildProject(BaseCSharpTest.java:380)
	at org.antlr.v4.test.runtime.csharp.BaseCSharpTest.compile(BaseCSharpTest.java:356)
	at org.antlr.v4.test.runtime.csharp.BaseCSharpTest.execLexer(BaseCSharpTest.java:234)
	at org.antlr.v4.test.runtime.BaseRuntimeTest.testLexer(BaseRuntimeTest.java:204)
	at org.antlr.v4.test.runtime.BaseRuntimeTest.testOne(BaseRuntimeTest.java:121)
	at sun.reflect.GeneratedMethodAccessor6.invoke(Unknown Source)
	at sun.reflect.DelegatingMethodAccessorImpl.invoke(DelegatingMethodAccessorImpl.java:43)
	at java.lang.reflect.Method.invoke(Method.java:497)
	at org.junit.runners.model.FrameworkMethod$1.runReflectiveCall(FrameworkMethod.java:50)
	at org.junit.internal.runners.model.ReflectiveCallable.run(ReflectiveCallable.java:12)
	at org.junit.runners.model.FrameworkMethod.invokeExplosively(FrameworkMethod.java:47)
	at org.junit.internal.runners.statements.InvokeMethod.evaluate(InvokeMethod.java:17)
	at org.junit.internal.runners.statements.RunBefores.evaluate(RunBefores.java:26)
	at org.junit.rules.TestWatcher$1.evaluate(TestWatcher.java:55)
	at org.junit.rules.RunRules.evaluate(RunRules.java:20)
	at org.junit.runners.ParentRunner.runLeaf(ParentRunner.java:325)
	at org.junit.runners.BlockJUnit4ClassRunner.runChild(BlockJUnit4ClassRunner.java:78)
	at org.junit.runners.BlockJUnit4ClassRunner.runChild(BlockJUnit4ClassRunner.java:57)
	at org.junit.runners.ParentRunner$3.run(ParentRunner.java:290)
	at org.junit.runners.ParentRunner$1.schedule(ParentRunner.java:71)
	at org.junit.runners.ParentRunner.runChildren(ParentRunner.java:288)
	at org.junit.runners.ParentRunner.access$000(ParentRunner.java:58)
	at org.junit.runners.ParentRunner$2.evaluate(ParentRunner.java:268)
	at org.junit.runners.ParentRunner.run(ParentRunner.java:363)
	at org.junit.runners.Suite.runChild(Suite.java:128)
	at org.junit.runners.Suite.runChild(Suite.java:27)
	at org.junit.runners.ParentRunner$3.run(ParentRunner.java:290)
	at org.junit.runners.ParentRunner$1.schedule(ParentRunner.java:71)
	at org.junit.runners.ParentRunner.runChildren(ParentRunner.java:288)
	at org.junit.runners.ParentRunner.access$000(ParentRunner.java:58)
	at org.junit.runners.ParentRunner$2.evaluate(ParentRunner.java:268)
	at org.junit.runners.ParentRunner.run(ParentRunner.java:363)
	at org.apache.maven.surefire.junit4.JUnit4Provider.execute(JUnit4Provider.java:367)
	at org.apache.maven.surefire.junit4.JUnit4Provider.executeWithRerun(JUnit4Provider.java:274)
	at org.apache.maven.surefire.junit4.JUnit4Provider.executeTestSet(JUnit4Provider.java:238)
	at org.apache.maven.surefire.junit4.JUnit4Provider.invoke(JUnit4Provider.java:161)
	at org.apache.maven.surefire.booter.ForkedBooter.invokeProviderInSameClassLoader(ForkedBooter.java:290)
	at org.apache.maven.surefire.booter.ForkedBooter.runSuitesInProcess(ForkedBooter.java:242)
	at org.apache.maven.surefire.booter.ForkedBooter.main(ForkedBooter.java:121)
Failed to compile!
]]></system-err>
  </testcase>
  <testcase name="testOne[CSharp:DisableRule]" classname="org.antlr.v4.test.runtime.csharp.TestSemPredEvalLexer" time="0.039">
    <failure message="expected:&lt;[@0,0:3=&apos;enum&apos;,&lt;2&gt;,1:0]&#10;[@1,5:7=&apos;abc&apos;,&lt;3&gt;,1:5]&#10;[@2,8:7=&apos;&lt;EOF&gt;&apos;,&lt;-1&gt;,1:8]&#10;s0-&apos; &apos;-&gt;:s5=&gt;4&#10;s0-&apos;a&apos;-&gt;:s6=&gt;3&#10;s0-&apos;e&apos;-&gt;:s1=&gt;3&#10;:s1=&gt;3-&apos;n&apos;-&gt;:s2=&gt;3&#10;:s2=&gt;3-&apos;u&apos;-&gt;:s3=&gt;3&#10;:s6=&gt;3-&apos;b&apos;-&gt;:s6=&gt;3&#10;:s6=&gt;3-&apos;c&apos;-&gt;:s6=&gt;3&#10;&gt; but was:&lt;null&gt;" type="junit.framework.ComparisonFailure"><![CDATA[junit.framework.ComparisonFailure: 
expected:<[@0,0:3='enum',<2>,1:0]
[@1,5:7='abc',<3>,1:5]
[@2,8:7='<EOF>',<-1>,1:8]
s0-' '->:s5=>4
s0-'a'->:s6=>3
s0-'e'->:s1=>3
:s1=>3-'n'->:s2=>3
:s2=>3-'u'->:s3=>3
:s6=>3-'b'->:s6=>3
:s6=>3-'c'->:s6=>3
> but was:<null>
]]></failure>
    <system-err><![CDATA[java.lang.RuntimeException: Could not locate xbuild
	at org.antlr.v4.test.runtime.csharp.BaseCSharpTest.locateTool(BaseCSharpTest.java:435)
	at org.antlr.v4.test.runtime.csharp.BaseCSharpTest.locateMSBuild(BaseCSharpTest.java:415)
	at org.antlr.v4.test.runtime.csharp.BaseCSharpTest.buildProject(BaseCSharpTest.java:380)
	at org.antlr.v4.test.runtime.csharp.BaseCSharpTest.compile(BaseCSharpTest.java:356)
	at org.antlr.v4.test.runtime.csharp.BaseCSharpTest.execLexer(BaseCSharpTest.java:234)
	at org.antlr.v4.test.runtime.BaseRuntimeTest.testLexer(BaseRuntimeTest.java:204)
	at org.antlr.v4.test.runtime.BaseRuntimeTest.testOne(BaseRuntimeTest.java:121)
	at sun.reflect.GeneratedMethodAccessor6.invoke(Unknown Source)
	at sun.reflect.DelegatingMethodAccessorImpl.invoke(DelegatingMethodAccessorImpl.java:43)
	at java.lang.reflect.Method.invoke(Method.java:497)
	at org.junit.runners.model.FrameworkMethod$1.runReflectiveCall(FrameworkMethod.java:50)
	at org.junit.internal.runners.model.ReflectiveCallable.run(ReflectiveCallable.java:12)
	at org.junit.runners.model.FrameworkMethod.invokeExplosively(FrameworkMethod.java:47)
	at org.junit.internal.runners.statements.InvokeMethod.evaluate(InvokeMethod.java:17)
	at org.junit.internal.runners.statements.RunBefores.evaluate(RunBefores.java:26)
	at org.junit.rules.TestWatcher$1.evaluate(TestWatcher.java:55)
	at org.junit.rules.RunRules.evaluate(RunRules.java:20)
	at org.junit.runners.ParentRunner.runLeaf(ParentRunner.java:325)
	at org.junit.runners.BlockJUnit4ClassRunner.runChild(BlockJUnit4ClassRunner.java:78)
	at org.junit.runners.BlockJUnit4ClassRunner.runChild(BlockJUnit4ClassRunner.java:57)
	at org.junit.runners.ParentRunner$3.run(ParentRunner.java:290)
	at org.junit.runners.ParentRunner$1.schedule(ParentRunner.java:71)
	at org.junit.runners.ParentRunner.runChildren(ParentRunner.java:288)
	at org.junit.runners.ParentRunner.access$000(ParentRunner.java:58)
	at org.junit.runners.ParentRunner$2.evaluate(ParentRunner.java:268)
	at org.junit.runners.ParentRunner.run(ParentRunner.java:363)
	at org.junit.runners.Suite.runChild(Suite.java:128)
	at org.junit.runners.Suite.runChild(Suite.java:27)
	at org.junit.runners.ParentRunner$3.run(ParentRunner.java:290)
	at org.junit.runners.ParentRunner$1.schedule(ParentRunner.java:71)
	at org.junit.runners.ParentRunner.runChildren(ParentRunner.java:288)
	at org.junit.runners.ParentRunner.access$000(ParentRunner.java:58)
	at org.junit.runners.ParentRunner$2.evaluate(ParentRunner.java:268)
	at org.junit.runners.ParentRunner.run(ParentRunner.java:363)
	at org.apache.maven.surefire.junit4.JUnit4Provider.execute(JUnit4Provider.java:367)
	at org.apache.maven.surefire.junit4.JUnit4Provider.executeWithRerun(JUnit4Provider.java:274)
	at org.apache.maven.surefire.junit4.JUnit4Provider.executeTestSet(JUnit4Provider.java:238)
	at org.apache.maven.surefire.junit4.JUnit4Provider.invoke(JUnit4Provider.java:161)
	at org.apache.maven.surefire.booter.ForkedBooter.invokeProviderInSameClassLoader(ForkedBooter.java:290)
	at org.apache.maven.surefire.booter.ForkedBooter.runSuitesInProcess(ForkedBooter.java:242)
	at org.apache.maven.surefire.booter.ForkedBooter.main(ForkedBooter.java:121)
Failed to compile!
]]></system-err>
  </testcase>
  <testcase name="testOne[CSharp:RuleSempredFunction]" classname="org.antlr.v4.test.runtime.csharp.TestSemPredEvalLexer" time="0.038">
    <failure message="expected:&lt;[@0,0:0=&apos;a&apos;,&lt;1&gt;,1:0]&#10;[@1,1:1=&apos;a&apos;,&lt;1&gt;,1:1]&#10;[@2,2:2=&apos;a&apos;,&lt;1&gt;,1:2]&#10;[@3,3:2=&apos;&lt;EOF&gt;&apos;,&lt;-1&gt;,1:3]&#10;&gt; but was:&lt;null&gt;" type="junit.framework.ComparisonFailure"><![CDATA[junit.framework.ComparisonFailure: 
expected:<[@0,0:0='a',<1>,1:0]
[@1,1:1='a',<1>,1:1]
[@2,2:2='a',<1>,1:2]
[@3,3:2='<EOF>',<-1>,1:3]
> but was:<null>
]]></failure>
    <system-err><![CDATA[java.lang.RuntimeException: Could not locate xbuild
	at org.antlr.v4.test.runtime.csharp.BaseCSharpTest.locateTool(BaseCSharpTest.java:435)
	at org.antlr.v4.test.runtime.csharp.BaseCSharpTest.locateMSBuild(BaseCSharpTest.java:415)
	at org.antlr.v4.test.runtime.csharp.BaseCSharpTest.buildProject(BaseCSharpTest.java:380)
	at org.antlr.v4.test.runtime.csharp.BaseCSharpTest.compile(BaseCSharpTest.java:356)
	at org.antlr.v4.test.runtime.csharp.BaseCSharpTest.execLexer(BaseCSharpTest.java:234)
	at org.antlr.v4.test.runtime.BaseRuntimeTest.testLexer(BaseRuntimeTest.java:204)
	at org.antlr.v4.test.runtime.BaseRuntimeTest.testOne(BaseRuntimeTest.java:121)
	at sun.reflect.GeneratedMethodAccessor6.invoke(Unknown Source)
	at sun.reflect.DelegatingMethodAccessorImpl.invoke(DelegatingMethodAccessorImpl.java:43)
	at java.lang.reflect.Method.invoke(Method.java:497)
	at org.junit.runners.model.FrameworkMethod$1.runReflectiveCall(FrameworkMethod.java:50)
	at org.junit.internal.runners.model.ReflectiveCallable.run(ReflectiveCallable.java:12)
	at org.junit.runners.model.FrameworkMethod.invokeExplosively(FrameworkMethod.java:47)
	at org.junit.internal.runners.statements.InvokeMethod.evaluate(InvokeMethod.java:17)
	at org.junit.internal.runners.statements.RunBefores.evaluate(RunBefores.java:26)
	at org.junit.rules.TestWatcher$1.evaluate(TestWatcher.java:55)
	at org.junit.rules.RunRules.evaluate(RunRules.java:20)
	at org.junit.runners.ParentRunner.runLeaf(ParentRunner.java:325)
	at org.junit.runners.BlockJUnit4ClassRunner.runChild(BlockJUnit4ClassRunner.java:78)
	at org.junit.runners.BlockJUnit4ClassRunner.runChild(BlockJUnit4ClassRunner.java:57)
	at org.junit.runners.ParentRunner$3.run(ParentRunner.java:290)
	at org.junit.runners.ParentRunner$1.schedule(ParentRunner.java:71)
	at org.junit.runners.ParentRunner.runChildren(ParentRunner.java:288)
	at org.junit.runners.ParentRunner.access$000(ParentRunner.java:58)
	at org.junit.runners.ParentRunner$2.evaluate(ParentRunner.java:268)
	at org.junit.runners.ParentRunner.run(ParentRunner.java:363)
	at org.junit.runners.Suite.runChild(Suite.java:128)
	at org.junit.runners.Suite.runChild(Suite.java:27)
	at org.junit.runners.ParentRunner$3.run(ParentRunner.java:290)
	at org.junit.runners.ParentRunner$1.schedule(ParentRunner.java:71)
	at org.junit.runners.ParentRunner.runChildren(ParentRunner.java:288)
	at org.junit.runners.ParentRunner.access$000(ParentRunner.java:58)
	at org.junit.runners.ParentRunner$2.evaluate(ParentRunner.java:268)
	at org.junit.runners.ParentRunner.run(ParentRunner.java:363)
	at org.apache.maven.surefire.junit4.JUnit4Provider.execute(JUnit4Provider.java:367)
	at org.apache.maven.surefire.junit4.JUnit4Provider.executeWithRerun(JUnit4Provider.java:274)
	at org.apache.maven.surefire.junit4.JUnit4Provider.executeTestSet(JUnit4Provider.java:238)
	at org.apache.maven.surefire.junit4.JUnit4Provider.invoke(JUnit4Provider.java:161)
	at org.apache.maven.surefire.booter.ForkedBooter.invokeProviderInSameClassLoader(ForkedBooter.java:290)
	at org.apache.maven.surefire.booter.ForkedBooter.runSuitesInProcess(ForkedBooter.java:242)
	at org.apache.maven.surefire.booter.ForkedBooter.main(ForkedBooter.java:121)
Failed to compile!
]]></system-err>
  </testcase>
</testsuite>