<?xml version="1.0" encoding="UTF-8"?>
<testsuite xmlns:xsi="http://www.w3.org/2001/XMLSchema-instance" xsi:schemaLocation="https://maven.apache.org/surefire/maven-surefire-plugin/xsd/surefire-test-report.xsd" name="org.antlr.v4.test.runtime.javascript.node.TestLeftRecursion" time="20.09" tests="98" errors="0" skipped="0" failures="0">
  <properties>
[...]
</properties>
  <testcase name="testOne[Node:WhitespaceInfluence_2]" classname="org.antlr.v4.test.runtime.javascript.node.TestLeftRecursion" time="0.229"/>
  <testcase name="testOne[Node:WhitespaceInfluence_1]" classname="org.antlr.v4.test.runtime.javascript.node.TestLeftRecursion" time="0.226"/>
  <testcase name="testOne[Node:TernaryExpr_9]" classname="org.antlr.v4.test.runtime.javascript.node.TestLeftRecursion" time="0.201"/>
  <testcase name="testOne[Node:TernaryExpr_8]" classname="org.antlr.v4.test.runtime.javascript.node.TestLeftRecursion" time="0.21"/>
  <testcase name="testOne[Node:TernaryExpr_7]" classname="org.antlr.v4.test.runtime.javascript.node.TestLeftRecursion" time="0.2"/>
  <testcase name="testOne[Node:TernaryExpr_6]" classname="org.antlr.v4.test.runtime.javascript.node.TestLeftRecursion" time="0.285"/>
  <testcase name="testOne[Node:TernaryExpr_5]" classname="org.antlr.v4.test.runtime.javascript.node.TestLeftRecursion" time="0.198"/>
  <testcase name="testOne[Node:TernaryExpr_4]" classname="org.antlr.v4.test.runtime.javascript.node.TestLeftRecursion" time="0.196"/>
  <testcase name="testOne[Node:TernaryExpr_3]" classname="org.antlr.v4.test.runtime.javascript.node.TestLeftRecursion" time="0.196"/>
  <testcase name="testOne[Node:TernaryExpr_2]" classname="org.antlr.v4.test.runtime.javascript.node.TestLeftRecursion" time="0.193"/>
  <testcase name="testOne[Node:TernaryExpr_1]" classname="org.antlr.v4.test.runtime.javascript.node.TestLeftRecursion" time="0.193"/>
  <testcase name="testOne[Node:TernaryExprExplicitAssociativity_9]" classname="org.antlr.v4.test.runtime.javascript.node.TestLeftRecursion" time="0.197"/>
  <testcase name="testOne[Node:TernaryExprExplicitAssociativity_8]" classname="org.antlr.v4.test.runtime.javascript.node.TestLeftRecursion" time="0.198"/>
  <testcase name="testOne[Node:TernaryExprExplicitAssociativity_7]" classname="org.antlr.v4.test.runtime.javascript.node.TestLeftRecursion" time="0.195"/>
  <testcase name="testOne[Node:TernaryExprExplicitAssociativity_6]" classname="org.antlr.v4.test.runtime.javascript.node.TestLeftRecursion" time="0.196"/>
  <testcase name="testOne[Node:TernaryExprExplicitAssociativity_5]" classname="org.antlr.v4.test.runtime.javascript.node.TestLeftRecursion" time="0.194"/>
  <testcase name="testOne[Node:TernaryExprExplicitAssociativity_4]" classname="org.antlr.v4.test.runtime.javascript.node.TestLeftRecursion" time="0.196"/>
  <testcase name="testOne[Node:TernaryExprExplicitAssociativity_3]" classname="org.antlr.v4.test.runtime.javascript.node.TestLeftRecursion" time="0.197"/>
  <testcase name="testOne[Node:TernaryExprExplicitAssociativity_2]" classname="org.antlr.v4.test.runtime.javascript.node.TestLeftRecursion" time="0.194"/>
  <testcase name="testOne[Node:TernaryExprExplicitAssociativity_1]" classname="org.antlr.v4.test.runtime.javascript.node.TestLeftRecursion" time="0.19"/>
  <testcase name="testOne[Node:Simple_3]" classname="org.antlr.v4.test.runtime.javascript.node.TestLeftRecursion" time="0.191"/>
  <testcase name="testOne[Node:Simple_2]" classname="org.antlr.v4.test.runtime.javascript.node.TestLeftRecursion" time="0.189"/>
  <testcase name="testOne[Node:Simple_1]" classname="org.antlr.v4.test.runtime.javascript.node.TestLeftRecursion" time="0.188"/>
  <testcase name="testOne[Node:SemPredFailOption]" classname="org.antlr.v4.test.runtime.javascript.node.TestLeftRecursion" time="0.192"/>
  <testcase name="testOne[Node:SemPred]" classname="org.antlr.v4.test.runtime.javascript.node.TestLeftRecursion" time="0.19"/>
  <testcase name="testOne[Node:ReturnValueAndActions_4]" classname="org.antlr.v4.test.runtime.javascript.node.TestLeftRecursion" time="0.207"/>
  <testcase name="testOne[Node:ReturnValueAndActions_3]" classname="org.antlr.v4.test.runtime.javascript.node.TestLeftRecursion" time="0.195"/>
  <testcase name="testOne[Node:ReturnValueAndActions_2]" classname="org.antlr.v4.test.runtime.javascript.node.TestLeftRecursion" time="0.195"/>
  <testcase name="testOne[Node:ReturnValueAndActions_1]" classname="org.antlr.v4.test.runtime.javascript.node.TestLeftRecursion" time="0.194"/>
  <testcase name="testOne[Node:ReturnValueAndActionsList2_4]" classname="org.antlr.v4.test.runtime.javascript.node.TestLeftRecursion" time="0.196"/>
  <testcase name="testOne[Node:ReturnValueAndActionsList2_3]" classname="org.antlr.v4.test.runtime.javascript.node.TestLeftRecursion" time="0.192"/>
  <testcase name="testOne[Node:ReturnValueAndActionsList2_2]" classname="org.antlr.v4.test.runtime.javascript.node.TestLeftRecursion" time="0.195"/>
  <testcase name="testOne[Node:ReturnValueAndActionsList2_1]" classname="org.antlr.v4.test.runtime.javascript.node.TestLeftRecursion" time="0.193"/>
  <testcase name="testOne[Node:ReturnValueAndActionsList1_4]" classname="org.antlr.v4.test.runtime.javascript.node.TestLeftRecursion" time="0.206"/>
  <testcase name="testOne[Node:ReturnValueAndActionsList1_3]" classname="org.antlr.v4.test.runtime.javascript.node.TestLeftRecursion" time="0.189"/>
  <testcase name="testOne[Node:ReturnValueAndActionsList1_2]" classname="org.antlr.v4.test.runtime.javascript.node.TestLeftRecursion" time="0.198"/>
  <testcase name="testOne[Node:ReturnValueAndActionsList1_1]" classname="org.antlr.v4.test.runtime.javascript.node.TestLeftRecursion" time="0.196"/>
  <testcase name="testOne[Node:ReturnValueAndActionsAndLabels_4]" classname="org.antlr.v4.test.runtime.javascript.node.TestLeftRecursion" time="0.199"/>
  <testcase name="testOne[Node:ReturnValueAndActionsAndLabels_3]" classname="org.antlr.v4.test.runtime.javascript.node.TestLeftRecursion" time="0.202"/>
  <testcase name="testOne[Node:ReturnValueAndActionsAndLabels_2]" classname="org.antlr.v4.test.runtime.javascript.node.TestLeftRecursion" time="0.2"/>
  <testcase name="testOne[Node:ReturnValueAndActionsAndLabels_1]" classname="org.antlr.v4.test.runtime.javascript.node.TestLeftRecursion" time="0.198"/>
  <testcase name="testOne[Node:PrefixOpWithActionAndLabel_3]" classname="org.antlr.v4.test.runtime.javascript.node.TestLeftRecursion" time="0.202"/>
  <testcase name="testOne[Node:PrefixOpWithActionAndLabel_2]" classname="org.antlr.v4.test.runtime.javascript.node.TestLeftRecursion" time="0.197"/>
  <testcase name="testOne[Node:PrefixOpWithActionAndLabel_1]" classname="org.antlr.v4.test.runtime.javascript.node.TestLeftRecursion" time="0.196"/>
  <testcase name="testOne[Node:PrefixAndOtherAlt_2]" classname="org.antlr.v4.test.runtime.javascript.node.TestLeftRecursion" time="0.202"/>
  <testcase name="testOne[Node:PrefixAndOtherAlt_1]" classname="org.antlr.v4.test.runtime.javascript.node.TestLeftRecursion" time="0.199"/>
  <testcase name="testOne[Node:PrecedenceFilterConsidersContext]" classname="org.antlr.v4.test.runtime.javascript.node.TestLeftRecursion" time="0.214"/>
  <testcase name="testOne[Node:MultipleAlternativesWithCommonLabel_5]" classname="org.antlr.v4.test.runtime.javascript.node.TestLeftRecursion" time="0.208"/>
  <testcase name="testOne[Node:MultipleAlternativesWithCommonLabel_4]" classname="org.antlr.v4.test.runtime.javascript.node.TestLeftRecursion" time="0.216"/>
  <testcase name="testOne[Node:MultipleAlternativesWithCommonLabel_3]" classname="org.antlr.v4.test.runtime.javascript.node.TestLeftRecursion" time="0.2"/>
  <testcase name="testOne[Node:MultipleAlternativesWithCommonLabel_2]" classname="org.antlr.v4.test.runtime.javascript.node.TestLeftRecursion" time="0.2"/>
  <testcase name="testOne[Node:MultipleAlternativesWithCommonLabel_1]" classname="org.antlr.v4.test.runtime.javascript.node.TestLeftRecursion" time="0.2"/>
  <testcase name="testOne[Node:MultipleActions_3]" classname="org.antlr.v4.test.runtime.javascript.node.TestLeftRecursion" time="0.2"/>
  <testcase name="testOne[Node:MultipleActions_2]" classname="org.antlr.v4.test.runtime.javascript.node.TestLeftRecursion" time="0.198"/>
  <testcase name="testOne[Node:MultipleActions_1]" classname="org.antlr.v4.test.runtime.javascript.node.TestLeftRecursion" time="0.217"/>
  <testcase name="testOne[Node:MultipleActionsPredicatesOptions_3]" classname="org.antlr.v4.test.runtime.javascript.node.TestLeftRecursion" time="0.208"/>
  <testcase name="testOne[Node:MultipleActionsPredicatesOptions_2]" classname="org.antlr.v4.test.runtime.javascript.node.TestLeftRecursion" time="0.201"/>
  <testcase name="testOne[Node:MultipleActionsPredicatesOptions_1]" classname="org.antlr.v4.test.runtime.javascript.node.TestLeftRecursion" time="0.197"/>
  <testcase name="testOne[Node:LabelsOnOpSubrule_3]" classname="org.antlr.v4.test.runtime.javascript.node.TestLeftRecursion" time="0.194"/>
  <testcase name="testOne[Node:LabelsOnOpSubrule_2]" classname="org.antlr.v4.test.runtime.javascript.node.TestLeftRecursion" time="0.191"/>
  <testcase name="testOne[Node:LabelsOnOpSubrule_1]" classname="org.antlr.v4.test.runtime.javascript.node.TestLeftRecursion" time="0.189"/>
  <testcase name="testOne[Node:JavaExpressions_12]" classname="org.antlr.v4.test.runtime.javascript.node.TestLeftRecursion" time="0.247"/>
  <testcase name="testOne[Node:JavaExpressions_11]" classname="org.antlr.v4.test.runtime.javascript.node.TestLeftRecursion" time="0.228"/>
  <testcase name="testOne[Node:JavaExpressions_10]" classname="org.antlr.v4.test.runtime.javascript.node.TestLeftRecursion" time="0.23"/>
  <testcase name="testOne[Node:JavaExpressions_9]" classname="org.antlr.v4.test.runtime.javascript.node.TestLeftRecursion" time="0.241"/>
  <testcase name="testOne[Node:JavaExpressions_8]" classname="org.antlr.v4.test.runtime.javascript.node.TestLeftRecursion" time="0.227"/>
  <testcase name="testOne[Node:JavaExpressions_7]" classname="org.antlr.v4.test.runtime.javascript.node.TestLeftRecursion" time="0.265"/>
  <testcase name="testOne[Node:JavaExpressions_6]" classname="org.antlr.v4.test.runtime.javascript.node.TestLeftRecursion" time="0.24"/>
  <testcase name="testOne[Node:JavaExpressions_5]" classname="org.antlr.v4.test.runtime.javascript.node.TestLeftRecursion" time="0.238"/>
  <testcase name="testOne[Node:JavaExpressions_4]" classname="org.antlr.v4.test.runtime.javascript.node.TestLeftRecursion" time="0.24"/>
  <testcase name="testOne[Node:JavaExpressions_3]" classname="org.antlr.v4.test.runtime.javascript.node.TestLeftRecursion" time="0.247"/>
  <testcase name="testOne[Node:JavaExpressions_2]" classname="org.antlr.v4.test.runtime.javascript.node.TestLeftRecursion" time="0.235"/>
  <testcase name="testOne[Node:JavaExpressions_1]" classname="org.antlr.v4.test.runtime.javascript.node.TestLeftRecursion" time="0.23"/>
  <testcase name="testOne[Node:Expressions_7]" classname="org.antlr.v4.test.runtime.javascript.node.TestLeftRecursion" time="0.198"/>
  <testcase name="testOne[Node:Expressions_6]" classname="org.antlr.v4.test.runtime.javascript.node.TestLeftRecursion" time="0.203"/>
  <testcase name="testOne[Node:Expressions_5]" classname="org.antlr.v4.test.runtime.javascript.node.TestLeftRecursion" time="0.218"/>
  <testcase name="testOne[Node:Expressions_4]" classname="org.antlr.v4.test.runtime.javascript.node.TestLeftRecursion" time="0.214"/>
  <testcase name="testOne[Node:Expressions_3]" classname="org.antlr.v4.test.runtime.javascript.node.TestLeftRecursion" time="0.198"/>
  <testcase name="testOne[Node:Expressions_2]" classname="org.antlr.v4.test.runtime.javascript.node.TestLeftRecursion" time="0.198"/>
  <testcase name="testOne[Node:Expressions_1]" classname="org.antlr.v4.test.runtime.javascript.node.TestLeftRecursion" time="0.192"/>
  <testcase name="testOne[Node:DirectCallToLeftRecursiveRule_3]" classname="org.antlr.v4.test.runtime.javascript.node.TestLeftRecursion" time="0.193"/>
  <testcase name="testOne[Node:DirectCallToLeftRecursiveRule_2]" classname="org.antlr.v4.test.runtime.javascript.node.TestLeftRecursion" time="0.195"/>
  <testcase name="testOne[Node:DirectCallToLeftRecursiveRule_1]" classname="org.antlr.v4.test.runtime.javascript.node.TestLeftRecursion" time="0.198"/>
  <testcase name="testOne[Node:Declarations_10]" classname="org.antlr.v4.test.runtime.javascript.node.TestLeftRecursion" time="0.201"/>
  <testcase name="testOne[Node:Declarations_9]" classname="org.antlr.v4.test.runtime.javascript.node.TestLeftRecursion" time="0.198"/>
  <testcase name="testOne[Node:Declarations_8]" classname="org.antlr.v4.test.runtime.javascript.node.TestLeftRecursion" time="0.198"/>
  <testcase name="testOne[Node:Declarations_7]" classname="org.antlr.v4.test.runtime.javascript.node.TestLeftRecursion" time="0.197"/>
  <testcase name="testOne[Node:Declarations_6]" classname="org.antlr.v4.test.runtime.javascript.node.TestLeftRecursion" time="0.202"/>
  <testcase name="testOne[Node:Declarations_5]" classname="org.antlr.v4.test.runtime.javascript.node.TestLeftRecursion" time="0.203"/>
  <testcase name="testOne[Node:Declarations_4]" classname="org.antlr.v4.test.runtime.javascript.node.TestLeftRecursion" time="0.214"/>
  <testcase name="testOne[Node:Declarations_3]" classname="org.antlr.v4.test.runtime.javascript.node.TestLeftRecursion" time="0.192"/>
  <testcase name="testOne[Node:Declarations_2]" classname="org.antlr.v4.test.runtime.javascript.node.TestLeftRecursion" time="0.192"/>
  <testcase name="testOne[Node:Declarations_1]" classname="org.antlr.v4.test.runtime.javascript.node.TestLeftRecursion" time="0.189"/>
  <testcase name="testOne[Node:AmbigLR_5]" classname="org.antlr.v4.test.runtime.javascript.node.TestLeftRecursion" time="0.2"/>
  <testcase name="testOne[Node:AmbigLR_4]" classname="org.antlr.v4.test.runtime.javascript.node.TestLeftRecursion" time="0.197"/>
  <testcase name="testOne[Node:AmbigLR_3]" classname="org.antlr.v4.test.runtime.javascript.node.TestLeftRecursion" time="0.2"/>
  <testcase name="testOne[Node:AmbigLR_2]" classname="org.antlr.v4.test.runtime.javascript.node.TestLeftRecursion" time="0.199"/>
  <testcase name="testOne[Node:AmbigLR_1]" classname="org.antlr.v4.test.runtime.javascript.node.TestLeftRecursion" time="0.206"/>
</testsuite>