<?xml version="1.0" encoding="UTF-8"?>
<testsuite xmlns:xsi="http://www.w3.org/2001/XMLSchema-instance" xsi:schemaLocation="https://maven.apache.org/surefire/maven-surefire-plugin/xsd/surefire-test-report.xsd" name="org.antlr.v4.test.runtime.python2.TestLeftRecursion" time="11.651" tests="98" errors="0" skipped="0" failures="0">
  <properties>
[...]
</properties>
  <testcase name="testOne[Python2:WhitespaceInfluence_2]" classname="org.antlr.v4.test.runtime.python2.TestLeftRecursion" time="0.159"/>
  <testcase name="testOne[Python2:WhitespaceInfluence_1]" classname="org.antlr.v4.test.runtime.python2.TestLeftRecursion" time="0.151"/>
  <testcase name="testOne[Python2:TernaryExpr_9]" classname="org.antlr.v4.test.runtime.python2.TestLeftRecursion" time="0.11"/>
  <testcase name="testOne[Python2:TernaryExpr_8]" classname="org.antlr.v4.test.runtime.python2.TestLeftRecursion" time="0.11"/>
  <testcase name="testOne[Python2:TernaryExpr_7]" classname="org.antlr.v4.test.runtime.python2.TestLeftRecursion" time="0.11"/>
  <testcase name="testOne[Python2:TernaryExpr_6]" classname="org.antlr.v4.test.runtime.python2.TestLeftRecursion" time="0.11"/>
  <testcase name="testOne[Python2:TernaryExpr_5]" classname="org.antlr.v4.test.runtime.python2.TestLeftRecursion" time="0.11"/>
  <testcase name="testOne[Python2:TernaryExpr_4]" classname="org.antlr.v4.test.runtime.python2.TestLeftRecursion" time="0.108"/>
  <testcase name="testOne[Python2:TernaryExpr_3]" classname="org.antlr.v4.test.runtime.python2.TestLeftRecursion" time="0.108"/>
  <testcase name="testOne[Python2:TernaryExpr_2]" classname="org.antlr.v4.test.runtime.python2.TestLeftRecursion" time="0.108"/>
  <testcase name="testOne[Python2:TernaryExpr_1]" classname="org.antlr.v4.test.runtime.python2.TestLeftRecursion" time="0.105"/>
  <testcase name="testOne[Python2:TernaryExprExplicitAssociativity_9]" classname="org.antlr.v4.test.runtime.python2.TestLeftRecursion" time="0.11"/>
  <testcase name="testOne[Python2:TernaryExprExplicitAssociativity_8]" classname="org.antlr.v4.test.runtime.python2.TestLeftRecursion" time="0.11"/>
  <testcase name="testOne[Python2:TernaryExprExplicitAssociativity_7]" classname="org.antlr.v4.test.runtime.python2.TestLeftRecursion" time="0.109"/>
  <testcase name="testOne[Python2:TernaryExprExplicitAssociativity_6]" classname="org.antlr.v4.test.runtime.python2.TestLeftRecursion" time="0.11"/>
  <testcase name="testOne[Python2:TernaryExprExplicitAssociativity_5]" classname="org.antlr.v4.test.runtime.python2.TestLeftRecursion" time="0.108"/>
  <testcase name="testOne[Python2:TernaryExprExplicitAssociativity_4]" classname="org.antlr.v4.test.runtime.python2.TestLeftRecursion" time="0.108"/>
  <testcase name="testOne[Python2:TernaryExprExplicitAssociativity_3]" classname="org.antlr.v4.test.runtime.python2.TestLeftRecursion" time="0.111"/>
  <testcase name="testOne[Python2:TernaryExprExplicitAssociativity_2]" classname="org.antlr.v4.test.runtime.python2.TestLeftRecursion" time="0.108"/>
  <testcase name="testOne[Python2:TernaryExprExplicitAssociativity_1]" classname="org.antlr.v4.test.runtime.python2.TestLeftRecursion" time="0.106"/>
  <testcase name="testOne[Python2:Simple_3]" classname="org.antlr.v4.test.runtime.python2.TestLeftRecursion" time="0.102"/>
  <testcase name="testOne[Python2:Simple_2]" classname="org.antlr.v4.test.runtime.python2.TestLeftRecursion" time="0.101"/>
  <testcase name="testOne[Python2:Simple_1]" classname="org.antlr.v4.test.runtime.python2.TestLeftRecursion" time="0.101"/>
  <testcase name="testOne[Python2:SemPredFailOption]" classname="org.antlr.v4.test.runtime.python2.TestLeftRecursion" time="0.112"/>
  <testcase name="testOne[Python2:SemPred]" classname="org.antlr.v4.test.runtime.python2.TestLeftRecursion" time="0.105"/>
  <testcase name="testOne[Python2:ReturnValueAndActions_4]" classname="org.antlr.v4.test.runtime.python2.TestLeftRecursion" time="0.117"/>
  <testcase name="testOne[Python2:ReturnValueAndActions_3]" classname="org.antlr.v4.test.runtime.python2.TestLeftRecursion" time="0.111"/>
  <testcase name="testOne[Python2:ReturnValueAndActions_2]" classname="org.antlr.v4.test.runtime.python2.TestLeftRecursion" time="0.108"/>
  <testcase name="testOne[Python2:ReturnValueAndActions_1]" classname="org.antlr.v4.test.runtime.python2.TestLeftRecursion" time="0.108"/>
  <testcase name="testOne[Python2:ReturnValueAndActionsList2_4]" classname="org.antlr.v4.test.runtime.python2.TestLeftRecursion" time="0.112"/>
  <testcase name="testOne[Python2:ReturnValueAndActionsList2_3]" classname="org.antlr.v4.test.runtime.python2.TestLeftRecursion" time="0.108"/>
  <testcase name="testOne[Python2:ReturnValueAndActionsList2_2]" classname="org.antlr.v4.test.runtime.python2.TestLeftRecursion" time="0.113"/>
  <testcase name="testOne[Python2:ReturnValueAndActionsList2_1]" classname="org.antlr.v4.test.runtime.python2.TestLeftRecursion" time="0.109"/>
  <testcase name="testOne[Python2:ReturnValueAndActionsList1_4]" classname="org.antlr.v4.test.runtime.python2.TestLeftRecursion" time="0.116"/>
  <testcase name="testOne[Python2:ReturnValueAndActionsList1_3]" classname="org.antlr.v4.test.runtime.python2.TestLeftRecursion" time="0.106"/>
  <testcase name="testOne[Python2:ReturnValueAndActionsList1_2]" classname="org.antlr.v4.test.runtime.python2.TestLeftRecursion" time="0.113"/>
  <testcase name="testOne[Python2:ReturnValueAndActionsList1_1]" classname="org.antlr.v4.test.runtime.python2.TestLeftRecursion" time="0.112"/>
  <testcase name="testOne[Python2:ReturnValueAndActionsAndLabels_4]" classname="org.antlr.v4.test.runtime.python2.TestLeftRecursion" time="0.12"/>
  <testcase name="testOne[Python2:ReturnValueAndActionsAndLabels_3]" classname="org.antlr.v4.test.runtime.python2.TestLeftRecursion" time="0.117"/>
  <testcase name="testOne[Python2:ReturnValueAndActionsAndLabels_2]" classname="org.antlr.v4.test.runtime.python2.TestLeftRecursion" time="0.116"/>
  <testcase name="testOne[Python2:ReturnValueAndActionsAndLabels_1]" classname="org.antlr.v4.test.runtime.python2.TestLeftRecursion" time="0.113"/>
  <testcase name="testOne[Python2:PrefixOpWithActionAndLabel_3]" classname="org.antlr.v4.test.runtime.python2.TestLeftRecursion" time="0.109"/>
  <testcase name="testOne[Python2:PrefixOpWithActionAndLabel_2]" classname="org.antlr.v4.test.runtime.python2.TestLeftRecursion" time="0.109"/>
  <testcase name="testOne[Python2:PrefixOpWithActionAndLabel_1]" classname="org.antlr.v4.test.runtime.python2.TestLeftRecursion" time="0.108"/>
  <testcase name="testOne[Python2:PrefixAndOtherAlt_2]" classname="org.antlr.v4.test.runtime.python2.TestLeftRecursion" time="0.114"/>
  <testcase name="testOne[Python2:PrefixAndOtherAlt_1]" classname="org.antlr.v4.test.runtime.python2.TestLeftRecursion" time="0.11"/>
  <testcase name="testOne[Python2:PrecedenceFilterConsidersContext]" classname="org.antlr.v4.test.runtime.python2.TestLeftRecursion" time="0.107"/>
  <testcase name="testOne[Python2:MultipleAlternativesWithCommonLabel_5]" classname="org.antlr.v4.test.runtime.python2.TestLeftRecursion" time="0.118"/>
  <testcase name="testOne[Python2:MultipleAlternativesWithCommonLabel_4]" classname="org.antlr.v4.test.runtime.python2.TestLeftRecursion" time="0.12"/>
  <testcase name="testOne[Python2:MultipleAlternativesWithCommonLabel_3]" classname="org.antlr.v4.test.runtime.python2.TestLeftRecursion" time="0.119"/>
  <testcase name="testOne[Python2:MultipleAlternativesWithCommonLabel_2]" classname="org.antlr.v4.test.runtime.python2.TestLeftRecursion" time="0.12"/>
  <testcase name="testOne[Python2:MultipleAlternativesWithCommonLabel_1]" classname="org.antlr.v4.test.runtime.python2.TestLeftRecursion" time="0.121"/>
  <testcase name="testOne[Python2:MultipleActions_3]" classname="org.antlr.v4.test.runtime.python2.TestLeftRecursion" time="0.11"/>
  <testcase name="testOne[Python2:MultipleActions_2]" classname="org.antlr.v4.test.runtime.python2.TestLeftRecursion" time="0.112"/>
  <testcase name="testOne[Python2:MultipleActions_1]" classname="org.antlr.v4.test.runtime.python2.TestLeftRecursion" time="0.115"/>
  <testcase name="testOne[Python2:MultipleActionsPredicatesOptions_3]" classname="org.antlr.v4.test.runtime.python2.TestLeftRecursion" time="0.12"/>
  <testcase name="testOne[Python2:MultipleActionsPredicatesOptions_2]" classname="org.antlr.v4.test.runtime.python2.TestLeftRecursion" time="0.117"/>
  <testcase name="testOne[Python2:MultipleActionsPredicatesOptions_1]" classname="org.antlr.v4.test.runtime.python2.TestLeftRecursion" time="0.121"/>
  <testcase name="testOne[Python2:LabelsOnOpSubrule_3]" classname="org.antlr.v4.test.runtime.python2.TestLeftRecursion" time="0.113"/>
  <testcase name="testOne[Python2:LabelsOnOpSubrule_2]" classname="org.antlr.v4.test.runtime.python2.TestLeftRecursion" time="0.107"/>
  <testcase name="testOne[Python2:LabelsOnOpSubrule_1]" classname="org.antlr.v4.test.runtime.python2.TestLeftRecursion" time="0.106"/>
  <testcase name="testOne[Python2:JavaExpressions_12]" classname="org.antlr.v4.test.runtime.python2.TestLeftRecursion" time="0.184"/>
  <testcase name="testOne[Python2:JavaExpressions_11]" classname="org.antlr.v4.test.runtime.python2.TestLeftRecursion" time="0.159"/>
  <testcase name="testOne[Python2:JavaExpressions_10]" classname="org.antlr.v4.test.runtime.python2.TestLeftRecursion" time="0.168"/>
  <testcase name="testOne[Python2:JavaExpressions_9]" classname="org.antlr.v4.test.runtime.python2.TestLeftRecursion" time="0.171"/>
  <testcase name="testOne[Python2:JavaExpressions_8]" classname="org.antlr.v4.test.runtime.python2.TestLeftRecursion" time="0.154"/>
  <testcase name="testOne[Python2:JavaExpressions_7]" classname="org.antlr.v4.test.runtime.python2.TestLeftRecursion" time="0.164"/>
  <testcase name="testOne[Python2:JavaExpressions_6]" classname="org.antlr.v4.test.runtime.python2.TestLeftRecursion" time="0.166"/>
  <testcase name="testOne[Python2:JavaExpressions_5]" classname="org.antlr.v4.test.runtime.python2.TestLeftRecursion" time="0.162"/>
  <testcase name="testOne[Python2:JavaExpressions_4]" classname="org.antlr.v4.test.runtime.python2.TestLeftRecursion" time="0.163"/>
  <testcase name="testOne[Python2:JavaExpressions_3]" classname="org.antlr.v4.test.runtime.python2.TestLeftRecursion" time="0.161"/>
  <testcase name="testOne[Python2:JavaExpressions_2]" classname="org.antlr.v4.test.runtime.python2.TestLeftRecursion" time="0.177"/>
  <testcase name="testOne[Python2:JavaExpressions_1]" classname="org.antlr.v4.test.runtime.python2.TestLeftRecursion" time="0.18"/>
  <testcase name="testOne[Python2:Expressions_7]" classname="org.antlr.v4.test.runtime.python2.TestLeftRecursion" time="0.111"/>
  <testcase name="testOne[Python2:Expressions_6]" classname="org.antlr.v4.test.runtime.python2.TestLeftRecursion" time="0.117"/>
  <testcase name="testOne[Python2:Expressions_5]" classname="org.antlr.v4.test.runtime.python2.TestLeftRecursion" time="0.114"/>
  <testcase name="testOne[Python2:Expressions_4]" classname="org.antlr.v4.test.runtime.python2.TestLeftRecursion" time="0.114"/>
  <testcase name="testOne[Python2:Expressions_3]" classname="org.antlr.v4.test.runtime.python2.TestLeftRecursion" time="0.112"/>
  <testcase name="testOne[Python2:Expressions_2]" classname="org.antlr.v4.test.runtime.python2.TestLeftRecursion" time="0.122"/>
  <testcase name="testOne[Python2:Expressions_1]" classname="org.antlr.v4.test.runtime.python2.TestLeftRecursion" time="0.109"/>
  <testcase name="testOne[Python2:DirectCallToLeftRecursiveRule_3]" classname="org.antlr.v4.test.runtime.python2.TestLeftRecursion" time="0.1"/>
  <testcase name="testOne[Python2:DirectCallToLeftRecursiveRule_2]" classname="org.antlr.v4.test.runtime.python2.TestLeftRecursion" time="0.101"/>
  <testcase name="testOne[Python2:DirectCallToLeftRecursiveRule_1]" classname="org.antlr.v4.test.runtime.python2.TestLeftRecursion" time="0.1"/>
  <testcase name="testOne[Python2:Declarations_10]" classname="org.antlr.v4.test.runtime.python2.TestLeftRecursion" time="0.11"/>
  <testcase name="testOne[Python2:Declarations_9]" classname="org.antlr.v4.test.runtime.python2.TestLeftRecursion" time="0.109"/>
  <testcase name="testOne[Python2:Declarations_8]" classname="org.antlr.v4.test.runtime.python2.TestLeftRecursion" time="0.109"/>
  <testcase name="testOne[Python2:Declarations_7]" classname="org.antlr.v4.test.runtime.python2.TestLeftRecursion" time="0.109"/>
  <testcase name="testOne[Python2:Declarations_6]" classname="org.antlr.v4.test.runtime.python2.TestLeftRecursion" time="0.107"/>
  <testcase name="testOne[Python2:Declarations_5]" classname="org.antlr.v4.test.runtime.python2.TestLeftRecursion" time="0.107"/>
  <testcase name="testOne[Python2:Declarations_4]" classname="org.antlr.v4.test.runtime.python2.TestLeftRecursion" time="0.109"/>
  <testcase name="testOne[Python2:Declarations_3]" classname="org.antlr.v4.test.runtime.python2.TestLeftRecursion" time="0.112"/>
  <testcase name="testOne[Python2:Declarations_2]" classname="org.antlr.v4.test.runtime.python2.TestLeftRecursion" time="0.106"/>
  <testcase name="testOne[Python2:Declarations_1]" classname="org.antlr.v4.test.runtime.python2.TestLeftRecursion" time="0.114"/>
  <testcase name="testOne[Python2:AmbigLR_5]" classname="org.antlr.v4.test.runtime.python2.TestLeftRecursion" time="0.116"/>
  <testcase name="testOne[Python2:AmbigLR_4]" classname="org.antlr.v4.test.runtime.python2.TestLeftRecursion" time="0.119"/>
  <testcase name="testOne[Python2:AmbigLR_3]" classname="org.antlr.v4.test.runtime.python2.TestLeftRecursion" time="0.114"/>
  <testcase name="testOne[Python2:AmbigLR_2]" classname="org.antlr.v4.test.runtime.python2.TestLeftRecursion" time="0.113"/>
  <testcase name="testOne[Python2:AmbigLR_1]" classname="org.antlr.v4.test.runtime.python2.TestLeftRecursion" time="0.112"/>
</testsuite>