<?xml version="1.0" encoding="UTF-8"?>
<testsuite xmlns:xsi="http://www.w3.org/2001/XMLSchema-instance" xsi:schemaLocation="https://maven.apache.org/surefire/maven-surefire-plugin/xsd/surefire-test-report.xsd" name="org.antlr.v4.test.runtime.swift.TestSemPredEvalParser" time="193.642" tests="26" errors="0" skipped="1" failures="0">
  <properties>
[...]
</properties>
  <testcase name="testOne[Swift:ValidateInDFA]" classname="org.antlr.v4.test.runtime.swift.TestSemPredEvalParser" time="7.678"/>
  <testcase name="testOne[Swift:UnpredicatedPathsInAlt]" classname="org.antlr.v4.test.runtime.swift.TestSemPredEvalParser" time="7.883"/>
  <testcase name="testOne[Swift:TwoUnpredicatedAltsAndOneOrthogonalAlt]" classname="org.antlr.v4.test.runtime.swift.TestSemPredEvalParser" time="7.696"/>
  <testcase name="testOne[Swift:TwoUnpredicatedAlts]" classname="org.antlr.v4.test.runtime.swift.TestSemPredEvalParser" time="7.679"/>
  <testcase name="testOne[Swift:ToLeftWithVaryingPredicate]" classname="org.antlr.v4.test.runtime.swift.TestSemPredEvalParser" time="7.667"/>
  <testcase name="testOne[Swift:ToLeft]" classname="org.antlr.v4.test.runtime.swift.TestSemPredEvalParser" time="7.647"/>
  <testcase name="testOne[Swift:SimpleValidate2]" classname="org.antlr.v4.test.runtime.swift.TestSemPredEvalParser" time="7.688"/>
  <testcase name="testOne[Swift:SimpleValidate]" classname="org.antlr.v4.test.runtime.swift.TestSemPredEvalParser" time="7.808"/>
  <testcase name="testOne[Swift:Simple]" classname="org.antlr.v4.test.runtime.swift.TestSemPredEvalParser" time="7.794"/>
  <testcase name="testOne[Swift:RewindBeforePredEval]" classname="org.antlr.v4.test.runtime.swift.TestSemPredEvalParser" time="7.718"/>
  <testcase name="testOne[Swift:PredsInGlobalFOLLOW]" classname="org.antlr.v4.test.runtime.swift.TestSemPredEvalParser" time="7.745"/>
  <testcase name="testOne[Swift:PredicateDependentOnArg2]" classname="org.antlr.v4.test.runtime.swift.TestSemPredEvalParser" time="7.679"/>
  <testcase name="testOne[Swift:PredicateDependentOnArg]" classname="org.antlr.v4.test.runtime.swift.TestSemPredEvalParser" time="7.71"/>
  <testcase name="testOne[Swift:PredTestedEvenWhenUnAmbig_2]" classname="org.antlr.v4.test.runtime.swift.TestSemPredEvalParser" time="7.71"/>
  <testcase name="testOne[Swift:PredTestedEvenWhenUnAmbig_1]" classname="org.antlr.v4.test.runtime.swift.TestSemPredEvalParser" time="7.824"/>
  <testcase name="testOne[Swift:PredFromAltTestedInLoopBack_2]" classname="org.antlr.v4.test.runtime.swift.TestSemPredEvalParser" time="7.798"/>
  <testcase name="testOne[Swift:PredFromAltTestedInLoopBack_1]" classname="org.antlr.v4.test.runtime.swift.TestSemPredEvalParser" time="0">
    <skipped/>
  </testcase>
  <testcase name="testOne[Swift:Order]" classname="org.antlr.v4.test.runtime.swift.TestSemPredEvalParser" time="7.626"/>
  <testcase name="testOne[Swift:NoTruePredsThrowsNoViableAlt]" classname="org.antlr.v4.test.runtime.swift.TestSemPredEvalParser" time="7.654"/>
  <testcase name="testOne[Swift:IndependentPredNotPassedOuterCtxToAvoidCastException]" classname="org.antlr.v4.test.runtime.swift.TestSemPredEvalParser" time="7.601"/>
  <testcase name="testOne[Swift:DisabledAlternative]" classname="org.antlr.v4.test.runtime.swift.TestSemPredEvalParser" time="7.731"/>
  <testcase name="testOne[Swift:DependentPredNotInOuterCtxShouldBeIgnored]" classname="org.antlr.v4.test.runtime.swift.TestSemPredEvalParser" time="7.754"/>
  <testcase name="testOne[Swift:DepedentPredsInGlobalFOLLOW]" classname="org.antlr.v4.test.runtime.swift.TestSemPredEvalParser" time="7.765"/>
  <testcase name="testOne[Swift:AtomWithClosureInTranslatedLRRule]" classname="org.antlr.v4.test.runtime.swift.TestSemPredEvalParser" time="7.614"/>
  <testcase name="testOne[Swift:ActionsHidePredsInGlobalFOLLOW]" classname="org.antlr.v4.test.runtime.swift.TestSemPredEvalParser" time="7.913"/>
  <testcase name="testOne[Swift:ActionHidesPreds]" classname="org.antlr.v4.test.runtime.swift.TestSemPredEvalParser" time="8.259"/>
</testsuite>