<?xml version="1.0" encoding="UTF-8"?>
<testsuite xmlns:xsi="http://www.w3.org/2001/XMLSchema-instance" xsi:schemaLocation="https://maven.apache.org/surefire/maven-surefire-plugin/xsd/surefire-test-report.xsd" name="org.antlr.v4.test.runtime.go.TestLeftRecursion" time="98.806" tests="98" errors="0" skipped="0" failures="0">
  <properties>
[...]
</properties>
  <testcase name="testOne[Go:WhitespaceInfluence_2]" classname="org.antlr.v4.test.runtime.go.TestLeftRecursion" time="2.313"/>
  <testcase name="testOne[Go:WhitespaceInfluence_1]" classname="org.antlr.v4.test.runtime.go.TestLeftRecursion" time="2.275"/>
  <testcase name="testOne[Go:TernaryExpr_9]" classname="org.antlr.v4.test.runtime.go.TestLeftRecursion" time="0.85"/>
  <testcase name="testOne[Go:TernaryExpr_8]" classname="org.antlr.v4.test.runtime.go.TestLeftRecursion" time="0.844"/>
  <testcase name="testOne[Go:TernaryExpr_7]" classname="org.antlr.v4.test.runtime.go.TestLeftRecursion" time="0.858"/>
  <testcase name="testOne[Go:TernaryExpr_6]" classname="org.antlr.v4.test.runtime.go.TestLeftRecursion" time="0.865"/>
  <testcase name="testOne[Go:TernaryExpr_5]" classname="org.antlr.v4.test.runtime.go.TestLeftRecursion" time="0.847"/>
  <testcase name="testOne[Go:TernaryExpr_4]" classname="org.antlr.v4.test.runtime.go.TestLeftRecursion" time="0.841"/>
  <testcase name="testOne[Go:TernaryExpr_3]" classname="org.antlr.v4.test.runtime.go.TestLeftRecursion" time="0.845"/>
  <testcase name="testOne[Go:TernaryExpr_2]" classname="org.antlr.v4.test.runtime.go.TestLeftRecursion" time="0.956"/>
  <testcase name="testOne[Go:TernaryExpr_1]" classname="org.antlr.v4.test.runtime.go.TestLeftRecursion" time="0.894"/>
  <testcase name="testOne[Go:TernaryExprExplicitAssociativity_9]" classname="org.antlr.v4.test.runtime.go.TestLeftRecursion" time="0.912"/>
  <testcase name="testOne[Go:TernaryExprExplicitAssociativity_8]" classname="org.antlr.v4.test.runtime.go.TestLeftRecursion" time="0.848"/>
  <testcase name="testOne[Go:TernaryExprExplicitAssociativity_7]" classname="org.antlr.v4.test.runtime.go.TestLeftRecursion" time="0.833"/>
  <testcase name="testOne[Go:TernaryExprExplicitAssociativity_6]" classname="org.antlr.v4.test.runtime.go.TestLeftRecursion" time="0.83"/>
  <testcase name="testOne[Go:TernaryExprExplicitAssociativity_5]" classname="org.antlr.v4.test.runtime.go.TestLeftRecursion" time="0.83"/>
  <testcase name="testOne[Go:TernaryExprExplicitAssociativity_4]" classname="org.antlr.v4.test.runtime.go.TestLeftRecursion" time="0.849"/>
  <testcase name="testOne[Go:TernaryExprExplicitAssociativity_3]" classname="org.antlr.v4.test.runtime.go.TestLeftRecursion" time="0.852"/>
  <testcase name="testOne[Go:TernaryExprExplicitAssociativity_2]" classname="org.antlr.v4.test.runtime.go.TestLeftRecursion" time="0.838"/>
  <testcase name="testOne[Go:TernaryExprExplicitAssociativity_1]" classname="org.antlr.v4.test.runtime.go.TestLeftRecursion" time="0.838"/>
  <testcase name="testOne[Go:Simple_3]" classname="org.antlr.v4.test.runtime.go.TestLeftRecursion" time="0.816"/>
  <testcase name="testOne[Go:Simple_2]" classname="org.antlr.v4.test.runtime.go.TestLeftRecursion" time="0.85"/>
  <testcase name="testOne[Go:Simple_1]" classname="org.antlr.v4.test.runtime.go.TestLeftRecursion" time="0.892"/>
  <testcase name="testOne[Go:SemPredFailOption]" classname="org.antlr.v4.test.runtime.go.TestLeftRecursion" time="0.909"/>
  <testcase name="testOne[Go:SemPred]" classname="org.antlr.v4.test.runtime.go.TestLeftRecursion" time="1.534"/>
  <testcase name="testOne[Go:ReturnValueAndActions_4]" classname="org.antlr.v4.test.runtime.go.TestLeftRecursion" time="1.206"/>
  <testcase name="testOne[Go:ReturnValueAndActions_3]" classname="org.antlr.v4.test.runtime.go.TestLeftRecursion" time="0.841"/>
  <testcase name="testOne[Go:ReturnValueAndActions_2]" classname="org.antlr.v4.test.runtime.go.TestLeftRecursion" time="0.858"/>
  <testcase name="testOne[Go:ReturnValueAndActions_1]" classname="org.antlr.v4.test.runtime.go.TestLeftRecursion" time="0.869"/>
  <testcase name="testOne[Go:ReturnValueAndActionsList2_4]" classname="org.antlr.v4.test.runtime.go.TestLeftRecursion" time="1.042"/>
  <testcase name="testOne[Go:ReturnValueAndActionsList2_3]" classname="org.antlr.v4.test.runtime.go.TestLeftRecursion" time="1.023"/>
  <testcase name="testOne[Go:ReturnValueAndActionsList2_2]" classname="org.antlr.v4.test.runtime.go.TestLeftRecursion" time="1.024"/>
  <testcase name="testOne[Go:ReturnValueAndActionsList2_1]" classname="org.antlr.v4.test.runtime.go.TestLeftRecursion" time="1.07"/>
  <testcase name="testOne[Go:ReturnValueAndActionsList1_4]" classname="org.antlr.v4.test.runtime.go.TestLeftRecursion" time="1.003"/>
  <testcase name="testOne[Go:ReturnValueAndActionsList1_3]" classname="org.antlr.v4.test.runtime.go.TestLeftRecursion" time="1.022"/>
  <testcase name="testOne[Go:ReturnValueAndActionsList1_2]" classname="org.antlr.v4.test.runtime.go.TestLeftRecursion" time="0.989"/>
  <testcase name="testOne[Go:ReturnValueAndActionsList1_1]" classname="org.antlr.v4.test.runtime.go.TestLeftRecursion" time="0.974"/>
  <testcase name="testOne[Go:ReturnValueAndActionsAndLabels_4]" classname="org.antlr.v4.test.runtime.go.TestLeftRecursion" time="1.208"/>
  <testcase name="testOne[Go:ReturnValueAndActionsAndLabels_3]" classname="org.antlr.v4.test.runtime.go.TestLeftRecursion" time="1.192"/>
  <testcase name="testOne[Go:ReturnValueAndActionsAndLabels_2]" classname="org.antlr.v4.test.runtime.go.TestLeftRecursion" time="1.189"/>
  <testcase name="testOne[Go:ReturnValueAndActionsAndLabels_1]" classname="org.antlr.v4.test.runtime.go.TestLeftRecursion" time="1.181"/>
  <testcase name="testOne[Go:PrefixOpWithActionAndLabel_3]" classname="org.antlr.v4.test.runtime.go.TestLeftRecursion" time="0.849"/>
  <testcase name="testOne[Go:PrefixOpWithActionAndLabel_2]" classname="org.antlr.v4.test.runtime.go.TestLeftRecursion" time="0.865"/>
  <testcase name="testOne[Go:PrefixOpWithActionAndLabel_1]" classname="org.antlr.v4.test.runtime.go.TestLeftRecursion" time="0.857"/>
  <testcase name="testOne[Go:PrefixAndOtherAlt_2]" classname="org.antlr.v4.test.runtime.go.TestLeftRecursion" time="0.997"/>
  <testcase name="testOne[Go:PrefixAndOtherAlt_1]" classname="org.antlr.v4.test.runtime.go.TestLeftRecursion" time="0.933"/>
  <testcase name="testOne[Go:PrecedenceFilterConsidersContext]" classname="org.antlr.v4.test.runtime.go.TestLeftRecursion" time="0.878"/>
  <testcase name="testOne[Go:MultipleAlternativesWithCommonLabel_5]" classname="org.antlr.v4.test.runtime.go.TestLeftRecursion" time="1.107"/>
  <testcase name="testOne[Go:MultipleAlternativesWithCommonLabel_4]" classname="org.antlr.v4.test.runtime.go.TestLeftRecursion" time="1.104"/>
  <testcase name="testOne[Go:MultipleAlternativesWithCommonLabel_3]" classname="org.antlr.v4.test.runtime.go.TestLeftRecursion" time="1.121"/>
  <testcase name="testOne[Go:MultipleAlternativesWithCommonLabel_2]" classname="org.antlr.v4.test.runtime.go.TestLeftRecursion" time="1.129"/>
  <testcase name="testOne[Go:MultipleAlternativesWithCommonLabel_1]" classname="org.antlr.v4.test.runtime.go.TestLeftRecursion" time="1.119"/>
  <testcase name="testOne[Go:MultipleActions_3]" classname="org.antlr.v4.test.runtime.go.TestLeftRecursion" time="0.854"/>
  <testcase name="testOne[Go:MultipleActions_2]" classname="org.antlr.v4.test.runtime.go.TestLeftRecursion" time="0.854"/>
  <testcase name="testOne[Go:MultipleActions_1]" classname="org.antlr.v4.test.runtime.go.TestLeftRecursion" time="0.849"/>
  <testcase name="testOne[Go:MultipleActionsPredicatesOptions_3]" classname="org.antlr.v4.test.runtime.go.TestLeftRecursion" time="0.848"/>
  <testcase name="testOne[Go:MultipleActionsPredicatesOptions_2]" classname="org.antlr.v4.test.runtime.go.TestLeftRecursion" time="0.854"/>
  <testcase name="testOne[Go:MultipleActionsPredicatesOptions_1]" classname="org.antlr.v4.test.runtime.go.TestLeftRecursion" time="0.853"/>
  <testcase name="testOne[Go:LabelsOnOpSubrule_3]" classname="org.antlr.v4.test.runtime.go.TestLeftRecursion" time="0.859"/>
  <testcase name="testOne[Go:LabelsOnOpSubrule_2]" classname="org.antlr.v4.test.runtime.go.TestLeftRecursion" time="0.863"/>
  <testcase name="testOne[Go:LabelsOnOpSubrule_1]" classname="org.antlr.v4.test.runtime.go.TestLeftRecursion" time="0.844"/>
  <testcase name="testOne[Go:JavaExpressions_12]" classname="org.antlr.v4.test.runtime.go.TestLeftRecursion" time="1.076"/>
  <testcase name="testOne[Go:JavaExpressions_11]" classname="org.antlr.v4.test.runtime.go.TestLeftRecursion" time="1.096"/>
  <testcase name="testOne[Go:JavaExpressions_10]" classname="org.antlr.v4.test.runtime.go.TestLeftRecursion" time="1.092"/>
  <testcase name="testOne[Go:JavaExpressions_9]" classname="org.antlr.v4.test.runtime.go.TestLeftRecursion" time="1.081"/>
  <testcase name="testOne[Go:JavaExpressions_8]" classname="org.antlr.v4.test.runtime.go.TestLeftRecursion" time="1.069"/>
  <testcase name="testOne[Go:JavaExpressions_7]" classname="org.antlr.v4.test.runtime.go.TestLeftRecursion" time="1.066"/>
  <testcase name="testOne[Go:JavaExpressions_6]" classname="org.antlr.v4.test.runtime.go.TestLeftRecursion" time="1.078"/>
  <testcase name="testOne[Go:JavaExpressions_5]" classname="org.antlr.v4.test.runtime.go.TestLeftRecursion" time="1.1"/>
  <testcase name="testOne[Go:JavaExpressions_4]" classname="org.antlr.v4.test.runtime.go.TestLeftRecursion" time="1.167"/>
  <testcase name="testOne[Go:JavaExpressions_3]" classname="org.antlr.v4.test.runtime.go.TestLeftRecursion" time="1.075"/>
  <testcase name="testOne[Go:JavaExpressions_2]" classname="org.antlr.v4.test.runtime.go.TestLeftRecursion" time="1.101"/>
  <testcase name="testOne[Go:JavaExpressions_1]" classname="org.antlr.v4.test.runtime.go.TestLeftRecursion" time="1.196"/>
  <testcase name="testOne[Go:Expressions_7]" classname="org.antlr.v4.test.runtime.go.TestLeftRecursion" time="0.852"/>
  <testcase name="testOne[Go:Expressions_6]" classname="org.antlr.v4.test.runtime.go.TestLeftRecursion" time="0.863"/>
  <testcase name="testOne[Go:Expressions_5]" classname="org.antlr.v4.test.runtime.go.TestLeftRecursion" time="0.841"/>
  <testcase name="testOne[Go:Expressions_4]" classname="org.antlr.v4.test.runtime.go.TestLeftRecursion" time="0.835"/>
  <testcase name="testOne[Go:Expressions_3]" classname="org.antlr.v4.test.runtime.go.TestLeftRecursion" time="0.839"/>
  <testcase name="testOne[Go:Expressions_2]" classname="org.antlr.v4.test.runtime.go.TestLeftRecursion" time="0.836"/>
  <testcase name="testOne[Go:Expressions_1]" classname="org.antlr.v4.test.runtime.go.TestLeftRecursion" time="0.867"/>
  <testcase name="testOne[Go:DirectCallToLeftRecursiveRule_3]" classname="org.antlr.v4.test.runtime.go.TestLeftRecursion" time="0.782"/>
  <testcase name="testOne[Go:DirectCallToLeftRecursiveRule_2]" classname="org.antlr.v4.test.runtime.go.TestLeftRecursion" time="0.767"/>
  <testcase name="testOne[Go:DirectCallToLeftRecursiveRule_1]" classname="org.antlr.v4.test.runtime.go.TestLeftRecursion" time="0.752"/>
  <testcase name="testOne[Go:Declarations_10]" classname="org.antlr.v4.test.runtime.go.TestLeftRecursion" time="0.903"/>
  <testcase name="testOne[Go:Declarations_9]" classname="org.antlr.v4.test.runtime.go.TestLeftRecursion" time="0.928"/>
  <testcase name="testOne[Go:Declarations_8]" classname="org.antlr.v4.test.runtime.go.TestLeftRecursion" time="0.889"/>
  <testcase name="testOne[Go:Declarations_7]" classname="org.antlr.v4.test.runtime.go.TestLeftRecursion" time="0.905"/>
  <testcase name="testOne[Go:Declarations_6]" classname="org.antlr.v4.test.runtime.go.TestLeftRecursion" time="0.901"/>
  <testcase name="testOne[Go:Declarations_5]" classname="org.antlr.v4.test.runtime.go.TestLeftRecursion" time="0.899"/>
  <testcase name="testOne[Go:Declarations_4]" classname="org.antlr.v4.test.runtime.go.TestLeftRecursion" time="0.895"/>
  <testcase name="testOne[Go:Declarations_3]" classname="org.antlr.v4.test.runtime.go.TestLeftRecursion" time="0.89"/>
  <testcase name="testOne[Go:Declarations_2]" classname="org.antlr.v4.test.runtime.go.TestLeftRecursion" time="0.925"/>
  <testcase name="testOne[Go:Declarations_1]" classname="org.antlr.v4.test.runtime.go.TestLeftRecursion" time="0.888"/>
  <testcase name="testOne[Go:AmbigLR_5]" classname="org.antlr.v4.test.runtime.go.TestLeftRecursion" time="1.246"/>
  <testcase name="testOne[Go:AmbigLR_4]" classname="org.antlr.v4.test.runtime.go.TestLeftRecursion" time="1.244"/>
  <testcase name="testOne[Go:AmbigLR_3]" classname="org.antlr.v4.test.runtime.go.TestLeftRecursion" time="1.236"/>
  <testcase name="testOne[Go:AmbigLR_2]" classname="org.antlr.v4.test.runtime.go.TestLeftRecursion" time="1.233"/>
  <testcase name="testOne[Go:AmbigLR_1]" classname="org.antlr.v4.test.runtime.go.TestLeftRecursion" time="1.227"/>
</testsuite>