<?xml version="1.0" encoding="UTF-8"?>
<testsuite xmlns:xsi="http://www.w3.org/2001/XMLSchema-instance" xsi:schemaLocation="https://maven.apache.org/surefire/maven-surefire-plugin/xsd/surefire-test-report.xsd" name="org.antlr.v4.test.runtime.csharp.TestSets" time="1.189" tests="32" errors="0" skipped="0" failures="32">
  <properties>
[...]
</properties>
  <testcase name="testOne[CSharp:UnicodeNegatedSMPSetIncludesBMPCodePoints]" classname="org.antlr.v4.test.runtime.csharp.TestSets" time="0.01">
    <failure type="java.lang.AssertionError">java.lang.AssertionError
</failure>
    <system-err><![CDATA[java.lang.RuntimeException: Could not locate xbuild
	at org.antlr.v4.test.runtime.csharp.BaseCSharpTest.locateTool(BaseCSharpTest.java:435)
	at org.antlr.v4.test.runtime.csharp.BaseCSharpTest.locateMSBuild(BaseCSharpTest.java:415)
	at org.antlr.v4.test.runtime.csharp.BaseCSharpTest.buildProject(BaseCSharpTest.java:380)
	at org.antlr.v4.test.runtime.csharp.BaseCSharpTest.compile(BaseCSharpTest.java:356)
	at org.antlr.v4.test.runtime.csharp.BaseCSharpTest.execRecognizer(BaseCSharpTest.java:341)
	at org.antlr.v4.test.runtime.csharp.BaseCSharpTest.rawExecRecognizer(BaseCSharpTest.java:337)
	at org.antlr.v4.test.runtime.csharp.BaseCSharpTest.execParser(BaseCSharpTest.java:270)
	at org.antlr.v4.test.runtime.BaseRuntimeTest.testParser(BaseRuntimeTest.java:155)
	at org.antlr.v4.test.runtime.BaseRuntimeTest.testOne(BaseRuntimeTest.java:118)
	at sun.reflect.GeneratedMethodAccessor6.invoke(Unknown Source)
	at sun.reflect.DelegatingMethodAccessorImpl.invoke(DelegatingMethodAccessorImpl.java:43)
	at java.lang.reflect.Method.invoke(Method.java:497)
	at org.junit.runners.model.FrameworkMethod$1.runReflectiveCall(FrameworkMethod.java:50)
	at org.junit.internal.runners.model.ReflectiveCallable.run(ReflectiveCallable.java:12)
	at org.junit.runners.model.FrameworkMethod.invokeExplosively(FrameworkMethod.java:47)
	at org.junit.internal.runners.statements.InvokeMethod.evaluate(InvokeMethod.java:17)
	at org.junit.internal.runners.statements.RunBefores.evaluate(RunBefores.java:26)
	at org.junit.rules.TestWatcher$1.evaluate(TestWatcher.java:55)
	at org.junit.rules.RunRules.evaluate(RunRules.java:20)
	at org.junit.runners.ParentRunner.runLeaf(ParentRunner.java:325)
	at org.junit.runners.BlockJUnit4ClassRunner.runChild(BlockJUnit4ClassRunner.java:78)
	at org.junit.runners.BlockJUnit4ClassRunner.runChild(BlockJUnit4ClassRunner.java:57)
	at org.junit.runners.ParentRunner$3.run(ParentRunner.java:290)
	at org.junit.runners.ParentRunner$1.schedule(ParentRunner.java:71)
	at org.junit.runners.ParentRunner.runChildren(ParentRunner.java:288)
	at org.junit.runners.ParentRunner.access$000(ParentRunner.java:58)
	at org.junit.runners.ParentRunner$2.evaluate(ParentRunner.java:268)
	at org.junit.runners.ParentRunner.run(ParentRunner.java:363)
	at org.junit.runners.Suite.runChild(Suite.java:128)
	at org.junit.runners.Suite.runChild(Suite.java:27)
	at org.junit.runners.ParentRunner$3.run(ParentRunner.java:290)
	at org.junit.runners.ParentRunner$1.schedule(ParentRunner.java:71)
	at org.junit.runners.ParentRunner.runChildren(ParentRunner.java:288)
	at org.junit.runners.ParentRunner.access$000(ParentRunner.java:58)
	at org.junit.runners.ParentRunner$2.evaluate(ParentRunner.java:268)
	at org.junit.runners.ParentRunner.run(ParentRunner.java:363)
	at org.apache.maven.surefire.junit4.JUnit4Provider.execute(JUnit4Provider.java:367)
	at org.apache.maven.surefire.junit4.JUnit4Provider.executeWithRerun(JUnit4Provider.java:274)
	at org.apache.maven.surefire.junit4.JUnit4Provider.executeTestSet(JUnit4Provider.java:238)
	at org.apache.maven.surefire.junit4.JUnit4Provider.invoke(JUnit4Provider.java:161)
	at org.apache.maven.surefire.booter.ForkedBooter.invokeProviderInSameClassLoader(ForkedBooter.java:290)
	at org.apache.maven.surefire.booter.ForkedBooter.runSuitesInProcess(ForkedBooter.java:242)
	at org.apache.maven.surefire.booter.ForkedBooter.main(ForkedBooter.java:121)
]]></system-err>
  </testcase>
  <testcase name="testOne[CSharp:UnicodeNegatedBMPSetIncludesSMPCodePoints]" classname="org.antlr.v4.test.runtime.csharp.TestSets" time="0.016">
    <failure type="java.lang.AssertionError">java.lang.AssertionError
</failure>
    <system-err><![CDATA[java.lang.RuntimeException: Could not locate xbuild
	at org.antlr.v4.test.runtime.csharp.BaseCSharpTest.locateTool(BaseCSharpTest.java:435)
	at org.antlr.v4.test.runtime.csharp.BaseCSharpTest.locateMSBuild(BaseCSharpTest.java:415)
	at org.antlr.v4.test.runtime.csharp.BaseCSharpTest.buildProject(BaseCSharpTest.java:380)
	at org.antlr.v4.test.runtime.csharp.BaseCSharpTest.compile(BaseCSharpTest.java:356)
	at org.antlr.v4.test.runtime.csharp.BaseCSharpTest.execRecognizer(BaseCSharpTest.java:341)
	at org.antlr.v4.test.runtime.csharp.BaseCSharpTest.rawExecRecognizer(BaseCSharpTest.java:337)
	at org.antlr.v4.test.runtime.csharp.BaseCSharpTest.execParser(BaseCSharpTest.java:270)
	at org.antlr.v4.test.runtime.BaseRuntimeTest.testParser(BaseRuntimeTest.java:155)
	at org.antlr.v4.test.runtime.BaseRuntimeTest.testOne(BaseRuntimeTest.java:118)
	at sun.reflect.GeneratedMethodAccessor6.invoke(Unknown Source)
	at sun.reflect.DelegatingMethodAccessorImpl.invoke(DelegatingMethodAccessorImpl.java:43)
	at java.lang.reflect.Method.invoke(Method.java:497)
	at org.junit.runners.model.FrameworkMethod$1.runReflectiveCall(FrameworkMethod.java:50)
	at org.junit.internal.runners.model.ReflectiveCallable.run(ReflectiveCallable.java:12)
	at org.junit.runners.model.FrameworkMethod.invokeExplosively(FrameworkMethod.java:47)
	at org.junit.internal.runners.statements.InvokeMethod.evaluate(InvokeMethod.java:17)
	at org.junit.internal.runners.statements.RunBefores.evaluate(RunBefores.java:26)
	at org.junit.rules.TestWatcher$1.evaluate(TestWatcher.java:55)
	at org.junit.rules.RunRules.evaluate(RunRules.java:20)
	at org.junit.runners.ParentRunner.runLeaf(ParentRunner.java:325)
	at org.junit.runners.BlockJUnit4ClassRunner.runChild(BlockJUnit4ClassRunner.java:78)
	at org.junit.runners.BlockJUnit4ClassRunner.runChild(BlockJUnit4ClassRunner.java:57)
	at org.junit.runners.ParentRunner$3.run(ParentRunner.java:290)
	at org.junit.runners.ParentRunner$1.schedule(ParentRunner.java:71)
	at org.junit.runners.ParentRunner.runChildren(ParentRunner.java:288)
	at org.junit.runners.ParentRunner.access$000(ParentRunner.java:58)
	at org.junit.runners.ParentRunner$2.evaluate(ParentRunner.java:268)
	at org.junit.runners.ParentRunner.run(ParentRunner.java:363)
	at org.junit.runners.Suite.runChild(Suite.java:128)
	at org.junit.runners.Suite.runChild(Suite.java:27)
	at org.junit.runners.ParentRunner$3.run(ParentRunner.java:290)
	at org.junit.runners.ParentRunner$1.schedule(ParentRunner.java:71)
	at org.junit.runners.ParentRunner.runChildren(ParentRunner.java:288)
	at org.junit.runners.ParentRunner.access$000(ParentRunner.java:58)
	at org.junit.runners.ParentRunner$2.evaluate(ParentRunner.java:268)
	at org.junit.runners.ParentRunner.run(ParentRunner.java:363)
	at org.apache.maven.surefire.junit4.JUnit4Provider.execute(JUnit4Provider.java:367)
	at org.apache.maven.surefire.junit4.JUnit4Provider.executeWithRerun(JUnit4Provider.java:274)
	at org.apache.maven.surefire.junit4.JUnit4Provider.executeTestSet(JUnit4Provider.java:238)
	at org.apache.maven.surefire.junit4.JUnit4Provider.invoke(JUnit4Provider.java:161)
	at org.apache.maven.surefire.booter.ForkedBooter.invokeProviderInSameClassLoader(ForkedBooter.java:290)
	at org.apache.maven.surefire.booter.ForkedBooter.runSuitesInProcess(ForkedBooter.java:242)
	at org.apache.maven.surefire.booter.ForkedBooter.main(ForkedBooter.java:121)
]]></system-err>
  </testcase>
  <testcase name="testOne[CSharp:UnicodeEscapedSMPRangeSetMismatch]" classname="org.antlr.v4.test.runtime.csharp.TestSets" time="0.012">
    <failure type="java.lang.AssertionError">java.lang.AssertionError
</failure>
    <system-err><![CDATA[java.lang.RuntimeException: Could not locate xbuild
	at org.antlr.v4.test.runtime.csharp.BaseCSharpTest.locateTool(BaseCSharpTest.java:435)
	at org.antlr.v4.test.runtime.csharp.BaseCSharpTest.locateMSBuild(BaseCSharpTest.java:415)
	at org.antlr.v4.test.runtime.csharp.BaseCSharpTest.buildProject(BaseCSharpTest.java:380)
	at org.antlr.v4.test.runtime.csharp.BaseCSharpTest.compile(BaseCSharpTest.java:356)
	at org.antlr.v4.test.runtime.csharp.BaseCSharpTest.execRecognizer(BaseCSharpTest.java:341)
	at org.antlr.v4.test.runtime.csharp.BaseCSharpTest.rawExecRecognizer(BaseCSharpTest.java:337)
	at org.antlr.v4.test.runtime.csharp.BaseCSharpTest.execParser(BaseCSharpTest.java:270)
	at org.antlr.v4.test.runtime.BaseRuntimeTest.testParser(BaseRuntimeTest.java:155)
	at org.antlr.v4.test.runtime.BaseRuntimeTest.testOne(BaseRuntimeTest.java:118)
	at sun.reflect.GeneratedMethodAccessor6.invoke(Unknown Source)
	at sun.reflect.DelegatingMethodAccessorImpl.invoke(DelegatingMethodAccessorImpl.java:43)
	at java.lang.reflect.Method.invoke(Method.java:497)
	at org.junit.runners.model.FrameworkMethod$1.runReflectiveCall(FrameworkMethod.java:50)
	at org.junit.internal.runners.model.ReflectiveCallable.run(ReflectiveCallable.java:12)
	at org.junit.runners.model.FrameworkMethod.invokeExplosively(FrameworkMethod.java:47)
	at org.junit.internal.runners.statements.InvokeMethod.evaluate(InvokeMethod.java:17)
	at org.junit.internal.runners.statements.RunBefores.evaluate(RunBefores.java:26)
	at org.junit.rules.TestWatcher$1.evaluate(TestWatcher.java:55)
	at org.junit.rules.RunRules.evaluate(RunRules.java:20)
	at org.junit.runners.ParentRunner.runLeaf(ParentRunner.java:325)
	at org.junit.runners.BlockJUnit4ClassRunner.runChild(BlockJUnit4ClassRunner.java:78)
	at org.junit.runners.BlockJUnit4ClassRunner.runChild(BlockJUnit4ClassRunner.java:57)
	at org.junit.runners.ParentRunner$3.run(ParentRunner.java:290)
	at org.junit.runners.ParentRunner$1.schedule(ParentRunner.java:71)
	at org.junit.runners.ParentRunner.runChildren(ParentRunner.java:288)
	at org.junit.runners.ParentRunner.access$000(ParentRunner.java:58)
	at org.junit.runners.ParentRunner$2.evaluate(ParentRunner.java:268)
	at org.junit.runners.ParentRunner.run(ParentRunner.java:363)
	at org.junit.runners.Suite.runChild(Suite.java:128)
	at org.junit.runners.Suite.runChild(Suite.java:27)
	at org.junit.runners.ParentRunner$3.run(ParentRunner.java:290)
	at org.junit.runners.ParentRunner$1.schedule(ParentRunner.java:71)
	at org.junit.runners.ParentRunner.runChildren(ParentRunner.java:288)
	at org.junit.runners.ParentRunner.access$000(ParentRunner.java:58)
	at org.junit.runners.ParentRunner$2.evaluate(ParentRunner.java:268)
	at org.junit.runners.ParentRunner.run(ParentRunner.java:363)
	at org.apache.maven.surefire.junit4.JUnit4Provider.execute(JUnit4Provider.java:367)
	at org.apache.maven.surefire.junit4.JUnit4Provider.executeWithRerun(JUnit4Provider.java:274)
	at org.apache.maven.surefire.junit4.JUnit4Provider.executeTestSet(JUnit4Provider.java:238)
	at org.apache.maven.surefire.junit4.JUnit4Provider.invoke(JUnit4Provider.java:161)
	at org.apache.maven.surefire.booter.ForkedBooter.invokeProviderInSameClassLoader(ForkedBooter.java:290)
	at org.apache.maven.surefire.booter.ForkedBooter.runSuitesInProcess(ForkedBooter.java:242)
	at org.apache.maven.surefire.booter.ForkedBooter.main(ForkedBooter.java:121)
]]></system-err>
  </testcase>
  <testcase name="testOne[CSharp:UnicodeEscapedSMPRangeSet]" classname="org.antlr.v4.test.runtime.csharp.TestSets" time="0.01">
    <failure type="java.lang.AssertionError">java.lang.AssertionError
</failure>
    <system-err><![CDATA[java.lang.RuntimeException: Could not locate xbuild
	at org.antlr.v4.test.runtime.csharp.BaseCSharpTest.locateTool(BaseCSharpTest.java:435)
	at org.antlr.v4.test.runtime.csharp.BaseCSharpTest.locateMSBuild(BaseCSharpTest.java:415)
	at org.antlr.v4.test.runtime.csharp.BaseCSharpTest.buildProject(BaseCSharpTest.java:380)
	at org.antlr.v4.test.runtime.csharp.BaseCSharpTest.compile(BaseCSharpTest.java:356)
	at org.antlr.v4.test.runtime.csharp.BaseCSharpTest.execRecognizer(BaseCSharpTest.java:341)
	at org.antlr.v4.test.runtime.csharp.BaseCSharpTest.rawExecRecognizer(BaseCSharpTest.java:337)
	at org.antlr.v4.test.runtime.csharp.BaseCSharpTest.execParser(BaseCSharpTest.java:270)
	at org.antlr.v4.test.runtime.BaseRuntimeTest.testParser(BaseRuntimeTest.java:155)
	at org.antlr.v4.test.runtime.BaseRuntimeTest.testOne(BaseRuntimeTest.java:118)
	at sun.reflect.GeneratedMethodAccessor6.invoke(Unknown Source)
	at sun.reflect.DelegatingMethodAccessorImpl.invoke(DelegatingMethodAccessorImpl.java:43)
	at java.lang.reflect.Method.invoke(Method.java:497)
	at org.junit.runners.model.FrameworkMethod$1.runReflectiveCall(FrameworkMethod.java:50)
	at org.junit.internal.runners.model.ReflectiveCallable.run(ReflectiveCallable.java:12)
	at org.junit.runners.model.FrameworkMethod.invokeExplosively(FrameworkMethod.java:47)
	at org.junit.internal.runners.statements.InvokeMethod.evaluate(InvokeMethod.java:17)
	at org.junit.internal.runners.statements.RunBefores.evaluate(RunBefores.java:26)
	at org.junit.rules.TestWatcher$1.evaluate(TestWatcher.java:55)
	at org.junit.rules.RunRules.evaluate(RunRules.java:20)
	at org.junit.runners.ParentRunner.runLeaf(ParentRunner.java:325)
	at org.junit.runners.BlockJUnit4ClassRunner.runChild(BlockJUnit4ClassRunner.java:78)
	at org.junit.runners.BlockJUnit4ClassRunner.runChild(BlockJUnit4ClassRunner.java:57)
	at org.junit.runners.ParentRunner$3.run(ParentRunner.java:290)
	at org.junit.runners.ParentRunner$1.schedule(ParentRunner.java:71)
	at org.junit.runners.ParentRunner.runChildren(ParentRunner.java:288)
	at org.junit.runners.ParentRunner.access$000(ParentRunner.java:58)
	at org.junit.runners.ParentRunner$2.evaluate(ParentRunner.java:268)
	at org.junit.runners.ParentRunner.run(ParentRunner.java:363)
	at org.junit.runners.Suite.runChild(Suite.java:128)
	at org.junit.runners.Suite.runChild(Suite.java:27)
	at org.junit.runners.ParentRunner$3.run(ParentRunner.java:290)
	at org.junit.runners.ParentRunner$1.schedule(ParentRunner.java:71)
	at org.junit.runners.ParentRunner.runChildren(ParentRunner.java:288)
	at org.junit.runners.ParentRunner.access$000(ParentRunner.java:58)
	at org.junit.runners.ParentRunner$2.evaluate(ParentRunner.java:268)
	at org.junit.runners.ParentRunner.run(ParentRunner.java:363)
	at org.apache.maven.surefire.junit4.JUnit4Provider.execute(JUnit4Provider.java:367)
	at org.apache.maven.surefire.junit4.JUnit4Provider.executeWithRerun(JUnit4Provider.java:274)
	at org.apache.maven.surefire.junit4.JUnit4Provider.executeTestSet(JUnit4Provider.java:238)
	at org.apache.maven.surefire.junit4.JUnit4Provider.invoke(JUnit4Provider.java:161)
	at org.apache.maven.surefire.booter.ForkedBooter.invokeProviderInSameClassLoader(ForkedBooter.java:290)
	at org.apache.maven.surefire.booter.ForkedBooter.runSuitesInProcess(ForkedBooter.java:242)
	at org.apache.maven.surefire.booter.ForkedBooter.main(ForkedBooter.java:121)
]]></system-err>
  </testcase>
  <testcase name="testOne[CSharp:UnicodeEscapedSMPSet]" classname="org.antlr.v4.test.runtime.csharp.TestSets" time="0.01">
    <failure type="java.lang.AssertionError">java.lang.AssertionError
</failure>
    <system-err><![CDATA[java.lang.RuntimeException: Could not locate xbuild
	at org.antlr.v4.test.runtime.csharp.BaseCSharpTest.locateTool(BaseCSharpTest.java:435)
	at org.antlr.v4.test.runtime.csharp.BaseCSharpTest.locateMSBuild(BaseCSharpTest.java:415)
	at org.antlr.v4.test.runtime.csharp.BaseCSharpTest.buildProject(BaseCSharpTest.java:380)
	at org.antlr.v4.test.runtime.csharp.BaseCSharpTest.compile(BaseCSharpTest.java:356)
	at org.antlr.v4.test.runtime.csharp.BaseCSharpTest.execRecognizer(BaseCSharpTest.java:341)
	at org.antlr.v4.test.runtime.csharp.BaseCSharpTest.rawExecRecognizer(BaseCSharpTest.java:337)
	at org.antlr.v4.test.runtime.csharp.BaseCSharpTest.execParser(BaseCSharpTest.java:270)
	at org.antlr.v4.test.runtime.BaseRuntimeTest.testParser(BaseRuntimeTest.java:155)
	at org.antlr.v4.test.runtime.BaseRuntimeTest.testOne(BaseRuntimeTest.java:118)
	at sun.reflect.GeneratedMethodAccessor6.invoke(Unknown Source)
	at sun.reflect.DelegatingMethodAccessorImpl.invoke(DelegatingMethodAccessorImpl.java:43)
	at java.lang.reflect.Method.invoke(Method.java:497)
	at org.junit.runners.model.FrameworkMethod$1.runReflectiveCall(FrameworkMethod.java:50)
	at org.junit.internal.runners.model.ReflectiveCallable.run(ReflectiveCallable.java:12)
	at org.junit.runners.model.FrameworkMethod.invokeExplosively(FrameworkMethod.java:47)
	at org.junit.internal.runners.statements.InvokeMethod.evaluate(InvokeMethod.java:17)
	at org.junit.internal.runners.statements.RunBefores.evaluate(RunBefores.java:26)
	at org.junit.rules.TestWatcher$1.evaluate(TestWatcher.java:55)
	at org.junit.rules.RunRules.evaluate(RunRules.java:20)
	at org.junit.runners.ParentRunner.runLeaf(ParentRunner.java:325)
	at org.junit.runners.BlockJUnit4ClassRunner.runChild(BlockJUnit4ClassRunner.java:78)
	at org.junit.runners.BlockJUnit4ClassRunner.runChild(BlockJUnit4ClassRunner.java:57)
	at org.junit.runners.ParentRunner$3.run(ParentRunner.java:290)
	at org.junit.runners.ParentRunner$1.schedule(ParentRunner.java:71)
	at org.junit.runners.ParentRunner.runChildren(ParentRunner.java:288)
	at org.junit.runners.ParentRunner.access$000(ParentRunner.java:58)
	at org.junit.runners.ParentRunner$2.evaluate(ParentRunner.java:268)
	at org.junit.runners.ParentRunner.run(ParentRunner.java:363)
	at org.junit.runners.Suite.runChild(Suite.java:128)
	at org.junit.runners.Suite.runChild(Suite.java:27)
	at org.junit.runners.ParentRunner$3.run(ParentRunner.java:290)
	at org.junit.runners.ParentRunner$1.schedule(ParentRunner.java:71)
	at org.junit.runners.ParentRunner.runChildren(ParentRunner.java:288)
	at org.junit.runners.ParentRunner.access$000(ParentRunner.java:58)
	at org.junit.runners.ParentRunner$2.evaluate(ParentRunner.java:268)
	at org.junit.runners.ParentRunner.run(ParentRunner.java:363)
	at org.apache.maven.surefire.junit4.JUnit4Provider.execute(JUnit4Provider.java:367)
	at org.apache.maven.surefire.junit4.JUnit4Provider.executeWithRerun(JUnit4Provider.java:274)
	at org.apache.maven.surefire.junit4.JUnit4Provider.executeTestSet(JUnit4Provider.java:238)
	at org.apache.maven.surefire.junit4.JUnit4Provider.invoke(JUnit4Provider.java:161)
	at org.apache.maven.surefire.booter.ForkedBooter.invokeProviderInSameClassLoader(ForkedBooter.java:290)
	at org.apache.maven.surefire.booter.ForkedBooter.runSuitesInProcess(ForkedBooter.java:242)
	at org.apache.maven.surefire.booter.ForkedBooter.main(ForkedBooter.java:121)
]]></system-err>
  </testcase>
  <testcase name="testOne[CSharp:UnicodeEscapedBMPRangeSet]" classname="org.antlr.v4.test.runtime.csharp.TestSets" time="0.01">
    <failure type="java.lang.AssertionError">java.lang.AssertionError
</failure>
    <system-err><![CDATA[java.lang.RuntimeException: Could not locate xbuild
	at org.antlr.v4.test.runtime.csharp.BaseCSharpTest.locateTool(BaseCSharpTest.java:435)
	at org.antlr.v4.test.runtime.csharp.BaseCSharpTest.locateMSBuild(BaseCSharpTest.java:415)
	at org.antlr.v4.test.runtime.csharp.BaseCSharpTest.buildProject(BaseCSharpTest.java:380)
	at org.antlr.v4.test.runtime.csharp.BaseCSharpTest.compile(BaseCSharpTest.java:356)
	at org.antlr.v4.test.runtime.csharp.BaseCSharpTest.execRecognizer(BaseCSharpTest.java:341)
	at org.antlr.v4.test.runtime.csharp.BaseCSharpTest.rawExecRecognizer(BaseCSharpTest.java:337)
	at org.antlr.v4.test.runtime.csharp.BaseCSharpTest.execParser(BaseCSharpTest.java:270)
	at org.antlr.v4.test.runtime.BaseRuntimeTest.testParser(BaseRuntimeTest.java:155)
	at org.antlr.v4.test.runtime.BaseRuntimeTest.testOne(BaseRuntimeTest.java:118)
	at sun.reflect.GeneratedMethodAccessor6.invoke(Unknown Source)
	at sun.reflect.DelegatingMethodAccessorImpl.invoke(DelegatingMethodAccessorImpl.java:43)
	at java.lang.reflect.Method.invoke(Method.java:497)
	at org.junit.runners.model.FrameworkMethod$1.runReflectiveCall(FrameworkMethod.java:50)
	at org.junit.internal.runners.model.ReflectiveCallable.run(ReflectiveCallable.java:12)
	at org.junit.runners.model.FrameworkMethod.invokeExplosively(FrameworkMethod.java:47)
	at org.junit.internal.runners.statements.InvokeMethod.evaluate(InvokeMethod.java:17)
	at org.junit.internal.runners.statements.RunBefores.evaluate(RunBefores.java:26)
	at org.junit.rules.TestWatcher$1.evaluate(TestWatcher.java:55)
	at org.junit.rules.RunRules.evaluate(RunRules.java:20)
	at org.junit.runners.ParentRunner.runLeaf(ParentRunner.java:325)
	at org.junit.runners.BlockJUnit4ClassRunner.runChild(BlockJUnit4ClassRunner.java:78)
	at org.junit.runners.BlockJUnit4ClassRunner.runChild(BlockJUnit4ClassRunner.java:57)
	at org.junit.runners.ParentRunner$3.run(ParentRunner.java:290)
	at org.junit.runners.ParentRunner$1.schedule(ParentRunner.java:71)
	at org.junit.runners.ParentRunner.runChildren(ParentRunner.java:288)
	at org.junit.runners.ParentRunner.access$000(ParentRunner.java:58)
	at org.junit.runners.ParentRunner$2.evaluate(ParentRunner.java:268)
	at org.junit.runners.ParentRunner.run(ParentRunner.java:363)
	at org.junit.runners.Suite.runChild(Suite.java:128)
	at org.junit.runners.Suite.runChild(Suite.java:27)
	at org.junit.runners.ParentRunner$3.run(ParentRunner.java:290)
	at org.junit.runners.ParentRunner$1.schedule(ParentRunner.java:71)
	at org.junit.runners.ParentRunner.runChildren(ParentRunner.java:288)
	at org.junit.runners.ParentRunner.access$000(ParentRunner.java:58)
	at org.junit.runners.ParentRunner$2.evaluate(ParentRunner.java:268)
	at org.junit.runners.ParentRunner.run(ParentRunner.java:363)
	at org.apache.maven.surefire.junit4.JUnit4Provider.execute(JUnit4Provider.java:367)
	at org.apache.maven.surefire.junit4.JUnit4Provider.executeWithRerun(JUnit4Provider.java:274)
	at org.apache.maven.surefire.junit4.JUnit4Provider.executeTestSet(JUnit4Provider.java:238)
	at org.apache.maven.surefire.junit4.JUnit4Provider.invoke(JUnit4Provider.java:161)
	at org.apache.maven.surefire.booter.ForkedBooter.invokeProviderInSameClassLoader(ForkedBooter.java:290)
	at org.apache.maven.surefire.booter.ForkedBooter.runSuitesInProcess(ForkedBooter.java:242)
	at org.apache.maven.surefire.booter.ForkedBooter.main(ForkedBooter.java:121)
]]></system-err>
  </testcase>
  <testcase name="testOne[CSharp:UnicodeEscapedBMPSet]" classname="org.antlr.v4.test.runtime.csharp.TestSets" time="0.011">
    <failure type="java.lang.AssertionError">java.lang.AssertionError
</failure>
    <system-err><![CDATA[java.lang.RuntimeException: Could not locate xbuild
	at org.antlr.v4.test.runtime.csharp.BaseCSharpTest.locateTool(BaseCSharpTest.java:435)
	at org.antlr.v4.test.runtime.csharp.BaseCSharpTest.locateMSBuild(BaseCSharpTest.java:415)
	at org.antlr.v4.test.runtime.csharp.BaseCSharpTest.buildProject(BaseCSharpTest.java:380)
	at org.antlr.v4.test.runtime.csharp.BaseCSharpTest.compile(BaseCSharpTest.java:356)
	at org.antlr.v4.test.runtime.csharp.BaseCSharpTest.execRecognizer(BaseCSharpTest.java:341)
	at org.antlr.v4.test.runtime.csharp.BaseCSharpTest.rawExecRecognizer(BaseCSharpTest.java:337)
	at org.antlr.v4.test.runtime.csharp.BaseCSharpTest.execParser(BaseCSharpTest.java:270)
	at org.antlr.v4.test.runtime.BaseRuntimeTest.testParser(BaseRuntimeTest.java:155)
	at org.antlr.v4.test.runtime.BaseRuntimeTest.testOne(BaseRuntimeTest.java:118)
	at sun.reflect.GeneratedMethodAccessor6.invoke(Unknown Source)
	at sun.reflect.DelegatingMethodAccessorImpl.invoke(DelegatingMethodAccessorImpl.java:43)
	at java.lang.reflect.Method.invoke(Method.java:497)
	at org.junit.runners.model.FrameworkMethod$1.runReflectiveCall(FrameworkMethod.java:50)
	at org.junit.internal.runners.model.ReflectiveCallable.run(ReflectiveCallable.java:12)
	at org.junit.runners.model.FrameworkMethod.invokeExplosively(FrameworkMethod.java:47)
	at org.junit.internal.runners.statements.InvokeMethod.evaluate(InvokeMethod.java:17)
	at org.junit.internal.runners.statements.RunBefores.evaluate(RunBefores.java:26)
	at org.junit.rules.TestWatcher$1.evaluate(TestWatcher.java:55)
	at org.junit.rules.RunRules.evaluate(RunRules.java:20)
	at org.junit.runners.ParentRunner.runLeaf(ParentRunner.java:325)
	at org.junit.runners.BlockJUnit4ClassRunner.runChild(BlockJUnit4ClassRunner.java:78)
	at org.junit.runners.BlockJUnit4ClassRunner.runChild(BlockJUnit4ClassRunner.java:57)
	at org.junit.runners.ParentRunner$3.run(ParentRunner.java:290)
	at org.junit.runners.ParentRunner$1.schedule(ParentRunner.java:71)
	at org.junit.runners.ParentRunner.runChildren(ParentRunner.java:288)
	at org.junit.runners.ParentRunner.access$000(ParentRunner.java:58)
	at org.junit.runners.ParentRunner$2.evaluate(ParentRunner.java:268)
	at org.junit.runners.ParentRunner.run(ParentRunner.java:363)
	at org.junit.runners.Suite.runChild(Suite.java:128)
	at org.junit.runners.Suite.runChild(Suite.java:27)
	at org.junit.runners.ParentRunner$3.run(ParentRunner.java:290)
	at org.junit.runners.ParentRunner$1.schedule(ParentRunner.java:71)
	at org.junit.runners.ParentRunner.runChildren(ParentRunner.java:288)
	at org.junit.runners.ParentRunner.access$000(ParentRunner.java:58)
	at org.junit.runners.ParentRunner$2.evaluate(ParentRunner.java:268)
	at org.junit.runners.ParentRunner.run(ParentRunner.java:363)
	at org.apache.maven.surefire.junit4.JUnit4Provider.execute(JUnit4Provider.java:367)
	at org.apache.maven.surefire.junit4.JUnit4Provider.executeWithRerun(JUnit4Provider.java:274)
	at org.apache.maven.surefire.junit4.JUnit4Provider.executeTestSet(JUnit4Provider.java:238)
	at org.apache.maven.surefire.junit4.JUnit4Provider.invoke(JUnit4Provider.java:161)
	at org.apache.maven.surefire.booter.ForkedBooter.invokeProviderInSameClassLoader(ForkedBooter.java:290)
	at org.apache.maven.surefire.booter.ForkedBooter.runSuitesInProcess(ForkedBooter.java:242)
	at org.apache.maven.surefire.booter.ForkedBooter.main(ForkedBooter.java:121)
]]></system-err>
  </testcase>
  <testcase name="testOne[CSharp:UnicodeUnescapedBMPRangeSet]" classname="org.antlr.v4.test.runtime.csharp.TestSets" time="0.021">
    <failure type="java.lang.AssertionError">java.lang.AssertionError
</failure>
    <system-err><![CDATA[java.lang.RuntimeException: Could not locate xbuild
	at org.antlr.v4.test.runtime.csharp.BaseCSharpTest.locateTool(BaseCSharpTest.java:435)
	at org.antlr.v4.test.runtime.csharp.BaseCSharpTest.locateMSBuild(BaseCSharpTest.java:415)
	at org.antlr.v4.test.runtime.csharp.BaseCSharpTest.buildProject(BaseCSharpTest.java:380)
	at org.antlr.v4.test.runtime.csharp.BaseCSharpTest.compile(BaseCSharpTest.java:356)
	at org.antlr.v4.test.runtime.csharp.BaseCSharpTest.execRecognizer(BaseCSharpTest.java:341)
	at org.antlr.v4.test.runtime.csharp.BaseCSharpTest.rawExecRecognizer(BaseCSharpTest.java:337)
	at org.antlr.v4.test.runtime.csharp.BaseCSharpTest.execParser(BaseCSharpTest.java:270)
	at org.antlr.v4.test.runtime.BaseRuntimeTest.testParser(BaseRuntimeTest.java:155)
	at org.antlr.v4.test.runtime.BaseRuntimeTest.testOne(BaseRuntimeTest.java:118)
	at sun.reflect.GeneratedMethodAccessor6.invoke(Unknown Source)
	at sun.reflect.DelegatingMethodAccessorImpl.invoke(DelegatingMethodAccessorImpl.java:43)
	at java.lang.reflect.Method.invoke(Method.java:497)
	at org.junit.runners.model.FrameworkMethod$1.runReflectiveCall(FrameworkMethod.java:50)
	at org.junit.internal.runners.model.ReflectiveCallable.run(ReflectiveCallable.java:12)
	at org.junit.runners.model.FrameworkMethod.invokeExplosively(FrameworkMethod.java:47)
	at org.junit.internal.runners.statements.InvokeMethod.evaluate(InvokeMethod.java:17)
	at org.junit.internal.runners.statements.RunBefores.evaluate(RunBefores.java:26)
	at org.junit.rules.TestWatcher$1.evaluate(TestWatcher.java:55)
	at org.junit.rules.RunRules.evaluate(RunRules.java:20)
	at org.junit.runners.ParentRunner.runLeaf(ParentRunner.java:325)
	at org.junit.runners.BlockJUnit4ClassRunner.runChild(BlockJUnit4ClassRunner.java:78)
	at org.junit.runners.BlockJUnit4ClassRunner.runChild(BlockJUnit4ClassRunner.java:57)
	at org.junit.runners.ParentRunner$3.run(ParentRunner.java:290)
	at org.junit.runners.ParentRunner$1.schedule(ParentRunner.java:71)
	at org.junit.runners.ParentRunner.runChildren(ParentRunner.java:288)
	at org.junit.runners.ParentRunner.access$000(ParentRunner.java:58)
	at org.junit.runners.ParentRunner$2.evaluate(ParentRunner.java:268)
	at org.junit.runners.ParentRunner.run(ParentRunner.java:363)
	at org.junit.runners.Suite.runChild(Suite.java:128)
	at org.junit.runners.Suite.runChild(Suite.java:27)
	at org.junit.runners.ParentRunner$3.run(ParentRunner.java:290)
	at org.junit.runners.ParentRunner$1.schedule(ParentRunner.java:71)
	at org.junit.runners.ParentRunner.runChildren(ParentRunner.java:288)
	at org.junit.runners.ParentRunner.access$000(ParentRunner.java:58)
	at org.junit.runners.ParentRunner$2.evaluate(ParentRunner.java:268)
	at org.junit.runners.ParentRunner.run(ParentRunner.java:363)
	at org.apache.maven.surefire.junit4.JUnit4Provider.execute(JUnit4Provider.java:367)
	at org.apache.maven.surefire.junit4.JUnit4Provider.executeWithRerun(JUnit4Provider.java:274)
	at org.apache.maven.surefire.junit4.JUnit4Provider.executeTestSet(JUnit4Provider.java:238)
	at org.apache.maven.surefire.junit4.JUnit4Provider.invoke(JUnit4Provider.java:161)
	at org.apache.maven.surefire.booter.ForkedBooter.invokeProviderInSameClassLoader(ForkedBooter.java:290)
	at org.apache.maven.surefire.booter.ForkedBooter.runSuitesInProcess(ForkedBooter.java:242)
	at org.apache.maven.surefire.booter.ForkedBooter.main(ForkedBooter.java:121)
]]></system-err>
  </testcase>
  <testcase name="testOne[CSharp:UnicodeUnescapedBMPSet]" classname="org.antlr.v4.test.runtime.csharp.TestSets" time="0.048">
    <failure type="java.lang.AssertionError">java.lang.AssertionError
</failure>
    <system-err><![CDATA[java.lang.RuntimeException: Could not locate xbuild
	at org.antlr.v4.test.runtime.csharp.BaseCSharpTest.locateTool(BaseCSharpTest.java:435)
	at org.antlr.v4.test.runtime.csharp.BaseCSharpTest.locateMSBuild(BaseCSharpTest.java:415)
	at org.antlr.v4.test.runtime.csharp.BaseCSharpTest.buildProject(BaseCSharpTest.java:380)
	at org.antlr.v4.test.runtime.csharp.BaseCSharpTest.compile(BaseCSharpTest.java:356)
	at org.antlr.v4.test.runtime.csharp.BaseCSharpTest.execRecognizer(BaseCSharpTest.java:341)
	at org.antlr.v4.test.runtime.csharp.BaseCSharpTest.rawExecRecognizer(BaseCSharpTest.java:337)
	at org.antlr.v4.test.runtime.csharp.BaseCSharpTest.execParser(BaseCSharpTest.java:270)
	at org.antlr.v4.test.runtime.BaseRuntimeTest.testParser(BaseRuntimeTest.java:155)
	at org.antlr.v4.test.runtime.BaseRuntimeTest.testOne(BaseRuntimeTest.java:118)
	at sun.reflect.GeneratedMethodAccessor6.invoke(Unknown Source)
	at sun.reflect.DelegatingMethodAccessorImpl.invoke(DelegatingMethodAccessorImpl.java:43)
	at java.lang.reflect.Method.invoke(Method.java:497)
	at org.junit.runners.model.FrameworkMethod$1.runReflectiveCall(FrameworkMethod.java:50)
	at org.junit.internal.runners.model.ReflectiveCallable.run(ReflectiveCallable.java:12)
	at org.junit.runners.model.FrameworkMethod.invokeExplosively(FrameworkMethod.java:47)
	at org.junit.internal.runners.statements.InvokeMethod.evaluate(InvokeMethod.java:17)
	at org.junit.internal.runners.statements.RunBefores.evaluate(RunBefores.java:26)
	at org.junit.rules.TestWatcher$1.evaluate(TestWatcher.java:55)
	at org.junit.rules.RunRules.evaluate(RunRules.java:20)
	at org.junit.runners.ParentRunner.runLeaf(ParentRunner.java:325)
	at org.junit.runners.BlockJUnit4ClassRunner.runChild(BlockJUnit4ClassRunner.java:78)
	at org.junit.runners.BlockJUnit4ClassRunner.runChild(BlockJUnit4ClassRunner.java:57)
	at org.junit.runners.ParentRunner$3.run(ParentRunner.java:290)
	at org.junit.runners.ParentRunner$1.schedule(ParentRunner.java:71)
	at org.junit.runners.ParentRunner.runChildren(ParentRunner.java:288)
	at org.junit.runners.ParentRunner.access$000(ParentRunner.java:58)
	at org.junit.runners.ParentRunner$2.evaluate(ParentRunner.java:268)
	at org.junit.runners.ParentRunner.run(ParentRunner.java:363)
	at org.junit.runners.Suite.runChild(Suite.java:128)
	at org.junit.runners.Suite.runChild(Suite.java:27)
	at org.junit.runners.ParentRunner$3.run(ParentRunner.java:290)
	at org.junit.runners.ParentRunner$1.schedule(ParentRunner.java:71)
	at org.junit.runners.ParentRunner.runChildren(ParentRunner.java:288)
	at org.junit.runners.ParentRunner.access$000(ParentRunner.java:58)
	at org.junit.runners.ParentRunner$2.evaluate(ParentRunner.java:268)
	at org.junit.runners.ParentRunner.run(ParentRunner.java:363)
	at org.apache.maven.surefire.junit4.JUnit4Provider.execute(JUnit4Provider.java:367)
	at org.apache.maven.surefire.junit4.JUnit4Provider.executeWithRerun(JUnit4Provider.java:274)
	at org.apache.maven.surefire.junit4.JUnit4Provider.executeTestSet(JUnit4Provider.java:238)
	at org.apache.maven.surefire.junit4.JUnit4Provider.invoke(JUnit4Provider.java:161)
	at org.apache.maven.surefire.booter.ForkedBooter.invokeProviderInSameClassLoader(ForkedBooter.java:290)
	at org.apache.maven.surefire.booter.ForkedBooter.runSuitesInProcess(ForkedBooter.java:242)
	at org.apache.maven.surefire.booter.ForkedBooter.main(ForkedBooter.java:121)
]]></system-err>
  </testcase>
  <testcase name="testOne[CSharp:StarSet]" classname="org.antlr.v4.test.runtime.csharp.TestSets" time="0.048">
    <failure type="java.lang.AssertionError">java.lang.AssertionError
</failure>
    <system-err><![CDATA[java.lang.RuntimeException: Could not locate xbuild
	at org.antlr.v4.test.runtime.csharp.BaseCSharpTest.locateTool(BaseCSharpTest.java:435)
	at org.antlr.v4.test.runtime.csharp.BaseCSharpTest.locateMSBuild(BaseCSharpTest.java:415)
	at org.antlr.v4.test.runtime.csharp.BaseCSharpTest.buildProject(BaseCSharpTest.java:380)
	at org.antlr.v4.test.runtime.csharp.BaseCSharpTest.compile(BaseCSharpTest.java:356)
	at org.antlr.v4.test.runtime.csharp.BaseCSharpTest.execRecognizer(BaseCSharpTest.java:341)
	at org.antlr.v4.test.runtime.csharp.BaseCSharpTest.rawExecRecognizer(BaseCSharpTest.java:337)
	at org.antlr.v4.test.runtime.csharp.BaseCSharpTest.execParser(BaseCSharpTest.java:270)
	at org.antlr.v4.test.runtime.BaseRuntimeTest.testParser(BaseRuntimeTest.java:155)
	at org.antlr.v4.test.runtime.BaseRuntimeTest.testOne(BaseRuntimeTest.java:118)
	at sun.reflect.GeneratedMethodAccessor6.invoke(Unknown Source)
	at sun.reflect.DelegatingMethodAccessorImpl.invoke(DelegatingMethodAccessorImpl.java:43)
	at java.lang.reflect.Method.invoke(Method.java:497)
	at org.junit.runners.model.FrameworkMethod$1.runReflectiveCall(FrameworkMethod.java:50)
	at org.junit.internal.runners.model.ReflectiveCallable.run(ReflectiveCallable.java:12)
	at org.junit.runners.model.FrameworkMethod.invokeExplosively(FrameworkMethod.java:47)
	at org.junit.internal.runners.statements.InvokeMethod.evaluate(InvokeMethod.java:17)
	at org.junit.internal.runners.statements.RunBefores.evaluate(RunBefores.java:26)
	at org.junit.rules.TestWatcher$1.evaluate(TestWatcher.java:55)
	at org.junit.rules.RunRules.evaluate(RunRules.java:20)
	at org.junit.runners.ParentRunner.runLeaf(ParentRunner.java:325)
	at org.junit.runners.BlockJUnit4ClassRunner.runChild(BlockJUnit4ClassRunner.java:78)
	at org.junit.runners.BlockJUnit4ClassRunner.runChild(BlockJUnit4ClassRunner.java:57)
	at org.junit.runners.ParentRunner$3.run(ParentRunner.java:290)
	at org.junit.runners.ParentRunner$1.schedule(ParentRunner.java:71)
	at org.junit.runners.ParentRunner.runChildren(ParentRunner.java:288)
	at org.junit.runners.ParentRunner.access$000(ParentRunner.java:58)
	at org.junit.runners.ParentRunner$2.evaluate(ParentRunner.java:268)
	at org.junit.runners.ParentRunner.run(ParentRunner.java:363)
	at org.junit.runners.Suite.runChild(Suite.java:128)
	at org.junit.runners.Suite.runChild(Suite.java:27)
	at org.junit.runners.ParentRunner$3.run(ParentRunner.java:290)
	at org.junit.runners.ParentRunner$1.schedule(ParentRunner.java:71)
	at org.junit.runners.ParentRunner.runChildren(ParentRunner.java:288)
	at org.junit.runners.ParentRunner.access$000(ParentRunner.java:58)
	at org.junit.runners.ParentRunner$2.evaluate(ParentRunner.java:268)
	at org.junit.runners.ParentRunner.run(ParentRunner.java:363)
	at org.apache.maven.surefire.junit4.JUnit4Provider.execute(JUnit4Provider.java:367)
	at org.apache.maven.surefire.junit4.JUnit4Provider.executeWithRerun(JUnit4Provider.java:274)
	at org.apache.maven.surefire.junit4.JUnit4Provider.executeTestSet(JUnit4Provider.java:238)
	at org.apache.maven.surefire.junit4.JUnit4Provider.invoke(JUnit4Provider.java:161)
	at org.apache.maven.surefire.booter.ForkedBooter.invokeProviderInSameClassLoader(ForkedBooter.java:290)
	at org.apache.maven.surefire.booter.ForkedBooter.runSuitesInProcess(ForkedBooter.java:242)
	at org.apache.maven.surefire.booter.ForkedBooter.main(ForkedBooter.java:121)
]]></system-err>
  </testcase>
  <testcase name="testOne[CSharp:StarLexerSingleElement_2]" classname="org.antlr.v4.test.runtime.csharp.TestSets" time="0.042">
    <failure type="java.lang.AssertionError">java.lang.AssertionError
</failure>
    <system-err><![CDATA[java.lang.RuntimeException: Could not locate xbuild
	at org.antlr.v4.test.runtime.csharp.BaseCSharpTest.locateTool(BaseCSharpTest.java:435)
	at org.antlr.v4.test.runtime.csharp.BaseCSharpTest.locateMSBuild(BaseCSharpTest.java:415)
	at org.antlr.v4.test.runtime.csharp.BaseCSharpTest.buildProject(BaseCSharpTest.java:380)
	at org.antlr.v4.test.runtime.csharp.BaseCSharpTest.compile(BaseCSharpTest.java:356)
	at org.antlr.v4.test.runtime.csharp.BaseCSharpTest.execRecognizer(BaseCSharpTest.java:341)
	at org.antlr.v4.test.runtime.csharp.BaseCSharpTest.rawExecRecognizer(BaseCSharpTest.java:337)
	at org.antlr.v4.test.runtime.csharp.BaseCSharpTest.execParser(BaseCSharpTest.java:270)
	at org.antlr.v4.test.runtime.BaseRuntimeTest.testParser(BaseRuntimeTest.java:155)
	at org.antlr.v4.test.runtime.BaseRuntimeTest.testOne(BaseRuntimeTest.java:118)
	at sun.reflect.GeneratedMethodAccessor6.invoke(Unknown Source)
	at sun.reflect.DelegatingMethodAccessorImpl.invoke(DelegatingMethodAccessorImpl.java:43)
	at java.lang.reflect.Method.invoke(Method.java:497)
	at org.junit.runners.model.FrameworkMethod$1.runReflectiveCall(FrameworkMethod.java:50)
	at org.junit.internal.runners.model.ReflectiveCallable.run(ReflectiveCallable.java:12)
	at org.junit.runners.model.FrameworkMethod.invokeExplosively(FrameworkMethod.java:47)
	at org.junit.internal.runners.statements.InvokeMethod.evaluate(InvokeMethod.java:17)
	at org.junit.internal.runners.statements.RunBefores.evaluate(RunBefores.java:26)
	at org.junit.rules.TestWatcher$1.evaluate(TestWatcher.java:55)
	at org.junit.rules.RunRules.evaluate(RunRules.java:20)
	at org.junit.runners.ParentRunner.runLeaf(ParentRunner.java:325)
	at org.junit.runners.BlockJUnit4ClassRunner.runChild(BlockJUnit4ClassRunner.java:78)
	at org.junit.runners.BlockJUnit4ClassRunner.runChild(BlockJUnit4ClassRunner.java:57)
	at org.junit.runners.ParentRunner$3.run(ParentRunner.java:290)
	at org.junit.runners.ParentRunner$1.schedule(ParentRunner.java:71)
	at org.junit.runners.ParentRunner.runChildren(ParentRunner.java:288)
	at org.junit.runners.ParentRunner.access$000(ParentRunner.java:58)
	at org.junit.runners.ParentRunner$2.evaluate(ParentRunner.java:268)
	at org.junit.runners.ParentRunner.run(ParentRunner.java:363)
	at org.junit.runners.Suite.runChild(Suite.java:128)
	at org.junit.runners.Suite.runChild(Suite.java:27)
	at org.junit.runners.ParentRunner$3.run(ParentRunner.java:290)
	at org.junit.runners.ParentRunner$1.schedule(ParentRunner.java:71)
	at org.junit.runners.ParentRunner.runChildren(ParentRunner.java:288)
	at org.junit.runners.ParentRunner.access$000(ParentRunner.java:58)
	at org.junit.runners.ParentRunner$2.evaluate(ParentRunner.java:268)
	at org.junit.runners.ParentRunner.run(ParentRunner.java:363)
	at org.apache.maven.surefire.junit4.JUnit4Provider.execute(JUnit4Provider.java:367)
	at org.apache.maven.surefire.junit4.JUnit4Provider.executeWithRerun(JUnit4Provider.java:274)
	at org.apache.maven.surefire.junit4.JUnit4Provider.executeTestSet(JUnit4Provider.java:238)
	at org.apache.maven.surefire.junit4.JUnit4Provider.invoke(JUnit4Provider.java:161)
	at org.apache.maven.surefire.booter.ForkedBooter.invokeProviderInSameClassLoader(ForkedBooter.java:290)
	at org.apache.maven.surefire.booter.ForkedBooter.runSuitesInProcess(ForkedBooter.java:242)
	at org.apache.maven.surefire.booter.ForkedBooter.main(ForkedBooter.java:121)
]]></system-err>
  </testcase>
  <testcase name="testOne[CSharp:StarLexerSingleElement_1]" classname="org.antlr.v4.test.runtime.csharp.TestSets" time="0.042">
    <failure type="java.lang.AssertionError">java.lang.AssertionError
</failure>
    <system-err><![CDATA[java.lang.RuntimeException: Could not locate xbuild
	at org.antlr.v4.test.runtime.csharp.BaseCSharpTest.locateTool(BaseCSharpTest.java:435)
	at org.antlr.v4.test.runtime.csharp.BaseCSharpTest.locateMSBuild(BaseCSharpTest.java:415)
	at org.antlr.v4.test.runtime.csharp.BaseCSharpTest.buildProject(BaseCSharpTest.java:380)
	at org.antlr.v4.test.runtime.csharp.BaseCSharpTest.compile(BaseCSharpTest.java:356)
	at org.antlr.v4.test.runtime.csharp.BaseCSharpTest.execRecognizer(BaseCSharpTest.java:341)
	at org.antlr.v4.test.runtime.csharp.BaseCSharpTest.rawExecRecognizer(BaseCSharpTest.java:337)
	at org.antlr.v4.test.runtime.csharp.BaseCSharpTest.execParser(BaseCSharpTest.java:270)
	at org.antlr.v4.test.runtime.BaseRuntimeTest.testParser(BaseRuntimeTest.java:155)
	at org.antlr.v4.test.runtime.BaseRuntimeTest.testOne(BaseRuntimeTest.java:118)
	at sun.reflect.GeneratedMethodAccessor6.invoke(Unknown Source)
	at sun.reflect.DelegatingMethodAccessorImpl.invoke(DelegatingMethodAccessorImpl.java:43)
	at java.lang.reflect.Method.invoke(Method.java:497)
	at org.junit.runners.model.FrameworkMethod$1.runReflectiveCall(FrameworkMethod.java:50)
	at org.junit.internal.runners.model.ReflectiveCallable.run(ReflectiveCallable.java:12)
	at org.junit.runners.model.FrameworkMethod.invokeExplosively(FrameworkMethod.java:47)
	at org.junit.internal.runners.statements.InvokeMethod.evaluate(InvokeMethod.java:17)
	at org.junit.internal.runners.statements.RunBefores.evaluate(RunBefores.java:26)
	at org.junit.rules.TestWatcher$1.evaluate(TestWatcher.java:55)
	at org.junit.rules.RunRules.evaluate(RunRules.java:20)
	at org.junit.runners.ParentRunner.runLeaf(ParentRunner.java:325)
	at org.junit.runners.BlockJUnit4ClassRunner.runChild(BlockJUnit4ClassRunner.java:78)
	at org.junit.runners.BlockJUnit4ClassRunner.runChild(BlockJUnit4ClassRunner.java:57)
	at org.junit.runners.ParentRunner$3.run(ParentRunner.java:290)
	at org.junit.runners.ParentRunner$1.schedule(ParentRunner.java:71)
	at org.junit.runners.ParentRunner.runChildren(ParentRunner.java:288)
	at org.junit.runners.ParentRunner.access$000(ParentRunner.java:58)
	at org.junit.runners.ParentRunner$2.evaluate(ParentRunner.java:268)
	at org.junit.runners.ParentRunner.run(ParentRunner.java:363)
	at org.junit.runners.Suite.runChild(Suite.java:128)
	at org.junit.runners.Suite.runChild(Suite.java:27)
	at org.junit.runners.ParentRunner$3.run(ParentRunner.java:290)
	at org.junit.runners.ParentRunner$1.schedule(ParentRunner.java:71)
	at org.junit.runners.ParentRunner.runChildren(ParentRunner.java:288)
	at org.junit.runners.ParentRunner.access$000(ParentRunner.java:58)
	at org.junit.runners.ParentRunner$2.evaluate(ParentRunner.java:268)
	at org.junit.runners.ParentRunner.run(ParentRunner.java:363)
	at org.apache.maven.surefire.junit4.JUnit4Provider.execute(JUnit4Provider.java:367)
	at org.apache.maven.surefire.junit4.JUnit4Provider.executeWithRerun(JUnit4Provider.java:274)
	at org.apache.maven.surefire.junit4.JUnit4Provider.executeTestSet(JUnit4Provider.java:238)
	at org.apache.maven.surefire.junit4.JUnit4Provider.invoke(JUnit4Provider.java:161)
	at org.apache.maven.surefire.booter.ForkedBooter.invokeProviderInSameClassLoader(ForkedBooter.java:290)
	at org.apache.maven.surefire.booter.ForkedBooter.runSuitesInProcess(ForkedBooter.java:242)
	at org.apache.maven.surefire.booter.ForkedBooter.main(ForkedBooter.java:121)
]]></system-err>
  </testcase>
  <testcase name="testOne[CSharp:SeqDoesNotBecomeSet]" classname="org.antlr.v4.test.runtime.csharp.TestSets" time="0.043">
    <failure type="java.lang.AssertionError">java.lang.AssertionError
</failure>
    <system-err><![CDATA[java.lang.RuntimeException: Could not locate xbuild
	at org.antlr.v4.test.runtime.csharp.BaseCSharpTest.locateTool(BaseCSharpTest.java:435)
	at org.antlr.v4.test.runtime.csharp.BaseCSharpTest.locateMSBuild(BaseCSharpTest.java:415)
	at org.antlr.v4.test.runtime.csharp.BaseCSharpTest.buildProject(BaseCSharpTest.java:380)
	at org.antlr.v4.test.runtime.csharp.BaseCSharpTest.compile(BaseCSharpTest.java:356)
	at org.antlr.v4.test.runtime.csharp.BaseCSharpTest.execRecognizer(BaseCSharpTest.java:341)
	at org.antlr.v4.test.runtime.csharp.BaseCSharpTest.rawExecRecognizer(BaseCSharpTest.java:337)
	at org.antlr.v4.test.runtime.csharp.BaseCSharpTest.execParser(BaseCSharpTest.java:270)
	at org.antlr.v4.test.runtime.BaseRuntimeTest.testParser(BaseRuntimeTest.java:155)
	at org.antlr.v4.test.runtime.BaseRuntimeTest.testOne(BaseRuntimeTest.java:118)
	at sun.reflect.GeneratedMethodAccessor6.invoke(Unknown Source)
	at sun.reflect.DelegatingMethodAccessorImpl.invoke(DelegatingMethodAccessorImpl.java:43)
	at java.lang.reflect.Method.invoke(Method.java:497)
	at org.junit.runners.model.FrameworkMethod$1.runReflectiveCall(FrameworkMethod.java:50)
	at org.junit.internal.runners.model.ReflectiveCallable.run(ReflectiveCallable.java:12)
	at org.junit.runners.model.FrameworkMethod.invokeExplosively(FrameworkMethod.java:47)
	at org.junit.internal.runners.statements.InvokeMethod.evaluate(InvokeMethod.java:17)
	at org.junit.internal.runners.statements.RunBefores.evaluate(RunBefores.java:26)
	at org.junit.rules.TestWatcher$1.evaluate(TestWatcher.java:55)
	at org.junit.rules.RunRules.evaluate(RunRules.java:20)
	at org.junit.runners.ParentRunner.runLeaf(ParentRunner.java:325)
	at org.junit.runners.BlockJUnit4ClassRunner.runChild(BlockJUnit4ClassRunner.java:78)
	at org.junit.runners.BlockJUnit4ClassRunner.runChild(BlockJUnit4ClassRunner.java:57)
	at org.junit.runners.ParentRunner$3.run(ParentRunner.java:290)
	at org.junit.runners.ParentRunner$1.schedule(ParentRunner.java:71)
	at org.junit.runners.ParentRunner.runChildren(ParentRunner.java:288)
	at org.junit.runners.ParentRunner.access$000(ParentRunner.java:58)
	at org.junit.runners.ParentRunner$2.evaluate(ParentRunner.java:268)
	at org.junit.runners.ParentRunner.run(ParentRunner.java:363)
	at org.junit.runners.Suite.runChild(Suite.java:128)
	at org.junit.runners.Suite.runChild(Suite.java:27)
	at org.junit.runners.ParentRunner$3.run(ParentRunner.java:290)
	at org.junit.runners.ParentRunner$1.schedule(ParentRunner.java:71)
	at org.junit.runners.ParentRunner.runChildren(ParentRunner.java:288)
	at org.junit.runners.ParentRunner.access$000(ParentRunner.java:58)
	at org.junit.runners.ParentRunner$2.evaluate(ParentRunner.java:268)
	at org.junit.runners.ParentRunner.run(ParentRunner.java:363)
	at org.apache.maven.surefire.junit4.JUnit4Provider.execute(JUnit4Provider.java:367)
	at org.apache.maven.surefire.junit4.JUnit4Provider.executeWithRerun(JUnit4Provider.java:274)
	at org.apache.maven.surefire.junit4.JUnit4Provider.executeTestSet(JUnit4Provider.java:238)
	at org.apache.maven.surefire.junit4.JUnit4Provider.invoke(JUnit4Provider.java:161)
	at org.apache.maven.surefire.booter.ForkedBooter.invokeProviderInSameClassLoader(ForkedBooter.java:290)
	at org.apache.maven.surefire.booter.ForkedBooter.runSuitesInProcess(ForkedBooter.java:242)
	at org.apache.maven.surefire.booter.ForkedBooter.main(ForkedBooter.java:121)
]]></system-err>
  </testcase>
  <testcase name="testOne[CSharp:RuleAsSet]" classname="org.antlr.v4.test.runtime.csharp.TestSets" time="0.043">
    <failure type="java.lang.AssertionError">java.lang.AssertionError
</failure>
    <system-err><![CDATA[java.lang.RuntimeException: Could not locate xbuild
	at org.antlr.v4.test.runtime.csharp.BaseCSharpTest.locateTool(BaseCSharpTest.java:435)
	at org.antlr.v4.test.runtime.csharp.BaseCSharpTest.locateMSBuild(BaseCSharpTest.java:415)
	at org.antlr.v4.test.runtime.csharp.BaseCSharpTest.buildProject(BaseCSharpTest.java:380)
	at org.antlr.v4.test.runtime.csharp.BaseCSharpTest.compile(BaseCSharpTest.java:356)
	at org.antlr.v4.test.runtime.csharp.BaseCSharpTest.execRecognizer(BaseCSharpTest.java:341)
	at org.antlr.v4.test.runtime.csharp.BaseCSharpTest.rawExecRecognizer(BaseCSharpTest.java:337)
	at org.antlr.v4.test.runtime.csharp.BaseCSharpTest.execParser(BaseCSharpTest.java:270)
	at org.antlr.v4.test.runtime.BaseRuntimeTest.testParser(BaseRuntimeTest.java:155)
	at org.antlr.v4.test.runtime.BaseRuntimeTest.testOne(BaseRuntimeTest.java:118)
	at sun.reflect.GeneratedMethodAccessor6.invoke(Unknown Source)
	at sun.reflect.DelegatingMethodAccessorImpl.invoke(DelegatingMethodAccessorImpl.java:43)
	at java.lang.reflect.Method.invoke(Method.java:497)
	at org.junit.runners.model.FrameworkMethod$1.runReflectiveCall(FrameworkMethod.java:50)
	at org.junit.internal.runners.model.ReflectiveCallable.run(ReflectiveCallable.java:12)
	at org.junit.runners.model.FrameworkMethod.invokeExplosively(FrameworkMethod.java:47)
	at org.junit.internal.runners.statements.InvokeMethod.evaluate(InvokeMethod.java:17)
	at org.junit.internal.runners.statements.RunBefores.evaluate(RunBefores.java:26)
	at org.junit.rules.TestWatcher$1.evaluate(TestWatcher.java:55)
	at org.junit.rules.RunRules.evaluate(RunRules.java:20)
	at org.junit.runners.ParentRunner.runLeaf(ParentRunner.java:325)
	at org.junit.runners.BlockJUnit4ClassRunner.runChild(BlockJUnit4ClassRunner.java:78)
	at org.junit.runners.BlockJUnit4ClassRunner.runChild(BlockJUnit4ClassRunner.java:57)
	at org.junit.runners.ParentRunner$3.run(ParentRunner.java:290)
	at org.junit.runners.ParentRunner$1.schedule(ParentRunner.java:71)
	at org.junit.runners.ParentRunner.runChildren(ParentRunner.java:288)
	at org.junit.runners.ParentRunner.access$000(ParentRunner.java:58)
	at org.junit.runners.ParentRunner$2.evaluate(ParentRunner.java:268)
	at org.junit.runners.ParentRunner.run(ParentRunner.java:363)
	at org.junit.runners.Suite.runChild(Suite.java:128)
	at org.junit.runners.Suite.runChild(Suite.java:27)
	at org.junit.runners.ParentRunner$3.run(ParentRunner.java:290)
	at org.junit.runners.ParentRunner$1.schedule(ParentRunner.java:71)
	at org.junit.runners.ParentRunner.runChildren(ParentRunner.java:288)
	at org.junit.runners.ParentRunner.access$000(ParentRunner.java:58)
	at org.junit.runners.ParentRunner$2.evaluate(ParentRunner.java:268)
	at org.junit.runners.ParentRunner.run(ParentRunner.java:363)
	at org.apache.maven.surefire.junit4.JUnit4Provider.execute(JUnit4Provider.java:367)
	at org.apache.maven.surefire.junit4.JUnit4Provider.executeWithRerun(JUnit4Provider.java:274)
	at org.apache.maven.surefire.junit4.JUnit4Provider.executeTestSet(JUnit4Provider.java:238)
	at org.apache.maven.surefire.junit4.JUnit4Provider.invoke(JUnit4Provider.java:161)
	at org.apache.maven.surefire.booter.ForkedBooter.invokeProviderInSameClassLoader(ForkedBooter.java:290)
	at org.apache.maven.surefire.booter.ForkedBooter.runSuitesInProcess(ForkedBooter.java:242)
	at org.apache.maven.surefire.booter.ForkedBooter.main(ForkedBooter.java:121)
]]></system-err>
  </testcase>
  <testcase name="testOne[CSharp:PlusSet]" classname="org.antlr.v4.test.runtime.csharp.TestSets" time="0.046">
    <failure type="java.lang.AssertionError">java.lang.AssertionError
</failure>
    <system-err><![CDATA[java.lang.RuntimeException: Could not locate xbuild
	at org.antlr.v4.test.runtime.csharp.BaseCSharpTest.locateTool(BaseCSharpTest.java:435)
	at org.antlr.v4.test.runtime.csharp.BaseCSharpTest.locateMSBuild(BaseCSharpTest.java:415)
	at org.antlr.v4.test.runtime.csharp.BaseCSharpTest.buildProject(BaseCSharpTest.java:380)
	at org.antlr.v4.test.runtime.csharp.BaseCSharpTest.compile(BaseCSharpTest.java:356)
	at org.antlr.v4.test.runtime.csharp.BaseCSharpTest.execRecognizer(BaseCSharpTest.java:341)
	at org.antlr.v4.test.runtime.csharp.BaseCSharpTest.rawExecRecognizer(BaseCSharpTest.java:337)
	at org.antlr.v4.test.runtime.csharp.BaseCSharpTest.execParser(BaseCSharpTest.java:270)
	at org.antlr.v4.test.runtime.BaseRuntimeTest.testParser(BaseRuntimeTest.java:155)
	at org.antlr.v4.test.runtime.BaseRuntimeTest.testOne(BaseRuntimeTest.java:118)
	at sun.reflect.GeneratedMethodAccessor6.invoke(Unknown Source)
	at sun.reflect.DelegatingMethodAccessorImpl.invoke(DelegatingMethodAccessorImpl.java:43)
	at java.lang.reflect.Method.invoke(Method.java:497)
	at org.junit.runners.model.FrameworkMethod$1.runReflectiveCall(FrameworkMethod.java:50)
	at org.junit.internal.runners.model.ReflectiveCallable.run(ReflectiveCallable.java:12)
	at org.junit.runners.model.FrameworkMethod.invokeExplosively(FrameworkMethod.java:47)
	at org.junit.internal.runners.statements.InvokeMethod.evaluate(InvokeMethod.java:17)
	at org.junit.internal.runners.statements.RunBefores.evaluate(RunBefores.java:26)
	at org.junit.rules.TestWatcher$1.evaluate(TestWatcher.java:55)
	at org.junit.rules.RunRules.evaluate(RunRules.java:20)
	at org.junit.runners.ParentRunner.runLeaf(ParentRunner.java:325)
	at org.junit.runners.BlockJUnit4ClassRunner.runChild(BlockJUnit4ClassRunner.java:78)
	at org.junit.runners.BlockJUnit4ClassRunner.runChild(BlockJUnit4ClassRunner.java:57)
	at org.junit.runners.ParentRunner$3.run(ParentRunner.java:290)
	at org.junit.runners.ParentRunner$1.schedule(ParentRunner.java:71)
	at org.junit.runners.ParentRunner.runChildren(ParentRunner.java:288)
	at org.junit.runners.ParentRunner.access$000(ParentRunner.java:58)
	at org.junit.runners.ParentRunner$2.evaluate(ParentRunner.java:268)
	at org.junit.runners.ParentRunner.run(ParentRunner.java:363)
	at org.junit.runners.Suite.runChild(Suite.java:128)
	at org.junit.runners.Suite.runChild(Suite.java:27)
	at org.junit.runners.ParentRunner$3.run(ParentRunner.java:290)
	at org.junit.runners.ParentRunner$1.schedule(ParentRunner.java:71)
	at org.junit.runners.ParentRunner.runChildren(ParentRunner.java:288)
	at org.junit.runners.ParentRunner.access$000(ParentRunner.java:58)
	at org.junit.runners.ParentRunner$2.evaluate(ParentRunner.java:268)
	at org.junit.runners.ParentRunner.run(ParentRunner.java:363)
	at org.apache.maven.surefire.junit4.JUnit4Provider.execute(JUnit4Provider.java:367)
	at org.apache.maven.surefire.junit4.JUnit4Provider.executeWithRerun(JUnit4Provider.java:274)
	at org.apache.maven.surefire.junit4.JUnit4Provider.executeTestSet(JUnit4Provider.java:238)
	at org.apache.maven.surefire.junit4.JUnit4Provider.invoke(JUnit4Provider.java:161)
	at org.apache.maven.surefire.booter.ForkedBooter.invokeProviderInSameClassLoader(ForkedBooter.java:290)
	at org.apache.maven.surefire.booter.ForkedBooter.runSuitesInProcess(ForkedBooter.java:242)
	at org.apache.maven.surefire.booter.ForkedBooter.main(ForkedBooter.java:121)
]]></system-err>
  </testcase>
  <testcase name="testOne[CSharp:PlusLexerSingleElement]" classname="org.antlr.v4.test.runtime.csharp.TestSets" time="0.042">
    <failure type="java.lang.AssertionError">java.lang.AssertionError
</failure>
    <system-err><![CDATA[java.lang.RuntimeException: Could not locate xbuild
	at org.antlr.v4.test.runtime.csharp.BaseCSharpTest.locateTool(BaseCSharpTest.java:435)
	at org.antlr.v4.test.runtime.csharp.BaseCSharpTest.locateMSBuild(BaseCSharpTest.java:415)
	at org.antlr.v4.test.runtime.csharp.BaseCSharpTest.buildProject(BaseCSharpTest.java:380)
	at org.antlr.v4.test.runtime.csharp.BaseCSharpTest.compile(BaseCSharpTest.java:356)
	at org.antlr.v4.test.runtime.csharp.BaseCSharpTest.execRecognizer(BaseCSharpTest.java:341)
	at org.antlr.v4.test.runtime.csharp.BaseCSharpTest.rawExecRecognizer(BaseCSharpTest.java:337)
	at org.antlr.v4.test.runtime.csharp.BaseCSharpTest.execParser(BaseCSharpTest.java:270)
	at org.antlr.v4.test.runtime.BaseRuntimeTest.testParser(BaseRuntimeTest.java:155)
	at org.antlr.v4.test.runtime.BaseRuntimeTest.testOne(BaseRuntimeTest.java:118)
	at sun.reflect.GeneratedMethodAccessor6.invoke(Unknown Source)
	at sun.reflect.DelegatingMethodAccessorImpl.invoke(DelegatingMethodAccessorImpl.java:43)
	at java.lang.reflect.Method.invoke(Method.java:497)
	at org.junit.runners.model.FrameworkMethod$1.runReflectiveCall(FrameworkMethod.java:50)
	at org.junit.internal.runners.model.ReflectiveCallable.run(ReflectiveCallable.java:12)
	at org.junit.runners.model.FrameworkMethod.invokeExplosively(FrameworkMethod.java:47)
	at org.junit.internal.runners.statements.InvokeMethod.evaluate(InvokeMethod.java:17)
	at org.junit.internal.runners.statements.RunBefores.evaluate(RunBefores.java:26)
	at org.junit.rules.TestWatcher$1.evaluate(TestWatcher.java:55)
	at org.junit.rules.RunRules.evaluate(RunRules.java:20)
	at org.junit.runners.ParentRunner.runLeaf(ParentRunner.java:325)
	at org.junit.runners.BlockJUnit4ClassRunner.runChild(BlockJUnit4ClassRunner.java:78)
	at org.junit.runners.BlockJUnit4ClassRunner.runChild(BlockJUnit4ClassRunner.java:57)
	at org.junit.runners.ParentRunner$3.run(ParentRunner.java:290)
	at org.junit.runners.ParentRunner$1.schedule(ParentRunner.java:71)
	at org.junit.runners.ParentRunner.runChildren(ParentRunner.java:288)
	at org.junit.runners.ParentRunner.access$000(ParentRunner.java:58)
	at org.junit.runners.ParentRunner$2.evaluate(ParentRunner.java:268)
	at org.junit.runners.ParentRunner.run(ParentRunner.java:363)
	at org.junit.runners.Suite.runChild(Suite.java:128)
	at org.junit.runners.Suite.runChild(Suite.java:27)
	at org.junit.runners.ParentRunner$3.run(ParentRunner.java:290)
	at org.junit.runners.ParentRunner$1.schedule(ParentRunner.java:71)
	at org.junit.runners.ParentRunner.runChildren(ParentRunner.java:288)
	at org.junit.runners.ParentRunner.access$000(ParentRunner.java:58)
	at org.junit.runners.ParentRunner$2.evaluate(ParentRunner.java:268)
	at org.junit.runners.ParentRunner.run(ParentRunner.java:363)
	at org.apache.maven.surefire.junit4.JUnit4Provider.execute(JUnit4Provider.java:367)
	at org.apache.maven.surefire.junit4.JUnit4Provider.executeWithRerun(JUnit4Provider.java:274)
	at org.apache.maven.surefire.junit4.JUnit4Provider.executeTestSet(JUnit4Provider.java:238)
	at org.apache.maven.surefire.junit4.JUnit4Provider.invoke(JUnit4Provider.java:161)
	at org.apache.maven.surefire.booter.ForkedBooter.invokeProviderInSameClassLoader(ForkedBooter.java:290)
	at org.apache.maven.surefire.booter.ForkedBooter.runSuitesInProcess(ForkedBooter.java:242)
	at org.apache.maven.surefire.booter.ForkedBooter.main(ForkedBooter.java:121)
]]></system-err>
  </testcase>
  <testcase name="testOne[CSharp:ParserSet]" classname="org.antlr.v4.test.runtime.csharp.TestSets" time="0.046">
    <failure type="java.lang.AssertionError">java.lang.AssertionError
</failure>
    <system-err><![CDATA[java.lang.RuntimeException: Could not locate xbuild
	at org.antlr.v4.test.runtime.csharp.BaseCSharpTest.locateTool(BaseCSharpTest.java:435)
	at org.antlr.v4.test.runtime.csharp.BaseCSharpTest.locateMSBuild(BaseCSharpTest.java:415)
	at org.antlr.v4.test.runtime.csharp.BaseCSharpTest.buildProject(BaseCSharpTest.java:380)
	at org.antlr.v4.test.runtime.csharp.BaseCSharpTest.compile(BaseCSharpTest.java:356)
	at org.antlr.v4.test.runtime.csharp.BaseCSharpTest.execRecognizer(BaseCSharpTest.java:341)
	at org.antlr.v4.test.runtime.csharp.BaseCSharpTest.rawExecRecognizer(BaseCSharpTest.java:337)
	at org.antlr.v4.test.runtime.csharp.BaseCSharpTest.execParser(BaseCSharpTest.java:270)
	at org.antlr.v4.test.runtime.BaseRuntimeTest.testParser(BaseRuntimeTest.java:155)
	at org.antlr.v4.test.runtime.BaseRuntimeTest.testOne(BaseRuntimeTest.java:118)
	at sun.reflect.GeneratedMethodAccessor6.invoke(Unknown Source)
	at sun.reflect.DelegatingMethodAccessorImpl.invoke(DelegatingMethodAccessorImpl.java:43)
	at java.lang.reflect.Method.invoke(Method.java:497)
	at org.junit.runners.model.FrameworkMethod$1.runReflectiveCall(FrameworkMethod.java:50)
	at org.junit.internal.runners.model.ReflectiveCallable.run(ReflectiveCallable.java:12)
	at org.junit.runners.model.FrameworkMethod.invokeExplosively(FrameworkMethod.java:47)
	at org.junit.internal.runners.statements.InvokeMethod.evaluate(InvokeMethod.java:17)
	at org.junit.internal.runners.statements.RunBefores.evaluate(RunBefores.java:26)
	at org.junit.rules.TestWatcher$1.evaluate(TestWatcher.java:55)
	at org.junit.rules.RunRules.evaluate(RunRules.java:20)
	at org.junit.runners.ParentRunner.runLeaf(ParentRunner.java:325)
	at org.junit.runners.BlockJUnit4ClassRunner.runChild(BlockJUnit4ClassRunner.java:78)
	at org.junit.runners.BlockJUnit4ClassRunner.runChild(BlockJUnit4ClassRunner.java:57)
	at org.junit.runners.ParentRunner$3.run(ParentRunner.java:290)
	at org.junit.runners.ParentRunner$1.schedule(ParentRunner.java:71)
	at org.junit.runners.ParentRunner.runChildren(ParentRunner.java:288)
	at org.junit.runners.ParentRunner.access$000(ParentRunner.java:58)
	at org.junit.runners.ParentRunner$2.evaluate(ParentRunner.java:268)
	at org.junit.runners.ParentRunner.run(ParentRunner.java:363)
	at org.junit.runners.Suite.runChild(Suite.java:128)
	at org.junit.runners.Suite.runChild(Suite.java:27)
	at org.junit.runners.ParentRunner$3.run(ParentRunner.java:290)
	at org.junit.runners.ParentRunner$1.schedule(ParentRunner.java:71)
	at org.junit.runners.ParentRunner.runChildren(ParentRunner.java:288)
	at org.junit.runners.ParentRunner.access$000(ParentRunner.java:58)
	at org.junit.runners.ParentRunner$2.evaluate(ParentRunner.java:268)
	at org.junit.runners.ParentRunner.run(ParentRunner.java:363)
	at org.apache.maven.surefire.junit4.JUnit4Provider.execute(JUnit4Provider.java:367)
	at org.apache.maven.surefire.junit4.JUnit4Provider.executeWithRerun(JUnit4Provider.java:274)
	at org.apache.maven.surefire.junit4.JUnit4Provider.executeTestSet(JUnit4Provider.java:238)
	at org.apache.maven.surefire.junit4.JUnit4Provider.invoke(JUnit4Provider.java:161)
	at org.apache.maven.surefire.booter.ForkedBooter.invokeProviderInSameClassLoader(ForkedBooter.java:290)
	at org.apache.maven.surefire.booter.ForkedBooter.runSuitesInProcess(ForkedBooter.java:242)
	at org.apache.maven.surefire.booter.ForkedBooter.main(ForkedBooter.java:121)
]]></system-err>
  </testcase>
  <testcase name="testOne[CSharp:ParserNotTokenWithLabel]" classname="org.antlr.v4.test.runtime.csharp.TestSets" time="0.039">
    <failure type="java.lang.AssertionError">java.lang.AssertionError
</failure>
    <system-err><![CDATA[java.lang.RuntimeException: Could not locate xbuild
	at org.antlr.v4.test.runtime.csharp.BaseCSharpTest.locateTool(BaseCSharpTest.java:435)
	at org.antlr.v4.test.runtime.csharp.BaseCSharpTest.locateMSBuild(BaseCSharpTest.java:415)
	at org.antlr.v4.test.runtime.csharp.BaseCSharpTest.buildProject(BaseCSharpTest.java:380)
	at org.antlr.v4.test.runtime.csharp.BaseCSharpTest.compile(BaseCSharpTest.java:356)
	at org.antlr.v4.test.runtime.csharp.BaseCSharpTest.execRecognizer(BaseCSharpTest.java:341)
	at org.antlr.v4.test.runtime.csharp.BaseCSharpTest.rawExecRecognizer(BaseCSharpTest.java:337)
	at org.antlr.v4.test.runtime.csharp.BaseCSharpTest.execParser(BaseCSharpTest.java:270)
	at org.antlr.v4.test.runtime.BaseRuntimeTest.testParser(BaseRuntimeTest.java:155)
	at org.antlr.v4.test.runtime.BaseRuntimeTest.testOne(BaseRuntimeTest.java:118)
	at sun.reflect.GeneratedMethodAccessor6.invoke(Unknown Source)
	at sun.reflect.DelegatingMethodAccessorImpl.invoke(DelegatingMethodAccessorImpl.java:43)
	at java.lang.reflect.Method.invoke(Method.java:497)
	at org.junit.runners.model.FrameworkMethod$1.runReflectiveCall(FrameworkMethod.java:50)
	at org.junit.internal.runners.model.ReflectiveCallable.run(ReflectiveCallable.java:12)
	at org.junit.runners.model.FrameworkMethod.invokeExplosively(FrameworkMethod.java:47)
	at org.junit.internal.runners.statements.InvokeMethod.evaluate(InvokeMethod.java:17)
	at org.junit.internal.runners.statements.RunBefores.evaluate(RunBefores.java:26)
	at org.junit.rules.TestWatcher$1.evaluate(TestWatcher.java:55)
	at org.junit.rules.RunRules.evaluate(RunRules.java:20)
	at org.junit.runners.ParentRunner.runLeaf(ParentRunner.java:325)
	at org.junit.runners.BlockJUnit4ClassRunner.runChild(BlockJUnit4ClassRunner.java:78)
	at org.junit.runners.BlockJUnit4ClassRunner.runChild(BlockJUnit4ClassRunner.java:57)
	at org.junit.runners.ParentRunner$3.run(ParentRunner.java:290)
	at org.junit.runners.ParentRunner$1.schedule(ParentRunner.java:71)
	at org.junit.runners.ParentRunner.runChildren(ParentRunner.java:288)
	at org.junit.runners.ParentRunner.access$000(ParentRunner.java:58)
	at org.junit.runners.ParentRunner$2.evaluate(ParentRunner.java:268)
	at org.junit.runners.ParentRunner.run(ParentRunner.java:363)
	at org.junit.runners.Suite.runChild(Suite.java:128)
	at org.junit.runners.Suite.runChild(Suite.java:27)
	at org.junit.runners.ParentRunner$3.run(ParentRunner.java:290)
	at org.junit.runners.ParentRunner$1.schedule(ParentRunner.java:71)
	at org.junit.runners.ParentRunner.runChildren(ParentRunner.java:288)
	at org.junit.runners.ParentRunner.access$000(ParentRunner.java:58)
	at org.junit.runners.ParentRunner$2.evaluate(ParentRunner.java:268)
	at org.junit.runners.ParentRunner.run(ParentRunner.java:363)
	at org.apache.maven.surefire.junit4.JUnit4Provider.execute(JUnit4Provider.java:367)
	at org.apache.maven.surefire.junit4.JUnit4Provider.executeWithRerun(JUnit4Provider.java:274)
	at org.apache.maven.surefire.junit4.JUnit4Provider.executeTestSet(JUnit4Provider.java:238)
	at org.apache.maven.surefire.junit4.JUnit4Provider.invoke(JUnit4Provider.java:161)
	at org.apache.maven.surefire.booter.ForkedBooter.invokeProviderInSameClassLoader(ForkedBooter.java:290)
	at org.apache.maven.surefire.booter.ForkedBooter.runSuitesInProcess(ForkedBooter.java:242)
	at org.apache.maven.surefire.booter.ForkedBooter.main(ForkedBooter.java:121)
]]></system-err>
  </testcase>
  <testcase name="testOne[CSharp:ParserNotToken]" classname="org.antlr.v4.test.runtime.csharp.TestSets" time="0.041">
    <failure type="java.lang.AssertionError">java.lang.AssertionError
</failure>
    <system-err><![CDATA[java.lang.RuntimeException: Could not locate xbuild
	at org.antlr.v4.test.runtime.csharp.BaseCSharpTest.locateTool(BaseCSharpTest.java:435)
	at org.antlr.v4.test.runtime.csharp.BaseCSharpTest.locateMSBuild(BaseCSharpTest.java:415)
	at org.antlr.v4.test.runtime.csharp.BaseCSharpTest.buildProject(BaseCSharpTest.java:380)
	at org.antlr.v4.test.runtime.csharp.BaseCSharpTest.compile(BaseCSharpTest.java:356)
	at org.antlr.v4.test.runtime.csharp.BaseCSharpTest.execRecognizer(BaseCSharpTest.java:341)
	at org.antlr.v4.test.runtime.csharp.BaseCSharpTest.rawExecRecognizer(BaseCSharpTest.java:337)
	at org.antlr.v4.test.runtime.csharp.BaseCSharpTest.execParser(BaseCSharpTest.java:270)
	at org.antlr.v4.test.runtime.BaseRuntimeTest.testParser(BaseRuntimeTest.java:155)
	at org.antlr.v4.test.runtime.BaseRuntimeTest.testOne(BaseRuntimeTest.java:118)
	at sun.reflect.GeneratedMethodAccessor6.invoke(Unknown Source)
	at sun.reflect.DelegatingMethodAccessorImpl.invoke(DelegatingMethodAccessorImpl.java:43)
	at java.lang.reflect.Method.invoke(Method.java:497)
	at org.junit.runners.model.FrameworkMethod$1.runReflectiveCall(FrameworkMethod.java:50)
	at org.junit.internal.runners.model.ReflectiveCallable.run(ReflectiveCallable.java:12)
	at org.junit.runners.model.FrameworkMethod.invokeExplosively(FrameworkMethod.java:47)
	at org.junit.internal.runners.statements.InvokeMethod.evaluate(InvokeMethod.java:17)
	at org.junit.internal.runners.statements.RunBefores.evaluate(RunBefores.java:26)
	at org.junit.rules.TestWatcher$1.evaluate(TestWatcher.java:55)
	at org.junit.rules.RunRules.evaluate(RunRules.java:20)
	at org.junit.runners.ParentRunner.runLeaf(ParentRunner.java:325)
	at org.junit.runners.BlockJUnit4ClassRunner.runChild(BlockJUnit4ClassRunner.java:78)
	at org.junit.runners.BlockJUnit4ClassRunner.runChild(BlockJUnit4ClassRunner.java:57)
	at org.junit.runners.ParentRunner$3.run(ParentRunner.java:290)
	at org.junit.runners.ParentRunner$1.schedule(ParentRunner.java:71)
	at org.junit.runners.ParentRunner.runChildren(ParentRunner.java:288)
	at org.junit.runners.ParentRunner.access$000(ParentRunner.java:58)
	at org.junit.runners.ParentRunner$2.evaluate(ParentRunner.java:268)
	at org.junit.runners.ParentRunner.run(ParentRunner.java:363)
	at org.junit.runners.Suite.runChild(Suite.java:128)
	at org.junit.runners.Suite.runChild(Suite.java:27)
	at org.junit.runners.ParentRunner$3.run(ParentRunner.java:290)
	at org.junit.runners.ParentRunner$1.schedule(ParentRunner.java:71)
	at org.junit.runners.ParentRunner.runChildren(ParentRunner.java:288)
	at org.junit.runners.ParentRunner.access$000(ParentRunner.java:58)
	at org.junit.runners.ParentRunner$2.evaluate(ParentRunner.java:268)
	at org.junit.runners.ParentRunner.run(ParentRunner.java:363)
	at org.apache.maven.surefire.junit4.JUnit4Provider.execute(JUnit4Provider.java:367)
	at org.apache.maven.surefire.junit4.JUnit4Provider.executeWithRerun(JUnit4Provider.java:274)
	at org.apache.maven.surefire.junit4.JUnit4Provider.executeTestSet(JUnit4Provider.java:238)
	at org.apache.maven.surefire.junit4.JUnit4Provider.invoke(JUnit4Provider.java:161)
	at org.apache.maven.surefire.booter.ForkedBooter.invokeProviderInSameClassLoader(ForkedBooter.java:290)
	at org.apache.maven.surefire.booter.ForkedBooter.runSuitesInProcess(ForkedBooter.java:242)
	at org.apache.maven.surefire.booter.ForkedBooter.main(ForkedBooter.java:121)
]]></system-err>
  </testcase>
  <testcase name="testOne[CSharp:ParserNotSet]" classname="org.antlr.v4.test.runtime.csharp.TestSets" time="0.049">
    <failure type="java.lang.AssertionError">java.lang.AssertionError
</failure>
    <system-err><![CDATA[java.lang.RuntimeException: Could not locate xbuild
	at org.antlr.v4.test.runtime.csharp.BaseCSharpTest.locateTool(BaseCSharpTest.java:435)
	at org.antlr.v4.test.runtime.csharp.BaseCSharpTest.locateMSBuild(BaseCSharpTest.java:415)
	at org.antlr.v4.test.runtime.csharp.BaseCSharpTest.buildProject(BaseCSharpTest.java:380)
	at org.antlr.v4.test.runtime.csharp.BaseCSharpTest.compile(BaseCSharpTest.java:356)
	at org.antlr.v4.test.runtime.csharp.BaseCSharpTest.execRecognizer(BaseCSharpTest.java:341)
	at org.antlr.v4.test.runtime.csharp.BaseCSharpTest.rawExecRecognizer(BaseCSharpTest.java:337)
	at org.antlr.v4.test.runtime.csharp.BaseCSharpTest.execParser(BaseCSharpTest.java:270)
	at org.antlr.v4.test.runtime.BaseRuntimeTest.testParser(BaseRuntimeTest.java:155)
	at org.antlr.v4.test.runtime.BaseRuntimeTest.testOne(BaseRuntimeTest.java:118)
	at sun.reflect.GeneratedMethodAccessor6.invoke(Unknown Source)
	at sun.reflect.DelegatingMethodAccessorImpl.invoke(DelegatingMethodAccessorImpl.java:43)
	at java.lang.reflect.Method.invoke(Method.java:497)
	at org.junit.runners.model.FrameworkMethod$1.runReflectiveCall(FrameworkMethod.java:50)
	at org.junit.internal.runners.model.ReflectiveCallable.run(ReflectiveCallable.java:12)
	at org.junit.runners.model.FrameworkMethod.invokeExplosively(FrameworkMethod.java:47)
	at org.junit.internal.runners.statements.InvokeMethod.evaluate(InvokeMethod.java:17)
	at org.junit.internal.runners.statements.RunBefores.evaluate(RunBefores.java:26)
	at org.junit.rules.TestWatcher$1.evaluate(TestWatcher.java:55)
	at org.junit.rules.RunRules.evaluate(RunRules.java:20)
	at org.junit.runners.ParentRunner.runLeaf(ParentRunner.java:325)
	at org.junit.runners.BlockJUnit4ClassRunner.runChild(BlockJUnit4ClassRunner.java:78)
	at org.junit.runners.BlockJUnit4ClassRunner.runChild(BlockJUnit4ClassRunner.java:57)
	at org.junit.runners.ParentRunner$3.run(ParentRunner.java:290)
	at org.junit.runners.ParentRunner$1.schedule(ParentRunner.java:71)
	at org.junit.runners.ParentRunner.runChildren(ParentRunner.java:288)
	at org.junit.runners.ParentRunner.access$000(ParentRunner.java:58)
	at org.junit.runners.ParentRunner$2.evaluate(ParentRunner.java:268)
	at org.junit.runners.ParentRunner.run(ParentRunner.java:363)
	at org.junit.runners.Suite.runChild(Suite.java:128)
	at org.junit.runners.Suite.runChild(Suite.java:27)
	at org.junit.runners.ParentRunner$3.run(ParentRunner.java:290)
	at org.junit.runners.ParentRunner$1.schedule(ParentRunner.java:71)
	at org.junit.runners.ParentRunner.runChildren(ParentRunner.java:288)
	at org.junit.runners.ParentRunner.access$000(ParentRunner.java:58)
	at org.junit.runners.ParentRunner$2.evaluate(ParentRunner.java:268)
	at org.junit.runners.ParentRunner.run(ParentRunner.java:363)
	at org.apache.maven.surefire.junit4.JUnit4Provider.execute(JUnit4Provider.java:367)
	at org.apache.maven.surefire.junit4.JUnit4Provider.executeWithRerun(JUnit4Provider.java:274)
	at org.apache.maven.surefire.junit4.JUnit4Provider.executeTestSet(JUnit4Provider.java:238)
	at org.apache.maven.surefire.junit4.JUnit4Provider.invoke(JUnit4Provider.java:161)
	at org.apache.maven.surefire.booter.ForkedBooter.invokeProviderInSameClassLoader(ForkedBooter.java:290)
	at org.apache.maven.surefire.booter.ForkedBooter.runSuitesInProcess(ForkedBooter.java:242)
	at org.apache.maven.surefire.booter.ForkedBooter.main(ForkedBooter.java:121)
]]></system-err>
  </testcase>
  <testcase name="testOne[CSharp:OptionalSingleElement]" classname="org.antlr.v4.test.runtime.csharp.TestSets" time="0.042">
    <failure type="java.lang.AssertionError">java.lang.AssertionError
</failure>
    <system-err><![CDATA[java.lang.RuntimeException: Could not locate xbuild
	at org.antlr.v4.test.runtime.csharp.BaseCSharpTest.locateTool(BaseCSharpTest.java:435)
	at org.antlr.v4.test.runtime.csharp.BaseCSharpTest.locateMSBuild(BaseCSharpTest.java:415)
	at org.antlr.v4.test.runtime.csharp.BaseCSharpTest.buildProject(BaseCSharpTest.java:380)
	at org.antlr.v4.test.runtime.csharp.BaseCSharpTest.compile(BaseCSharpTest.java:356)
	at org.antlr.v4.test.runtime.csharp.BaseCSharpTest.execRecognizer(BaseCSharpTest.java:341)
	at org.antlr.v4.test.runtime.csharp.BaseCSharpTest.rawExecRecognizer(BaseCSharpTest.java:337)
	at org.antlr.v4.test.runtime.csharp.BaseCSharpTest.execParser(BaseCSharpTest.java:270)
	at org.antlr.v4.test.runtime.BaseRuntimeTest.testParser(BaseRuntimeTest.java:155)
	at org.antlr.v4.test.runtime.BaseRuntimeTest.testOne(BaseRuntimeTest.java:118)
	at sun.reflect.GeneratedMethodAccessor6.invoke(Unknown Source)
	at sun.reflect.DelegatingMethodAccessorImpl.invoke(DelegatingMethodAccessorImpl.java:43)
	at java.lang.reflect.Method.invoke(Method.java:497)
	at org.junit.runners.model.FrameworkMethod$1.runReflectiveCall(FrameworkMethod.java:50)
	at org.junit.internal.runners.model.ReflectiveCallable.run(ReflectiveCallable.java:12)
	at org.junit.runners.model.FrameworkMethod.invokeExplosively(FrameworkMethod.java:47)
	at org.junit.internal.runners.statements.InvokeMethod.evaluate(InvokeMethod.java:17)
	at org.junit.internal.runners.statements.RunBefores.evaluate(RunBefores.java:26)
	at org.junit.rules.TestWatcher$1.evaluate(TestWatcher.java:55)
	at org.junit.rules.RunRules.evaluate(RunRules.java:20)
	at org.junit.runners.ParentRunner.runLeaf(ParentRunner.java:325)
	at org.junit.runners.BlockJUnit4ClassRunner.runChild(BlockJUnit4ClassRunner.java:78)
	at org.junit.runners.BlockJUnit4ClassRunner.runChild(BlockJUnit4ClassRunner.java:57)
	at org.junit.runners.ParentRunner$3.run(ParentRunner.java:290)
	at org.junit.runners.ParentRunner$1.schedule(ParentRunner.java:71)
	at org.junit.runners.ParentRunner.runChildren(ParentRunner.java:288)
	at org.junit.runners.ParentRunner.access$000(ParentRunner.java:58)
	at org.junit.runners.ParentRunner$2.evaluate(ParentRunner.java:268)
	at org.junit.runners.ParentRunner.run(ParentRunner.java:363)
	at org.junit.runners.Suite.runChild(Suite.java:128)
	at org.junit.runners.Suite.runChild(Suite.java:27)
	at org.junit.runners.ParentRunner$3.run(ParentRunner.java:290)
	at org.junit.runners.ParentRunner$1.schedule(ParentRunner.java:71)
	at org.junit.runners.ParentRunner.runChildren(ParentRunner.java:288)
	at org.junit.runners.ParentRunner.access$000(ParentRunner.java:58)
	at org.junit.runners.ParentRunner$2.evaluate(ParentRunner.java:268)
	at org.junit.runners.ParentRunner.run(ParentRunner.java:363)
	at org.apache.maven.surefire.junit4.JUnit4Provider.execute(JUnit4Provider.java:367)
	at org.apache.maven.surefire.junit4.JUnit4Provider.executeWithRerun(JUnit4Provider.java:274)
	at org.apache.maven.surefire.junit4.JUnit4Provider.executeTestSet(JUnit4Provider.java:238)
	at org.apache.maven.surefire.junit4.JUnit4Provider.invoke(JUnit4Provider.java:161)
	at org.apache.maven.surefire.booter.ForkedBooter.invokeProviderInSameClassLoader(ForkedBooter.java:290)
	at org.apache.maven.surefire.booter.ForkedBooter.runSuitesInProcess(ForkedBooter.java:242)
	at org.apache.maven.surefire.booter.ForkedBooter.main(ForkedBooter.java:121)
]]></system-err>
  </testcase>
  <testcase name="testOne[CSharp:OptionalSet]" classname="org.antlr.v4.test.runtime.csharp.TestSets" time="0.047">
    <failure type="java.lang.AssertionError">java.lang.AssertionError
</failure>
    <system-err><![CDATA[java.lang.RuntimeException: Could not locate xbuild
	at org.antlr.v4.test.runtime.csharp.BaseCSharpTest.locateTool(BaseCSharpTest.java:435)
	at org.antlr.v4.test.runtime.csharp.BaseCSharpTest.locateMSBuild(BaseCSharpTest.java:415)
	at org.antlr.v4.test.runtime.csharp.BaseCSharpTest.buildProject(BaseCSharpTest.java:380)
	at org.antlr.v4.test.runtime.csharp.BaseCSharpTest.compile(BaseCSharpTest.java:356)
	at org.antlr.v4.test.runtime.csharp.BaseCSharpTest.execRecognizer(BaseCSharpTest.java:341)
	at org.antlr.v4.test.runtime.csharp.BaseCSharpTest.rawExecRecognizer(BaseCSharpTest.java:337)
	at org.antlr.v4.test.runtime.csharp.BaseCSharpTest.execParser(BaseCSharpTest.java:270)
	at org.antlr.v4.test.runtime.BaseRuntimeTest.testParser(BaseRuntimeTest.java:155)
	at org.antlr.v4.test.runtime.BaseRuntimeTest.testOne(BaseRuntimeTest.java:118)
	at sun.reflect.GeneratedMethodAccessor6.invoke(Unknown Source)
	at sun.reflect.DelegatingMethodAccessorImpl.invoke(DelegatingMethodAccessorImpl.java:43)
	at java.lang.reflect.Method.invoke(Method.java:497)
	at org.junit.runners.model.FrameworkMethod$1.runReflectiveCall(FrameworkMethod.java:50)
	at org.junit.internal.runners.model.ReflectiveCallable.run(ReflectiveCallable.java:12)
	at org.junit.runners.model.FrameworkMethod.invokeExplosively(FrameworkMethod.java:47)
	at org.junit.internal.runners.statements.InvokeMethod.evaluate(InvokeMethod.java:17)
	at org.junit.internal.runners.statements.RunBefores.evaluate(RunBefores.java:26)
	at org.junit.rules.TestWatcher$1.evaluate(TestWatcher.java:55)
	at org.junit.rules.RunRules.evaluate(RunRules.java:20)
	at org.junit.runners.ParentRunner.runLeaf(ParentRunner.java:325)
	at org.junit.runners.BlockJUnit4ClassRunner.runChild(BlockJUnit4ClassRunner.java:78)
	at org.junit.runners.BlockJUnit4ClassRunner.runChild(BlockJUnit4ClassRunner.java:57)
	at org.junit.runners.ParentRunner$3.run(ParentRunner.java:290)
	at org.junit.runners.ParentRunner$1.schedule(ParentRunner.java:71)
	at org.junit.runners.ParentRunner.runChildren(ParentRunner.java:288)
	at org.junit.runners.ParentRunner.access$000(ParentRunner.java:58)
	at org.junit.runners.ParentRunner$2.evaluate(ParentRunner.java:268)
	at org.junit.runners.ParentRunner.run(ParentRunner.java:363)
	at org.junit.runners.Suite.runChild(Suite.java:128)
	at org.junit.runners.Suite.runChild(Suite.java:27)
	at org.junit.runners.ParentRunner$3.run(ParentRunner.java:290)
	at org.junit.runners.ParentRunner$1.schedule(ParentRunner.java:71)
	at org.junit.runners.ParentRunner.runChildren(ParentRunner.java:288)
	at org.junit.runners.ParentRunner.access$000(ParentRunner.java:58)
	at org.junit.runners.ParentRunner$2.evaluate(ParentRunner.java:268)
	at org.junit.runners.ParentRunner.run(ParentRunner.java:363)
	at org.apache.maven.surefire.junit4.JUnit4Provider.execute(JUnit4Provider.java:367)
	at org.apache.maven.surefire.junit4.JUnit4Provider.executeWithRerun(JUnit4Provider.java:274)
[...]
	at org.junit.runners.ParentRunner.runLeaf(ParentRunner.java:325)
	at org.junit.runners.BlockJUnit4ClassRunner.runChild(BlockJUnit4ClassRunner.java:78)
	at org.junit.runners.BlockJUnit4ClassRunner.runChild(BlockJUnit4ClassRunner.java:57)
	at org.junit.runners.ParentRunner$3.run(ParentRunner.java:290)
	at org.junit.runners.ParentRunner$1.schedule(ParentRunner.java:71)
	at org.junit.runners.ParentRunner.runChildren(ParentRunner.java:288)
	at org.junit.runners.ParentRunner.access$000(ParentRunner.java:58)
	at org.junit.runners.ParentRunner$2.evaluate(ParentRunner.java:268)
	at org.junit.runners.ParentRunner.run(ParentRunner.java:363)
	at org.junit.runners.Suite.runChild(Suite.java:128)
	at org.junit.runners.Suite.runChild(Suite.java:27)
	at org.junit.runners.ParentRunner$3.run(ParentRunner.java:290)
	at org.junit.runners.ParentRunner$1.schedule(ParentRunner.java:71)
	at org.junit.runners.ParentRunner.runChildren(ParentRunner.java:288)
	at org.junit.runners.ParentRunner.access$000(ParentRunner.java:58)
	at org.junit.runners.ParentRunner$2.evaluate(ParentRunner.java:268)
	at org.junit.runners.ParentRunner.run(ParentRunner.java:363)
	at org.apache.maven.surefire.junit4.JUnit4Provider.execute(JUnit4Provider.java:367)
	at org.apache.maven.surefire.junit4.JUnit4Provider.executeWithRerun(JUnit4Provider.java:274)
	at org.apache.maven.surefire.junit4.JUnit4Provider.executeTestSet(JUnit4Provider.java:238)
	at org.apache.maven.surefire.junit4.JUnit4Provider.invoke(JUnit4Provider.java:161)
	at org.apache.maven.surefire.booter.ForkedBooter.invokeProviderInSameClassLoader(ForkedBooter.java:290)
	at org.apache.maven.surefire.booter.ForkedBooter.runSuitesInProcess(ForkedBooter.java:242)
	at org.apache.maven.surefire.booter.ForkedBooter.main(ForkedBooter.java:121)
]]></system-err>
  </testcase>
  <testcase name="testOne[CSharp:LexerStarSet]" classname="org.antlr.v4.test.runtime.csharp.TestSets" time="0.045">
    <failure type="java.lang.AssertionError">java.lang.AssertionError
</failure>
    <system-err><![CDATA[java.lang.RuntimeException: Could not locate xbuild
	at org.antlr.v4.test.runtime.csharp.BaseCSharpTest.locateTool(BaseCSharpTest.java:435)
	at org.antlr.v4.test.runtime.csharp.BaseCSharpTest.locateMSBuild(BaseCSharpTest.java:415)
	at org.antlr.v4.test.runtime.csharp.BaseCSharpTest.buildProject(BaseCSharpTest.java:380)
	at org.antlr.v4.test.runtime.csharp.BaseCSharpTest.compile(BaseCSharpTest.java:356)
	at org.antlr.v4.test.runtime.csharp.BaseCSharpTest.execRecognizer(BaseCSharpTest.java:341)
	at org.antlr.v4.test.runtime.csharp.BaseCSharpTest.rawExecRecognizer(BaseCSharpTest.java:337)
	at org.antlr.v4.test.runtime.csharp.BaseCSharpTest.execParser(BaseCSharpTest.java:270)
	at org.antlr.v4.test.runtime.BaseRuntimeTest.testParser(BaseRuntimeTest.java:155)
	at org.antlr.v4.test.runtime.BaseRuntimeTest.testOne(BaseRuntimeTest.java:118)
	at sun.reflect.GeneratedMethodAccessor6.invoke(Unknown Source)
	at sun.reflect.DelegatingMethodAccessorImpl.invoke(DelegatingMethodAccessorImpl.java:43)
	at java.lang.reflect.Method.invoke(Method.java:497)
	at org.junit.runners.model.FrameworkMethod$1.runReflectiveCall(FrameworkMethod.java:50)
	at org.junit.internal.runners.model.ReflectiveCallable.run(ReflectiveCallable.java:12)
	at org.junit.runners.model.FrameworkMethod.invokeExplosively(FrameworkMethod.java:47)
	at org.junit.internal.runners.statements.InvokeMethod.evaluate(InvokeMethod.java:17)
	at org.junit.internal.runners.statements.RunBefores.evaluate(RunBefores.java:26)
	at org.junit.rules.TestWatcher$1.evaluate(TestWatcher.java:55)
	at org.junit.rules.RunRules.evaluate(RunRules.java:20)
	at org.junit.runners.ParentRunner.runLeaf(ParentRunner.java:325)
	at org.junit.runners.BlockJUnit4ClassRunner.runChild(BlockJUnit4ClassRunner.java:78)
	at org.junit.runners.BlockJUnit4ClassRunner.runChild(BlockJUnit4ClassRunner.java:57)
	at org.junit.runners.ParentRunner$3.run(ParentRunner.java:290)
	at org.junit.runners.ParentRunner$1.schedule(ParentRunner.java:71)
	at org.junit.runners.ParentRunner.runChildren(ParentRunner.java:288)
	at org.junit.runners.ParentRunner.access$000(ParentRunner.java:58)
	at org.junit.runners.ParentRunner$2.evaluate(ParentRunner.java:268)
	at org.junit.runners.ParentRunner.run(ParentRunner.java:363)
	at org.junit.runners.Suite.runChild(Suite.java:128)
	at org.junit.runners.Suite.runChild(Suite.java:27)
	at org.junit.runners.ParentRunner$3.run(ParentRunner.java:290)
	at org.junit.runners.ParentRunner$1.schedule(ParentRunner.java:71)
	at org.junit.runners.ParentRunner.runChildren(ParentRunner.java:288)
	at org.junit.runners.ParentRunner.access$000(ParentRunner.java:58)
	at org.junit.runners.ParentRunner$2.evaluate(ParentRunner.java:268)
	at org.junit.runners.ParentRunner.run(ParentRunner.java:363)
	at org.apache.maven.surefire.junit4.JUnit4Provider.execute(JUnit4Provider.java:367)
	at org.apache.maven.surefire.junit4.JUnit4Provider.executeWithRerun(JUnit4Provider.java:274)
	at org.apache.maven.surefire.junit4.JUnit4Provider.executeTestSet(JUnit4Provider.java:238)
	at org.apache.maven.surefire.junit4.JUnit4Provider.invoke(JUnit4Provider.java:161)
	at org.apache.maven.surefire.booter.ForkedBooter.invokeProviderInSameClassLoader(ForkedBooter.java:290)
	at org.apache.maven.surefire.booter.ForkedBooter.runSuitesInProcess(ForkedBooter.java:242)
	at org.apache.maven.surefire.booter.ForkedBooter.main(ForkedBooter.java:121)
]]></system-err>
  </testcase>
  <testcase name="testOne[CSharp:LexerPlusSet]" classname="org.antlr.v4.test.runtime.csharp.TestSets" time="0.05">
    <failure type="java.lang.AssertionError">java.lang.AssertionError
</failure>
    <system-err><![CDATA[java.lang.RuntimeException: Could not locate xbuild
	at org.antlr.v4.test.runtime.csharp.BaseCSharpTest.locateTool(BaseCSharpTest.java:435)
	at org.antlr.v4.test.runtime.csharp.BaseCSharpTest.locateMSBuild(BaseCSharpTest.java:415)
	at org.antlr.v4.test.runtime.csharp.BaseCSharpTest.buildProject(BaseCSharpTest.java:380)
	at org.antlr.v4.test.runtime.csharp.BaseCSharpTest.compile(BaseCSharpTest.java:356)
	at org.antlr.v4.test.runtime.csharp.BaseCSharpTest.execRecognizer(BaseCSharpTest.java:341)
	at org.antlr.v4.test.runtime.csharp.BaseCSharpTest.rawExecRecognizer(BaseCSharpTest.java:337)
	at org.antlr.v4.test.runtime.csharp.BaseCSharpTest.execParser(BaseCSharpTest.java:270)
	at org.antlr.v4.test.runtime.BaseRuntimeTest.testParser(BaseRuntimeTest.java:155)
	at org.antlr.v4.test.runtime.BaseRuntimeTest.testOne(BaseRuntimeTest.java:118)
	at sun.reflect.GeneratedMethodAccessor6.invoke(Unknown Source)
	at sun.reflect.DelegatingMethodAccessorImpl.invoke(DelegatingMethodAccessorImpl.java:43)
	at java.lang.reflect.Method.invoke(Method.java:497)
	at org.junit.runners.model.FrameworkMethod$1.runReflectiveCall(FrameworkMethod.java:50)
	at org.junit.internal.runners.model.ReflectiveCallable.run(ReflectiveCallable.java:12)
	at org.junit.runners.model.FrameworkMethod.invokeExplosively(FrameworkMethod.java:47)
	at org.junit.internal.runners.statements.InvokeMethod.evaluate(InvokeMethod.java:17)
	at org.junit.internal.runners.statements.RunBefores.evaluate(RunBefores.java:26)
	at org.junit.rules.TestWatcher$1.evaluate(TestWatcher.java:55)
	at org.junit.rules.RunRules.evaluate(RunRules.java:20)
	at org.junit.runners.ParentRunner.runLeaf(ParentRunner.java:325)
	at org.junit.runners.BlockJUnit4ClassRunner.runChild(BlockJUnit4ClassRunner.java:78)
	at org.junit.runners.BlockJUnit4ClassRunner.runChild(BlockJUnit4ClassRunner.java:57)
	at org.junit.runners.ParentRunner$3.run(ParentRunner.java:290)
	at org.junit.runners.ParentRunner$1.schedule(ParentRunner.java:71)
	at org.junit.runners.ParentRunner.runChildren(ParentRunner.java:288)
	at org.junit.runners.ParentRunner.access$000(ParentRunner.java:58)
	at org.junit.runners.ParentRunner$2.evaluate(ParentRunner.java:268)
	at org.junit.runners.ParentRunner.run(ParentRunner.java:363)
	at org.junit.runners.Suite.runChild(Suite.java:128)
	at org.junit.runners.Suite.runChild(Suite.java:27)
	at org.junit.runners.ParentRunner$3.run(ParentRunner.java:290)
	at org.junit.runners.ParentRunner$1.schedule(ParentRunner.java:71)
	at org.junit.runners.ParentRunner.runChildren(ParentRunner.java:288)
	at org.junit.runners.ParentRunner.access$000(ParentRunner.java:58)
	at org.junit.runners.ParentRunner$2.evaluate(ParentRunner.java:268)
	at org.junit.runners.ParentRunner.run(ParentRunner.java:363)
	at org.apache.maven.surefire.junit4.JUnit4Provider.execute(JUnit4Provider.java:367)
	at org.apache.maven.surefire.junit4.JUnit4Provider.executeWithRerun(JUnit4Provider.java:274)
	at org.apache.maven.surefire.junit4.JUnit4Provider.executeTestSet(JUnit4Provider.java:238)
	at org.apache.maven.surefire.junit4.JUnit4Provider.invoke(JUnit4Provider.java:161)
	at org.apache.maven.surefire.booter.ForkedBooter.invokeProviderInSameClassLoader(ForkedBooter.java:290)
	at org.apache.maven.surefire.booter.ForkedBooter.runSuitesInProcess(ForkedBooter.java:242)
	at org.apache.maven.surefire.booter.ForkedBooter.main(ForkedBooter.java:121)
]]></system-err>
  </testcase>
  <testcase name="testOne[CSharp:LexerOptionalSet]" classname="org.antlr.v4.test.runtime.csharp.TestSets" time="0.043">
    <failure type="java.lang.AssertionError">java.lang.AssertionError
</failure>
    <system-err><![CDATA[java.lang.RuntimeException: Could not locate xbuild
	at org.antlr.v4.test.runtime.csharp.BaseCSharpTest.locateTool(BaseCSharpTest.java:435)
	at org.antlr.v4.test.runtime.csharp.BaseCSharpTest.locateMSBuild(BaseCSharpTest.java:415)
	at org.antlr.v4.test.runtime.csharp.BaseCSharpTest.buildProject(BaseCSharpTest.java:380)
	at org.antlr.v4.test.runtime.csharp.BaseCSharpTest.compile(BaseCSharpTest.java:356)
	at org.antlr.v4.test.runtime.csharp.BaseCSharpTest.execRecognizer(BaseCSharpTest.java:341)
	at org.antlr.v4.test.runtime.csharp.BaseCSharpTest.rawExecRecognizer(BaseCSharpTest.java:337)
	at org.antlr.v4.test.runtime.csharp.BaseCSharpTest.execParser(BaseCSharpTest.java:270)
	at org.antlr.v4.test.runtime.BaseRuntimeTest.testParser(BaseRuntimeTest.java:155)
	at org.antlr.v4.test.runtime.BaseRuntimeTest.testOne(BaseRuntimeTest.java:118)
	at sun.reflect.GeneratedMethodAccessor6.invoke(Unknown Source)
	at sun.reflect.DelegatingMethodAccessorImpl.invoke(DelegatingMethodAccessorImpl.java:43)
	at java.lang.reflect.Method.invoke(Method.java:497)
	at org.junit.runners.model.FrameworkMethod$1.runReflectiveCall(FrameworkMethod.java:50)
	at org.junit.internal.runners.model.ReflectiveCallable.run(ReflectiveCallable.java:12)
	at org.junit.runners.model.FrameworkMethod.invokeExplosively(FrameworkMethod.java:47)
	at org.junit.internal.runners.statements.InvokeMethod.evaluate(InvokeMethod.java:17)
	at org.junit.internal.runners.statements.RunBefores.evaluate(RunBefores.java:26)
	at org.junit.rules.TestWatcher$1.evaluate(TestWatcher.java:55)
	at org.junit.rules.RunRules.evaluate(RunRules.java:20)
	at org.junit.runners.ParentRunner.runLeaf(ParentRunner.java:325)
	at org.junit.runners.BlockJUnit4ClassRunner.runChild(BlockJUnit4ClassRunner.java:78)
	at org.junit.runners.BlockJUnit4ClassRunner.runChild(BlockJUnit4ClassRunner.java:57)
	at org.junit.runners.ParentRunner$3.run(ParentRunner.java:290)
	at org.junit.runners.ParentRunner$1.schedule(ParentRunner.java:71)
	at org.junit.runners.ParentRunner.runChildren(ParentRunner.java:288)
	at org.junit.runners.ParentRunner.access$000(ParentRunner.java:58)
	at org.junit.runners.ParentRunner$2.evaluate(ParentRunner.java:268)
	at org.junit.runners.ParentRunner.run(ParentRunner.java:363)
	at org.junit.runners.Suite.runChild(Suite.java:128)
	at org.junit.runners.Suite.runChild(Suite.java:27)
	at org.junit.runners.ParentRunner$3.run(ParentRunner.java:290)
	at org.junit.runners.ParentRunner$1.schedule(ParentRunner.java:71)
	at org.junit.runners.ParentRunner.runChildren(ParentRunner.java:288)
	at org.junit.runners.ParentRunner.access$000(ParentRunner.java:58)
	at org.junit.runners.ParentRunner$2.evaluate(ParentRunner.java:268)
	at org.junit.runners.ParentRunner.run(ParentRunner.java:363)
	at org.apache.maven.surefire.junit4.JUnit4Provider.execute(JUnit4Provider.java:367)
	at org.apache.maven.surefire.junit4.JUnit4Provider.executeWithRerun(JUnit4Provider.java:274)
	at org.apache.maven.surefire.junit4.JUnit4Provider.executeTestSet(JUnit4Provider.java:238)
	at org.apache.maven.surefire.junit4.JUnit4Provider.invoke(JUnit4Provider.java:161)
	at org.apache.maven.surefire.booter.ForkedBooter.invokeProviderInSameClassLoader(ForkedBooter.java:290)
	at org.apache.maven.surefire.booter.ForkedBooter.runSuitesInProcess(ForkedBooter.java:242)
	at org.apache.maven.surefire.booter.ForkedBooter.main(ForkedBooter.java:121)
]]></system-err>
  </testcase>
  <testcase name="testOne[CSharp:ComplementSet]" classname="org.antlr.v4.test.runtime.csharp.TestSets" time="0.044">
    <failure type="java.lang.AssertionError">java.lang.AssertionError
</failure>
    <system-err><![CDATA[java.lang.RuntimeException: Could not locate xbuild
	at org.antlr.v4.test.runtime.csharp.BaseCSharpTest.locateTool(BaseCSharpTest.java:435)
	at org.antlr.v4.test.runtime.csharp.BaseCSharpTest.locateMSBuild(BaseCSharpTest.java:415)
	at org.antlr.v4.test.runtime.csharp.BaseCSharpTest.buildProject(BaseCSharpTest.java:380)
	at org.antlr.v4.test.runtime.csharp.BaseCSharpTest.compile(BaseCSharpTest.java:356)
	at org.antlr.v4.test.runtime.csharp.BaseCSharpTest.execRecognizer(BaseCSharpTest.java:341)
	at org.antlr.v4.test.runtime.csharp.BaseCSharpTest.rawExecRecognizer(BaseCSharpTest.java:337)
	at org.antlr.v4.test.runtime.csharp.BaseCSharpTest.execParser(BaseCSharpTest.java:270)
	at org.antlr.v4.test.runtime.BaseRuntimeTest.testParser(BaseRuntimeTest.java:155)
	at org.antlr.v4.test.runtime.BaseRuntimeTest.testOne(BaseRuntimeTest.java:118)
	at sun.reflect.GeneratedMethodAccessor6.invoke(Unknown Source)
	at sun.reflect.DelegatingMethodAccessorImpl.invoke(DelegatingMethodAccessorImpl.java:43)
	at java.lang.reflect.Method.invoke(Method.java:497)
	at org.junit.runners.model.FrameworkMethod$1.runReflectiveCall(FrameworkMethod.java:50)
	at org.junit.internal.runners.model.ReflectiveCallable.run(ReflectiveCallable.java:12)
	at org.junit.runners.model.FrameworkMethod.invokeExplosively(FrameworkMethod.java:47)
	at org.junit.internal.runners.statements.InvokeMethod.evaluate(InvokeMethod.java:17)
	at org.junit.internal.runners.statements.RunBefores.evaluate(RunBefores.java:26)
	at org.junit.rules.TestWatcher$1.evaluate(TestWatcher.java:55)
	at org.junit.rules.RunRules.evaluate(RunRules.java:20)
	at org.junit.runners.ParentRunner.runLeaf(ParentRunner.java:325)
	at org.junit.runners.BlockJUnit4ClassRunner.runChild(BlockJUnit4ClassRunner.java:78)
	at org.junit.runners.BlockJUnit4ClassRunner.runChild(BlockJUnit4ClassRunner.java:57)
	at org.junit.runners.ParentRunner$3.run(ParentRunner.java:290)
	at org.junit.runners.ParentRunner$1.schedule(ParentRunner.java:71)
	at org.junit.runners.ParentRunner.runChildren(ParentRunner.java:288)
	at org.junit.runners.ParentRunner.access$000(ParentRunner.java:58)
	at org.junit.runners.ParentRunner$2.evaluate(ParentRunner.java:268)
	at org.junit.runners.ParentRunner.run(ParentRunner.java:363)
	at org.junit.runners.Suite.runChild(Suite.java:128)
	at org.junit.runners.Suite.runChild(Suite.java:27)
	at org.junit.runners.ParentRunner$3.run(ParentRunner.java:290)
	at org.junit.runners.ParentRunner$1.schedule(ParentRunner.java:71)
	at org.junit.runners.ParentRunner.runChildren(ParentRunner.java:288)
	at org.junit.runners.ParentRunner.access$000(ParentRunner.java:58)
	at org.junit.runners.ParentRunner$2.evaluate(ParentRunner.java:268)
	at org.junit.runners.ParentRunner.run(ParentRunner.java:363)
	at org.apache.maven.surefire.junit4.JUnit4Provider.execute(JUnit4Provider.java:367)
	at org.apache.maven.surefire.junit4.JUnit4Provider.executeWithRerun(JUnit4Provider.java:274)
	at org.apache.maven.surefire.junit4.JUnit4Provider.executeTestSet(JUnit4Provider.java:238)
	at org.apache.maven.surefire.junit4.JUnit4Provider.invoke(JUnit4Provider.java:161)
	at org.apache.maven.surefire.booter.ForkedBooter.invokeProviderInSameClassLoader(ForkedBooter.java:290)
	at org.apache.maven.surefire.booter.ForkedBooter.runSuitesInProcess(ForkedBooter.java:242)
	at org.apache.maven.surefire.booter.ForkedBooter.main(ForkedBooter.java:121)
]]></system-err>
  </testcase>
  <testcase name="testOne[CSharp:CharSetLiteral]" classname="org.antlr.v4.test.runtime.csharp.TestSets" time="0.065">
    <failure type="java.lang.AssertionError">java.lang.AssertionError
</failure>
    <system-err><![CDATA[java.lang.RuntimeException: Could not locate xbuild
	at org.antlr.v4.test.runtime.csharp.BaseCSharpTest.locateTool(BaseCSharpTest.java:435)
	at org.antlr.v4.test.runtime.csharp.BaseCSharpTest.locateMSBuild(BaseCSharpTest.java:415)
	at org.antlr.v4.test.runtime.csharp.BaseCSharpTest.buildProject(BaseCSharpTest.java:380)
	at org.antlr.v4.test.runtime.csharp.BaseCSharpTest.compile(BaseCSharpTest.java:356)
	at org.antlr.v4.test.runtime.csharp.BaseCSharpTest.execRecognizer(BaseCSharpTest.java:341)
	at org.antlr.v4.test.runtime.csharp.BaseCSharpTest.rawExecRecognizer(BaseCSharpTest.java:337)
	at org.antlr.v4.test.runtime.csharp.BaseCSharpTest.execParser(BaseCSharpTest.java:270)
	at org.antlr.v4.test.runtime.BaseRuntimeTest.testParser(BaseRuntimeTest.java:155)
	at org.antlr.v4.test.runtime.BaseRuntimeTest.testOne(BaseRuntimeTest.java:118)
	at sun.reflect.GeneratedMethodAccessor6.invoke(Unknown Source)
	at sun.reflect.DelegatingMethodAccessorImpl.invoke(DelegatingMethodAccessorImpl.java:43)
	at java.lang.reflect.Method.invoke(Method.java:497)
	at org.junit.runners.model.FrameworkMethod$1.runReflectiveCall(FrameworkMethod.java:50)
	at org.junit.internal.runners.model.ReflectiveCallable.run(ReflectiveCallable.java:12)
	at org.junit.runners.model.FrameworkMethod.invokeExplosively(FrameworkMethod.java:47)
	at org.junit.internal.runners.statements.InvokeMethod.evaluate(InvokeMethod.java:17)
	at org.junit.internal.runners.statements.RunBefores.evaluate(RunBefores.java:26)
	at org.junit.rules.TestWatcher$1.evaluate(TestWatcher.java:55)
	at org.junit.rules.RunRules.evaluate(RunRules.java:20)
	at org.junit.runners.ParentRunner.runLeaf(ParentRunner.java:325)
	at org.junit.runners.BlockJUnit4ClassRunner.runChild(BlockJUnit4ClassRunner.java:78)
	at org.junit.runners.BlockJUnit4ClassRunner.runChild(BlockJUnit4ClassRunner.java:57)
	at org.junit.runners.ParentRunner$3.run(ParentRunner.java:290)
	at org.junit.runners.ParentRunner$1.schedule(ParentRunner.java:71)
	at org.junit.runners.ParentRunner.runChildren(ParentRunner.java:288)
	at org.junit.runners.ParentRunner.access$000(ParentRunner.java:58)
	at org.junit.runners.ParentRunner$2.evaluate(ParentRunner.java:268)
	at org.junit.runners.ParentRunner.run(ParentRunner.java:363)
	at org.junit.runners.Suite.runChild(Suite.java:128)
	at org.junit.runners.Suite.runChild(Suite.java:27)
	at org.junit.runners.ParentRunner$3.run(ParentRunner.java:290)
	at org.junit.runners.ParentRunner$1.schedule(ParentRunner.java:71)
	at org.junit.runners.ParentRunner.runChildren(ParentRunner.java:288)
	at org.junit.runners.ParentRunner.access$000(ParentRunner.java:58)
	at org.junit.runners.ParentRunner$2.evaluate(ParentRunner.java:268)
	at org.junit.runners.ParentRunner.run(ParentRunner.java:363)
	at org.apache.maven.surefire.junit4.JUnit4Provider.execute(JUnit4Provider.java:367)
	at org.apache.maven.surefire.junit4.JUnit4Provider.executeWithRerun(JUnit4Provider.java:274)
	at org.apache.maven.surefire.junit4.JUnit4Provider.executeTestSet(JUnit4Provider.java:238)
	at org.apache.maven.surefire.junit4.JUnit4Provider.invoke(JUnit4Provider.java:161)
	at org.apache.maven.surefire.booter.ForkedBooter.invokeProviderInSameClassLoader(ForkedBooter.java:290)
	at org.apache.maven.surefire.booter.ForkedBooter.runSuitesInProcess(ForkedBooter.java:242)
	at org.apache.maven.surefire.booter.ForkedBooter.main(ForkedBooter.java:121)
]]></system-err>
  </testcase>
</testsuite>