<?xml version="1.0" encoding="UTF-8"?>
<testsuite xmlns:xsi="http://www.w3.org/2001/XMLSchema-instance" xsi:schemaLocation="https://maven.apache.org/surefire/maven-surefire-plugin/xsd/surefire-test-report.xsd" name="org.antlr.v4.test.runtime.go.TestLexerExec" time="23.592" tests="37" errors="0" skipped="0" failures="0">
  <properties>
[...]
</properties>
  <testcase name="testOne[Go:LargeLexer]" classname="org.antlr.v4.test.runtime.go.TestLexerExec" time="3.417"/>
  <testcase name="testOne[Go:ZeroLengthToken]" classname="org.antlr.v4.test.runtime.go.TestLexerExec" time="0.533"/>
  <testcase name="testOne[Go:Slashes]" classname="org.antlr.v4.test.runtime.go.TestLexerExec" time="0.5"/>
  <testcase name="testOne[Go:RefToRuleDoesNotSetTokenNorEmitAnother]" classname="org.antlr.v4.test.runtime.go.TestLexerExec" time="0.519"/>
  <testcase name="testOne[Go:RecursiveLexerRuleRefWithWildcardStar_2]" classname="org.antlr.v4.test.runtime.go.TestLexerExec" time="0.499"/>
  <testcase name="testOne[Go:RecursiveLexerRuleRefWithWildcardStar_1]" classname="org.antlr.v4.test.runtime.go.TestLexerExec" time="0.498"/>
  <testcase name="testOne[Go:RecursiveLexerRuleRefWithWildcardPlus_2]" classname="org.antlr.v4.test.runtime.go.TestLexerExec" time="0.509"/>
  <testcase name="testOne[Go:RecursiveLexerRuleRefWithWildcardPlus_1]" classname="org.antlr.v4.test.runtime.go.TestLexerExec" time="0.522"/>
  <testcase name="testOne[Go:QuoteTranslation]" classname="org.antlr.v4.test.runtime.go.TestLexerExec" time="0.513"/>
  <testcase name="testOne[Go:PositionAdjustingLexer]" classname="org.antlr.v4.test.runtime.go.TestLexerExec" time="0.574"/>
  <testcase name="testOne[Go:Parentheses]" classname="org.antlr.v4.test.runtime.go.TestLexerExec" time="0.505"/>
  <testcase name="testOne[Go:NonGreedyTermination2]" classname="org.antlr.v4.test.runtime.go.TestLexerExec" time="0.517"/>
  <testcase name="testOne[Go:NonGreedyTermination1]" classname="org.antlr.v4.test.runtime.go.TestLexerExec" time="0.516"/>
  <testcase name="testOne[Go:NonGreedyPositiveClosure]" classname="org.antlr.v4.test.runtime.go.TestLexerExec" time="0.506"/>
  <testcase name="testOne[Go:NonGreedyOptional]" classname="org.antlr.v4.test.runtime.go.TestLexerExec" time="0.505"/>
  <testcase name="testOne[Go:NonGreedyConfigs]" classname="org.antlr.v4.test.runtime.go.TestLexerExec" time="0.511"/>
  <testcase name="testOne[Go:NonGreedyClosure]" classname="org.antlr.v4.test.runtime.go.TestLexerExec" time="0.506"/>
  <testcase name="testOne[Go:KeywordID]" classname="org.antlr.v4.test.runtime.go.TestLexerExec" time="0.51"/>
  <testcase name="testOne[Go:HexVsID]" classname="org.antlr.v4.test.runtime.go.TestLexerExec" time="0.51"/>
  <testcase name="testOne[Go:GreedyPositiveClosure]" classname="org.antlr.v4.test.runtime.go.TestLexerExec" time="0.518"/>
  <testcase name="testOne[Go:GreedyOptional]" classname="org.antlr.v4.test.runtime.go.TestLexerExec" time="0.512"/>
  <testcase name="testOne[Go:GreedyConfigs]" classname="org.antlr.v4.test.runtime.go.TestLexerExec" time="0.516"/>
  <testcase name="testOne[Go:GreedyClosure]" classname="org.antlr.v4.test.runtime.go.TestLexerExec" time="0.499"/>
  <testcase name="testOne[Go:EOFSuffixInFirstRule_2]" classname="org.antlr.v4.test.runtime.go.TestLexerExec" time="0.501"/>
  <testcase name="testOne[Go:EOFSuffixInFirstRule_1]" classname="org.antlr.v4.test.runtime.go.TestLexerExec" time="0.504"/>
  <testcase name="testOne[Go:EOFByItself]" classname="org.antlr.v4.test.runtime.go.TestLexerExec" time="0.504"/>
  <testcase name="testOne[Go:CharSetWithQuote2]" classname="org.antlr.v4.test.runtime.go.TestLexerExec" time="0.5"/>
  <testcase name="testOne[Go:CharSetWithQuote1]" classname="org.antlr.v4.test.runtime.go.TestLexerExec" time="0.524"/>
  <testcase name="testOne[Go:CharSetWithMissingEscapeChar]" classname="org.antlr.v4.test.runtime.go.TestLexerExec" time="0.563"/>
  <testcase name="testOne[Go:CharSetWithEscapedChar]" classname="org.antlr.v4.test.runtime.go.TestLexerExec" time="0.545"/>
  <testcase name="testOne[Go:CharSetRange]" classname="org.antlr.v4.test.runtime.go.TestLexerExec" time="0.507"/>
  <testcase name="testOne[Go:CharSetPlus]" classname="org.antlr.v4.test.runtime.go.TestLexerExec" time="0.525"/>
  <testcase name="testOne[Go:CharSetNot]" classname="org.antlr.v4.test.runtime.go.TestLexerExec" time="0.515"/>
  <testcase name="testOne[Go:CharSetInSet]" classname="org.antlr.v4.test.runtime.go.TestLexerExec" time="0.504"/>
  <testcase name="testOne[Go:UnicodeCharSet]" classname="org.antlr.v4.test.runtime.go.TestLexerExec" time="0.498"/>
  <testcase name="testOne[Go:CharSet]" classname="org.antlr.v4.test.runtime.go.TestLexerExec" time="0.509"/>
  <testcase name="testOne[Go:ActionPlacement]" classname="org.antlr.v4.test.runtime.go.TestLexerExec" time="0.502"/>
</testsuite>