<?xml version="1.0" encoding="UTF-8"?>
<testsuite xmlns:xsi="http://www.w3.org/2001/XMLSchema-instance" xsi:schemaLocation="https://maven.apache.org/surefire/maven-surefire-plugin/xsd/surefire-test-report.xsd" name="org.antlr.v4.test.runtime.go.TestSets" time="25.279" tests="32" errors="0" skipped="0" failures="0">
  <properties>
[...]
</properties>
  <testcase name="testOne[Go:UnicodeNegatedSMPSetIncludesBMPCodePoints]" classname="org.antlr.v4.test.runtime.go.TestSets" time="0.741"/>
  <testcase name="testOne[Go:UnicodeNegatedBMPSetIncludesSMPCodePoints]" classname="org.antlr.v4.test.runtime.go.TestSets" time="0.777"/>
  <testcase name="testOne[Go:UnicodeEscapedSMPRangeSetMismatch]" classname="org.antlr.v4.test.runtime.go.TestSets" time="0.73"/>
  <testcase name="testOne[Go:UnicodeEscapedSMPRangeSet]" classname="org.antlr.v4.test.runtime.go.TestSets" time="0.725"/>
  <testcase name="testOne[Go:UnicodeEscapedSMPSet]" classname="org.antlr.v4.test.runtime.go.TestSets" time="0.717"/>
  <testcase name="testOne[Go:UnicodeEscapedBMPRangeSet]" classname="org.antlr.v4.test.runtime.go.TestSets" time="0.721"/>
  <testcase name="testOne[Go:UnicodeEscapedBMPSet]" classname="org.antlr.v4.test.runtime.go.TestSets" time="0.742"/>
  <testcase name="testOne[Go:UnicodeUnescapedBMPRangeSet]" classname="org.antlr.v4.test.runtime.go.TestSets" time="0.759"/>
  <testcase name="testOne[Go:UnicodeUnescapedBMPSet]" classname="org.antlr.v4.test.runtime.go.TestSets" time="0.725"/>
  <testcase name="testOne[Go:StarSet]" classname="org.antlr.v4.test.runtime.go.TestSets" time="0.752"/>
  <testcase name="testOne[Go:StarLexerSingleElement_2]" classname="org.antlr.v4.test.runtime.go.TestSets" time="0.748"/>
  <testcase name="testOne[Go:StarLexerSingleElement_1]" classname="org.antlr.v4.test.runtime.go.TestSets" time="0.711"/>
  <testcase name="testOne[Go:SeqDoesNotBecomeSet]" classname="org.antlr.v4.test.runtime.go.TestSets" time="0.711"/>
  <testcase name="testOne[Go:RuleAsSet]" classname="org.antlr.v4.test.runtime.go.TestSets" time="0.715"/>
  <testcase name="testOne[Go:PlusSet]" classname="org.antlr.v4.test.runtime.go.TestSets" time="0.711"/>
  <testcase name="testOne[Go:PlusLexerSingleElement]" classname="org.antlr.v4.test.runtime.go.TestSets" time="0.743"/>
  <testcase name="testOne[Go:ParserSet]" classname="org.antlr.v4.test.runtime.go.TestSets" time="0.736"/>
  <testcase name="testOne[Go:ParserNotTokenWithLabel]" classname="org.antlr.v4.test.runtime.go.TestSets" time="0.715"/>
  <testcase name="testOne[Go:ParserNotToken]" classname="org.antlr.v4.test.runtime.go.TestSets" time="0.715"/>
  <testcase name="testOne[Go:ParserNotSet]" classname="org.antlr.v4.test.runtime.go.TestSets" time="0.724"/>
  <testcase name="testOne[Go:OptionalSingleElement]" classname="org.antlr.v4.test.runtime.go.TestSets" time="0.734"/>
  <testcase name="testOne[Go:OptionalSet]" classname="org.antlr.v4.test.runtime.go.TestSets" time="0.748"/>
  <testcase name="testOne[Go:OptionalLexerSingleElement]" classname="org.antlr.v4.test.runtime.go.TestSets" time="0.751"/>
  <testcase name="testOne[Go:NotCharSetWithRuleRef3]" classname="org.antlr.v4.test.runtime.go.TestSets" time="0.765"/>
  <testcase name="testOne[Go:NotCharSetWithLabel]" classname="org.antlr.v4.test.runtime.go.TestSets" time="0.734"/>
  <testcase name="testOne[Go:NotCharSet]" classname="org.antlr.v4.test.runtime.go.TestSets" time="0.752"/>
  <testcase name="testOne[Go:NotChar]" classname="org.antlr.v4.test.runtime.go.TestSets" time="0.759"/>
  <testcase name="testOne[Go:LexerStarSet]" classname="org.antlr.v4.test.runtime.go.TestSets" time="0.763"/>
  <testcase name="testOne[Go:LexerPlusSet]" classname="org.antlr.v4.test.runtime.go.TestSets" time="0.742"/>
  <testcase name="testOne[Go:LexerOptionalSet]" classname="org.antlr.v4.test.runtime.go.TestSets" time="0.724"/>
  <testcase name="testOne[Go:ComplementSet]" classname="org.antlr.v4.test.runtime.go.TestSets" time="0.726"/>
  <testcase name="testOne[Go:CharSetLiteral]" classname="org.antlr.v4.test.runtime.go.TestSets" time="0.737"/>
</testsuite>