<?xml version="1.0" encoding="UTF-8"?>
<testsuite xmlns:xsi="http://www.w3.org/2001/XMLSchema-instance" xsi:schemaLocation="https://maven.apache.org/surefire/maven-surefire-plugin/xsd/surefire-test-report.xsd" name="org.antlr.v4.test.runtime.swift.TestParserErrors" time="250.679" tests="34" errors="0" skipped="1" failures="0">
  <properties>
[...]
</properties>
  <testcase name="testOne[Swift:ExtraneousInput]" classname="org.antlr.v4.test.runtime.swift.TestParserErrors" time="0">
    <skipped/>
  </testcase>
  <testcase name="testOne[Swift:TokenMismatch3]" classname="org.antlr.v4.test.runtime.swift.TestParserErrors" time="7.517"/>
  <testcase name="testOne[Swift:TokenMismatch2]" classname="org.antlr.v4.test.runtime.swift.TestParserErrors" time="7.451"/>
  <testcase name="testOne[Swift:TokenMismatch]" classname="org.antlr.v4.test.runtime.swift.TestParserErrors" time="7.717"/>
  <testcase name="testOne[Swift:SingleTokenInsertion]" classname="org.antlr.v4.test.runtime.swift.TestParserErrors" time="7.519"/>
  <testcase name="testOne[Swift:SingleTokenDeletionExpectingSet]" classname="org.antlr.v4.test.runtime.swift.TestParserErrors" time="7.518"/>
  <testcase name="testOne[Swift:SingleTokenDeletionDuringLoop2]" classname="org.antlr.v4.test.runtime.swift.TestParserErrors" time="7.467"/>
  <testcase name="testOne[Swift:SingleTokenDeletionDuringLoop]" classname="org.antlr.v4.test.runtime.swift.TestParserErrors" time="7.435"/>
  <testcase name="testOne[Swift:SingleTokenDeletionConsumption]" classname="org.antlr.v4.test.runtime.swift.TestParserErrors" time="7.426"/>
  <testcase name="testOne[Swift:SingleTokenDeletionBeforePredict]" classname="org.antlr.v4.test.runtime.swift.TestParserErrors" time="7.447"/>
  <testcase name="testOne[Swift:SingleTokenDeletionBeforeLoop2]" classname="org.antlr.v4.test.runtime.swift.TestParserErrors" time="7.733"/>
  <testcase name="testOne[Swift:SingleTokenDeletionBeforeLoop]" classname="org.antlr.v4.test.runtime.swift.TestParserErrors" time="7.52"/>
  <testcase name="testOne[Swift:SingleTokenDeletionBeforeAlt]" classname="org.antlr.v4.test.runtime.swift.TestParserErrors" time="7.437"/>
  <testcase name="testOne[Swift:SingleTokenDeletion]" classname="org.antlr.v4.test.runtime.swift.TestParserErrors" time="7.387"/>
  <testcase name="testOne[Swift:SingleSetInsertionConsumption]" classname="org.antlr.v4.test.runtime.swift.TestParserErrors" time="7.685"/>
  <testcase name="testOne[Swift:SingleSetInsertion]" classname="org.antlr.v4.test.runtime.swift.TestParserErrors" time="7.634"/>
  <testcase name="testOne[Swift:NoViableAltAvoidance]" classname="org.antlr.v4.test.runtime.swift.TestParserErrors" time="7.601"/>
  <testcase name="testOne[Swift:MultiTokenDeletionDuringLoop2]" classname="org.antlr.v4.test.runtime.swift.TestParserErrors" time="7.544"/>
  <testcase name="testOne[Swift:MultiTokenDeletionDuringLoop]" classname="org.antlr.v4.test.runtime.swift.TestParserErrors" time="7.467"/>
  <testcase name="testOne[Swift:MultiTokenDeletionBeforeLoop2]" classname="org.antlr.v4.test.runtime.swift.TestParserErrors" time="7.643"/>
  <testcase name="testOne[Swift:MultiTokenDeletionBeforeLoop]" classname="org.antlr.v4.test.runtime.swift.TestParserErrors" time="7.763"/>
  <testcase name="testOne[Swift:LLStar]" classname="org.antlr.v4.test.runtime.swift.TestParserErrors" time="7.672"/>
  <testcase name="testOne[Swift:LL3]" classname="org.antlr.v4.test.runtime.swift.TestParserErrors" time="7.556"/>
  <testcase name="testOne[Swift:LL2]" classname="org.antlr.v4.test.runtime.swift.TestParserErrors" time="7.777"/>
  <testcase name="testOne[Swift:LL1ErrorInfo]" classname="org.antlr.v4.test.runtime.swift.TestParserErrors" time="7.767"/>
  <testcase name="testOne[Swift:InvalidEmptyInput]" classname="org.antlr.v4.test.runtime.swift.TestParserErrors" time="7.509"/>
  <testcase name="testOne[Swift:InvalidATNStateRemoval]" classname="org.antlr.v4.test.runtime.swift.TestParserErrors" time="7.569"/>
  <testcase name="testOne[Swift:DuplicatedLeftRecursiveCall_4]" classname="org.antlr.v4.test.runtime.swift.TestParserErrors" time="7.461"/>
  <testcase name="testOne[Swift:DuplicatedLeftRecursiveCall_3]" classname="org.antlr.v4.test.runtime.swift.TestParserErrors" time="7.673"/>
  <testcase name="testOne[Swift:DuplicatedLeftRecursiveCall_2]" classname="org.antlr.v4.test.runtime.swift.TestParserErrors" time="7.786"/>
  <testcase name="testOne[Swift:DuplicatedLeftRecursiveCall_1]" classname="org.antlr.v4.test.runtime.swift.TestParserErrors" time="7.714"/>
  <testcase name="testOne[Swift:ContextListGetters]" classname="org.antlr.v4.test.runtime.swift.TestParserErrors" time="7.714"/>
  <testcase name="testOne[Swift:ConjuringUpTokenFromSet]" classname="org.antlr.v4.test.runtime.swift.TestParserErrors" time="7.789"/>
  <testcase name="testOne[Swift:ConjuringUpToken]" classname="org.antlr.v4.test.runtime.swift.TestParserErrors" time="7.78"/>
</testsuite>