<?xml version="1.0" encoding="UTF-8"?>
<testsuite xmlns:xsi="http://www.w3.org/2001/XMLSchema-instance" xsi:schemaLocation="https://maven.apache.org/surefire/maven-surefire-plugin/xsd/surefire-test-report.xsd" name="org.antlr.v4.test.runtime.python3.TestParserErrors" time="0.818" tests="34" errors="33" skipped="1" failures="0">
  <properties>
[...]
</properties>
  <testcase name="testOne[Python3:ExtraneousInput]" classname="org.antlr.v4.test.runtime.python3.TestParserErrors" time="0">
    <skipped/>
  </testcase>
  <testcase name="testOne[Python3:TokenMismatch3]" classname="org.antlr.v4.test.runtime.python3.TestParserErrors" time="0.03">
    <error message="Could not locate python3.5" type="java.lang.RuntimeException">java.lang.RuntimeException: Could not locate python3.5
</error>
  </testcase>
  <testcase name="testOne[Python3:TokenMismatch2]" classname="org.antlr.v4.test.runtime.python3.TestParserErrors" time="0.024">
    <error message="Could not locate python3.5" type="java.lang.RuntimeException">java.lang.RuntimeException: Could not locate python3.5
</error>
  </testcase>
  <testcase name="testOne[Python3:TokenMismatch]" classname="org.antlr.v4.test.runtime.python3.TestParserErrors" time="0.023">
    <error message="Could not locate python3.5" type="java.lang.RuntimeException">java.lang.RuntimeException: Could not locate python3.5
</error>
  </testcase>
  <testcase name="testOne[Python3:SingleTokenInsertion]" classname="org.antlr.v4.test.runtime.python3.TestParserErrors" time="0.026">
    <error message="Could not locate python3.5" type="java.lang.RuntimeException">java.lang.RuntimeException: Could not locate python3.5
</error>
  </testcase>
  <testcase name="testOne[Python3:SingleTokenDeletionExpectingSet]" classname="org.antlr.v4.test.runtime.python3.TestParserErrors" time="0.025">
    <error message="Could not locate python3.5" type="java.lang.RuntimeException">java.lang.RuntimeException: Could not locate python3.5
</error>
  </testcase>
  <testcase name="testOne[Python3:SingleTokenDeletionDuringLoop2]" classname="org.antlr.v4.test.runtime.python3.TestParserErrors" time="0.029">
    <error message="Could not locate python3.5" type="java.lang.RuntimeException">java.lang.RuntimeException: Could not locate python3.5
</error>
  </testcase>
  <testcase name="testOne[Python3:SingleTokenDeletionDuringLoop]" classname="org.antlr.v4.test.runtime.python3.TestParserErrors" time="0.026">
    <error message="Could not locate python3.5" type="java.lang.RuntimeException">java.lang.RuntimeException: Could not locate python3.5
</error>
  </testcase>
  <testcase name="testOne[Python3:SingleTokenDeletionConsumption]" classname="org.antlr.v4.test.runtime.python3.TestParserErrors" time="0.027">
    <error message="Could not locate python3.5" type="java.lang.RuntimeException">java.lang.RuntimeException: Could not locate python3.5
</error>
  </testcase>
  <testcase name="testOne[Python3:SingleTokenDeletionBeforePredict]" classname="org.antlr.v4.test.runtime.python3.TestParserErrors" time="0.028">
    <error message="Could not locate python3.5" type="java.lang.RuntimeException">java.lang.RuntimeException: Could not locate python3.5
</error>
  </testcase>
  <testcase name="testOne[Python3:SingleTokenDeletionBeforeLoop2]" classname="org.antlr.v4.test.runtime.python3.TestParserErrors" time="0.028">
    <error message="Could not locate python3.5" type="java.lang.RuntimeException">java.lang.RuntimeException: Could not locate python3.5
</error>
  </testcase>
  <testcase name="testOne[Python3:SingleTokenDeletionBeforeLoop]" classname="org.antlr.v4.test.runtime.python3.TestParserErrors" time="0.023">
    <error message="Could not locate python3.5" type="java.lang.RuntimeException">java.lang.RuntimeException: Could not locate python3.5
</error>
  </testcase>
  <testcase name="testOne[Python3:SingleTokenDeletionBeforeAlt]" classname="org.antlr.v4.test.runtime.python3.TestParserErrors" time="0.021">
    <error message="Could not locate python3.5" type="java.lang.RuntimeException">java.lang.RuntimeException: Could not locate python3.5
</error>
  </testcase>
  <testcase name="testOne[Python3:SingleTokenDeletion]" classname="org.antlr.v4.test.runtime.python3.TestParserErrors" time="0.023">
    <error message="Could not locate python3.5" type="java.lang.RuntimeException">java.lang.RuntimeException: Could not locate python3.5
</error>
  </testcase>
  <testcase name="testOne[Python3:SingleSetInsertionConsumption]" classname="org.antlr.v4.test.runtime.python3.TestParserErrors" time="0.022">
    <error message="Could not locate python3.5" type="java.lang.RuntimeException">java.lang.RuntimeException: Could not locate python3.5
</error>
  </testcase>
  <testcase name="testOne[Python3:SingleSetInsertion]" classname="org.antlr.v4.test.runtime.python3.TestParserErrors" time="0.022">
    <error message="Could not locate python3.5" type="java.lang.RuntimeException">java.lang.RuntimeException: Could not locate python3.5
</error>
  </testcase>
  <testcase name="testOne[Python3:NoViableAltAvoidance]" classname="org.antlr.v4.test.runtime.python3.TestParserErrors" time="0.023">
    <error message="Could not locate python3.5" type="java.lang.RuntimeException">java.lang.RuntimeException: Could not locate python3.5
</error>
  </testcase>
  <testcase name="testOne[Python3:MultiTokenDeletionDuringLoop2]" classname="org.antlr.v4.test.runtime.python3.TestParserErrors" time="0.023">
    <error message="Could not locate python3.5" type="java.lang.RuntimeException">java.lang.RuntimeException: Could not locate python3.5
</error>
  </testcase>
  <testcase name="testOne[Python3:MultiTokenDeletionDuringLoop]" classname="org.antlr.v4.test.runtime.python3.TestParserErrors" time="0.023">
    <error message="Could not locate python3.5" type="java.lang.RuntimeException">java.lang.RuntimeException: Could not locate python3.5
</error>
  </testcase>
  <testcase name="testOne[Python3:MultiTokenDeletionBeforeLoop2]" classname="org.antlr.v4.test.runtime.python3.TestParserErrors" time="0.025">
    <error message="Could not locate python3.5" type="java.lang.RuntimeException">java.lang.RuntimeException: Could not locate python3.5
</error>
  </testcase>
  <testcase name="testOne[Python3:MultiTokenDeletionBeforeLoop]" classname="org.antlr.v4.test.runtime.python3.TestParserErrors" time="0.023">
    <error message="Could not locate python3.5" type="java.lang.RuntimeException">java.lang.RuntimeException: Could not locate python3.5
</error>
  </testcase>
  <testcase name="testOne[Python3:LLStar]" classname="org.antlr.v4.test.runtime.python3.TestParserErrors" time="0.024">
    <error message="Could not locate python3.5" type="java.lang.RuntimeException">java.lang.RuntimeException: Could not locate python3.5
</error>
  </testcase>
  <testcase name="testOne[Python3:LL3]" classname="org.antlr.v4.test.runtime.python3.TestParserErrors" time="0.024">
    <error message="Could not locate python3.5" type="java.lang.RuntimeException">java.lang.RuntimeException: Could not locate python3.5
</error>
  </testcase>
  <testcase name="testOne[Python3:LL2]" classname="org.antlr.v4.test.runtime.python3.TestParserErrors" time="0.023">
    <error message="Could not locate python3.5" type="java.lang.RuntimeException">java.lang.RuntimeException: Could not locate python3.5
</error>
  </testcase>
  <testcase name="testOne[Python3:LL1ErrorInfo]" classname="org.antlr.v4.test.runtime.python3.TestParserErrors" time="0.024">
    <error message="Could not locate python3.5" type="java.lang.RuntimeException">java.lang.RuntimeException: Could not locate python3.5
</error>
  </testcase>
  <testcase name="testOne[Python3:InvalidEmptyInput]" classname="org.antlr.v4.test.runtime.python3.TestParserErrors" time="0.022">
    <error message="Could not locate python3.5" type="java.lang.RuntimeException">java.lang.RuntimeException: Could not locate python3.5
</error>
  </testcase>
  <testcase name="testOne[Python3:InvalidATNStateRemoval]" classname="org.antlr.v4.test.runtime.python3.TestParserErrors" time="0.028">
    <error message="Could not locate python3.5" type="java.lang.RuntimeException">java.lang.RuntimeException: Could not locate python3.5
</error>
  </testcase>
  <testcase name="testOne[Python3:DuplicatedLeftRecursiveCall_4]" classname="org.antlr.v4.test.runtime.python3.TestParserErrors" time="0.028">
    <error message="Could not locate python3.5" type="java.lang.RuntimeException">java.lang.RuntimeException: Could not locate python3.5
</error>
  </testcase>
  <testcase name="testOne[Python3:DuplicatedLeftRecursiveCall_3]" classname="org.antlr.v4.test.runtime.python3.TestParserErrors" time="0.027">
    <error message="Could not locate python3.5" type="java.lang.RuntimeException">java.lang.RuntimeException: Could not locate python3.5
</error>
  </testcase>
  <testcase name="testOne[Python3:DuplicatedLeftRecursiveCall_2]" classname="org.antlr.v4.test.runtime.python3.TestParserErrors" time="0.028">
    <error message="Could not locate python3.5" type="java.lang.RuntimeException">java.lang.RuntimeException: Could not locate python3.5
</error>
  </testcase>
  <testcase name="testOne[Python3:DuplicatedLeftRecursiveCall_1]" classname="org.antlr.v4.test.runtime.python3.TestParserErrors" time="0.027">
    <error message="Could not locate python3.5" type="java.lang.RuntimeException">java.lang.RuntimeException: Could not locate python3.5
</error>
  </testcase>
  <testcase name="testOne[Python3:ContextListGetters]" classname="org.antlr.v4.test.runtime.python3.TestParserErrors" time="0.023">
    <error message="Could not locate python3.5" type="java.lang.RuntimeException">java.lang.RuntimeException: Could not locate python3.5
</error>
  </testcase>
  <testcase name="testOne[Python3:ConjuringUpTokenFromSet]" classname="org.antlr.v4.test.runtime.python3.TestParserErrors" time="0.021">
    <error message="Could not locate python3.5" type="java.lang.RuntimeException">java.lang.RuntimeException: Could not locate python3.5
</error>
  </testcase>
  <testcase name="testOne[Python3:ConjuringUpToken]" classname="org.antlr.v4.test.runtime.python3.TestParserErrors" time="0.022">
    <error message="Could not locate python3.5" type="java.lang.RuntimeException">java.lang.RuntimeException: Could not locate python3.5
</error>
  </testcase>
</testsuite>