<?xml version="1.0" encoding="UTF-8"?>
<testsuite xmlns:xsi="http://www.w3.org/2001/XMLSchema-instance" xsi:schemaLocation="https://maven.apache.org/surefire/maven-surefire-plugin/xsd/surefire-test-report.xsd" name="org.antlr.v4.test.runtime.csharp.TestLexerErrors" time="0.138" tests="12" errors="0" skipped="0" failures="12">
  <properties>
[...]
</properties>
  <testcase name="testOne[CSharp:StringsEmbeddedInActions_2]" classname="org.antlr.v4.test.runtime.csharp.TestLexerErrors" time="0.014">
    <failure message="expected:&lt;[@0,6:5=&apos;&lt;EOF&gt;&apos;,&lt;-1&gt;,1:6]&#10;&gt; but was:&lt;null&gt;" type="junit.framework.ComparisonFailure"><![CDATA[junit.framework.ComparisonFailure: 
expected:<[@0,6:5='<EOF>',<-1>,1:6]
> but was:<null>
]]></failure>
    <system-err><![CDATA[java.lang.RuntimeException: Could not locate xbuild
	at org.antlr.v4.test.runtime.csharp.BaseCSharpTest.locateTool(BaseCSharpTest.java:435)
	at org.antlr.v4.test.runtime.csharp.BaseCSharpTest.locateMSBuild(BaseCSharpTest.java:415)
	at org.antlr.v4.test.runtime.csharp.BaseCSharpTest.buildProject(BaseCSharpTest.java:380)
	at org.antlr.v4.test.runtime.csharp.BaseCSharpTest.compile(BaseCSharpTest.java:356)
	at org.antlr.v4.test.runtime.csharp.BaseCSharpTest.execLexer(BaseCSharpTest.java:234)
	at org.antlr.v4.test.runtime.BaseRuntimeTest.testLexer(BaseRuntimeTest.java:204)
	at org.antlr.v4.test.runtime.BaseRuntimeTest.testOne(BaseRuntimeTest.java:121)
	at sun.reflect.GeneratedMethodAccessor6.invoke(Unknown Source)
	at sun.reflect.DelegatingMethodAccessorImpl.invoke(DelegatingMethodAccessorImpl.java:43)
	at java.lang.reflect.Method.invoke(Method.java:497)
	at org.junit.runners.model.FrameworkMethod$1.runReflectiveCall(FrameworkMethod.java:50)
	at org.junit.internal.runners.model.ReflectiveCallable.run(ReflectiveCallable.java:12)
	at org.junit.runners.model.FrameworkMethod.invokeExplosively(FrameworkMethod.java:47)
	at org.junit.internal.runners.statements.InvokeMethod.evaluate(InvokeMethod.java:17)
	at org.junit.internal.runners.statements.RunBefores.evaluate(RunBefores.java:26)
	at org.junit.rules.TestWatcher$1.evaluate(TestWatcher.java:55)
	at org.junit.rules.RunRules.evaluate(RunRules.java:20)
	at org.junit.runners.ParentRunner.runLeaf(ParentRunner.java:325)
	at org.junit.runners.BlockJUnit4ClassRunner.runChild(BlockJUnit4ClassRunner.java:78)
	at org.junit.runners.BlockJUnit4ClassRunner.runChild(BlockJUnit4ClassRunner.java:57)
	at org.junit.runners.ParentRunner$3.run(ParentRunner.java:290)
	at org.junit.runners.ParentRunner$1.schedule(ParentRunner.java:71)
	at org.junit.runners.ParentRunner.runChildren(ParentRunner.java:288)
	at org.junit.runners.ParentRunner.access$000(ParentRunner.java:58)
	at org.junit.runners.ParentRunner$2.evaluate(ParentRunner.java:268)
	at org.junit.runners.ParentRunner.run(ParentRunner.java:363)
	at org.junit.runners.Suite.runChild(Suite.java:128)
	at org.junit.runners.Suite.runChild(Suite.java:27)
	at org.junit.runners.ParentRunner$3.run(ParentRunner.java:290)
	at org.junit.runners.ParentRunner$1.schedule(ParentRunner.java:71)
	at org.junit.runners.ParentRunner.runChildren(ParentRunner.java:288)
	at org.junit.runners.ParentRunner.access$000(ParentRunner.java:58)
	at org.junit.runners.ParentRunner$2.evaluate(ParentRunner.java:268)
	at org.junit.runners.ParentRunner.run(ParentRunner.java:363)
	at org.apache.maven.surefire.junit4.JUnit4Provider.execute(JUnit4Provider.java:367)
	at org.apache.maven.surefire.junit4.JUnit4Provider.executeWithRerun(JUnit4Provider.java:274)
	at org.apache.maven.surefire.junit4.JUnit4Provider.executeTestSet(JUnit4Provider.java:238)
	at org.apache.maven.surefire.junit4.JUnit4Provider.invoke(JUnit4Provider.java:161)
	at org.apache.maven.surefire.booter.ForkedBooter.invokeProviderInSameClassLoader(ForkedBooter.java:290)
	at org.apache.maven.surefire.booter.ForkedBooter.runSuitesInProcess(ForkedBooter.java:242)
	at org.apache.maven.surefire.booter.ForkedBooter.main(ForkedBooter.java:121)
Failed to compile!
]]></system-err>
  </testcase>
  <testcase name="testOne[CSharp:StringsEmbeddedInActions_1]" classname="org.antlr.v4.test.runtime.csharp.TestLexerErrors" time="0.018">
    <failure message="expected:&lt;[@0,0:6=&apos;[&quot;foo&quot;]&apos;,&lt;1&gt;,1:0]&#10;[@1,7:6=&apos;&lt;EOF&gt;&apos;,&lt;-1&gt;,1:7]&#10;&gt; but was:&lt;null&gt;" type="junit.framework.ComparisonFailure"><![CDATA[junit.framework.ComparisonFailure: 
expected:<[@0,0:6='["foo"]',<1>,1:0]
[@1,7:6='<EOF>',<-1>,1:7]
> but was:<null>
]]></failure>
    <system-err><![CDATA[java.lang.RuntimeException: Could not locate xbuild
	at org.antlr.v4.test.runtime.csharp.BaseCSharpTest.locateTool(BaseCSharpTest.java:435)
	at org.antlr.v4.test.runtime.csharp.BaseCSharpTest.locateMSBuild(BaseCSharpTest.java:415)
	at org.antlr.v4.test.runtime.csharp.BaseCSharpTest.buildProject(BaseCSharpTest.java:380)
	at org.antlr.v4.test.runtime.csharp.BaseCSharpTest.compile(BaseCSharpTest.java:356)
	at org.antlr.v4.test.runtime.csharp.BaseCSharpTest.execLexer(BaseCSharpTest.java:234)
	at org.antlr.v4.test.runtime.BaseRuntimeTest.testLexer(BaseRuntimeTest.java:204)
	at org.antlr.v4.test.runtime.BaseRuntimeTest.testOne(BaseRuntimeTest.java:121)
	at sun.reflect.GeneratedMethodAccessor6.invoke(Unknown Source)
	at sun.reflect.DelegatingMethodAccessorImpl.invoke(DelegatingMethodAccessorImpl.java:43)
	at java.lang.reflect.Method.invoke(Method.java:497)
	at org.junit.runners.model.FrameworkMethod$1.runReflectiveCall(FrameworkMethod.java:50)
	at org.junit.internal.runners.model.ReflectiveCallable.run(ReflectiveCallable.java:12)
	at org.junit.runners.model.FrameworkMethod.invokeExplosively(FrameworkMethod.java:47)
	at org.junit.internal.runners.statements.InvokeMethod.evaluate(InvokeMethod.java:17)
	at org.junit.internal.runners.statements.RunBefores.evaluate(RunBefores.java:26)
	at org.junit.rules.TestWatcher$1.evaluate(TestWatcher.java:55)
	at org.junit.rules.RunRules.evaluate(RunRules.java:20)
	at org.junit.runners.ParentRunner.runLeaf(ParentRunner.java:325)
	at org.junit.runners.BlockJUnit4ClassRunner.runChild(BlockJUnit4ClassRunner.java:78)
	at org.junit.runners.BlockJUnit4ClassRunner.runChild(BlockJUnit4ClassRunner.java:57)
	at org.junit.runners.ParentRunner$3.run(ParentRunner.java:290)
	at org.junit.runners.ParentRunner$1.schedule(ParentRunner.java:71)
	at org.junit.runners.ParentRunner.runChildren(ParentRunner.java:288)
	at org.junit.runners.ParentRunner.access$000(ParentRunner.java:58)
	at org.junit.runners.ParentRunner$2.evaluate(ParentRunner.java:268)
	at org.junit.runners.ParentRunner.run(ParentRunner.java:363)
	at org.junit.runners.Suite.runChild(Suite.java:128)
	at org.junit.runners.Suite.runChild(Suite.java:27)
	at org.junit.runners.ParentRunner$3.run(ParentRunner.java:290)
	at org.junit.runners.ParentRunner$1.schedule(ParentRunner.java:71)
	at org.junit.runners.ParentRunner.runChildren(ParentRunner.java:288)
	at org.junit.runners.ParentRunner.access$000(ParentRunner.java:58)
	at org.junit.runners.ParentRunner$2.evaluate(ParentRunner.java:268)
	at org.junit.runners.ParentRunner.run(ParentRunner.java:363)
	at org.apache.maven.surefire.junit4.JUnit4Provider.execute(JUnit4Provider.java:367)
	at org.apache.maven.surefire.junit4.JUnit4Provider.executeWithRerun(JUnit4Provider.java:274)
	at org.apache.maven.surefire.junit4.JUnit4Provider.executeTestSet(JUnit4Provider.java:238)
	at org.apache.maven.surefire.junit4.JUnit4Provider.invoke(JUnit4Provider.java:161)
	at org.apache.maven.surefire.booter.ForkedBooter.invokeProviderInSameClassLoader(ForkedBooter.java:290)
	at org.apache.maven.surefire.booter.ForkedBooter.runSuitesInProcess(ForkedBooter.java:242)
	at org.apache.maven.surefire.booter.ForkedBooter.main(ForkedBooter.java:121)
Failed to compile!
]]></system-err>
  </testcase>
  <testcase name="testOne[CSharp:LexerExecDFA]" classname="org.antlr.v4.test.runtime.csharp.TestLexerErrors" time="0.01">
    <failure message="expected:&lt;[@0,0:0=&apos;x&apos;,&lt;3&gt;,1:0]&#10;[@1,2:2=&apos;:&apos;,&lt;1&gt;,1:2]&#10;[@2,4:4=&apos;x&apos;,&lt;3&gt;,1:4]&#10;[@3,5:4=&apos;&lt;EOF&gt;&apos;,&lt;-1&gt;,1:5]&#10;&gt; but was:&lt;null&gt;" type="junit.framework.ComparisonFailure"><![CDATA[junit.framework.ComparisonFailure: 
expected:<[@0,0:0='x',<3>,1:0]
[@1,2:2=':',<1>,1:2]
[@2,4:4='x',<3>,1:4]
[@3,5:4='<EOF>',<-1>,1:5]
> but was:<null>
]]></failure>
    <system-err><![CDATA[java.lang.RuntimeException: Could not locate xbuild
	at org.antlr.v4.test.runtime.csharp.BaseCSharpTest.locateTool(BaseCSharpTest.java:435)
	at org.antlr.v4.test.runtime.csharp.BaseCSharpTest.locateMSBuild(BaseCSharpTest.java:415)
	at org.antlr.v4.test.runtime.csharp.BaseCSharpTest.buildProject(BaseCSharpTest.java:380)
	at org.antlr.v4.test.runtime.csharp.BaseCSharpTest.compile(BaseCSharpTest.java:356)
	at org.antlr.v4.test.runtime.csharp.BaseCSharpTest.execLexer(BaseCSharpTest.java:234)
	at org.antlr.v4.test.runtime.BaseRuntimeTest.testLexer(BaseRuntimeTest.java:204)
	at org.antlr.v4.test.runtime.BaseRuntimeTest.testOne(BaseRuntimeTest.java:121)
	at sun.reflect.GeneratedMethodAccessor6.invoke(Unknown Source)
	at sun.reflect.DelegatingMethodAccessorImpl.invoke(DelegatingMethodAccessorImpl.java:43)
	at java.lang.reflect.Method.invoke(Method.java:497)
	at org.junit.runners.model.FrameworkMethod$1.runReflectiveCall(FrameworkMethod.java:50)
	at org.junit.internal.runners.model.ReflectiveCallable.run(ReflectiveCallable.java:12)
	at org.junit.runners.model.FrameworkMethod.invokeExplosively(FrameworkMethod.java:47)
	at org.junit.internal.runners.statements.InvokeMethod.evaluate(InvokeMethod.java:17)
	at org.junit.internal.runners.statements.RunBefores.evaluate(RunBefores.java:26)
	at org.junit.rules.TestWatcher$1.evaluate(TestWatcher.java:55)
	at org.junit.rules.RunRules.evaluate(RunRules.java:20)
	at org.junit.runners.ParentRunner.runLeaf(ParentRunner.java:325)
	at org.junit.runners.BlockJUnit4ClassRunner.runChild(BlockJUnit4ClassRunner.java:78)
	at org.junit.runners.BlockJUnit4ClassRunner.runChild(BlockJUnit4ClassRunner.java:57)
	at org.junit.runners.ParentRunner$3.run(ParentRunner.java:290)
	at org.junit.runners.ParentRunner$1.schedule(ParentRunner.java:71)
	at org.junit.runners.ParentRunner.runChildren(ParentRunner.java:288)
	at org.junit.runners.ParentRunner.access$000(ParentRunner.java:58)
	at org.junit.runners.ParentRunner$2.evaluate(ParentRunner.java:268)
	at org.junit.runners.ParentRunner.run(ParentRunner.java:363)
	at org.junit.runners.Suite.runChild(Suite.java:128)
	at org.junit.runners.Suite.runChild(Suite.java:27)
	at org.junit.runners.ParentRunner$3.run(ParentRunner.java:290)
	at org.junit.runners.ParentRunner$1.schedule(ParentRunner.java:71)
	at org.junit.runners.ParentRunner.runChildren(ParentRunner.java:288)
	at org.junit.runners.ParentRunner.access$000(ParentRunner.java:58)
	at org.junit.runners.ParentRunner$2.evaluate(ParentRunner.java:268)
	at org.junit.runners.ParentRunner.run(ParentRunner.java:363)
	at org.apache.maven.surefire.junit4.JUnit4Provider.execute(JUnit4Provider.java:367)
	at org.apache.maven.surefire.junit4.JUnit4Provider.executeWithRerun(JUnit4Provider.java:274)
	at org.apache.maven.surefire.junit4.JUnit4Provider.executeTestSet(JUnit4Provider.java:238)
	at org.apache.maven.surefire.junit4.JUnit4Provider.invoke(JUnit4Provider.java:161)
	at org.apache.maven.surefire.booter.ForkedBooter.invokeProviderInSameClassLoader(ForkedBooter.java:290)
	at org.apache.maven.surefire.booter.ForkedBooter.runSuitesInProcess(ForkedBooter.java:242)
	at org.apache.maven.surefire.booter.ForkedBooter.main(ForkedBooter.java:121)
Failed to compile!
]]></system-err>
  </testcase>
  <testcase name="testOne[CSharp:InvalidCharInTokenAfterDFACache]" classname="org.antlr.v4.test.runtime.csharp.TestLexerErrors" time="0.012">
    <failure message="expected:&lt;[@0,0:1=&apos;ab&apos;,&lt;1&gt;,1:0]&#10;[@1,4:3=&apos;&lt;EOF&gt;&apos;,&lt;-1&gt;,1:4]&#10;&gt; but was:&lt;null&gt;" type="junit.framework.ComparisonFailure"><![CDATA[junit.framework.ComparisonFailure: 
expected:<[@0,0:1='ab',<1>,1:0]
[@1,4:3='<EOF>',<-1>,1:4]
> but was:<null>
]]></failure>
    <system-err><![CDATA[java.lang.RuntimeException: Could not locate xbuild
	at org.antlr.v4.test.runtime.csharp.BaseCSharpTest.locateTool(BaseCSharpTest.java:435)
	at org.antlr.v4.test.runtime.csharp.BaseCSharpTest.locateMSBuild(BaseCSharpTest.java:415)
	at org.antlr.v4.test.runtime.csharp.BaseCSharpTest.buildProject(BaseCSharpTest.java:380)
	at org.antlr.v4.test.runtime.csharp.BaseCSharpTest.compile(BaseCSharpTest.java:356)
	at org.antlr.v4.test.runtime.csharp.BaseCSharpTest.execLexer(BaseCSharpTest.java:234)
	at org.antlr.v4.test.runtime.BaseRuntimeTest.testLexer(BaseRuntimeTest.java:204)
	at org.antlr.v4.test.runtime.BaseRuntimeTest.testOne(BaseRuntimeTest.java:121)
	at sun.reflect.GeneratedMethodAccessor6.invoke(Unknown Source)
	at sun.reflect.DelegatingMethodAccessorImpl.invoke(DelegatingMethodAccessorImpl.java:43)
	at java.lang.reflect.Method.invoke(Method.java:497)
	at org.junit.runners.model.FrameworkMethod$1.runReflectiveCall(FrameworkMethod.java:50)
	at org.junit.internal.runners.model.ReflectiveCallable.run(ReflectiveCallable.java:12)
	at org.junit.runners.model.FrameworkMethod.invokeExplosively(FrameworkMethod.java:47)
	at org.junit.internal.runners.statements.InvokeMethod.evaluate(InvokeMethod.java:17)
	at org.junit.internal.runners.statements.RunBefores.evaluate(RunBefores.java:26)
	at org.junit.rules.TestWatcher$1.evaluate(TestWatcher.java:55)
	at org.junit.rules.RunRules.evaluate(RunRules.java:20)
	at org.junit.runners.ParentRunner.runLeaf(ParentRunner.java:325)
	at org.junit.runners.BlockJUnit4ClassRunner.runChild(BlockJUnit4ClassRunner.java:78)
	at org.junit.runners.BlockJUnit4ClassRunner.runChild(BlockJUnit4ClassRunner.java:57)
	at org.junit.runners.ParentRunner$3.run(ParentRunner.java:290)
	at org.junit.runners.ParentRunner$1.schedule(ParentRunner.java:71)
	at org.junit.runners.ParentRunner.runChildren(ParentRunner.java:288)
	at org.junit.runners.ParentRunner.access$000(ParentRunner.java:58)
	at org.junit.runners.ParentRunner$2.evaluate(ParentRunner.java:268)
	at org.junit.runners.ParentRunner.run(ParentRunner.java:363)
	at org.junit.runners.Suite.runChild(Suite.java:128)
	at org.junit.runners.Suite.runChild(Suite.java:27)
	at org.junit.runners.ParentRunner$3.run(ParentRunner.java:290)
	at org.junit.runners.ParentRunner$1.schedule(ParentRunner.java:71)
	at org.junit.runners.ParentRunner.runChildren(ParentRunner.java:288)
	at org.junit.runners.ParentRunner.access$000(ParentRunner.java:58)
	at org.junit.runners.ParentRunner$2.evaluate(ParentRunner.java:268)
	at org.junit.runners.ParentRunner.run(ParentRunner.java:363)
	at org.apache.maven.surefire.junit4.JUnit4Provider.execute(JUnit4Provider.java:367)
	at org.apache.maven.surefire.junit4.JUnit4Provider.executeWithRerun(JUnit4Provider.java:274)
	at org.apache.maven.surefire.junit4.JUnit4Provider.executeTestSet(JUnit4Provider.java:238)
	at org.apache.maven.surefire.junit4.JUnit4Provider.invoke(JUnit4Provider.java:161)
	at org.apache.maven.surefire.booter.ForkedBooter.invokeProviderInSameClassLoader(ForkedBooter.java:290)
	at org.apache.maven.surefire.booter.ForkedBooter.runSuitesInProcess(ForkedBooter.java:242)
	at org.apache.maven.surefire.booter.ForkedBooter.main(ForkedBooter.java:121)
Failed to compile!
]]></system-err>
  </testcase>
  <testcase name="testOne[CSharp:InvalidCharInToken]" classname="org.antlr.v4.test.runtime.csharp.TestLexerErrors" time="0.009">
    <failure message="expected:&lt;[@0,2:1=&apos;&lt;EOF&gt;&apos;,&lt;-1&gt;,1:2]&#10;&gt; but was:&lt;null&gt;" type="junit.framework.ComparisonFailure"><![CDATA[junit.framework.ComparisonFailure: 
expected:<[@0,2:1='<EOF>',<-1>,1:2]
> but was:<null>
]]></failure>
    <system-err><![CDATA[java.lang.RuntimeException: Could not locate xbuild
	at org.antlr.v4.test.runtime.csharp.BaseCSharpTest.locateTool(BaseCSharpTest.java:435)
	at org.antlr.v4.test.runtime.csharp.BaseCSharpTest.locateMSBuild(BaseCSharpTest.java:415)
	at org.antlr.v4.test.runtime.csharp.BaseCSharpTest.buildProject(BaseCSharpTest.java:380)
	at org.antlr.v4.test.runtime.csharp.BaseCSharpTest.compile(BaseCSharpTest.java:356)
	at org.antlr.v4.test.runtime.csharp.BaseCSharpTest.execLexer(BaseCSharpTest.java:234)
	at org.antlr.v4.test.runtime.BaseRuntimeTest.testLexer(BaseRuntimeTest.java:204)
	at org.antlr.v4.test.runtime.BaseRuntimeTest.testOne(BaseRuntimeTest.java:121)
	at sun.reflect.GeneratedMethodAccessor6.invoke(Unknown Source)
	at sun.reflect.DelegatingMethodAccessorImpl.invoke(DelegatingMethodAccessorImpl.java:43)
	at java.lang.reflect.Method.invoke(Method.java:497)
	at org.junit.runners.model.FrameworkMethod$1.runReflectiveCall(FrameworkMethod.java:50)
	at org.junit.internal.runners.model.ReflectiveCallable.run(ReflectiveCallable.java:12)
	at org.junit.runners.model.FrameworkMethod.invokeExplosively(FrameworkMethod.java:47)
	at org.junit.internal.runners.statements.InvokeMethod.evaluate(InvokeMethod.java:17)
	at org.junit.internal.runners.statements.RunBefores.evaluate(RunBefores.java:26)
	at org.junit.rules.TestWatcher$1.evaluate(TestWatcher.java:55)
	at org.junit.rules.RunRules.evaluate(RunRules.java:20)
	at org.junit.runners.ParentRunner.runLeaf(ParentRunner.java:325)
	at org.junit.runners.BlockJUnit4ClassRunner.runChild(BlockJUnit4ClassRunner.java:78)
	at org.junit.runners.BlockJUnit4ClassRunner.runChild(BlockJUnit4ClassRunner.java:57)
	at org.junit.runners.ParentRunner$3.run(ParentRunner.java:290)
	at org.junit.runners.ParentRunner$1.schedule(ParentRunner.java:71)
	at org.junit.runners.ParentRunner.runChildren(ParentRunner.java:288)
	at org.junit.runners.ParentRunner.access$000(ParentRunner.java:58)
	at org.junit.runners.ParentRunner$2.evaluate(ParentRunner.java:268)
	at org.junit.runners.ParentRunner.run(ParentRunner.java:363)
	at org.junit.runners.Suite.runChild(Suite.java:128)
	at org.junit.runners.Suite.runChild(Suite.java:27)
	at org.junit.runners.ParentRunner$3.run(ParentRunner.java:290)
	at org.junit.runners.ParentRunner$1.schedule(ParentRunner.java:71)
	at org.junit.runners.ParentRunner.runChildren(ParentRunner.java:288)
	at org.junit.runners.ParentRunner.access$000(ParentRunner.java:58)
	at org.junit.runners.ParentRunner$2.evaluate(ParentRunner.java:268)
	at org.junit.runners.ParentRunner.run(ParentRunner.java:363)
	at org.apache.maven.surefire.junit4.JUnit4Provider.execute(JUnit4Provider.java:367)
	at org.apache.maven.surefire.junit4.JUnit4Provider.executeWithRerun(JUnit4Provider.java:274)
	at org.apache.maven.surefire.junit4.JUnit4Provider.executeTestSet(JUnit4Provider.java:238)
	at org.apache.maven.surefire.junit4.JUnit4Provider.invoke(JUnit4Provider.java:161)
	at org.apache.maven.surefire.booter.ForkedBooter.invokeProviderInSameClassLoader(ForkedBooter.java:290)
	at org.apache.maven.surefire.booter.ForkedBooter.runSuitesInProcess(ForkedBooter.java:242)
	at org.apache.maven.surefire.booter.ForkedBooter.main(ForkedBooter.java:121)
Failed to compile!
]]></system-err>
  </testcase>
  <testcase name="testOne[CSharp:InvalidCharAtStartAfterDFACache]" classname="org.antlr.v4.test.runtime.csharp.TestLexerErrors" time="0.011">
    <failure message="expected:&lt;[@0,0:1=&apos;ab&apos;,&lt;1&gt;,1:0]&#10;[@1,3:2=&apos;&lt;EOF&gt;&apos;,&lt;-1&gt;,1:3]&#10;&gt; but was:&lt;null&gt;" type="junit.framework.ComparisonFailure"><![CDATA[junit.framework.ComparisonFailure: 
expected:<[@0,0:1='ab',<1>,1:0]
[@1,3:2='<EOF>',<-1>,1:3]
> but was:<null>
]]></failure>
    <system-out><![CDATA[.]]></system-out>
    <system-err><![CDATA[java.lang.RuntimeException: Could not locate xbuild
	at org.antlr.v4.test.runtime.csharp.BaseCSharpTest.locateTool(BaseCSharpTest.java:435)
	at org.antlr.v4.test.runtime.csharp.BaseCSharpTest.locateMSBuild(BaseCSharpTest.java:415)
	at org.antlr.v4.test.runtime.csharp.BaseCSharpTest.buildProject(BaseCSharpTest.java:380)
	at org.antlr.v4.test.runtime.csharp.BaseCSharpTest.compile(BaseCSharpTest.java:356)
	at org.antlr.v4.test.runtime.csharp.BaseCSharpTest.execLexer(BaseCSharpTest.java:234)
	at org.antlr.v4.test.runtime.BaseRuntimeTest.testLexer(BaseRuntimeTest.java:204)
	at org.antlr.v4.test.runtime.BaseRuntimeTest.testOne(BaseRuntimeTest.java:121)
	at sun.reflect.GeneratedMethodAccessor6.invoke(Unknown Source)
	at sun.reflect.DelegatingMethodAccessorImpl.invoke(DelegatingMethodAccessorImpl.java:43)
	at java.lang.reflect.Method.invoke(Method.java:497)
	at org.junit.runners.model.FrameworkMethod$1.runReflectiveCall(FrameworkMethod.java:50)
	at org.junit.internal.runners.model.ReflectiveCallable.run(ReflectiveCallable.java:12)
	at org.junit.runners.model.FrameworkMethod.invokeExplosively(FrameworkMethod.java:47)
	at org.junit.internal.runners.statements.InvokeMethod.evaluate(InvokeMethod.java:17)
	at org.junit.internal.runners.statements.RunBefores.evaluate(RunBefores.java:26)
	at org.junit.rules.TestWatcher$1.evaluate(TestWatcher.java:55)
	at org.junit.rules.RunRules.evaluate(RunRules.java:20)
	at org.junit.runners.ParentRunner.runLeaf(ParentRunner.java:325)
	at org.junit.runners.BlockJUnit4ClassRunner.runChild(BlockJUnit4ClassRunner.java:78)
	at org.junit.runners.BlockJUnit4ClassRunner.runChild(BlockJUnit4ClassRunner.java:57)
	at org.junit.runners.ParentRunner$3.run(ParentRunner.java:290)
	at org.junit.runners.ParentRunner$1.schedule(ParentRunner.java:71)
	at org.junit.runners.ParentRunner.runChildren(ParentRunner.java:288)
	at org.junit.runners.ParentRunner.access$000(ParentRunner.java:58)
	at org.junit.runners.ParentRunner$2.evaluate(ParentRunner.java:268)
	at org.junit.runners.ParentRunner.run(ParentRunner.java:363)
	at org.junit.runners.Suite.runChild(Suite.java:128)
	at org.junit.runners.Suite.runChild(Suite.java:27)
	at org.junit.runners.ParentRunner$3.run(ParentRunner.java:290)
	at org.junit.runners.ParentRunner$1.schedule(ParentRunner.java:71)
	at org.junit.runners.ParentRunner.runChildren(ParentRunner.java:288)
	at org.junit.runners.ParentRunner.access$000(ParentRunner.java:58)
	at org.junit.runners.ParentRunner$2.evaluate(ParentRunner.java:268)
	at org.junit.runners.ParentRunner.run(ParentRunner.java:363)
	at org.apache.maven.surefire.junit4.JUnit4Provider.execute(JUnit4Provider.java:367)
	at org.apache.maven.surefire.junit4.JUnit4Provider.executeWithRerun(JUnit4Provider.java:274)
	at org.apache.maven.surefire.junit4.JUnit4Provider.executeTestSet(JUnit4Provider.java:238)
	at org.apache.maven.surefire.junit4.JUnit4Provider.invoke(JUnit4Provider.java:161)
	at org.apache.maven.surefire.booter.ForkedBooter.invokeProviderInSameClassLoader(ForkedBooter.java:290)
	at org.apache.maven.surefire.booter.ForkedBooter.runSuitesInProcess(ForkedBooter.java:242)
	at org.apache.maven.surefire.booter.ForkedBooter.main(ForkedBooter.java:121)
Failed to compile!
]]></system-err>
  </testcase>
  <testcase name="testOne[CSharp:InvalidCharAtStart]" classname="org.antlr.v4.test.runtime.csharp.TestLexerErrors" time="0.01">
    <failure message="expected:&lt;[@0,1:0=&apos;&lt;EOF&gt;&apos;,&lt;-1&gt;,1:1]&#10;&gt; but was:&lt;null&gt;" type="junit.framework.ComparisonFailure"><![CDATA[junit.framework.ComparisonFailure: 
expected:<[@0,1:0='<EOF>',<-1>,1:1]
> but was:<null>
]]></failure>
    <system-err><![CDATA[java.lang.RuntimeException: Could not locate xbuild
	at org.antlr.v4.test.runtime.csharp.BaseCSharpTest.locateTool(BaseCSharpTest.java:435)
	at org.antlr.v4.test.runtime.csharp.BaseCSharpTest.locateMSBuild(BaseCSharpTest.java:415)
	at org.antlr.v4.test.runtime.csharp.BaseCSharpTest.buildProject(BaseCSharpTest.java:380)
	at org.antlr.v4.test.runtime.csharp.BaseCSharpTest.compile(BaseCSharpTest.java:356)
	at org.antlr.v4.test.runtime.csharp.BaseCSharpTest.execLexer(BaseCSharpTest.java:234)
	at org.antlr.v4.test.runtime.BaseRuntimeTest.testLexer(BaseRuntimeTest.java:204)
	at org.antlr.v4.test.runtime.BaseRuntimeTest.testOne(BaseRuntimeTest.java:121)
	at sun.reflect.GeneratedMethodAccessor6.invoke(Unknown Source)
	at sun.reflect.DelegatingMethodAccessorImpl.invoke(DelegatingMethodAccessorImpl.java:43)
	at java.lang.reflect.Method.invoke(Method.java:497)
	at org.junit.runners.model.FrameworkMethod$1.runReflectiveCall(FrameworkMethod.java:50)
	at org.junit.internal.runners.model.ReflectiveCallable.run(ReflectiveCallable.java:12)
	at org.junit.runners.model.FrameworkMethod.invokeExplosively(FrameworkMethod.java:47)
	at org.junit.internal.runners.statements.InvokeMethod.evaluate(InvokeMethod.java:17)
	at org.junit.internal.runners.statements.RunBefores.evaluate(RunBefores.java:26)
	at org.junit.rules.TestWatcher$1.evaluate(TestWatcher.java:55)
	at org.junit.rules.RunRules.evaluate(RunRules.java:20)
	at org.junit.runners.ParentRunner.runLeaf(ParentRunner.java:325)
	at org.junit.runners.BlockJUnit4ClassRunner.runChild(BlockJUnit4ClassRunner.java:78)
	at org.junit.runners.BlockJUnit4ClassRunner.runChild(BlockJUnit4ClassRunner.java:57)
	at org.junit.runners.ParentRunner$3.run(ParentRunner.java:290)
	at org.junit.runners.ParentRunner$1.schedule(ParentRunner.java:71)
	at org.junit.runners.ParentRunner.runChildren(ParentRunner.java:288)
	at org.junit.runners.ParentRunner.access$000(ParentRunner.java:58)
	at org.junit.runners.ParentRunner$2.evaluate(ParentRunner.java:268)
	at org.junit.runners.ParentRunner.run(ParentRunner.java:363)
	at org.junit.runners.Suite.runChild(Suite.java:128)
	at org.junit.runners.Suite.runChild(Suite.java:27)
	at org.junit.runners.ParentRunner$3.run(ParentRunner.java:290)
	at org.junit.runners.ParentRunner$1.schedule(ParentRunner.java:71)
	at org.junit.runners.ParentRunner.runChildren(ParentRunner.java:288)
	at org.junit.runners.ParentRunner.access$000(ParentRunner.java:58)
	at org.junit.runners.ParentRunner$2.evaluate(ParentRunner.java:268)
	at org.junit.runners.ParentRunner.run(ParentRunner.java:363)
	at org.apache.maven.surefire.junit4.JUnit4Provider.execute(JUnit4Provider.java:367)
	at org.apache.maven.surefire.junit4.JUnit4Provider.executeWithRerun(JUnit4Provider.java:274)
	at org.apache.maven.surefire.junit4.JUnit4Provider.executeTestSet(JUnit4Provider.java:238)
	at org.apache.maven.surefire.junit4.JUnit4Provider.invoke(JUnit4Provider.java:161)
	at org.apache.maven.surefire.booter.ForkedBooter.invokeProviderInSameClassLoader(ForkedBooter.java:290)
	at org.apache.maven.surefire.booter.ForkedBooter.runSuitesInProcess(ForkedBooter.java:242)
	at org.apache.maven.surefire.booter.ForkedBooter.main(ForkedBooter.java:121)
Failed to compile!
]]></system-err>
  </testcase>
  <testcase name="testOne[CSharp:ErrorInMiddle]" classname="org.antlr.v4.test.runtime.csharp.TestLexerErrors" time="0.013">
    <failure message="expected:&lt;[@0,3:2=&apos;&lt;EOF&gt;&apos;,&lt;-1&gt;,1:3]&#10;&gt; but was:&lt;null&gt;" type="junit.framework.ComparisonFailure"><![CDATA[junit.framework.ComparisonFailure: 
expected:<[@0,3:2='<EOF>',<-1>,1:3]
> but was:<null>
]]></failure>
    <system-err><![CDATA[java.lang.RuntimeException: Could not locate xbuild
	at org.antlr.v4.test.runtime.csharp.BaseCSharpTest.locateTool(BaseCSharpTest.java:435)
	at org.antlr.v4.test.runtime.csharp.BaseCSharpTest.locateMSBuild(BaseCSharpTest.java:415)
	at org.antlr.v4.test.runtime.csharp.BaseCSharpTest.buildProject(BaseCSharpTest.java:380)
	at org.antlr.v4.test.runtime.csharp.BaseCSharpTest.compile(BaseCSharpTest.java:356)
	at org.antlr.v4.test.runtime.csharp.BaseCSharpTest.execLexer(BaseCSharpTest.java:234)
	at org.antlr.v4.test.runtime.BaseRuntimeTest.testLexer(BaseRuntimeTest.java:204)
	at org.antlr.v4.test.runtime.BaseRuntimeTest.testOne(BaseRuntimeTest.java:121)
	at sun.reflect.GeneratedMethodAccessor6.invoke(Unknown Source)
	at sun.reflect.DelegatingMethodAccessorImpl.invoke(DelegatingMethodAccessorImpl.java:43)
	at java.lang.reflect.Method.invoke(Method.java:497)
	at org.junit.runners.model.FrameworkMethod$1.runReflectiveCall(FrameworkMethod.java:50)
	at org.junit.internal.runners.model.ReflectiveCallable.run(ReflectiveCallable.java:12)
	at org.junit.runners.model.FrameworkMethod.invokeExplosively(FrameworkMethod.java:47)
	at org.junit.internal.runners.statements.InvokeMethod.evaluate(InvokeMethod.java:17)
	at org.junit.internal.runners.statements.RunBefores.evaluate(RunBefores.java:26)
	at org.junit.rules.TestWatcher$1.evaluate(TestWatcher.java:55)
	at org.junit.rules.RunRules.evaluate(RunRules.java:20)
	at org.junit.runners.ParentRunner.runLeaf(ParentRunner.java:325)
	at org.junit.runners.BlockJUnit4ClassRunner.runChild(BlockJUnit4ClassRunner.java:78)
	at org.junit.runners.BlockJUnit4ClassRunner.runChild(BlockJUnit4ClassRunner.java:57)
	at org.junit.runners.ParentRunner$3.run(ParentRunner.java:290)
	at org.junit.runners.ParentRunner$1.schedule(ParentRunner.java:71)
	at org.junit.runners.ParentRunner.runChildren(ParentRunner.java:288)
	at org.junit.runners.ParentRunner.access$000(ParentRunner.java:58)
	at org.junit.runners.ParentRunner$2.evaluate(ParentRunner.java:268)
	at org.junit.runners.ParentRunner.run(ParentRunner.java:363)
	at org.junit.runners.Suite.runChild(Suite.java:128)
	at org.junit.runners.Suite.runChild(Suite.java:27)
	at org.junit.runners.ParentRunner$3.run(ParentRunner.java:290)
	at org.junit.runners.ParentRunner$1.schedule(ParentRunner.java:71)
	at org.junit.runners.ParentRunner.runChildren(ParentRunner.java:288)
	at org.junit.runners.ParentRunner.access$000(ParentRunner.java:58)
	at org.junit.runners.ParentRunner$2.evaluate(ParentRunner.java:268)
	at org.junit.runners.ParentRunner.run(ParentRunner.java:363)
	at org.apache.maven.surefire.junit4.JUnit4Provider.execute(JUnit4Provider.java:367)
	at org.apache.maven.surefire.junit4.JUnit4Provider.executeWithRerun(JUnit4Provider.java:274)
	at org.apache.maven.surefire.junit4.JUnit4Provider.executeTestSet(JUnit4Provider.java:238)
	at org.apache.maven.surefire.junit4.JUnit4Provider.invoke(JUnit4Provider.java:161)
	at org.apache.maven.surefire.booter.ForkedBooter.invokeProviderInSameClassLoader(ForkedBooter.java:290)
	at org.apache.maven.surefire.booter.ForkedBooter.runSuitesInProcess(ForkedBooter.java:242)
	at org.apache.maven.surefire.booter.ForkedBooter.main(ForkedBooter.java:121)
Failed to compile!
]]></system-err>
  </testcase>
  <testcase name="testOne[CSharp:EnforcedGreedyNestedBraces_2]" classname="org.antlr.v4.test.runtime.csharp.TestLexerErrors" time="0.01">
    <failure message="expected:&lt;[@0,5:4=&apos;&lt;EOF&gt;&apos;,&lt;-1&gt;,1:5]&#10;&gt; but was:&lt;null&gt;" type="junit.framework.ComparisonFailure"><![CDATA[junit.framework.ComparisonFailure: 
expected:<[@0,5:4='<EOF>',<-1>,1:5]
> but was:<null>
]]></failure>
    <system-err><![CDATA[java.lang.RuntimeException: Could not locate xbuild
	at org.antlr.v4.test.runtime.csharp.BaseCSharpTest.locateTool(BaseCSharpTest.java:435)
	at org.antlr.v4.test.runtime.csharp.BaseCSharpTest.locateMSBuild(BaseCSharpTest.java:415)
	at org.antlr.v4.test.runtime.csharp.BaseCSharpTest.buildProject(BaseCSharpTest.java:380)
	at org.antlr.v4.test.runtime.csharp.BaseCSharpTest.compile(BaseCSharpTest.java:356)
	at org.antlr.v4.test.runtime.csharp.BaseCSharpTest.execLexer(BaseCSharpTest.java:234)
	at org.antlr.v4.test.runtime.BaseRuntimeTest.testLexer(BaseRuntimeTest.java:204)
	at org.antlr.v4.test.runtime.BaseRuntimeTest.testOne(BaseRuntimeTest.java:121)
	at sun.reflect.GeneratedMethodAccessor6.invoke(Unknown Source)
	at sun.reflect.DelegatingMethodAccessorImpl.invoke(DelegatingMethodAccessorImpl.java:43)
	at java.lang.reflect.Method.invoke(Method.java:497)
	at org.junit.runners.model.FrameworkMethod$1.runReflectiveCall(FrameworkMethod.java:50)
	at org.junit.internal.runners.model.ReflectiveCallable.run(ReflectiveCallable.java:12)
	at org.junit.runners.model.FrameworkMethod.invokeExplosively(FrameworkMethod.java:47)
	at org.junit.internal.runners.statements.InvokeMethod.evaluate(InvokeMethod.java:17)
	at org.junit.internal.runners.statements.RunBefores.evaluate(RunBefores.java:26)
	at org.junit.rules.TestWatcher$1.evaluate(TestWatcher.java:55)
	at org.junit.rules.RunRules.evaluate(RunRules.java:20)
	at org.junit.runners.ParentRunner.runLeaf(ParentRunner.java:325)
	at org.junit.runners.BlockJUnit4ClassRunner.runChild(BlockJUnit4ClassRunner.java:78)
	at org.junit.runners.BlockJUnit4ClassRunner.runChild(BlockJUnit4ClassRunner.java:57)
	at org.junit.runners.ParentRunner$3.run(ParentRunner.java:290)
	at org.junit.runners.ParentRunner$1.schedule(ParentRunner.java:71)
	at org.junit.runners.ParentRunner.runChildren(ParentRunner.java:288)
	at org.junit.runners.ParentRunner.access$000(ParentRunner.java:58)
	at org.junit.runners.ParentRunner$2.evaluate(ParentRunner.java:268)
	at org.junit.runners.ParentRunner.run(ParentRunner.java:363)
	at org.junit.runners.Suite.runChild(Suite.java:128)
	at org.junit.runners.Suite.runChild(Suite.java:27)
	at org.junit.runners.ParentRunner$3.run(ParentRunner.java:290)
	at org.junit.runners.ParentRunner$1.schedule(ParentRunner.java:71)
	at org.junit.runners.ParentRunner.runChildren(ParentRunner.java:288)
	at org.junit.runners.ParentRunner.access$000(ParentRunner.java:58)
	at org.junit.runners.ParentRunner$2.evaluate(ParentRunner.java:268)
	at org.junit.runners.ParentRunner.run(ParentRunner.java:363)
	at org.apache.maven.surefire.junit4.JUnit4Provider.execute(JUnit4Provider.java:367)
	at org.apache.maven.surefire.junit4.JUnit4Provider.executeWithRerun(JUnit4Provider.java:274)
	at org.apache.maven.surefire.junit4.JUnit4Provider.executeTestSet(JUnit4Provider.java:238)
	at org.apache.maven.surefire.junit4.JUnit4Provider.invoke(JUnit4Provider.java:161)
	at org.apache.maven.surefire.booter.ForkedBooter.invokeProviderInSameClassLoader(ForkedBooter.java:290)
	at org.apache.maven.surefire.booter.ForkedBooter.runSuitesInProcess(ForkedBooter.java:242)
	at org.apache.maven.surefire.booter.ForkedBooter.main(ForkedBooter.java:121)
Failed to compile!
]]></system-err>
  </testcase>
  <testcase name="testOne[CSharp:EnforcedGreedyNestedBraces_1]" classname="org.antlr.v4.test.runtime.csharp.TestLexerErrors" time="0.01">
    <failure message="expected:&lt;[@0,0:6=&apos;{ { } }&apos;,&lt;1&gt;,1:0]&#10;[@1,7:6=&apos;&lt;EOF&gt;&apos;,&lt;-1&gt;,1:7]&#10;&gt; but was:&lt;null&gt;" type="junit.framework.ComparisonFailure"><![CDATA[junit.framework.ComparisonFailure: 
expected:<[@0,0:6='{ { } }',<1>,1:0]
[@1,7:6='<EOF>',<-1>,1:7]
> but was:<null>
]]></failure>
    <system-err><![CDATA[java.lang.RuntimeException: Could not locate xbuild
	at org.antlr.v4.test.runtime.csharp.BaseCSharpTest.locateTool(BaseCSharpTest.java:435)
	at org.antlr.v4.test.runtime.csharp.BaseCSharpTest.locateMSBuild(BaseCSharpTest.java:415)
	at org.antlr.v4.test.runtime.csharp.BaseCSharpTest.buildProject(BaseCSharpTest.java:380)
	at org.antlr.v4.test.runtime.csharp.BaseCSharpTest.compile(BaseCSharpTest.java:356)
	at org.antlr.v4.test.runtime.csharp.BaseCSharpTest.execLexer(BaseCSharpTest.java:234)
	at org.antlr.v4.test.runtime.BaseRuntimeTest.testLexer(BaseRuntimeTest.java:204)
	at org.antlr.v4.test.runtime.BaseRuntimeTest.testOne(BaseRuntimeTest.java:121)
	at sun.reflect.GeneratedMethodAccessor6.invoke(Unknown Source)
	at sun.reflect.DelegatingMethodAccessorImpl.invoke(DelegatingMethodAccessorImpl.java:43)
	at java.lang.reflect.Method.invoke(Method.java:497)
	at org.junit.runners.model.FrameworkMethod$1.runReflectiveCall(FrameworkMethod.java:50)
	at org.junit.internal.runners.model.ReflectiveCallable.run(ReflectiveCallable.java:12)
	at org.junit.runners.model.FrameworkMethod.invokeExplosively(FrameworkMethod.java:47)
	at org.junit.internal.runners.statements.InvokeMethod.evaluate(InvokeMethod.java:17)
	at org.junit.internal.runners.statements.RunBefores.evaluate(RunBefores.java:26)
	at org.junit.rules.TestWatcher$1.evaluate(TestWatcher.java:55)
	at org.junit.rules.RunRules.evaluate(RunRules.java:20)
	at org.junit.runners.ParentRunner.runLeaf(ParentRunner.java:325)
	at org.junit.runners.BlockJUnit4ClassRunner.runChild(BlockJUnit4ClassRunner.java:78)
	at org.junit.runners.BlockJUnit4ClassRunner.runChild(BlockJUnit4ClassRunner.java:57)
	at org.junit.runners.ParentRunner$3.run(ParentRunner.java:290)
	at org.junit.runners.ParentRunner$1.schedule(ParentRunner.java:71)
	at org.junit.runners.ParentRunner.runChildren(ParentRunner.java:288)
	at org.junit.runners.ParentRunner.access$000(ParentRunner.java:58)
	at org.junit.runners.ParentRunner$2.evaluate(ParentRunner.java:268)
	at org.junit.runners.ParentRunner.run(ParentRunner.java:363)
	at org.junit.runners.Suite.runChild(Suite.java:128)
	at org.junit.runners.Suite.runChild(Suite.java:27)
	at org.junit.runners.ParentRunner$3.run(ParentRunner.java:290)
	at org.junit.runners.ParentRunner$1.schedule(ParentRunner.java:71)
	at org.junit.runners.ParentRunner.runChildren(ParentRunner.java:288)
	at org.junit.runners.ParentRunner.access$000(ParentRunner.java:58)
	at org.junit.runners.ParentRunner$2.evaluate(ParentRunner.java:268)
	at org.junit.runners.ParentRunner.run(ParentRunner.java:363)
	at org.apache.maven.surefire.junit4.JUnit4Provider.execute(JUnit4Provider.java:367)
	at org.apache.maven.surefire.junit4.JUnit4Provider.executeWithRerun(JUnit4Provider.java:274)
	at org.apache.maven.surefire.junit4.JUnit4Provider.executeTestSet(JUnit4Provider.java:238)
	at org.apache.maven.surefire.junit4.JUnit4Provider.invoke(JUnit4Provider.java:161)
	at org.apache.maven.surefire.booter.ForkedBooter.invokeProviderInSameClassLoader(ForkedBooter.java:290)
	at org.apache.maven.surefire.booter.ForkedBooter.runSuitesInProcess(ForkedBooter.java:242)
	at org.apache.maven.surefire.booter.ForkedBooter.main(ForkedBooter.java:121)
Failed to compile!
]]></system-err>
  </testcase>
  <testcase name="testOne[CSharp:DFAToATNThatMatchesThenFailsInATN]" classname="org.antlr.v4.test.runtime.csharp.TestLexerErrors" time="0.011">
    <failure message="expected:&lt;[@0,0:1=&apos;ab&apos;,&lt;1&gt;,1:0]&#10;[@1,2:4=&apos;abc&apos;,&lt;2&gt;,1:2]&#10;[@2,6:5=&apos;&lt;EOF&gt;&apos;,&lt;-1&gt;,1:6]&#10;&gt; but was:&lt;null&gt;" type="junit.framework.ComparisonFailure"><![CDATA[junit.framework.ComparisonFailure: 
expected:<[@0,0:1='ab',<1>,1:0]
[@1,2:4='abc',<2>,1:2]
[@2,6:5='<EOF>',<-1>,1:6]
> but was:<null>
]]></failure>
    <system-err><![CDATA[java.lang.RuntimeException: Could not locate xbuild
	at org.antlr.v4.test.runtime.csharp.BaseCSharpTest.locateTool(BaseCSharpTest.java:435)
	at org.antlr.v4.test.runtime.csharp.BaseCSharpTest.locateMSBuild(BaseCSharpTest.java:415)
	at org.antlr.v4.test.runtime.csharp.BaseCSharpTest.buildProject(BaseCSharpTest.java:380)
	at org.antlr.v4.test.runtime.csharp.BaseCSharpTest.compile(BaseCSharpTest.java:356)
	at org.antlr.v4.test.runtime.csharp.BaseCSharpTest.execLexer(BaseCSharpTest.java:234)
	at org.antlr.v4.test.runtime.BaseRuntimeTest.testLexer(BaseRuntimeTest.java:204)
	at org.antlr.v4.test.runtime.BaseRuntimeTest.testOne(BaseRuntimeTest.java:121)
	at sun.reflect.GeneratedMethodAccessor6.invoke(Unknown Source)
	at sun.reflect.DelegatingMethodAccessorImpl.invoke(DelegatingMethodAccessorImpl.java:43)
	at java.lang.reflect.Method.invoke(Method.java:497)
	at org.junit.runners.model.FrameworkMethod$1.runReflectiveCall(FrameworkMethod.java:50)
	at org.junit.internal.runners.model.ReflectiveCallable.run(ReflectiveCallable.java:12)
	at org.junit.runners.model.FrameworkMethod.invokeExplosively(FrameworkMethod.java:47)
	at org.junit.internal.runners.statements.InvokeMethod.evaluate(InvokeMethod.java:17)
	at org.junit.internal.runners.statements.RunBefores.evaluate(RunBefores.java:26)
	at org.junit.rules.TestWatcher$1.evaluate(TestWatcher.java:55)
	at org.junit.rules.RunRules.evaluate(RunRules.java:20)
	at org.junit.runners.ParentRunner.runLeaf(ParentRunner.java:325)
	at org.junit.runners.BlockJUnit4ClassRunner.runChild(BlockJUnit4ClassRunner.java:78)
	at org.junit.runners.BlockJUnit4ClassRunner.runChild(BlockJUnit4ClassRunner.java:57)
	at org.junit.runners.ParentRunner$3.run(ParentRunner.java:290)
	at org.junit.runners.ParentRunner$1.schedule(ParentRunner.java:71)
	at org.junit.runners.ParentRunner.runChildren(ParentRunner.java:288)
	at org.junit.runners.ParentRunner.access$000(ParentRunner.java:58)
	at org.junit.runners.ParentRunner$2.evaluate(ParentRunner.java:268)
	at org.junit.runners.ParentRunner.run(ParentRunner.java:363)
	at org.junit.runners.Suite.runChild(Suite.java:128)
	at org.junit.runners.Suite.runChild(Suite.java:27)
	at org.junit.runners.ParentRunner$3.run(ParentRunner.java:290)
	at org.junit.runners.ParentRunner$1.schedule(ParentRunner.java:71)
	at org.junit.runners.ParentRunner.runChildren(ParentRunner.java:288)
	at org.junit.runners.ParentRunner.access$000(ParentRunner.java:58)
	at org.junit.runners.ParentRunner$2.evaluate(ParentRunner.java:268)
	at org.junit.runners.ParentRunner.run(ParentRunner.java:363)
	at org.apache.maven.surefire.junit4.JUnit4Provider.execute(JUnit4Provider.java:367)
	at org.apache.maven.surefire.junit4.JUnit4Provider.executeWithRerun(JUnit4Provider.java:274)
	at org.apache.maven.surefire.junit4.JUnit4Provider.executeTestSet(JUnit4Provider.java:238)
	at org.apache.maven.surefire.junit4.JUnit4Provider.invoke(JUnit4Provider.java:161)
	at org.apache.maven.surefire.booter.ForkedBooter.invokeProviderInSameClassLoader(ForkedBooter.java:290)
	at org.apache.maven.surefire.booter.ForkedBooter.runSuitesInProcess(ForkedBooter.java:242)
	at org.apache.maven.surefire.booter.ForkedBooter.main(ForkedBooter.java:121)
Failed to compile!
]]></system-err>
  </testcase>
  <testcase name="testOne[CSharp:DFAToATNThatFailsBackToDFA]" classname="org.antlr.v4.test.runtime.csharp.TestLexerErrors" time="0.009">
    <failure message="expected:&lt;[@0,0:1=&apos;ab&apos;,&lt;1&gt;,1:0]&#10;[@1,2:3=&apos;ab&apos;,&lt;1&gt;,1:2]&#10;[@2,5:4=&apos;&lt;EOF&gt;&apos;,&lt;-1&gt;,1:5]&#10;&gt; but was:&lt;null&gt;" type="junit.framework.ComparisonFailure"><![CDATA[junit.framework.ComparisonFailure: 
expected:<[@0,0:1='ab',<1>,1:0]
[@1,2:3='ab',<1>,1:2]
[@2,5:4='<EOF>',<-1>,1:5]
> but was:<null>
]]></failure>
    <system-err><![CDATA[java.lang.RuntimeException: Could not locate xbuild
	at org.antlr.v4.test.runtime.csharp.BaseCSharpTest.locateTool(BaseCSharpTest.java:435)
	at org.antlr.v4.test.runtime.csharp.BaseCSharpTest.locateMSBuild(BaseCSharpTest.java:415)
	at org.antlr.v4.test.runtime.csharp.BaseCSharpTest.buildProject(BaseCSharpTest.java:380)
	at org.antlr.v4.test.runtime.csharp.BaseCSharpTest.compile(BaseCSharpTest.java:356)
	at org.antlr.v4.test.runtime.csharp.BaseCSharpTest.execLexer(BaseCSharpTest.java:234)
	at org.antlr.v4.test.runtime.BaseRuntimeTest.testLexer(BaseRuntimeTest.java:204)
	at org.antlr.v4.test.runtime.BaseRuntimeTest.testOne(BaseRuntimeTest.java:121)
	at sun.reflect.GeneratedMethodAccessor6.invoke(Unknown Source)
	at sun.reflect.DelegatingMethodAccessorImpl.invoke(DelegatingMethodAccessorImpl.java:43)
	at java.lang.reflect.Method.invoke(Method.java:497)
	at org.junit.runners.model.FrameworkMethod$1.runReflectiveCall(FrameworkMethod.java:50)
	at org.junit.internal.runners.model.ReflectiveCallable.run(ReflectiveCallable.java:12)
	at org.junit.runners.model.FrameworkMethod.invokeExplosively(FrameworkMethod.java:47)
	at org.junit.internal.runners.statements.InvokeMethod.evaluate(InvokeMethod.java:17)
	at org.junit.internal.runners.statements.RunBefores.evaluate(RunBefores.java:26)
	at org.junit.rules.TestWatcher$1.evaluate(TestWatcher.java:55)
	at org.junit.rules.RunRules.evaluate(RunRules.java:20)
	at org.junit.runners.ParentRunner.runLeaf(ParentRunner.java:325)
	at org.junit.runners.BlockJUnit4ClassRunner.runChild(BlockJUnit4ClassRunner.java:78)
	at org.junit.runners.BlockJUnit4ClassRunner.runChild(BlockJUnit4ClassRunner.java:57)
	at org.junit.runners.ParentRunner$3.run(ParentRunner.java:290)
	at org.junit.runners.ParentRunner$1.schedule(ParentRunner.java:71)
	at org.junit.runners.ParentRunner.runChildren(ParentRunner.java:288)
	at org.junit.runners.ParentRunner.access$000(ParentRunner.java:58)
	at org.junit.runners.ParentRunner$2.evaluate(ParentRunner.java:268)
	at org.junit.runners.ParentRunner.run(ParentRunner.java:363)
	at org.junit.runners.Suite.runChild(Suite.java:128)
	at org.junit.runners.Suite.runChild(Suite.java:27)
	at org.junit.runners.ParentRunner$3.run(ParentRunner.java:290)
	at org.junit.runners.ParentRunner$1.schedule(ParentRunner.java:71)
	at org.junit.runners.ParentRunner.runChildren(ParentRunner.java:288)
	at org.junit.runners.ParentRunner.access$000(ParentRunner.java:58)
	at org.junit.runners.ParentRunner$2.evaluate(ParentRunner.java:268)
	at org.junit.runners.ParentRunner.run(ParentRunner.java:363)
	at org.apache.maven.surefire.junit4.JUnit4Provider.execute(JUnit4Provider.java:367)
	at org.apache.maven.surefire.junit4.JUnit4Provider.executeWithRerun(JUnit4Provider.java:274)
	at org.apache.maven.surefire.junit4.JUnit4Provider.executeTestSet(JUnit4Provider.java:238)
	at org.apache.maven.surefire.junit4.JUnit4Provider.invoke(JUnit4Provider.java:161)
	at org.apache.maven.surefire.booter.ForkedBooter.invokeProviderInSameClassLoader(ForkedBooter.java:290)
	at org.apache.maven.surefire.booter.ForkedBooter.runSuitesInProcess(ForkedBooter.java:242)
	at org.apache.maven.surefire.booter.ForkedBooter.main(ForkedBooter.java:121)
Failed to compile!
]]></system-err>
  </testcase>
</testsuite>